#
# A fatal error has been detected by the Java Runtime Environment:
#
#  EXCEPTION_ACCESS_VIOLATION (0xc0000005) at pc=0x000000006cdf09c0, pid=11276, tid=0x0000000000000dc4
#
# JRE version: Java(TM) SE Runtime Environment (8.0_231-b11) (build 1.8.0_231-b11)
# Java VM: Java HotSpot(TM) 64-Bit Server VM (25.231-b11 mixed mode windows-amd64 compressed oops)
# Problematic frame:
# V  [jvm.dll+0xb09c0]
#
# Failed to write core dump. Minidumps are not enabled by default on client versions of Windows
#
# If you would like to submit a bug report, please visit:
#   http://bugreport.java.com/bugreport/crash.jsp
#

---------------  T H R E A D  ---------------

Current thread (0x00000000025e4000):  GCTaskThread [stack: 0x0000000012330000,0x0000000012430000] [id=3524]

siginfo: ExceptionCode=0xc0000005, reading address 0x0000000000000008

Registers:
RAX=0x0000000000000000, RBX=0x00000000d63eb520, RCX=0x00000000d63eb520, RDX=0x0000000000000000
RSP=0x000000001242f978, RBP=0x0000000000000000, RSI=0x00000000176254c0, RDI=0x0000001d00000001
R8 =0x00000000176254c0, R9 =0x0000000000000007, R10=0x0000000000000008, R11=0x00000000d807fff0
R12=0x000000006d39db28, R13=0x0000000000000000, R14=0x0000000000000000, R15=0x00000000025e44b0
RIP=0x000000006cdf09c0, EFLAGS=0x0000000000010246

Top of Stack: (sp=0x000000001242f978)
0x000000001242f978:   000000006d144ec2 00000000d61eb508
0x000000001242f988:   0000000000000003 00000000176254c0
0x000000001242f998:   0000000000000000 00000000d8078000
0x000000001242f9a8:   000000006d14560b 0000000000000048
0x000000001242f9b8:   0000000000000001 0000000000000000
0x000000001242f9c8:   00000000025d7701 000000006d39db28
0x000000001242f9d8:   000000006d145230 00000000d8078b74
0x000000001242f9e8:   0000000000000000 00000000176254c0
0x000000001242f9f8:   0000001d00000001 00000000d8078b74
0x000000001242fa08:   000000006d145c05 00000000d790f850
0x000000001242fa18:   0000000000000000 00000000176254c0
0x000000001242fa28:   000000006d145141 0000001d00000001
0x000000001242fa38:   0000000000000008 00000000176254c0
0x000000001242fa48:   0000001d00000001 00000000025e44a0
0x000000001242fa58:   0000001c00000001 000000000000000b
0x000000001242fa68:   0000000000000010 00000000025e44a0 

Instructions: (pc=0x000000006cdf09c0)
0x000000006cdf09a0:   4c e0 1d 00 48 8b 9c 24 d0 00 00 00 48 81 c4 c0
0x000000006cdf09b0:   00 00 00 5d c3 cc cc cc cc cc cc cc cc cc cc cc
0x000000006cdf09c0:   44 8b 42 08 4c 8b ca 45 85 c0 7e 0e 41 f6 c0 01
0x000000006cdf09d0:   75 57 41 c1 f8 03 41 8b c0 c3 79 4d 80 3d ee 6f 


Register to memory mapping:

RAX=0x0000000000000000 is an unknown value
RBX=0x00000000d63eb520 is an unknown value
RCX=0x00000000d63eb520 is an unknown value
RDX=0x0000000000000000 is an unknown value
RSP=0x000000001242f978 is an unknown value
RBP=0x0000000000000000 is an unknown value
RSI=0x00000000176254c0 is an unknown value
RDI=0x0000001d00000001 is an unknown value
R8 =0x00000000176254c0 is an unknown value
R9 =0x0000000000000007 is an unknown value
R10=0x0000000000000008 is an unknown value
R11=0x00000000d807fff0 is an unknown value
R12=0x000000006d39db28 is an unknown value
R13=0x0000000000000000 is an unknown value
R14=0x0000000000000000 is an unknown value
R15=0x00000000025e44b0 is an unknown value


Stack: [0x0000000012330000,0x0000000012430000],  sp=0x000000001242f978,  free space=1022k
Native frames: (J=compiled Java code, j=interpreted, Vv=VM code, C=native code)


---------------  P R O C E S S  ---------------

Java Threads: ( => current thread )
  0x000000001abfa000 JavaThread "ReaderThread" [_thread_in_native, id=1916, stack(0x000000001bf20000,0x000000001c020000)]
  0x00000000194ec800 JavaThread "Service Thread" daemon [_thread_blocked, id=10372, stack(0x000000001a110000,0x000000001a210000)]
  0x0000000019455800 JavaThread "C1 CompilerThread3" daemon [_thread_blocked, id=10296, stack(0x000000001a010000,0x000000001a110000)]
  0x000000001944f000 JavaThread "C2 CompilerThread2" daemon [_thread_blocked, id=10292, stack(0x0000000019f10000,0x000000001a010000)]
  0x000000001944b000 JavaThread "C2 CompilerThread1" daemon [_thread_blocked, id=7164, stack(0x0000000019e10000,0x0000000019f10000)]
  0x0000000019448800 JavaThread "C2 CompilerThread0" daemon [_thread_blocked, id=7288, stack(0x0000000019d10000,0x0000000019e10000)]
  0x0000000019446800 JavaThread "Attach Listener" daemon [_thread_blocked, id=10472, stack(0x0000000019c10000,0x0000000019d10000)]
  0x0000000019445800 JavaThread "Signal Dispatcher" daemon [_thread_blocked, id=6404, stack(0x0000000019b10000,0x0000000019c10000)]
  0x0000000017638000 JavaThread "Finalizer" daemon [_thread_blocked, id=9104, stack(0x0000000019910000,0x0000000019a10000)]
  0x0000000019430800 JavaThread "Reference Handler" daemon [_thread_blocked, id=12520, stack(0x0000000019810000,0x0000000019910000)]
  0x00000000025cb000 JavaThread "main" [_thread_blocked, id=4948, stack(0x0000000002460000,0x0000000002560000)]

Other Threads:
  0x0000000017628800 VMThread [stack: 0x0000000019310000,0x0000000019410000] [id=4940]
  0x0000000019498800 WatcherThread [stack: 0x000000001a210000,0x000000001a310000] [id=3824]

=>0x00000000025e4000 (exited) GCTaskThread [stack: 0x0000000012330000,0x0000000012430000] [id=3524]

VM state:at safepoint (normal execution)

VM Mutex/Monitor currently owned by a thread:  ([mutex/lock_event])
[0x00000000025c8a60] Threads_lock - owner thread: 0x0000000017628800
[0x00000000025c8160] Heap_lock - owner thread: 0x00000000025cb000

heap address: 0x0000000081e00000, size: 2018 MB, Compressed Oops mode: 32-bit
Narrow klass base: 0x0000000000000000, Narrow klass shift: 3
Compressed class space size: 1073741824 Address: 0x0000000100000000

Heap:
 PSYoungGen      total 38400K, used 33280K [0x00000000d5f80000, 0x00000000d8a00000, 0x0000000100000000)
  eden space 33280K, 100% used [0x00000000d5f80000,0x00000000d8000000,0x00000000d8000000)
  from space 5120K, 0% used [0x00000000d8500000,0x00000000d8500000,0x00000000d8a00000)
  to   space 5120K, 48% used [0x00000000d8000000,0x00000000d82694d0,0x00000000d8500000)
 ParOldGen       total 87552K, used 80K [0x0000000081e00000, 0x0000000087380000, 0x00000000d5f80000)
  object space 87552K, 0% used [0x0000000081e00000,0x0000000081e14010,0x0000000087380000)
 Metaspace       used 9110K, capacity 9168K, committed 9344K, reserved 1056768K
  class space    used 1047K, capacity 1074K, committed 1152K, reserved 1048576K

Card table byte_map: [0x0000000011a80000,0x0000000011e80000] byte_map_base: 0x0000000011671000

Marking Bits: (ParMarkBitMap*) 0x000000006d566d90
 Begin Bits: [0x0000000012930000, 0x00000000148b8000)
 End Bits:   [0x00000000148b8000, 0x0000000016840000)

Polling page: 0x0000000000b30000

CodeCache: size=245760Kb used=3295Kb max_used=3302Kb free=242464Kb
 bounds [0x00000000026c0000, 0x0000000002a00000, 0x00000000116c0000]
 total_blobs=1095 nmethods=775 adapters=233
 compilation: enabled

Compilation events (10 events):
Event: 1.524 Thread 0x0000000019455800  771       1       org.testng.shaded.com.google.gson.reflect.TypeToken::getRawType (5 bytes)
Event: 1.524 Thread 0x0000000019455800 nmethod 771 0x00000000029e7c90 code [0x00000000029e7de0, 0x00000000029e7ef0]
Event: 1.525 Thread 0x0000000019455800  772       1       java.lang.reflect.Field::getType (5 bytes)
Event: 1.525 Thread 0x0000000019455800 nmethod 772 0x00000000029f3090 code [0x00000000029f31e0, 0x00000000029f32f0]
Event: 1.526 Thread 0x0000000019448800  773   !   4       sun.reflect.generics.parser.SignatureParser::current (40 bytes)
Event: 1.526 Thread 0x0000000019455800  774       3       java.lang.reflect.Field::getAnnotation (23 bytes)
Event: 1.527 Thread 0x0000000019455800 nmethod 774 0x00000000029f7d90 code [0x00000000029f7f60, 0x00000000029f8708]
Event: 1.527 Thread 0x0000000019455800  775       3       java.lang.String::lastIndexOf (151 bytes)
Event: 1.527 Thread 0x0000000019448800 nmethod 773 0x00000000029f5a50 code [0x00000000029f5b80, 0x00000000029f5c18]
Event: 1.527 Thread 0x0000000019455800 nmethod 775 0x00000000029fcb90 code [0x00000000029fcd40, 0x00000000029fd290]

GC Heap History (1 events):
Event: 1.535 GC heap before
{Heap before GC invocations=1 (full 0):
 PSYoungGen      total 38400K, used 33280K [0x00000000d5f80000, 0x00000000d8a00000, 0x0000000100000000)
  eden space 33280K, 100% used [0x00000000d5f80000,0x00000000d8000000,0x00000000d8000000)
  from space 5120K, 0% used [0x00000000d8500000,0x00000000d8500000,0x00000000d8a00000)
  to   space 5120K, 0% used [0x00000000d8000000,0x00000000d8000000,0x00000000d8500000)
 ParOldGen       total 87552K, used 0K [0x0000000081e00000, 0x0000000087380000, 0x00000000d5f80000)
  object space 87552K, 0% used [0x0000000081e00000,0x0000000081e00000,0x0000000087380000)
 Metaspace       used 9110K, capacity 9168K, committed 9344K, reserved 1056768K
  class space    used 1047K, capacity 1074K, committed 1152K, reserved 1048576K

Deoptimization events (10 events):
Event: 0.421 Thread 0x00000000025cb000 Uncommon trap: reason=unstable_if action=reinterpret pc=0x0000000002802654 method=java.lang.String.indexOf([CII[CIII)I @ 134
Event: 0.496 Thread 0x00000000025cb000 Uncommon trap: reason=unstable_if action=reinterpret pc=0x00000000028013a8 method=java.lang.String.startsWith(Ljava/lang/String;I)Z @ 25
Event: 0.996 Thread 0x00000000025cb000 Uncommon trap: reason=unstable_if action=reinterpret pc=0x00000000028c61b8 method=java.lang.String.indexOf([CII[CIII)I @ 3
Event: 1.240 Thread 0x00000000025cb000 Uncommon trap: reason=unstable_if action=reinterpret pc=0x0000000002920790 method=java.io.WinNTFileSystem.normalize(Ljava/lang/String;)Ljava/lang/String; @ 128
Event: 1.240 Thread 0x00000000025cb000 Uncommon trap: reason=unstable_if action=reinterpret pc=0x00000000028d6204 method=java.io.WinNTFileSystem.normalize(Ljava/lang/String;II)Ljava/lang/String; @ 8
Event: 1.500 Thread 0x00000000025cb000 Uncommon trap: reason=class_check action=maybe_recompile pc=0x00000000029f0f70 method=org.testng.internal.annotations.JDK15AnnotationFinder.findAnnotation(Ljava/lang/Class;Ljava/lang/annotation/Annotation;Ljava/lang/Class;Ljava/lang/Class;Ljava/lang/refle
Event: 1.500 Thread 0x00000000025cb000 Uncommon trap: reason=class_check action=maybe_recompile pc=0x00000000029f0f70 method=org.testng.internal.annotations.JDK15AnnotationFinder.findAnnotation(Ljava/lang/Class;Ljava/lang/annotation/Annotation;Ljava/lang/Class;Ljava/lang/Class;Ljava/lang/refle
Event: 1.500 Thread 0x00000000025cb000 Uncommon trap: reason=class_check action=maybe_recompile pc=0x00000000029f0f70 method=org.testng.internal.annotations.JDK15AnnotationFinder.findAnnotation(Ljava/lang/Class;Ljava/lang/annotation/Annotation;Ljava/lang/Class;Ljava/lang/Class;Ljava/lang/refle
Event: 1.501 Thread 0x00000000025cb000 Uncommon trap: reason=class_check action=maybe_recompile pc=0x00000000029f0f70 method=org.testng.internal.annotations.JDK15AnnotationFinder.findAnnotation(Ljava/lang/Class;Ljava/lang/annotation/Annotation;Ljava/lang/Class;Ljava/lang/Class;Ljava/lang/refle
Event: 1.525 Thread 0x00000000025cb000 Uncommon trap: reason=range_check action=make_not_entrant pc=0x00000000029b19e0 method=sun.reflect.generics.parser.SignatureParser.current()C @ 34

Classes redefined (0 events):
No events

Internal exceptions (10 events):
Event: 0.595 Thread 0x00000000025cb000 Exception <a 'java/security/PrivilegedActionException'> (0x00000000d6519340) thrown at [C:\re\workspace\8-2-build-windows-amd64-cygwin\jdk8u231\13620\hotspot\src\share\vm\prims\jvm.cpp, line 1502]
Event: 0.595 Thread 0x00000000025cb000 Exception <a 'java/security/PrivilegedActionException'> (0x00000000d6519550) thrown at [C:\re\workspace\8-2-build-windows-amd64-cygwin\jdk8u231\13620\hotspot\src\share\vm\prims\jvm.cpp, line 1502]
Event: 0.595 Thread 0x00000000025cb000 Exception <a 'java/security/PrivilegedActionException'> (0x00000000d651a658) thrown at [C:\re\workspace\8-2-build-windows-amd64-cygwin\jdk8u231\13620\hotspot\src\share\vm\prims\jvm.cpp, line 1502]
Event: 0.595 Thread 0x00000000025cb000 Exception <a 'java/security/PrivilegedActionException'> (0x00000000d651a868) thrown at [C:\re\workspace\8-2-build-windows-amd64-cygwin\jdk8u231\13620\hotspot\src\share\vm\prims\jvm.cpp, line 1502]
Event: 0.595 Thread 0x00000000025cb000 Exception <a 'java/security/PrivilegedActionException'> (0x00000000d651b9e8) thrown at [C:\re\workspace\8-2-build-windows-amd64-cygwin\jdk8u231\13620\hotspot\src\share\vm\prims\jvm.cpp, line 1502]
Event: 0.595 Thread 0x00000000025cb000 Exception <a 'java/security/PrivilegedActionException'> (0x00000000d651bbf8) thrown at [C:\re\workspace\8-2-build-windows-amd64-cygwin\jdk8u231\13620\hotspot\src\share\vm\prims\jvm.cpp, line 1502]
Event: 0.596 Thread 0x00000000025cb000 Exception <a 'java/security/PrivilegedActionException'> (0x00000000d651cd00) thrown at [C:\re\workspace\8-2-build-windows-amd64-cygwin\jdk8u231\13620\hotspot\src\share\vm\prims\jvm.cpp, line 1502]
Event: 0.596 Thread 0x00000000025cb000 Exception <a 'java/security/PrivilegedActionException'> (0x00000000d651cf10) thrown at [C:\re\workspace\8-2-build-windows-amd64-cygwin\jdk8u231\13620\hotspot\src\share\vm\prims\jvm.cpp, line 1502]
Event: 1.525 Thread 0x00000000025cb000 Exception <a 'java/lang/ArrayIndexOutOfBoundsException': 65> (0x00000000d7edab90) thrown at [C:\re\workspace\8-2-build-windows-amd64-cygwin\jdk8u231\13620\hotspot\src\share\vm\interpreter\interpreterRuntime.cpp, line 368]
Event: 1.526 Thread 0x00000000025cb000 Exception <a 'java/lang/ArrayIndexOutOfBoundsException': 60> (0x00000000d7ee0438) thrown at [C:\re\workspace\8-2-build-windows-amd64-cygwin\jdk8u231\13620\hotspot\src\share\vm\interpreter\interpreterRuntime.cpp, line 368]

Events (10 events):
Event: 1.532 loading class org/apache/log4j/PatternLayout done
Event: 1.533 loading class org/apache/log4j/helpers/PatternParser
Event: 1.533 loading class org/apache/log4j/helpers/PatternParser done
Event: 1.533 loading class org/apache/log4j/helpers/PatternParser$CategoryPatternConverter
Event: 1.533 loading class org/apache/log4j/helpers/PatternParser$CategoryPatternConverter done
Event: 1.534 loading class org/apache/log4j/helpers/PatternParser$NamedPatternConverter
Event: 1.534 loading class org/apache/log4j/helpers/PatternParser$NamedPatternConverter done
Event: 1.534 loading class org/apache/log4j/helpers/PatternConverter
Event: 1.534 loading class org/apache/log4j/helpers/PatternConverter done
Event: 1.534 Executing VM operation: ParallelGCFailedAllocation


Dynamic libraries:
0x00007ff77ef20000 - 0x00007ff77ef57000 	C:\Program Files\Java\jdk1.8.0_231\bin\javaw.exe
0x00007fff55360000 - 0x00007fff55550000 	C:\Windows\SYSTEM32\ntdll.dll
0x00007fff53470000 - 0x00007fff53522000 	C:\Windows\System32\KERNEL32.DLL
0x00007fff52680000 - 0x00007fff52924000 	C:\Windows\System32\KERNELBASE.dll
0x00007fff55170000 - 0x00007fff55213000 	C:\Windows\System32\ADVAPI32.dll
0x00007fff540f0000 - 0x00007fff5418e000 	C:\Windows\System32\msvcrt.dll
0x00007fff54890000 - 0x00007fff54927000 	C:\Windows\System32\sechost.dll
0x00007fff54c10000 - 0x00007fff54d30000 	C:\Windows\System32\RPCRT4.dll
0x00007fff53d90000 - 0x00007fff53f24000 	C:\Windows\System32\USER32.dll
0x00007fff52bd0000 - 0x00007fff52bf1000 	C:\Windows\System32\win32u.dll
0x00007fff55220000 - 0x00007fff55246000 	C:\Windows\System32\GDI32.dll
0x00007fff522e0000 - 0x00007fff52476000 	C:\Windows\System32\gdi32full.dll
0x00007fff529e0000 - 0x00007fff52a7e000 	C:\Windows\System32\msvcp_win.dll
0x00007fff524a0000 - 0x00007fff5259a000 	C:\Windows\System32\ucrtbase.dll
0x00007fff50fe0000 - 0x00007fff51264000 	C:\Windows\WinSxS\amd64_microsoft.windows.common-controls_6595b64144ccf1df_6.0.18362.959_none_e6c7bbbf130c62bb\COMCTL32.dll
0x00007fff535b0000 - 0x00007fff538e5000 	C:\Windows\System32\combase.dll
0x00007fff52600000 - 0x00007fff52680000 	C:\Windows\System32\bcryptPrimitives.dll
0x00007fff53d60000 - 0x00007fff53d8e000 	C:\Windows\System32\IMM32.DLL
0x000000006d5f0000 - 0x000000006d6c2000 	C:\Program Files\Java\jdk1.8.0_231\jre\bin\msvcr100.dll
0x000000006cd40000 - 0x000000006d5e6000 	C:\Program Files\Java\jdk1.8.0_231\jre\bin\server\jvm.dll
0x00007fff55000000 - 0x00007fff55008000 	C:\Windows\System32\PSAPI.DLL
0x00007fff51cb0000 - 0x00007fff51cb9000 	C:\Windows\SYSTEM32\WSOCK32.dll
0x00007fff4f120000 - 0x00007fff4f144000 	C:\Windows\SYSTEM32\WINMM.dll
0x00007fff4fd30000 - 0x00007fff4fd3a000 	C:\Windows\SYSTEM32\VERSION.dll
0x00007fff54b90000 - 0x00007fff54bff000 	C:\Windows\System32\WS2_32.dll
0x00007fff4f0f0000 - 0x00007fff4f11d000 	C:\Windows\SYSTEM32\WINMMBASE.dll
0x00007fff52c00000 - 0x00007fff52c4a000 	C:\Windows\System32\cfgmgr32.dll
0x00007fff46360000 - 0x00007fff4636f000 	C:\Program Files\Java\jdk1.8.0_231\jre\bin\verify.dll
0x00007fff45da0000 - 0x00007fff45dc9000 	C:\Program Files\Java\jdk1.8.0_231\jre\bin\java.dll
0x00007fff45d70000 - 0x00007fff45d86000 	C:\Program Files\Java\jdk1.8.0_231\jre\bin\zip.dll
0x00007fff541a0000 - 0x00007fff54886000 	C:\Windows\System32\SHELL32.dll
0x00007fff54930000 - 0x00007fff549d9000 	C:\Windows\System32\shcore.dll
0x00007fff52c50000 - 0x00007fff533d2000 	C:\Windows\System32\windows.storage.dll
0x00007fff52260000 - 0x00007fff52283000 	C:\Windows\System32\profapi.dll
0x00007fff52290000 - 0x00007fff522da000 	C:\Windows\System32\powrprof.dll
0x00007fff52210000 - 0x00007fff52220000 	C:\Windows\System32\UMPDC.dll
0x00007fff53410000 - 0x00007fff53462000 	C:\Windows\System32\shlwapi.dll
0x00007fff52240000 - 0x00007fff52251000 	C:\Windows\System32\kernel.appcore.dll
0x00007fff52480000 - 0x00007fff52497000 	C:\Windows\System32\cryptsp.dll
0x00007fff45d10000 - 0x00007fff45d2a000 	C:\Program Files\Java\jdk1.8.0_231\jre\bin\net.dll
0x00007fff516b0000 - 0x00007fff51717000 	C:\Windows\system32\mswsock.dll
0x00007fff51410000 - 0x00007fff514db000 	C:\Windows\SYSTEM32\DNSAPI.dll
0x00007fff54c00000 - 0x00007fff54c08000 	C:\Windows\System32\NSI.dll
0x00007fff513c0000 - 0x00007fff513fa000 	C:\Windows\SYSTEM32\IPHLPAPI.DLL
0x00007fff416d0000 - 0x00007fff416da000 	C:\Windows\System32\rasadhlp.dll
0x00007fff46610000 - 0x00007fff46687000 	C:\Windows\System32\fwpuclnt.dll
0x00007fff533e0000 - 0x00007fff53406000 	C:\Windows\System32\bcrypt.dll
0x00007fff50f90000 - 0x00007fff50fc3000 	C:\Windows\system32\rsaenh.dll
0x00007fff52100000 - 0x00007fff52125000 	C:\Windows\SYSTEM32\USERENV.dll
0x00007fff51880000 - 0x00007fff5188c000 	C:\Windows\SYSTEM32\CRYPTBASE.dll
0x00007fff4a050000 - 0x00007fff4a066000 	C:\Windows\SYSTEM32\dhcpcsvc6.DLL
0x00007fff46460000 - 0x00007fff4647c000 	C:\Windows\SYSTEM32\dhcpcsvc.DLL
0x00007fff45950000 - 0x00007fff45962000 	C:\Program Files\Java\jdk1.8.0_231\jre\bin\nio.dll
0x00007fff51d30000 - 0x00007fff51f24000 	C:\Windows\SYSTEM32\dbghelp.dll

VM Arguments:
jvm_args: -ea -Dfile.encoding=Cp1252 
java_command: org.testng.remote.RemoteTestNG -serport 53013 -protocol json -d C:\LivingTree Workspace\LivingTreeQAAutomation\LivingTree_TestAutomation\test-output C:\Users\Dell\AppData\Local\Temp\testng-eclipse-879923241\testng-customsuite.xml
java_class_path (initial): D:\eclipse 2018-09\eclipse\configuration\org.eclipse.osgi\999\0\.cp\lib\testng-remote.jar;C:\LivingTree Workspace\LivingTreeQAAutomation\LivingTree_TestAutomation\target\test-classes;C:\LivingTree Workspace\LivingTreeQAAutomation\LivingTree_TestAutomation\target\classes;D:\eclipse 2018-09\eclipse\plugins\org.testng_6.14.3.r201802240500.jar;D:\eclipse 2018-09\eclipse\plugins\com.beust.jcommander_1.72.0.jar;D:\eclipse 2018-09\eclipse\plugins\org.apache-extras.beanshell.bsh_2.0.0.b6.jar;D:\eclipse 2018-09\eclipse\plugins\org.yaml.snakeyaml_1.17.0.jar;C:\Program Files\Java\jdk1.8.0_231\lib\tools.jar;C:\Users\Dell\.m2\repository\org\jenkins-ci\plugins\zephyr-for-jira-test-management\1.4\zephyr-for-jira-test-management-1.4.jar;C:\Users\Dell\.m2\repository\org\jenkins-ci\plugins\junit\1.5\junit-1.5.jar;C:\Users\Dell\.m2\repository\org\apache\commons\commons-lang3\3.0\commons-lang3-3.0.jar;C:\Users\Dell\.m2\repository\com\fasterxml\jackson\core\jackson-databind\2.7.2\jackson-databind-2.7.2.jar;C:\Users\Dell\.m2\repository\org\slf4j\slf4j-api\1.7.19\slf4j-api-1.7.19.jar;C:\Users\Dell\.m2\repository\net\rcarz\jira-client\0.5\jira-client-0.5.jar;C:\Users\Dell\.m2\repository\net\sf\json-lib\json-lib\2.4\json-lib-2.4-jdk15.jar;C:\Users\Dell\.m2\repository\junit\junit\4.8.2\junit-4.8.2.jar;C:\Users\Dell\.m2\repository\org\mockito\mockito-all\1.9.0\mockito-all-1.9.0.jar;C:\Users\Dell\.m2\repository\commons-httpclient\commons-httpclient\3.1\commons-httpclient-3.1.jar;C:\Users\Dell\.m2\repository\com\auth0\java-jwt\3.8.3\java-jwt-3.8.3.jar;C:\Users\Dell\.m2\repository\com\github\bogdanlivadariu\integrations\zapi\0.0.5\zapi-0.0.5.jar;C:\Users\Dell\.m2\repository\com\google\code\gson\gson\2.7\gson-2.7.jar;C:\Users\Dell\.m2\repository\org\apache\logging\log4j\log4j-core\2.3\log4j-core-2.3.jar;C:\Users\Dell\.m2\repository\org\apache\logging\log4j\log4j-api\2.3\log4j-api-2.3.jar;C:\Users\Dell\.m2\repository\org\apache\pdfbox\pdfbox\2.0.17\pdfbox-2.0.17.jar;C:
Launcher Type: SUN_STANDARD

Environment Variables:
JAVA_HOME=C:\Program Files\Java\jdk1.8.0_231
PATH=C:/Program Files/Java/jre1.8.0_231/bin/server;C:/Program Files/Java/jre1.8.0_231/bin;C:/Program Files/Java/jre1.8.0_231/lib/amd64;C:\Python27\;C:\Python27\Scripts;C:\Program Files (x86)\Common Files\Oracle\Java\javapath;C:\Windows\system32;C:\Windows;C:\Windows\System32\Wbem;C:\Windows\System32\WindowsPowerShell\v1.0\;C:\Windows\System32\OpenSSH\;C:\Program Files\Java\jdk1.8.0_231\bin;C:\apache-maven-3.6.2\bin;C:\Users\Dell\AppData\Local\Android\Sdk\tools\bin;C:\Users\Dell\AppData\Local\Android\Sdk\tools;C:\Users\Dell\AppData\Local\Android\Sdk\platform-tools;C:\Program Files\nodejs\;C:\ProgramData\chocolatey\bin;C:\Program Files\nodejs\node_modules\npm\bin;C:\Program Files\Git\cmd;C:\Program Files\PuTTY\;C:\Users\Dell\AppData\Local\Microsoft\WindowsApps;C:\Users\Dell\AppData\Roaming\npm;D:\eclipse 2018-09\eclipse;
USERNAME=Dell
OS=Windows_NT
PROCESSOR_IDENTIFIER=Intel64 Family 6 Model 142 Stepping 12, GenuineIntel



---------------  S Y S T E M  ---------------

OS: Windows 10.0 , 64 bit Build 18362 (10.0.18362.959)

CPU:total 8 (initial active 8) (4 cores per cpu, 2 threads per core) family 6 model 142 stepping 12, cmov, cx8, fxsr, mmx, sse, sse2, sse3, ssse3, sse4.1, sse4.2, popcnt, avx, avx2, aes, clmul, erms, 3dnowpref, lzcnt, ht, tsc, tscinvbit, bmi1, bmi2, adx

Memory: 4k page, physical 8259292k(2779260k free), swap 10618588k(3439404k free)

vm_info: Java HotSpot(TM) 64-Bit Server VM (25.231-b11) for windows-amd64 JRE (1.8.0_231-b11), built on Oct  5 2019 03:11:30 by "java_re" with MS VC++ 10.0 (VS2010)

time: Sat Aug 01 20:42:54 2020
timezone: India Standard Time
elapsed time: 1 seconds (0d 0h 0m 1s)

