#
# A fatal error has been detected by the Java Runtime Environment:
#
#  EXCEPTION_ACCESS_VIOLATION (0xc0000005) at pc=0x00000000721d09c0, pid=1584, tid=0x0000000000002b74
#
# JRE version: Java(TM) SE Runtime Environment (8.0_231-b11) (build 1.8.0_231-b11)
# Java VM: Java HotSpot(TM) 64-Bit Server VM (25.231-b11 mixed mode windows-amd64 compressed oops)
# Problematic frame:
# V  [jvm.dll+0xb09c0]
#
# Failed to write core dump. Minidumps are not enabled by default on client versions of Windows
#
# If you would like to submit a bug report, please visit:
#   http://bugreport.java.com/bugreport/crash.jsp
#

---------------  T H R E A D  ---------------

Current thread (0x0000000003050800):  GCTaskThread [stack: 0x00000000130a0000,0x00000000131a0000] [id=11124]

siginfo: ExceptionCode=0xc0000005, reading address 0x0000000000000008

Registers:
RAX=0x0000000000000000, RBX=0x00000000de75c120, RCX=0x00000000de75c120, RDX=0x0000000000000000
RSP=0x000000001319f718, RBP=0x00000000124f4301, RSI=0x0000000018095900, RDI=0x0000000082654a08
R8 =0x0000000018095900, R9 =0x0000000000000027, R10=0x0000000000000008, R11=0x00000000e741fff0
R12=0x00000000124f42a4, R13=0xde75c140200117f8, R14=0x0000000000000000, R15=0x00000000030429c0
RIP=0x00000000721d09c0, EFLAGS=0x0000000000010246

Top of Stack: (sp=0x000000001319f718)
0x000000001319f718:   0000000072524ec2 00000000de65c0f0
0x000000001319f728:   0000000000000006 0000000018095900
0x000000001319f738:   00000000dea2dc08 00000000e7418000
0x000000001319f748:   0000000000001000 0000000082dbaae8
0x000000001319f758:   0000000000000400 0000000000000000
0x000000001319f768:   0000000018095900 00000000124f42a4
0x000000001319f778:   0000000072525230 00000000e741aacc
0x000000001319f788:   00000000124f4301 0000000018095900
0x000000001319f798:   0000000082654a08 00000000e741aacc
0x000000001319f7a8:   0000000072525dd5 00000000de455dd0
0x000000001319f7b8:   00000000124f4301 0000000018095900
0x000000001319f7c8:   0000000000000003 0000000018095900
0x000000001319f7d8:   00007ffa91108a83 0000000000000000
0x000000001319f7e8:   0000000000001000 0000000018095900
0x000000001319f7f8:   0000000072233da3 000000008265322d
0x000000001319f808:   000000008265322d 00000000826548a8 

Instructions: (pc=0x00000000721d09c0)
0x00000000721d09a0:   4c e0 1d 00 48 8b 9c 24 d0 00 00 00 48 81 c4 c0
0x00000000721d09b0:   00 00 00 5d c3 cc cc cc cc cc cc cc cc cc cc cc
0x00000000721d09c0:   44 8b 42 08 4c 8b ca 45 85 c0 7e 0e 41 f6 c0 01
0x00000000721d09d0:   75 57 41 c1 f8 03 41 8b c0 c3 79 4d 80 3d ee 6f 


Register to memory mapping:

RAX=0x0000000000000000 is an unknown value
RBX=0x00000000de75c120 is an oop

[error occurred during error reporting (printing register info), id 0xc0000005]

Stack: [0x00000000130a0000,0x00000000131a0000],  sp=0x000000001319f718,  free space=1021k
Native frames: (J=compiled Java code, j=interpreted, Vv=VM code, C=native code)
V  [jvm.dll+0xb09c0]


---------------  P R O C E S S  ---------------

Java Threads: ( => current thread )
  0x000000001fc2c000 JavaThread "Thread-8" [_thread_in_native, id=436, stack(0x0000000021c30000,0x0000000021d30000)]
  0x000000001a31c000 JavaThread "Thread-7" [_thread_blocked, id=9568, stack(0x0000000021b30000,0x0000000021c30000)]
  0x000000001aedd000 JavaThread "Thread-6" [_thread_blocked, id=4988, stack(0x0000000021a30000,0x0000000021b30000)]
  0x000000001c61a800 JavaThread "ThreadedStreamConsumer" daemon [_thread_blocked, id=6456, stack(0x0000000021930000,0x0000000021a30000)]
  0x000000001bccb000 JavaThread "ping-timer-10sec" daemon [_thread_blocked, id=3576, stack(0x0000000021830000,0x0000000021930000)]
  0x000000001ba29000 JavaThread "resolver-5" daemon [_thread_blocked, id=2976, stack(0x0000000021730000,0x0000000021830000)]
  0x000000001bcef800 JavaThread "resolver-4" daemon [_thread_blocked, id=11532, stack(0x0000000021630000,0x0000000021730000)]
  0x000000001c139800 JavaThread "resolver-3" daemon [_thread_blocked, id=11980, stack(0x0000000021530000,0x0000000021630000)]
  0x000000001edaa000 JavaThread "resolver-2" daemon [_thread_blocked, id=8472, stack(0x0000000021430000,0x0000000021530000)]
  0x000000001eda9000 JavaThread "resolver-1" daemon [_thread_blocked, id=9432, stack(0x0000000021330000,0x0000000021430000)]
  0x000000001a060000 JavaThread "Service Thread" daemon [_thread_blocked, id=12020, stack(0x000000001ab90000,0x000000001ac90000)]
  0x0000000019fd4000 JavaThread "C1 CompilerThread3" daemon [_thread_blocked, id=9104, stack(0x000000001aa90000,0x000000001ab90000)]
  0x0000000019fcf800 JavaThread "C2 CompilerThread2" daemon [_thread_blocked, id=476, stack(0x000000001a990000,0x000000001aa90000)]
  0x0000000019fbd800 JavaThread "C2 CompilerThread1" daemon [_thread_blocked, id=12232, stack(0x000000001a890000,0x000000001a990000)]
  0x0000000019fb9800 JavaThread "C2 CompilerThread0" daemon [_thread_blocked, id=6828, stack(0x000000001a790000,0x000000001a890000)]
  0x0000000019fb7000 JavaThread "Attach Listener" daemon [_thread_blocked, id=8912, stack(0x000000001a690000,0x000000001a790000)]
  0x0000000019fb6000 JavaThread "Signal Dispatcher" daemon [_thread_blocked, id=8180, stack(0x000000001a590000,0x000000001a690000)]
  0x0000000003128800 JavaThread "Finalizer" daemon [_thread_blocked, id=6376, stack(0x000000001a390000,0x000000001a490000)]
  0x000000001809d000 JavaThread "Reference Handler" daemon [_thread_blocked, id=6668, stack(0x0000000019e90000,0x0000000019f90000)]
  0x0000000002e7e800 JavaThread "main" [_thread_in_native, id=11924, stack(0x0000000002f30000,0x0000000003030000)]

Other Threads:
  0x0000000018099000 VMThread [stack: 0x0000000019d90000,0x0000000019e90000] [id=11928]
  0x000000001a084000 WatcherThread [stack: 0x000000001ac90000,0x000000001ad90000] [id=4656]

=>0x0000000003050800 (exited) GCTaskThread [stack: 0x00000000130a0000,0x00000000131a0000] [id=11124]

VM state:at safepoint (normal execution)

VM Mutex/Monitor currently owned by a thread:  ([mutex/lock_event])
[0x0000000002e7cce0] Threads_lock - owner thread: 0x0000000018099000
[0x0000000003030d50] Heap_lock - owner thread: 0x000000001a31c000

heap address: 0x0000000081e00000, size: 2018 MB, Compressed Oops mode: 32-bit
Narrow klass base: 0x0000000000000000, Narrow klass shift: 3
Compressed class space size: 1073741824 Address: 0x0000000100000000

Heap:
 PSYoungGen      total 143360K, used 143360K [0x00000000d5f80000, 0x00000000e7d80000, 0x0000000100000000)
  eden space 133120K, 100% used [0x00000000d5f80000,0x00000000de180000,0x00000000de180000)
  from space 10240K, 100% used [0x00000000de180000,0x00000000deb80000,0x00000000deb80000)
  to   space 13312K, 79% used [0x00000000e7080000,0x00000000e7ad26e0,0x00000000e7d80000)
 ParOldGen       total 87552K, used 16798K [0x0000000081e00000, 0x0000000087380000, 0x00000000d5f80000)
  object space 87552K, 19% used [0x0000000081e00000,0x0000000082e67af8,0x0000000087380000)
 Metaspace       used 19288K, capacity 19724K, committed 20096K, reserved 1067008K
  class space    used 2186K, capacity 2323K, committed 2432K, reserved 1048576K

Card table byte_map: [0x00000000124f0000,0x00000000128f0000] byte_map_base: 0x00000000120e1000

Marking Bits: (ParMarkBitMap*) 0x0000000072946d90
 Begin Bits: [0x00000000133a0000, 0x0000000015328000)
 End Bits:   [0x0000000015328000, 0x00000000172b0000)

Polling page: 0x0000000000dd0000

CodeCache: size=245760Kb used=13272Kb max_used=15889Kb free=232487Kb
 bounds [0x0000000003130000, 0x00000000040d0000, 0x0000000012130000]
 total_blobs=4049 nmethods=3662 adapters=299
 compilation: enabled

Compilation events (10 events):
Event: 6718.261 Thread 0x0000000019fbd800 4387       4       org.apache.maven.plugin.surefire.booterclient.lazytestprovider.AbstractCommandStream::read (135 bytes)
Event: 6718.275 Thread 0x0000000019fbd800 nmethod 4387 0x0000000003548950 code [0x0000000003548b00, 0x0000000003548f90]
Event: 7324.237 Thread 0x0000000019fcf800 4388   !   4       sun.nio.cs.StreamDecoder::inReady (36 bytes)
Event: 7324.238 Thread 0x0000000019fcf800 nmethod 4388 0x0000000003318d90 code [0x0000000003318ee0, 0x0000000003318fd8]
Event: 7668.261 Thread 0x0000000019fd4000 4389       1       org.apache.maven.plugin.surefire.booterclient.lazytestprovider.OutputStreamFlushableCommandline::getFlushReceiver (5 bytes)
Event: 7668.262 Thread 0x0000000019fd4000 nmethod 4389 0x0000000003742690 code [0x00000000037427e0, 0x00000000037428f0]
Event: 7998.260 Thread 0x0000000019fd4000 4390       3       org.apache.maven.plugin.surefire.booterclient.lazytestprovider.OutputStreamFlushableCommandline$OutputStreamFlushReceiver::flush (8 bytes)
Event: 7998.261 Thread 0x0000000019fd4000 nmethod 4390 0x00000000038f2410 code [0x00000000038f2580, 0x00000000038f27a8]
Event: 8174.391 Thread 0x0000000019fbd800 4391       4       java.lang.AbstractStringBuilder::append (40 bytes)
Event: 8174.394 Thread 0x0000000019fbd800 nmethod 4391 0x000000000359ab10 code [0x000000000359ac60, 0x000000000359b078]

GC Heap History (10 events):
Event: 1.182 GC heap after
Heap after GC invocations=3 (full 0):
 PSYoungGen      total 38400K, used 5088K [0x00000000d5f80000, 0x00000000daa80000, 0x0000000100000000)
  eden space 33280K, 0% used [0x00000000d5f80000,0x00000000d5f80000,0x00000000d8000000)
  from space 5120K, 99% used [0x00000000d8000000,0x00000000d84f8020,0x00000000d8500000)
  to   space 5120K, 0% used [0x00000000da580000,0x00000000da580000,0x00000000daa80000)
 ParOldGen       total 87552K, used 5040K [0x0000000081e00000, 0x0000000087380000, 0x00000000d5f80000)
  object space 87552K, 5% used [0x0000000081e00000,0x00000000822ec288,0x0000000087380000)
 Metaspace       used 15154K, capacity 15350K, committed 15616K, reserved 1062912K
  class space    used 1868K, capacity 1971K, committed 2048K, reserved 1048576K
}
Event: 1.429 GC heap before
{Heap before GC invocations=4 (full 0):
 PSYoungGen      total 38400K, used 38368K [0x00000000d5f80000, 0x00000000daa80000, 0x0000000100000000)
  eden space 33280K, 100% used [0x00000000d5f80000,0x00000000d8000000,0x00000000d8000000)
  from space 5120K, 99% used [0x00000000d8000000,0x00000000d84f8020,0x00000000d8500000)
  to   space 5120K, 0% used [0x00000000da580000,0x00000000da580000,0x00000000daa80000)
 ParOldGen       total 87552K, used 5040K [0x0000000081e00000, 0x0000000087380000, 0x00000000d5f80000)
  object space 87552K, 5% used [0x0000000081e00000,0x00000000822ec288,0x0000000087380000)
 Metaspace       used 15438K, capacity 15700K, committed 15872K, reserved 1062912K
  class space    used 1870K, capacity 1976K, committed 2048K, reserved 1048576K
Event: 1.436 GC heap after
Heap after GC invocations=4 (full 0):
 PSYoungGen      total 71680K, used 5104K [0x00000000d5f80000, 0x00000000daa80000, 0x0000000100000000)
  eden space 66560K, 0% used [0x00000000d5f80000,0x00000000d5f80000,0x00000000da080000)
  from space 5120K, 99% used [0x00000000da580000,0x00000000daa7c030,0x00000000daa80000)
  to   space 5120K, 0% used [0x00000000da080000,0x00000000da080000,0x00000000da580000)
 ParOldGen       total 87552K, used 7184K [0x0000000081e00000, 0x0000000087380000, 0x00000000d5f80000)
  object space 87552K, 8% used [0x0000000081e00000,0x0000000082504288,0x0000000087380000)
 Metaspace       used 15438K, capacity 15700K, committed 15872K, reserved 1062912K
  class space    used 1870K, capacity 1976K, committed 2048K, reserved 1048576K
}
Event: 1.864 GC heap before
{Heap before GC invocations=5 (full 0):
 PSYoungGen      total 71680K, used 71664K [0x00000000d5f80000, 0x00000000daa80000, 0x0000000100000000)
  eden space 66560K, 100% used [0x00000000d5f80000,0x00000000da080000,0x00000000da080000)
  from space 5120K, 99% used [0x00000000da580000,0x00000000daa7c030,0x00000000daa80000)
  to   space 5120K, 0% used [0x00000000da080000,0x00000000da080000,0x00000000da580000)
 ParOldGen       total 87552K, used 7184K [0x0000000081e00000, 0x0000000087380000, 0x00000000d5f80000)
  object space 87552K, 8% used [0x0000000081e00000,0x0000000082504288,0x0000000087380000)
 Metaspace       used 16027K, capacity 16230K, committed 16384K, reserved 1062912K
  class space    used 1889K, capacity 1979K, committed 2048K, reserved 1048576K
Event: 1.869 GC heap after
Heap after GC invocations=5 (full 0):
 PSYoungGen      total 71680K, used 5104K [0x00000000d5f80000, 0x00000000df580000, 0x0000000100000000)
  eden space 66560K, 0% used [0x00000000d5f80000,0x00000000d5f80000,0x00000000da080000)
  from space 5120K, 99% used [0x00000000da080000,0x00000000da57c050,0x00000000da580000)
  to   space 10240K, 0% used [0x00000000deb80000,0x00000000deb80000,0x00000000df580000)
 ParOldGen       total 87552K, used 11002K [0x0000000081e00000, 0x0000000087380000, 0x00000000d5f80000)
  object space 87552K, 12% used [0x0000000081e00000,0x00000000828beab0,0x0000000087380000)
 Metaspace       used 16027K, capacity 16230K, committed 16384K, reserved 1062912K
  class space    used 1889K, capacity 1979K, committed 2048K, reserved 1048576K
}
Event: 2.145 GC heap before
{Heap before GC invocations=6 (full 0):
 PSYoungGen      total 71680K, used 71664K [0x00000000d5f80000, 0x00000000df580000, 0x0000000100000000)
  eden space 66560K, 100% used [0x00000000d5f80000,0x00000000da080000,0x00000000da080000)
  from space 5120K, 99% used [0x00000000da080000,0x00000000da57c050,0x00000000da580000)
  to   space 10240K, 0% used [0x00000000deb80000,0x00000000deb80000,0x00000000df580000)
 ParOldGen       total 87552K, used 11002K [0x0000000081e00000, 0x0000000087380000, 0x00000000d5f80000)
  object space 87552K, 12% used [0x0000000081e00000,0x00000000828beab0,0x0000000087380000)
 Metaspace       used 16162K, capacity 16440K, committed 16640K, reserved 1064960K
  class space    used 1891K, capacity 1982K, committed 2048K, reserved 1048576K
Event: 2.152 GC heap after
Heap after GC invocations=6 (full 0):
 PSYoungGen      total 143360K, used 8240K [0x00000000d5f80000, 0x00000000df580000, 0x0000000100000000)
  eden space 133120K, 0% used [0x00000000d5f80000,0x00000000d5f80000,0x00000000de180000)
  from space 10240K, 80% used [0x00000000deb80000,0x00000000df38c010,0x00000000df580000)
  to   space 10240K, 0% used [0x00000000de180000,0x00000000de180000,0x00000000deb80000)
 ParOldGen       total 87552K, used 11010K [0x0000000081e00000, 0x0000000087380000, 0x00000000d5f80000)
  object space 87552K, 12% used [0x0000000081e00000,0x00000000828c0ab0,0x0000000087380000)
 Metaspace       used 16162K, capacity 16440K, committed 16640K, reserved 1064960K
  class space    used 1891K, capacity 1982K, committed 2048K, reserved 1048576K
}
Event: 2.962 GC heap before
{Heap before GC invocations=7 (full 0):
 PSYoungGen      total 143360K, used 141360K [0x00000000d5f80000, 0x00000000df580000, 0x0000000100000000)
  eden space 133120K, 100% used [0x00000000d5f80000,0x00000000de180000,0x00000000de180000)
  from space 10240K, 80% used [0x00000000deb80000,0x00000000df38c010,0x00000000df580000)
  to   space 10240K, 0% used [0x00000000de180000,0x00000000de180000,0x00000000deb80000)
 ParOldGen       total 87552K, used 11010K [0x0000000081e00000, 0x0000000087380000, 0x00000000d5f80000)
  object space 87552K, 12% used [0x0000000081e00000,0x00000000828c0ab0,0x0000000087380000)
 Metaspace       used 17176K, capacity 17462K, committed 17792K, reserved 1064960K
  class space    used 1994K, capacity 2087K, committed 2176K, reserved 1048576K
Event: 2.973 GC heap after
Heap after GC invocations=7 (full 0):
 PSYoungGen      total 143360K, used 10240K [0x00000000d5f80000, 0x00000000e7d80000, 0x0000000100000000)
  eden space 133120K, 0% used [0x00000000d5f80000,0x00000000d5f80000,0x00000000de180000)
  from space 10240K, 100% used [0x00000000de180000,0x00000000deb80000,0x00000000deb80000)
  to   space 13312K, 0% used [0x00000000e7080000,0x00000000e7080000,0x00000000e7d80000)
 ParOldGen       total 87552K, used 15138K [0x0000000081e00000, 0x0000000087380000, 0x00000000d5f80000)
  object space 87552K, 17% used [0x0000000081e00000,0x0000000082cc8ae8,0x0000000087380000)
 Metaspace       used 17176K, capacity 17462K, committed 17792K, reserved 1064960K
  class space    used 1994K, capacity 2087K, committed 2176K, reserved 1048576K
}
Event: 10036.715 GC heap before
{Heap before GC invocations=8 (full 0):
 PSYoungGen      total 143360K, used 143360K [0x00000000d5f80000, 0x00000000e7d80000, 0x0000000100000000)
  eden space 133120K, 100% used [0x00000000d5f80000,0x00000000de180000,0x00000000de180000)
  from space 10240K, 100% used [0x00000000de180000,0x00000000deb80000,0x00000000deb80000)
  to   space 13312K, 0% used [0x00000000e7080000,0x00000000e7080000,0x00000000e7d80000)
 ParOldGen       total 87552K, used 15138K [0x0000000081e00000, 0x0000000087380000, 0x00000000d5f80000)
  object space 87552K, 17% used [0x0000000081e00000,0x0000000082cc8ae8,0x0000000087380000)
 Metaspace       used 19288K, capacity 19724K, committed 20096K, reserved 1067008K
  class space    used 2186K, capacity 2323K, committed 2432K, reserved 1048576K

Deoptimization events (10 events):
Event: 8.307 Thread 0x0000000002e7e800 Uncommon trap: reason=class_check action=maybe_recompile pc=0x00000000038a7af0 method=java.util.Collections$UnmodifiableMap$UnmodifiableEntrySet$1.next()Ljava/util/Map$Entry; @ 8
Event: 8.307 Thread 0x0000000002e7e800 Uncommon trap: reason=class_check action=maybe_recompile pc=0x00000000038e5180 method=java.util.Collections$UnmodifiableMap$UnmodifiableEntrySet$UnmodifiableEntry.getKey()Ljava/lang/Object; @ 4
Event: 8.307 Thread 0x0000000002e7e800 Uncommon trap: reason=class_check action=maybe_recompile pc=0x00000000038e4e80 method=java.util.Collections$UnmodifiableMap$UnmodifiableEntrySet$UnmodifiableEntry.getValue()Ljava/lang/Object; @ 4
Event: 8.307 Thread 0x0000000002e7e800 Uncommon trap: reason=class_check action=maybe_recompile pc=0x000000000386678c method=java.util.Collections$UnmodifiableMap$UnmodifiableEntrySet$1.hasNext()Z @ 4
Event: 8.307 Thread 0x0000000002e7e800 Uncommon trap: reason=class_check action=maybe_recompile pc=0x00000000038a7af0 method=java.util.Collections$UnmodifiableMap$UnmodifiableEntrySet$1.next()Ljava/util/Map$Entry; @ 8
Event: 8.307 Thread 0x0000000002e7e800 Uncommon trap: reason=class_check action=maybe_recompile pc=0x00000000038e5180 method=java.util.Collections$UnmodifiableMap$UnmodifiableEntrySet$UnmodifiableEntry.getKey()Ljava/lang/Object; @ 4
Event: 8.307 Thread 0x0000000002e7e800 Uncommon trap: reason=class_check action=maybe_recompile pc=0x00000000038e4e80 method=java.util.Collections$UnmodifiableMap$UnmodifiableEntrySet$UnmodifiableEntry.getValue()Ljava/lang/Object; @ 4
Event: 8.536 Thread 0x000000001c61a800 Uncommon trap: reason=bimorphic action=maybe_recompile pc=0x0000000003fd9f98 method=sun.nio.cs.StreamEncoder.writeBytes()V @ 120
Event: 8.536 Thread 0x000000001c61a800 Uncommon trap: reason=class_check action=maybe_recompile pc=0x0000000003fdb090 method=java.io.BufferedOutputStream.flushBuffer()V @ 20
Event: 9.323 Thread 0x000000001c61a800 Uncommon trap: reason=unstable_if action=reinterpret pc=0x0000000003a8da2c method=java.lang.ThreadLocal.get()Ljava/lang/Object; @ 11

Classes redefined (0 events):
No events

Internal exceptions (10 events):
Event: 2.881 Thread 0x0000000002e7e800 Implicit null exception at 0x0000000003df6e6f to 0x0000000003df757a
Event: 2.976 Thread 0x0000000002e7e800 Implicit null exception at 0x0000000003f2782b to 0x0000000003f2cfb5
Event: 3.061 Thread 0x0000000002e7e800 Implicit null exception at 0x0000000003ce080a to 0x0000000003ce091c
Event: 3.062 Thread 0x0000000002e7e800 Implicit null exception at 0x0000000003f0d8bd to 0x0000000003f0e7d5
Event: 8.023 Thread 0x0000000002e7e800 Implicit null exception at 0x0000000003fb5865 to 0x0000000003fbb9e5
Event: 8.097 Thread 0x0000000002e7e800 Exception <a 'java/lang/NoSuchMethodError': org.apache.maven.execution.MavenExecutionRequest.getFailureBehavior()Ljava/lang/String;> (0x00000000d99ebf38) thrown at [C:\re\workspace\8-2-build-windows-amd64-cygwin\jdk8u231\13620\hotspot\src\share\vm\interpr
Event: 8.100 Thread 0x0000000002e7e800 Implicit null exception at 0x00000000038c7760 to 0x00000000038c77d1
Event: 8.117 Thread 0x0000000002e7e800 Implicit null exception at 0x00000000038a6fb0 to 0x00000000038a7001
Event: 8.133 Thread 0x0000000002e7e800 Implicit null exception at 0x00000000040824f7 to 0x0000000004082741
Event: 9.323 Thread 0x000000001c61a800 Implicit null exception at 0x0000000003a8d949 to 0x0000000003a8da15

Events (10 events):
Event: 638.263 Thread 0x0000000019fd4000 flushing nmethod 0x0000000004075210
Event: 638.263 Thread 0x0000000019fd4000 flushing nmethod 0x0000000004082210
Event: 6191.956 Thread 0x0000000019fcf800 flushing nmethod 0x0000000003266690
Event: 6698.266 Thread 0x0000000019fb9800 flushing nmethod 0x0000000003318bd0
Event: 6698.266 Thread 0x0000000019fb9800 flushing nmethod 0x0000000003384210
Event: 8174.394 Thread 0x0000000019fbd800 flushing nmethod 0x000000000366fa90
Event: 8174.394 Thread 0x0000000019fbd800 flushing nmethod 0x00000000036751d0
Event: 8174.394 Thread 0x0000000019fbd800 flushing nmethod 0x0000000003723d50
Event: 8174.395 Thread 0x0000000019fbd800 flushing nmethod 0x0000000003733b10
Event: 10036.715 Executing VM operation: ParallelGCFailedAllocation


Dynamic libraries:
0x00007ff785d00000 - 0x00007ff785d37000 	C:\Program Files\Java\jre1.8.0_231\bin\javaw.exe
0x00007ffa93720000 - 0x00007ffa93910000 	C:\Windows\SYSTEM32\ntdll.dll
0x00007ffa91fe0000 - 0x00007ffa92092000 	C:\Windows\System32\KERNEL32.DLL
0x00007ffa910d0000 - 0x00007ffa91374000 	C:\Windows\System32\KERNELBASE.dll
0x00007ffa91880000 - 0x00007ffa91923000 	C:\Windows\System32\ADVAPI32.dll
0x00007ffa92150000 - 0x00007ffa921ee000 	C:\Windows\System32\msvcrt.dll
0x00007ffa917d0000 - 0x00007ffa91867000 	C:\Windows\System32\sechost.dll
0x00007ffa93480000 - 0x00007ffa935a0000 	C:\Windows\System32\RPCRT4.dll
0x00007ffa922c0000 - 0x00007ffa92455000 	C:\Windows\System32\USER32.dll
0x00007ffa90840000 - 0x00007ffa90861000 	C:\Windows\System32\win32u.dll
0x00007ffa91a00000 - 0x00007ffa91a26000 	C:\Windows\System32\GDI32.dll
0x00007ffa906a0000 - 0x00007ffa90836000 	C:\Windows\System32\gdi32full.dll
0x00007ffa915e0000 - 0x00007ffa9167e000 	C:\Windows\System32\msvcp_win.dll
0x00007ffa916d0000 - 0x00007ffa917ca000 	C:\Windows\System32\ucrtbase.dll
0x00007ffa8de80000 - 0x00007ffa8e104000 	C:\Windows\WinSxS\amd64_microsoft.windows.common-controls_6595b64144ccf1df_6.0.18362.1016_none_9e7a36bbe461dae4\COMCTL32.dll
0x00007ffa92590000 - 0x00007ffa928c5000 	C:\Windows\System32\combase.dll
0x00007ffa91000000 - 0x00007ffa91080000 	C:\Windows\System32\bcryptPrimitives.dll
0x00007ffa921f0000 - 0x00007ffa9221e000 	C:\Windows\System32\IMM32.DLL
0x0000000071f60000 - 0x0000000072032000 	C:\Program Files\Java\jre1.8.0_231\bin\msvcr100.dll
0x0000000072120000 - 0x00000000729c6000 	C:\Program Files\Java\jre1.8.0_231\bin\server\jvm.dll
0x00007ffa91870000 - 0x00007ffa91878000 	C:\Windows\System32\PSAPI.DLL
0x00007ffa8d550000 - 0x00007ffa8d574000 	C:\Windows\SYSTEM32\WINMM.dll
0x00007ffa8d7e0000 - 0x00007ffa8d7e9000 	C:\Windows\SYSTEM32\WSOCK32.dll
0x00007ffa8d6a0000 - 0x00007ffa8d6aa000 	C:\Windows\SYSTEM32\VERSION.dll
0x00007ffa924c0000 - 0x00007ffa9252f000 	C:\Windows\System32\WS2_32.dll
0x00007ffa8d520000 - 0x00007ffa8d54d000 	C:\Windows\SYSTEM32\WINMMBASE.dll
0x00007ffa91680000 - 0x00007ffa916ca000 	C:\Windows\System32\cfgmgr32.dll
0x00007ffa7a5f0000 - 0x00007ffa7a5ff000 	C:\Program Files\Java\jre1.8.0_231\bin\verify.dll
0x00007ffa645c0000 - 0x00007ffa645e9000 	C:\Program Files\Java\jre1.8.0_231\bin\java.dll
0x00007ffa645a0000 - 0x00007ffa645b6000 	C:\Program Files\Java\jre1.8.0_231\bin\zip.dll
0x00007ffa929a0000 - 0x00007ffa93087000 	C:\Windows\System32\SHELL32.dll
0x00007ffa91a30000 - 0x00007ffa91ad9000 	C:\Windows\System32\shcore.dll
0x00007ffa90870000 - 0x00007ffa90ff2000 	C:\Windows\System32\windows.storage.dll
0x00007ffa90670000 - 0x00007ffa90693000 	C:\Windows\System32\profapi.dll
0x00007ffa905e0000 - 0x00007ffa9062a000 	C:\Windows\System32\powrprof.dll
0x00007ffa905d0000 - 0x00007ffa905e0000 	C:\Windows\System32\UMPDC.dll
0x00007ffa92530000 - 0x00007ffa92582000 	C:\Windows\System32\shlwapi.dll
0x00007ffa90630000 - 0x00007ffa90641000 	C:\Windows\System32\kernel.appcore.dll
0x00007ffa910b0000 - 0x00007ffa910c7000 	C:\Windows\System32\cryptsp.dll
0x00007ffa8f6b0000 - 0x00007ffa8f6e3000 	C:\Windows\system32\rsaenh.dll
0x00007ffa91080000 - 0x00007ffa910a6000 	C:\Windows\System32\bcrypt.dll
0x00007ffa904f0000 - 0x00007ffa90515000 	C:\Windows\SYSTEM32\USERENV.dll
0x00007ffa8fd10000 - 0x00007ffa8fd1c000 	C:\Windows\SYSTEM32\CRYPTBASE.dll
0x00007ffa64580000 - 0x00007ffa6459a000 	C:\Program Files\Java\jre1.8.0_231\bin\net.dll
0x00007ffa8fb40000 - 0x00007ffa8fba7000 	C:\Windows\system32\mswsock.dll
0x00007ffa8f850000 - 0x00007ffa8f88a000 	C:\Windows\SYSTEM32\IPHLPAPI.DLL
0x00007ffa933a0000 - 0x00007ffa933a8000 	C:\Windows\System32\NSI.dll
0x00007ffa89090000 - 0x00007ffa890a6000 	C:\Windows\SYSTEM32\dhcpcsvc6.DLL
0x00007ffa89160000 - 0x00007ffa8917c000 	C:\Windows\SYSTEM32\dhcpcsvc.DLL
0x00007ffa8f890000 - 0x00007ffa8f95b000 	C:\Windows\SYSTEM32\DNSAPI.dll
0x00007ffa64560000 - 0x00007ffa64572000 	C:\Program Files\Java\jre1.8.0_231\bin\nio.dll
0x00007ffa8b540000 - 0x00007ffa8b54a000 	C:\Users\Dell\AppData\Local\Temp\jansi-1.17-4378574004189340928.dll
0x00007ffa8b530000 - 0x00007ffa8b53a000 	C:\Users\Dell\AppData\Local\Temp\jansi-1.17-8381427793057162079.dll
0x00007ffa901d0000 - 0x00007ffa903c4000 	C:\Windows\SYSTEM32\dbghelp.dll

VM Arguments:
jvm_args: -Dmaven.home=EMBEDDED -Dclassworlds.conf=D:\workspace_new\.metadata\.plugins\org.eclipse.m2e.launching\launches\m2conf6203512597503325067.tmp -Dmaven.multiModuleProjectDirectory=D:\workspace_new\LivingTree_TestAutomation_chinmoy -Dfile.encoding=Cp1252 
java_command: org.codehaus.plexus.classworlds.launcher.Launcher -B test
java_class_path (initial): D:\eclipse 2018-09\eclipse\plugins\org.eclipse.m2e.maven.runtime_1.9.1.20180912-1600\jars\plexus-classworlds-2.5.2.jar
Launcher Type: SUN_STANDARD

Environment Variables:
JAVA_HOME=C:\Program Files\Java\jdk1.8.0_231
PATH=C:/Program Files/Java/jre1.8.0_231/bin/server;C:/Program Files/Java/jre1.8.0_231/bin;C:/Program Files/Java/jre1.8.0_231/lib/amd64;C:\Python27\;C:\Python27\Scripts;C:\Program Files (x86)\Common Files\Oracle\Java\javapath;C:\Windows\system32;C:\Windows;C:\Windows\System32\Wbem;C:\Windows\System32\WindowsPowerShell\v1.0\;C:\Windows\System32\OpenSSH\;C:\Program Files\Java\jdk1.8.0_231\bin;C:\apache-maven-3.6.2\bin;C:\Users\Dell\AppData\Local\Android\Sdk\tools\bin;C:\Users\Dell\AppData\Local\Android\Sdk\tools;C:\Users\Dell\AppData\Local\Android\Sdk\platform-tools;C:\Program Files\nodejs\;C:\ProgramData\chocolatey\bin;C:\Program Files\nodejs\node_modules\npm\bin;C:\Program Files\Git\cmd;C:\Program Files\PuTTY\;C:\Users\Dell\AppData\Local\Microsoft\WindowsApps;C:\Users\Dell\AppData\Roaming\npm;D:\eclipse 2018-09\eclipse;
USERNAME=Dell
OS=Windows_NT
PROCESSOR_IDENTIFIER=Intel64 Family 6 Model 142 Stepping 12, GenuineIntel



---------------  S Y S T E M  ---------------

OS: Windows 10.0 , 64 bit Build 18362 (10.0.18362.959)

CPU:total 8 (initial active 8) (4 cores per cpu, 2 threads per core) family 6 model 142 stepping 12, cmov, cx8, fxsr, mmx, sse, sse2, sse3, ssse3, sse4.1, sse4.2, popcnt, avx, avx2, aes, clmul, erms, 3dnowpref, lzcnt, ht, tsc, tscinvbit, bmi1, bmi2, adx

Memory: 4k page, physical 8259292k(3953172k free), swap 9570012k(3717736k free)

vm_info: Java HotSpot(TM) 64-Bit Server VM (25.231-b11) for windows-amd64 JRE (1.8.0_231-b11), built on Oct  5 2019 03:11:30 by "java_re" with MS VC++ 10.0 (VS2010)

time: Sat Sep 19 04:35:58 2020
timezone: India Standard Time
elapsed time: 10036 seconds (0d 2h 47m 16s)

