#
# A fatal error has been detected by the Java Runtime Environment:
#
#  Internal Error (signature.cpp:54), pid=10768, tid=0x0000000000001db4
#  fatal error: expecting (
#
# JRE version: Java(TM) SE Runtime Environment (8.0_231-b11) (build 1.8.0_231-b11)
# Java VM: Java HotSpot(TM) 64-Bit Server VM (25.231-b11 mixed mode windows-amd64 compressed oops)
# Failed to write core dump. Minidumps are not enabled by default on client versions of Windows
#
# If you would like to submit a bug report, please visit:
#   http://bugreport.java.com/bugreport/crash.jsp
#

---------------  T H R E A D  ---------------

Current thread (0x0000000002d0e800):  JavaThread "main" [_thread_in_vm, id=7604, stack(0x0000000002990000,0x0000000002a90000)]

Stack: [0x0000000002990000,0x0000000002a90000]
[error occurred during error reporting (printing stack bounds), id 0xc0000005]

Native frames: (J=compiled Java code, j=interpreted, Vv=VM code, C=native code)

Java frames: (J=compiled Java code, j=interpreted, Vv=VM code)
j  java.lang.AbstractStringBuilder.subSequence(II)Ljava/lang/CharSequence;+3
j  java.lang.StringBuilder.subSequence(II)Ljava/lang/CharSequence;+3
j  java.util.regex.Matcher.getSubSequence(II)Ljava/lang/CharSequence;+6
j  java.util.regex.Matcher.group(I)Ljava/lang/String;+103
j  org.codehaus.plexus.util.xml.XmlReader.getXmlProlog(Ljava/io/BufferedInputStream;Ljava/lang/String;)Ljava/lang/String;+269
j  org.codehaus.plexus.util.xml.XmlReader.doRawStream(Ljava/io/InputStream;Z)V+27
j  org.codehaus.plexus.util.xml.XmlReader.<init>(Ljava/io/InputStream;Z)V+14
j  org.codehaus.plexus.util.xml.XmlReader.<init>(Ljava/io/InputStream;)V+3
j  org.codehaus.plexus.util.xml.XmlStreamReader.<init>(Ljava/io/InputStream;)V+2
j  org.codehaus.plexus.util.ReaderFactory.newXmlReader(Ljava/io/InputStream;)Lorg/codehaus/plexus/util/xml/XmlStreamReader;+5
j  org.apache.maven.project.ExtensionDescriptorBuilder.build(Ljava/io/InputStream;)Lorg/apache/maven/project/ExtensionDescriptor;+9
j  org.apache.maven.extension.internal.CoreExtensionEntry.discoverFrom(Lorg/codehaus/plexus/classworlds/realm/ClassRealm;)Lorg/apache/maven/extension/internal/CoreExtensionEntry;+58
j  org.apache.maven.cli.MavenCli.container(Lorg/apache/maven/cli/CliRequest;)Lorg/codehaus/plexus/PlexusContainer;+68
j  org.apache.maven.cli.MavenCli.doMain(Lorg/apache/maven/cli/CliRequest;)I+29
j  org.apache.maven.cli.MavenCli.main([Ljava/lang/String;Lorg/codehaus/plexus/classworlds/ClassWorld;)I+24
v  ~StubRoutines::call_stub
j  sun.reflect.NativeMethodAccessorImpl.invoke0(Ljava/lang/reflect/Method;Ljava/lang/Object;[Ljava/lang/Object;)Ljava/lang/Object;+0
j  sun.reflect.NativeMethodAccessorImpl.invoke(Ljava/lang/Object;[Ljava/lang/Object;)Ljava/lang/Object;+100
j  sun.reflect.DelegatingMethodAccessorImpl.invoke(Ljava/lang/Object;[Ljava/lang/Object;)Ljava/lang/Object;+6
j  java.lang.reflect.Method.invoke(Ljava/lang/Object;[Ljava/lang/Object;)Ljava/lang/Object;+56
j  org.codehaus.plexus.classworlds.launcher.Launcher.launchEnhanced([Ljava/lang/String;)V+45
j  org.codehaus.plexus.classworlds.launcher.Launcher.launch([Ljava/lang/String;)V+2
j  org.codehaus.plexus.classworlds.launcher.Launcher.mainWithExitCode([Ljava/lang/String;)I+101
j  org.codehaus.plexus.classworlds.launcher.Launcher.main([Ljava/lang/String;)V+1
v  ~StubRoutines::call_stub

---------------  P R O C E S S  ---------------

Java Threads: ( => current thread )
  0x0000000019b00000 JavaThread "Service Thread" daemon [_thread_blocked, id=9592, stack(0x000000001a740000,0x000000001a840000)]
  0x0000000019a79000 JavaThread "C1 CompilerThread3" daemon [_thread_blocked, id=7124, stack(0x000000001a640000,0x000000001a740000)]
  0x0000000019a75000 JavaThread "C2 CompilerThread2" daemon [_thread_blocked, id=11680, stack(0x000000001a540000,0x000000001a640000)]
  0x0000000019a6f000 JavaThread "C2 CompilerThread1" daemon [_thread_blocked, id=3224, stack(0x000000001a440000,0x000000001a540000)]
  0x0000000019a6d000 JavaThread "C2 CompilerThread0" daemon [_thread_in_native, id=4072, stack(0x000000001a340000,0x000000001a440000)]
  0x0000000019a6a000 JavaThread "Attach Listener" daemon [_thread_blocked, id=6264, stack(0x000000001a240000,0x000000001a340000)]
  0x0000000019a69000 JavaThread "Signal Dispatcher" daemon [_thread_blocked, id=4484, stack(0x000000001a140000,0x000000001a240000)]
  0x0000000019a61000 JavaThread "Finalizer" daemon [_thread_blocked, id=6360, stack(0x0000000019f40000,0x000000001a040000)]
  0x0000000017c7d800 JavaThread "Reference Handler" daemon [_thread_blocked, id=9212, stack(0x0000000019e40000,0x0000000019f40000)]
=>0x0000000002d0e800 JavaThread "main" [_thread_in_vm, id=7604, stack(0x0000000002990000,0x0000000002a90000)]

Other Threads:
  0x0000000017c79800 VMThread [stack: 0x0000000019940000,0x0000000019a40000] [id=1008]
  0x0000000019b26800 WatcherThread [stack: 0x000000001a840000,0x000000001a940000] [id=10880]

VM state:not at safepoint (normal execution)

VM Mutex/Monitor currently owned by a thread: None

heap address: 0x0000000081e00000, size: 2018 MB, Compressed Oops mode: 32-bit
Narrow klass base: 0x0000000000000000, Narrow klass shift: 3
Compressed class space size: 1073741824 Address: 0x0000000100000000

Heap:
 PSYoungGen      total 38400K, used 8076K [0x00000000d5f80000, 0x00000000d8a00000, 0x0000000100000000)
  eden space 33280K, 24% used [0x00000000d5f80000,0x00000000d6763318,0x00000000d8000000)
  from space 5120K, 0% used [0x00000000d8500000,0x00000000d8500000,0x00000000d8a00000)
  to   space 5120K, 0% used [0x00000000d8000000,0x00000000d8000000,0x00000000d8500000)
 ParOldGen       total 87552K, used 0K [0x0000000081e00000, 0x0000000087380000, 0x00000000d5f80000)
  object space 87552K, 0% used [0x0000000081e00000,0x0000000081e00000,0x0000000087380000)
 Metaspace       used 5536K, capacity 5692K, committed 5888K, reserved 1056768K
  class space    used 596K, capacity 664K, committed 768K, reserved 1048576K

Card table byte_map: [0x00000000120d0000,0x00000000124d0000] byte_map_base: 0x0000000011cc1000

Marking Bits: (ParMarkBitMap*) 0x0000000066006d90
 Begin Bits: [0x0000000012f80000, 0x0000000014f08000)
 End Bits:   [0x0000000014f08000, 0x0000000016e90000)

Polling page: 0x0000000000d20000

CodeCache: size=245760Kb used=1968Kb max_used=1968Kb free=243791Kb
 bounds [0x0000000002d10000, 0x0000000002f80000, 0x0000000011d10000]
 total_blobs=644 nmethods=340 adapters=217
 compilation: enabled

Compilation events (10 events):
Event: 0.350 Thread 0x0000000019a79000  337       3       java.util.jar.Attributes::get (11 bytes)
Event: 0.351 Thread 0x0000000019a79000 nmethod 337 0x0000000002ee87d0 code [0x0000000002ee8940, 0x0000000002ee8b68]
Event: 0.351 Thread 0x0000000019a79000  338   !   3       java.lang.ClassLoader::getPackage (118 bytes)
Event: 0.351 Thread 0x0000000019a79000 nmethod 338 0x0000000002efbc10 code [0x0000000002efbde0, 0x0000000002efc8e8]
Event: 0.352 Thread 0x0000000019a79000  339       3       java.lang.Character::getType (9 bytes)
Event: 0.352 Thread 0x0000000019a79000 nmethod 339 0x0000000002ee8350 code [0x0000000002ee84c0, 0x0000000002ee86f8]
Event: 0.352 Thread 0x0000000019a79000  340       3       java.lang.CharacterDataLatin1::getType (11 bytes)
Event: 0.352 Thread 0x0000000019a79000 nmethod 340 0x0000000002ee7e90 code [0x0000000002ee8000, 0x0000000002ee81f0]
Event: 0.353 Thread 0x0000000019a79000  341       3       java.lang.StringBuffer::<init> (6 bytes)
Event: 0.355 Thread 0x0000000019a79000 nmethod 341 0x0000000002efccd0 code [0x0000000002efce40, 0x0000000002efd0f0]

GC Heap History (0 events):
No events

Deoptimization events (1 events):
Event: 0.331 Thread 0x0000000002d0e800 Uncommon trap: reason=unstable_if action=reinterpret pc=0x0000000002ebd978 method=java.lang.String.<init>([CII)V @ 18

Classes redefined (0 events):
No events

Internal exceptions (6 events):
Event: 0.023 Thread 0x0000000002d0e800 Exception <a 'java/lang/NoSuchMethodError': Method sun.misc.Unsafe.defineClass(Ljava/lang/String;[BII)Ljava/lang/Class; name or signature does not match> (0x00000000d5f87cb8) thrown at [C:\re\workspace\8-2-build-windows-amd64-cygwin\jdk8u231\13620\hotspot
Event: 0.023 Thread 0x0000000002d0e800 Exception <a 'java/lang/NoSuchMethodError': Method sun.misc.Unsafe.prefetchRead(Ljava/lang/Object;J)V name or signature does not match> (0x00000000d5f87fa0) thrown at [C:\re\workspace\8-2-build-windows-amd64-cygwin\jdk8u231\13620\hotspot\src\share\vm\prim
Event: 0.115 Thread 0x0000000002d0e800 Exception <a 'java/security/PrivilegedActionException'> (0x00000000d6303e48) thrown at [C:\re\workspace\8-2-build-windows-amd64-cygwin\jdk8u231\13620\hotspot\src\share\vm\prims\jvm.cpp, line 1502]
Event: 0.115 Thread 0x0000000002d0e800 Exception <a 'java/security/PrivilegedActionException'> (0x00000000d6304058) thrown at [C:\re\workspace\8-2-build-windows-amd64-cygwin\jdk8u231\13620\hotspot\src\share\vm\prims\jvm.cpp, line 1502]
Event: 0.115 Thread 0x0000000002d0e800 Exception <a 'java/security/PrivilegedActionException'> (0x00000000d6308150) thrown at [C:\re\workspace\8-2-build-windows-amd64-cygwin\jdk8u231\13620\hotspot\src\share\vm\prims\jvm.cpp, line 1502]
Event: 0.115 Thread 0x0000000002d0e800 Exception <a 'java/security/PrivilegedActionException'> (0x00000000d6308360) thrown at [C:\re\workspace\8-2-build-windows-amd64-cygwin\jdk8u231\13620\hotspot\src\share\vm\prims\jvm.cpp, line 1502]

Events (10 events):
Event: 0.356 loading class java/util/regex/Pattern$Branch
Event: 0.356 loading class java/util/regex/Pattern$Branch done
Event: 0.356 loading class java/text/MessageFormat
Event: 0.356 loading class java/text/MessageFormat done
Event: 0.356 loading class java/util/regex/Matcher
Event: 0.356 loading class java/util/regex/MatchResult
Event: 0.356 loading class java/util/regex/MatchResult done
Event: 0.356 loading class java/util/regex/Matcher done
Event: 0.356 loading class java/util/regex/ASCII
Event: 0.356 loading class java/util/regex/ASCII done


Dynamic libraries:
0x00007ff654660000 - 0x00007ff654697000 	C:\Program Files\Java\jdk1.8.0_231\bin\javaw.exe
0x00007ffbe3e00000 - 0x00007ffbe3ff0000 	C:\Windows\SYSTEM32\ntdll.dll
0x00007ffbe2e40000 - 0x00007ffbe2ef2000 	C:\Windows\System32\KERNEL32.DLL
0x00007ffbe0d80000 - 0x00007ffbe1024000 	C:\Windows\System32\KERNELBASE.dll
0x00007ffbe1eb0000 - 0x00007ffbe1f53000 	C:\Windows\System32\ADVAPI32.dll
0x00007ffbe21b0000 - 0x00007ffbe224e000 	C:\Windows\System32\msvcrt.dll
0x00007ffbe30f0000 - 0x00007ffbe3187000 	C:\Windows\System32\sechost.dll
0x00007ffbe2f00000 - 0x00007ffbe3020000 	C:\Windows\System32\RPCRT4.dll
0x00007ffbe2010000 - 0x00007ffbe21a4000 	C:\Windows\System32\USER32.dll
0x00007ffbe11d0000 - 0x00007ffbe11f1000 	C:\Windows\System32\win32u.dll
0x00007ffbe2250000 - 0x00007ffbe2276000 	C:\Windows\System32\GDI32.dll
0x00007ffbe1200000 - 0x00007ffbe1396000 	C:\Windows\System32\gdi32full.dll
0x00007ffbe15d0000 - 0x00007ffbe166e000 	C:\Windows\System32\msvcp_win.dll
0x00007ffbe10d0000 - 0x00007ffbe11ca000 	C:\Windows\System32\ucrtbase.dll
0x00007ffbe01c0000 - 0x00007ffbe0444000 	C:\Windows\WinSxS\amd64_microsoft.windows.common-controls_6595b64144ccf1df_6.0.18362.959_none_e6c7bbbf130c62bb\COMCTL32.dll
0x00007ffbe2280000 - 0x00007ffbe25b5000 	C:\Windows\System32\combase.dll
0x00007ffbe1030000 - 0x00007ffbe10b0000 	C:\Windows\System32\bcryptPrimitives.dll
0x00007ffbe2a60000 - 0x00007ffbe2a8e000 	C:\Windows\System32\IMM32.DLL
0x0000000066090000 - 0x0000000066162000 	C:\Program Files\Java\jdk1.8.0_231\jre\bin\msvcr100.dll
0x00000000657e0000 - 0x0000000066086000 	C:\Program Files\Java\jdk1.8.0_231\jre\bin\server\jvm.dll
0x00007ffbe2ac0000 - 0x00007ffbe2ac8000 	C:\Windows\System32\PSAPI.DLL
0x00007ffbdc6a0000 - 0x00007ffbdc6c4000 	C:\Windows\SYSTEM32\WINMM.dll
0x00007ffbdf260000 - 0x00007ffbdf269000 	C:\Windows\SYSTEM32\WSOCK32.dll
0x00007ffbdef40000 - 0x00007ffbdef4a000 	C:\Windows\SYSTEM32\VERSION.dll
0x00007ffbe3080000 - 0x00007ffbe30ef000 	C:\Windows\System32\WS2_32.dll
0x00007ffbdc670000 - 0x00007ffbdc69d000 	C:\Windows\SYSTEM32\winmmbase.dll
0x00007ffbe13a0000 - 0x00007ffbe13ea000 	C:\Windows\System32\cfgmgr32.dll
0x00007ffbd4490000 - 0x00007ffbd449f000 	C:\Program Files\Java\jdk1.8.0_231\jre\bin\verify.dll
0x00007ffbce630000 - 0x00007ffbce659000 	C:\Program Files\Java\jdk1.8.0_231\jre\bin\java.dll
0x00007ffbd3c40000 - 0x00007ffbd3c56000 	C:\Program Files\Java\jdk1.8.0_231\jre\bin\zip.dll
0x00007ffbe3200000 - 0x00007ffbe38e6000 	C:\Windows\System32\SHELL32.dll
0x00007ffbe1f60000 - 0x00007ffbe2009000 	C:\Windows\System32\shcore.dll
0x00007ffbe1670000 - 0x00007ffbe1df2000 	C:\Windows\System32\windows.storage.dll
0x00007ffbe0d30000 - 0x00007ffbe0d53000 	C:\Windows\System32\profapi.dll
0x00007ffbe0cc0000 - 0x00007ffbe0d0a000 	C:\Windows\System32\powrprof.dll
0x00007ffbe0cb0000 - 0x00007ffbe0cc0000 	C:\Windows\System32\UMPDC.dll
0x00007ffbe3020000 - 0x00007ffbe3072000 	C:\Windows\System32\shlwapi.dll
0x00007ffbe0d10000 - 0x00007ffbe0d21000 	C:\Windows\System32\kernel.appcore.dll
0x00007ffbe10b0000 - 0x00007ffbe10c7000 	C:\Windows\System32\cryptsp.dll
0x00007ffbdfa10000 - 0x00007ffbdfa43000 	C:\Windows\system32\rsaenh.dll
0x00007ffbe1450000 - 0x00007ffbe1476000 	C:\Windows\System32\bcrypt.dll
0x00007ffbe0bd0000 - 0x00007ffbe0bf5000 	C:\Windows\SYSTEM32\USERENV.dll
0x00007ffbe0090000 - 0x00007ffbe009c000 	C:\Windows\SYSTEM32\CRYPTBASE.dll
0x00007ffbd3bb0000 - 0x00007ffbd3bca000 	C:\Program Files\Java\jdk1.8.0_231\jre\bin\net.dll
0x00007ffbdfea0000 - 0x00007ffbdff07000 	C:\Windows\system32\mswsock.dll
0x00007ffbdfbb0000 - 0x00007ffbdfbea000 	C:\Windows\SYSTEM32\IPHLPAPI.DLL
0x00007ffbe2ab0000 - 0x00007ffbe2ab8000 	C:\Windows\System32\NSI.dll
0x00007ffbd6160000 - 0x00007ffbd6176000 	C:\Windows\SYSTEM32\dhcpcsvc6.DLL
0x00007ffbd70f0000 - 0x00007ffbd710c000 	C:\Windows\SYSTEM32\dhcpcsvc.DLL
0x00007ffbdfc00000 - 0x00007ffbdfccb000 	C:\Windows\SYSTEM32\DNSAPI.dll
0x00007ffbd26f0000 - 0x00007ffbd2702000 	C:\Program Files\Java\jdk1.8.0_231\jre\bin\nio.dll
0x00007ffbd3d10000 - 0x00007ffbd3d1a000 	C:\Users\Dell\AppData\Local\Temp\jansi-1.17-3028223255118249164.dll
0x00007ffbd3620000 - 0x00007ffbd362a000 	C:\Users\Dell\AppData\Local\Temp\jansi-1.17-4715462462507908566.dll

VM Arguments:
jvm_args: -Dmaven.home=EMBEDDED -Dclassworlds.conf=C:\LivingTree Workspace\LivingTreeQAAutomation\.metadata\.plugins\org.eclipse.m2e.launching\launches\m2conf8045365772492123009.tmp -Dmaven.multiModuleProjectDirectory=C:\LivingTree Workspace\LivingTreeQAAutomation\LivingTree_TestAutomation -Dfile.encoding=Cp1252 
java_command: org.codehaus.plexus.classworlds.launcher.Launcher -B clean
java_class_path (initial): D:\eclipse 2018-09\eclipse\plugins\org.eclipse.m2e.maven.runtime_1.9.1.20180912-1600\jars\plexus-classworlds-2.5.2.jar
Launcher Type: SUN_STANDARD

Environment Variables:
JAVA_HOME=C:\Program Files\Java\jdk1.8.0_231
PATH=C:/Program Files/Java/jre1.8.0_231/bin/server;C:/Program Files/Java/jre1.8.0_231/bin;C:/Program Files/Java/jre1.8.0_231/lib/amd64;C:\Python27\;C:\Python27\Scripts;C:\Program Files (x86)\Common Files\Oracle\Java\javapath;C:\Windows\system32;C:\Windows;C:\Windows\System32\Wbem;C:\Windows\System32\WindowsPowerShell\v1.0\;C:\Windows\System32\OpenSSH\;C:\Program Files\Java\jdk1.8.0_231\bin;C:\apache-maven-3.6.2\bin;C:\Users\Dell\AppData\Local\Android\Sdk\tools\bin;C:\Users\Dell\AppData\Local\Android\Sdk\tools;C:\Users\Dell\AppData\Local\Android\Sdk\platform-tools;C:\Program Files\nodejs\;C:\ProgramData\chocolatey\bin;C:\Program Files\nodejs\node_modules\npm\bin;C:\Program Files\Git\cmd;C:\Program Files\PuTTY\;C:\Users\Dell\AppData\Local\Microsoft\WindowsApps;C:\Users\Dell\AppData\Roaming\npm;D:\eclipse 2018-09\eclipse;
USERNAME=Dell
OS=Windows_NT
PROCESSOR_IDENTIFIER=Intel64 Family 6 Model 142 Stepping 12, GenuineIntel



---------------  S Y S T E M  ---------------

OS: Windows 10.0 , 64 bit Build 18362 (10.0.18362.959)

CPU:total 8 (initial active 8) (4 cores per cpu, 2 threads per core) family 6 model 142 stepping 12, cmov, cx8, fxsr, mmx, sse, sse2, sse3, ssse3, sse4.1, sse4.2, popcnt, avx, avx2, aes, clmul, erms, 3dnowpref, lzcnt, ht, tsc, tscinvbit, bmi1, bmi2, adx

Memory: 4k page, physical 8259292k(2771064k free), swap 10618588k(3992564k free)

vm_info: Java HotSpot(TM) 64-Bit Server VM (25.231-b11) for windows-amd64 JRE (1.8.0_231-b11), built on Oct  5 2019 03:11:30 by "java_re" with MS VC++ 10.0 (VS2010)

time: Mon Aug 03 11:44:38 2020
timezone: India Standard Time
elapsed time: 0 seconds (0d 0h 0m 0s)

