#
# A fatal error has been detected by the Java Runtime Environment:
#
#  EXCEPTION_ACCESS_VIOLATION (0xc0000005) at pc=0x000000006a805308, pid=11176, tid=0x0000000000001dd4
#
# JRE version: Java(TM) SE Runtime Environment (8.0_231-b11) (build 1.8.0_231-b11)
# Java VM: Java HotSpot(TM) 64-Bit Server VM (25.231-b11 mixed mode windows-amd64 compressed oops)
# Problematic frame:
# V  [jvm.dll+0x115308]
#
# Failed to write core dump. Minidumps are not enabled by default on client versions of Windows
#
# If you would like to submit a bug report, please visit:
#   http://bugreport.java.com/bugreport/crash.jsp
#

---------------  T H R E A D  ---------------

Current thread (0x00000000032b3800):  GCTaskThread [stack: 0x0000000013400000,0x0000000013500000] [id=7636]

siginfo: ExceptionCode=0xc0000005, reading address 0xffffffffffffffff

Registers:
RAX=0x0000000013600000, RBX=0x0000000000080000, RCX=0x0000000000000000, RDX=0x0000000000000000
RSP=0x00000000134ff9f0, RBP=0x0000000082a0db54, RSI=0x00000000033836f0, RDI=0x00000000033836f0
R8 =0x007fffffffbf1400, R9 =0x0000000100001ef8, R10=0x000000000000000c, R11=0x000000006acf9c98
R12=0x0000000082a0db7c, R13=0x0000000100002178, R14=0x0000000100002180, R15=0x0000000082a0db38
RIP=0x000000006a805308, EFLAGS=0x0000000000010246

Top of Stack: (sp=0x00000000134ff9f0)
0x00000000134ff9f0:   0000000100001ef8 0000000082a0dbdc
0x00000000134ffa00:   0000000000000002 000000006a805199
0x00000000134ffa10:   0000000000000000 00000000032b3d90
0x00000000134ffa20:   00000000032adbd0 00000000033836f0
0x00000000134ffa30:   0000000082a0db38 000000006a80aea5
0x00000000134ffa40:   0000000082a0dba0 00000000033836f0
0x00000000134ffa50:   00000000033836f0 000000006ad4d2a8
0x00000000134ffa60:   00000000134ffb89 000000006aaec220
0x00000000134ffa70:   00000000033836f0 00000000033836f0
0x00000000134ffa80:   000000006ad4d2a8 0000000000000779
0x00000000134ffa90:   000000001931c100 00000000134ffb89
0x00000000134ffaa0:   0000000000000000 0000000000000004
0x00000000134ffab0:   00000000033836f0 000000006a803ed2
0x00000000134ffac0:   00000000829d4b58 0000000000000000
0x00000000134ffad0:   0000000000000000 00000000032adbd0
0x00000000134ffae0:   00000000032b3da0 00000000032b3d90 

Instructions: (pc=0x000000006a805308)
0x000000006a8052e8:   05 a3 1a 71 00 49 c1 e8 03 49 d3 e8 41 0f b6 c0
0x000000006a8052f8:   49 c1 e8 06 24 3f 0f b6 d0 48 8b 05 b8 1a 71 00
0x000000006a805308:   4a 8b 0c c0 48 0f a3 d1 0f 82 59 01 00 00 0f b6
0x000000006a805318:   15 b4 26 70 00 84 d2 74 16 44 8b 43 08 8b 0d 3d 


Register to memory mapping:

RAX=0x0000000013600000 is an unknown value
RBX=0x0000000000080000 is an unknown value
RCX=0x0000000000000000 is an unknown value
RDX=0x0000000000000000 is an unknown value
RSP=0x00000000134ff9f0 is an unknown value
RBP=0x0000000082a0db54 is pointing into object: 0x0000000082a0db38
java.lang.Class 
 - klass: 'java/lang/Class'
RSI=0x00000000033836f0 is an unknown value
RDI=0x00000000033836f0 is an unknown value
R8 =0x007fffffffbf1400 is an unknown value
R9 =0x0000000100001ef8 is pointing into metadata
R10=0x000000000000000c is an unknown value
R11=0x000000006acf9c98 is an unknown value
R12=0x0000000082a0db7c is pointing into object: 0x0000000082a0db38
java.lang.Class 
 - klass: 'java/lang/Class'
R13=0x0000000100002178 is pointing into metadata
R14=0x0000000100002180 is pointing into metadata
R15=0x0000000082a0db38 is an oop
java.lang.Class 
 - klass: 'java/lang/Class'


Stack: [0x0000000013400000,0x0000000013500000],  sp=0x00000000134ff9f0,  free space=1022k
Native frames: (J=compiled Java code, j=interpreted, Vv=VM code, C=native code)
V  [jvm.dll+0x115308]
V  [jvm.dll+0x11aea5]
V  [jvm.dll+0x3fc220]
V  [jvm.dll+0x3f94d0]
V  [jvm.dll+0x3f706e]
V  [jvm.dll+0x29fd8a]
C  [msvcr100.dll+0x21d9f]
C  [msvcr100.dll+0x21e3b]
C  [KERNEL32.DLL+0x17bd4]
C  [ntdll.dll+0x6ce51]


---------------  P R O C E S S  ---------------

Java Threads: ( => current thread )
  0x000000001a2a6000 JavaThread "Service Thread" daemon [_thread_blocked, id=7556, stack(0x000000001ade0000,0x000000001aee0000)]
  0x000000001a222800 JavaThread "C1 CompilerThread3" daemon [_thread_blocked, id=9044, stack(0x000000001ace0000,0x000000001ade0000)]
  0x000000001a21c800 JavaThread "C2 CompilerThread2" daemon [_thread_blocked, id=2708, stack(0x000000001abe0000,0x000000001ace0000)]
  0x000000001a20c800 JavaThread "C2 CompilerThread1" daemon [_thread_blocked, id=4444, stack(0x000000001aae0000,0x000000001abe0000)]
  0x000000001a209800 JavaThread "C2 CompilerThread0" daemon [_thread_blocked, id=9276, stack(0x000000001a9e0000,0x000000001aae0000)]
  0x000000001a207000 JavaThread "Attach Listener" daemon [_thread_blocked, id=4252, stack(0x000000001a8e0000,0x000000001a9e0000)]
  0x000000001a206000 JavaThread "Signal Dispatcher" daemon [_thread_blocked, id=6908, stack(0x000000001a7e0000,0x000000001a8e0000)]
  0x0000000003388800 JavaThread "Finalizer" daemon [_thread_blocked, id=7800, stack(0x000000001a5e0000,0x000000001a6e0000)]
  0x00000000182fd000 JavaThread "Reference Handler" daemon [_thread_blocked, id=4392, stack(0x000000001a0e0000,0x000000001a1e0000)]
  0x000000000328e800 JavaThread "main" [_thread_blocked, id=11688, stack(0x0000000003120000,0x0000000003220000)]

Other Threads:
  0x00000000182f8800 VMThread [stack: 0x0000000019fe0000,0x000000001a0e0000] [id=7844]
  0x000000001a2c2000 WatcherThread [stack: 0x000000001aee0000,0x000000001afe0000] [id=12516]

=>0x00000000032b3800 (exited) GCTaskThread [stack: 0x0000000013400000,0x0000000013500000] [id=7636]

VM state:at safepoint (normal execution)

VM Mutex/Monitor currently owned by a thread:  ([mutex/lock_event])
[0x000000000328d2e0] Threads_lock - owner thread: 0x00000000182f8800
[0x0000000003290150] Heap_lock - owner thread: 0x000000000328e800

heap address: 0x0000000081e00000, size: 2018 MB, Compressed Oops mode: 32-bit
Narrow klass base: 0x0000000000000000, Narrow klass shift: 3
Compressed class space size: 1073741824 Address: 0x0000000100000000

Heap:
 PSYoungGen      total 143360K, used 10222K [0x00000000d5f80000, 0x00000000e7e80000, 0x0000000100000000)
  eden space 133120K, 0% used [0x00000000d5f80000,0x00000000d5f80000,0x00000000de180000)
  from space 10240K, 99% used [0x00000000de180000,0x00000000deb7bb28,0x00000000deb80000)
  to   space 13824K, 0% used [0x00000000e7100000,0x00000000e7100000,0x00000000e7e80000)
 ParOldGen       total 87552K, used 15804K [0x0000000081e00000, 0x0000000087380000, 0x00000000d5f80000)
  object space 87552K, 18% used [0x0000000081e00000,0x0000000082d6f1f8,0x0000000087380000)
 Metaspace       used 20837K, capacity 21216K, committed 21296K, reserved 1069056K
  class space    used 2401K, capacity 2584K, committed 2608K, reserved 1048576K

Card table byte_map: [0x0000000012750000,0x0000000012b50000] byte_map_base: 0x0000000012341000

Marking Bits: (ParMarkBitMap*) 0x000000006af16d90
 Begin Bits: [0x0000000013600000, 0x0000000015588000)
 End Bits:   [0x0000000015588000, 0x0000000017510000)

Polling page: 0x0000000001a40000

CodeCache: size=245760Kb used=14588Kb max_used=14588Kb free=231171Kb
 bounds [0x0000000003390000, 0x00000000041e0000, 0x0000000012390000]
 total_blobs=4218 nmethods=3800 adapters=330
 compilation: enabled

Compilation events (10 events):
Event: 3.028 Thread 0x000000001a222800 3811   !   3       sun.security.x509.AVA::toRFC2253CanonicalString (484 bytes)
Event: 3.029 Thread 0x000000001a21c800 3815       4       sun.security.util.DerValue::isPrintableStringChar (184 bytes)
Event: 3.029 Thread 0x000000001a209800 3816       4       java.lang.Character::isWhitespace (5 bytes)
Event: 3.029 Thread 0x000000001a20c800 3817       4       java.lang.CharacterDataLatin1::isWhitespace (23 bytes)
Event: 3.029 Thread 0x000000001a21c800 nmethod 3815 0x00000000041d2450 code [0x00000000041d26c0, 0x00000000041d2778]
Event: 3.029 Thread 0x000000001a20c800 nmethod 3817 0x00000000041c8950 code [0x00000000041c8a80, 0x00000000041c8b18]
Event: 3.029 Thread 0x000000001a209800 nmethod 3816 0x00000000041c8690 code [0x00000000041c87c0, 0x00000000041c8858]
Event: 3.032 Thread 0x000000001a222800 nmethod 3811 0x00000000041d3fd0 code [0x00000000041d4780, 0x00000000041d9ee8]
Event: 3.032 Thread 0x000000001a222800 3813       3       sun.security.util.ObjectIdentifier::toString (284 bytes)
Event: 3.032 Thread 0x000000001a209800 3824       4       sun.security.provider.SHA2::implCompress (331 bytes)

GC Heap History (10 events):
Event: 1.191 GC heap after
Heap after GC invocations=3 (full 0):
 PSYoungGen      total 38400K, used 5104K [0x00000000d5f80000, 0x00000000daa80000, 0x0000000100000000)
  eden space 33280K, 0% used [0x00000000d5f80000,0x00000000d5f80000,0x00000000d8000000)
  from space 5120K, 99% used [0x00000000d8000000,0x00000000d84fc030,0x00000000d8500000)
  to   space 5120K, 0% used [0x00000000da580000,0x00000000da580000,0x00000000daa80000)
 ParOldGen       total 87552K, used 5012K [0x0000000081e00000, 0x0000000087380000, 0x00000000d5f80000)
  object space 87552K, 5% used [0x0000000081e00000,0x00000000822e5358,0x0000000087380000)
 Metaspace       used 15149K, capacity 15350K, committed 15616K, reserved 1062912K
  class space    used 1868K, capacity 1971K, committed 2048K, reserved 1048576K
}
Event: 1.427 GC heap before
{Heap before GC invocations=4 (full 0):
 PSYoungGen      total 38400K, used 38384K [0x00000000d5f80000, 0x00000000daa80000, 0x0000000100000000)
  eden space 33280K, 100% used [0x00000000d5f80000,0x00000000d8000000,0x00000000d8000000)
  from space 5120K, 99% used [0x00000000d8000000,0x00000000d84fc030,0x00000000d8500000)
  to   space 5120K, 0% used [0x00000000da580000,0x00000000da580000,0x00000000daa80000)
 ParOldGen       total 87552K, used 5012K [0x0000000081e00000, 0x0000000087380000, 0x00000000d5f80000)
  object space 87552K, 5% used [0x0000000081e00000,0x00000000822e5358,0x0000000087380000)
 Metaspace       used 15426K, capacity 15700K, committed 15872K, reserved 1062912K
  class space    used 1870K, capacity 1976K, committed 2048K, reserved 1048576K
Event: 1.431 GC heap after
Heap after GC invocations=4 (full 0):
 PSYoungGen      total 71680K, used 5088K [0x00000000d5f80000, 0x00000000daa80000, 0x0000000100000000)
  eden space 66560K, 0% used [0x00000000d5f80000,0x00000000d5f80000,0x00000000da080000)
  from space 5120K, 99% used [0x00000000da580000,0x00000000daa78020,0x00000000daa80000)
  to   space 5120K, 0% used [0x00000000da080000,0x00000000da080000,0x00000000da580000)
 ParOldGen       total 87552K, used 6996K [0x0000000081e00000, 0x0000000087380000, 0x00000000d5f80000)
  object space 87552K, 7% used [0x0000000081e00000,0x00000000824d5358,0x0000000087380000)
 Metaspace       used 15426K, capacity 15700K, committed 15872K, reserved 1062912K
  class space    used 1870K, capacity 1976K, committed 2048K, reserved 1048576K
}
Event: 1.849 GC heap before
{Heap before GC invocations=5 (full 0):
 PSYoungGen      total 71680K, used 71648K [0x00000000d5f80000, 0x00000000daa80000, 0x0000000100000000)
  eden space 66560K, 100% used [0x00000000d5f80000,0x00000000da080000,0x00000000da080000)
  from space 5120K, 99% used [0x00000000da580000,0x00000000daa78020,0x00000000daa80000)
  to   space 5120K, 0% used [0x00000000da080000,0x00000000da080000,0x00000000da580000)
 ParOldGen       total 87552K, used 6996K [0x0000000081e00000, 0x0000000087380000, 0x00000000d5f80000)
  object space 87552K, 7% used [0x0000000081e00000,0x00000000824d5358,0x0000000087380000)
 Metaspace       used 16007K, capacity 16230K, committed 16384K, reserved 1062912K
  class space    used 1889K, capacity 1979K, committed 2048K, reserved 1048576K
Event: 1.855 GC heap after
Heap after GC invocations=5 (full 0):
 PSYoungGen      total 71680K, used 5104K [0x00000000d5f80000, 0x00000000df580000, 0x0000000100000000)
  eden space 66560K, 0% used [0x00000000d5f80000,0x00000000d5f80000,0x00000000da080000)
  from space 5120K, 99% used [0x00000000da080000,0x00000000da57c010,0x00000000da580000)
  to   space 10240K, 0% used [0x00000000deb80000,0x00000000deb80000,0x00000000df580000)
 ParOldGen       total 87552K, used 10906K [0x0000000081e00000, 0x0000000087380000, 0x00000000d5f80000)
  object space 87552K, 12% used [0x0000000081e00000,0x00000000828a6a58,0x0000000087380000)
 Metaspace       used 16007K, capacity 16230K, committed 16384K, reserved 1062912K
  class space    used 1889K, capacity 1979K, committed 2048K, reserved 1048576K
}
Event: 2.150 GC heap before
{Heap before GC invocations=6 (full 0):
 PSYoungGen      total 71680K, used 71664K [0x00000000d5f80000, 0x00000000df580000, 0x0000000100000000)
  eden space 66560K, 100% used [0x00000000d5f80000,0x00000000da080000,0x00000000da080000)
  from space 5120K, 99% used [0x00000000da080000,0x00000000da57c010,0x00000000da580000)
  to   space 10240K, 0% used [0x00000000deb80000,0x00000000deb80000,0x00000000df580000)
 ParOldGen       total 87552K, used 10906K [0x0000000081e00000, 0x0000000087380000, 0x00000000d5f80000)
  object space 87552K, 12% used [0x0000000081e00000,0x00000000828a6a58,0x0000000087380000)
 Metaspace       used 16154K, capacity 16376K, committed 16640K, reserved 1064960K
  class space    used 1891K, capacity 1982K, committed 2048K, reserved 1048576K
Event: 2.157 GC heap after
Heap after GC invocations=6 (full 0):
 PSYoungGen      total 143360K, used 8096K [0x00000000d5f80000, 0x00000000df580000, 0x0000000100000000)
  eden space 133120K, 0% used [0x00000000d5f80000,0x00000000d5f80000,0x00000000de180000)
  from space 10240K, 79% used [0x00000000deb80000,0x00000000df368020,0x00000000df580000)
  to   space 10240K, 0% used [0x00000000de180000,0x00000000de180000,0x00000000deb80000)
 ParOldGen       total 87552K, used 10914K [0x0000000081e00000, 0x0000000087380000, 0x00000000d5f80000)
  object space 87552K, 12% used [0x0000000081e00000,0x00000000828a8a58,0x0000000087380000)
 Metaspace       used 16154K, capacity 16376K, committed 16640K, reserved 1064960K
  class space    used 1891K, capacity 1982K, committed 2048K, reserved 1048576K
}
Event: 3.033 GC heap before
{Heap before GC invocations=7 (full 0):
 PSYoungGen      total 143360K, used 109222K [0x00000000d5f80000, 0x00000000df580000, 0x0000000100000000)
  eden space 133120K, 75% used [0x00000000d5f80000,0x00000000dc241b20,0x00000000de180000)
  from space 10240K, 79% used [0x00000000deb80000,0x00000000df368020,0x00000000df580000)
  to   space 10240K, 0% used [0x00000000de180000,0x00000000de180000,0x00000000deb80000)
 ParOldGen       total 87552K, used 10914K [0x0000000081e00000, 0x0000000087380000, 0x00000000d5f80000)
  object space 87552K, 12% used [0x0000000081e00000,0x00000000828a8a58,0x0000000087380000)
 Metaspace       used 20837K, capacity 21216K, committed 21296K, reserved 1069056K
  class space    used 2401K, capacity 2584K, committed 2608K, reserved 1048576K
Event: 3.045 GC heap after
Heap after GC invocations=7 (full 0):
 PSYoungGen      total 143360K, used 10222K [0x00000000d5f80000, 0x00000000e7e80000, 0x0000000100000000)
  eden space 133120K, 0% used [0x00000000d5f80000,0x00000000d5f80000,0x00000000de180000)
  from space 10240K, 99% used [0x00000000de180000,0x00000000deb7bb28,0x00000000deb80000)
  to   space 13824K, 0% used [0x00000000e7100000,0x00000000e7100000,0x00000000e7e80000)
 ParOldGen       total 87552K, used 15804K [0x0000000081e00000, 0x0000000087380000, 0x00000000d5f80000)
  object space 87552K, 18% used [0x0000000081e00000,0x0000000082d6f1f8,0x0000000087380000)
 Metaspace       used 20837K, capacity 21216K, committed 21296K, reserved 1069056K
  class space    used 2401K, capacity 2584K, committed 2608K, reserved 1048576K
}
Event: 3.045 GC heap before
{Heap before GC invocations=8 (full 1):
 PSYoungGen      total 143360K, used 10222K [0x00000000d5f80000, 0x00000000e7e80000, 0x0000000100000000)
  eden space 133120K, 0% used [0x00000000d5f80000,0x00000000d5f80000,0x00000000de180000)
  from space 10240K, 99% used [0x00000000de180000,0x00000000deb7bb28,0x00000000deb80000)
  to   space 13824K, 0% used [0x00000000e7100000,0x00000000e7100000,0x00000000e7e80000)
 ParOldGen       total 87552K, used 15804K [0x0000000081e00000, 0x0000000087380000, 0x00000000d5f80000)
  object space 87552K, 18% used [0x0000000081e00000,0x0000000082d6f1f8,0x0000000087380000)
 Metaspace       used 20837K, capacity 21216K, committed 21296K, reserved 1069056K
  class space    used 2401K, capacity 2584K, committed 2608K, reserved 1048576K

Deoptimization events (10 events):
Event: 2.678 Thread 0x000000000328e800 Uncommon trap: reason=unstable_if action=reinterpret pc=0x0000000003c5c2f4 method=java.util.Properties$LineReader.readLine()I @ 246
Event: 2.678 Thread 0x000000000328e800 Uncommon trap: reason=unstable_if action=reinterpret pc=0x0000000003fdb0ec method=java.util.Properties.load0(Ljava/util/Properties$LineReader;)V @ 33
Event: 2.678 Thread 0x000000000328e800 Uncommon trap: reason=unstable_if action=reinterpret pc=0x0000000003f8fdb4 method=java.util.Properties.load0(Ljava/util/Properties$LineReader;)V @ 33
Event: 2.678 Thread 0x000000000328e800 Uncommon trap: reason=unstable_if action=reinterpret pc=0x0000000003c04e88 method=java.util.Properties$LineReader.readLine()I @ 246
Event: 2.689 Thread 0x000000000328e800 Uncommon trap: reason=class_check action=maybe_recompile pc=0x0000000003f7c144 method=java.util.AbstractCollection.toArray()[Ljava/lang/Object; @ 1
Event: 2.690 Thread 0x000000000328e800 Uncommon trap: reason=class_check action=maybe_recompile pc=0x0000000003f7c144 method=java.util.AbstractCollection.toArray()[Ljava/lang/Object; @ 1
Event: 2.714 Thread 0x000000000328e800 Uncommon trap: reason=unstable_if action=reinterpret pc=0x00000000034b3060 method=java.net.URI.match(CJJ)Z @ 45
Event: 2.776 Thread 0x000000000328e800 Uncommon trap: reason=unstable_if action=reinterpret pc=0x0000000003494830 method=java.util.jar.Manifest$FastInputStream.readLine([BII)I @ 87
Event: 2.863 Thread 0x000000000328e800 Uncommon trap: reason=predicate action=maybe_recompile pc=0x00000000035efd6c method=sun.net.www.ParseUtil.encodePath(Ljava/lang/String;Z)Ljava/lang/String; @ 36
Event: 3.032 Thread 0x000000000328e800 Uncommon trap: reason=unstable_if action=reinterpret pc=0x0000000004152cc4 method=java.util.Arrays.equals([B[B)Z @ 41

Classes redefined (0 events):
No events

Internal exceptions (10 events):
Event: 2.517 Thread 0x000000000328e800 Exception <a 'java/io/IOException'> (0x00000000dab036e8) thrown at [C:\re\workspace\8-2-build-windows-amd64-cygwin\jdk8u231\13620\hotspot\src\share\vm\prims\jni.cpp, line 710]
Event: 2.520 Thread 0x000000000328e800 Exception <a 'java/lang/NullPointerException'> (0x00000000dab240e8) thrown at [C:\re\workspace\8-2-build-windows-amd64-cygwin\jdk8u231\13620\hotspot\src\share\vm\interpreter\linkResolver.cpp, line 1185]
Event: 2.520 Thread 0x000000000328e800 Exception <a 'java/lang/NullPointerException'> (0x00000000dab244e8) thrown at [C:\re\workspace\8-2-build-windows-amd64-cygwin\jdk8u231\13620\hotspot\src\share\vm\interpreter\linkResolver.cpp, line 1185]
Event: 2.520 Thread 0x000000000328e800 Exception <a 'java/lang/NullPointerException'> (0x00000000dab248e8) thrown at [C:\re\workspace\8-2-build-windows-amd64-cygwin\jdk8u231\13620\hotspot\src\share\vm\interpreter\linkResolver.cpp, line 1185]
Event: 2.669 Thread 0x000000000328e800 Implicit null exception at 0x00000000038f88bc to 0x00000000038fad71
Event: 2.699 Thread 0x000000000328e800 Exception <a 'java/lang/NoSuchFieldError': method resolution failed> (0x00000000daf1d578) thrown at [C:\re\workspace\8-2-build-windows-amd64-cygwin\jdk8u231\13620\hotspot\src\share\vm\prims\methodHandles.cpp, line 1167]
Event: 2.700 Thread 0x000000000328e800 Exception <a 'java/lang/NoSuchFieldError': method resolution failed> (0x00000000daf2b3d8) thrown at [C:\re\workspace\8-2-build-windows-amd64-cygwin\jdk8u231\13620\hotspot\src\share\vm\prims\methodHandles.cpp, line 1167]
Event: 2.745 Thread 0x000000000328e800 Exception <a 'java/lang/NullPointerException'> (0x00000000db54f948) thrown at [C:\re\workspace\8-2-build-windows-amd64-cygwin\jdk8u231\13620\hotspot\src\share\vm\interpreter\linkResolver.cpp, line 1185]
Event: 2.745 Thread 0x000000000328e800 Exception <a 'java/lang/NullPointerException'> (0x00000000db54fd48) thrown at [C:\re\workspace\8-2-build-windows-amd64-cygwin\jdk8u231\13620\hotspot\src\share\vm\interpreter\linkResolver.cpp, line 1185]
Event: 2.745 Thread 0x000000000328e800 Exception <a 'java/lang/NullPointerException'> (0x00000000db550148) thrown at [C:\re\workspace\8-2-build-windows-amd64-cygwin\jdk8u231\13620\hotspot\src\share\vm\interpreter\linkResolver.cpp, line 1185]

Events (10 events):
Event: 3.032 Thread 0x000000000328e800 DEOPT PACKING pc=0x000000000413532e sp=0x000000000321ac50
Event: 3.032 Thread 0x000000000328e800 DEOPT UNPACKING pc=0x00000000033d7890 sp=0x000000000321a990 mode 0
Event: 3.032 loading class sun/security/provider/certpath/KeyChecker
Event: 3.033 loading class sun/security/provider/certpath/KeyChecker done
Event: 3.033 loading class sun/security/provider/certpath/ConstraintsChecker
Event: 3.033 loading class sun/security/provider/certpath/ConstraintsChecker done
Event: 3.033 loading class sun/security/provider/certpath/PolicyNodeImpl
Event: 3.033 loading class java/security/cert/PolicyNode
Event: 3.033 loading class java/security/cert/PolicyNode done
Event: 3.033 Executing VM operation: CollectForMetadataAllocation


Dynamic libraries:
0x00007ff676f20000 - 0x00007ff676f57000 	C:\Program Files\Java\jre1.8.0_231\bin\javaw.exe
0x00007ffb68ae0000 - 0x00007ffb68cd0000 	C:\Windows\SYSTEM32\ntdll.dll
0x00007ffb679f0000 - 0x00007ffb67aa2000 	C:\Windows\System32\KERNEL32.DLL
0x00007ffb65ee0000 - 0x00007ffb66184000 	C:\Windows\System32\KERNELBASE.dll
0x00007ffb67070000 - 0x00007ffb67113000 	C:\Windows\System32\ADVAPI32.dll
0x00007ffb68a00000 - 0x00007ffb68a9e000 	C:\Windows\System32\msvcrt.dll
0x00007ffb67e70000 - 0x00007ffb67f07000 	C:\Windows\System32\sechost.dll
0x00007ffb67810000 - 0x00007ffb67930000 	C:\Windows\System32\RPCRT4.dll
0x00007ffb67cd0000 - 0x00007ffb67e65000 	C:\Windows\System32\USER32.dll
0x00007ffb65d00000 - 0x00007ffb65d21000 	C:\Windows\System32\win32u.dll
0x00007ffb67f10000 - 0x00007ffb67f36000 	C:\Windows\System32\GDI32.dll
0x00007ffb65b60000 - 0x00007ffb65cf6000 	C:\Windows\System32\gdi32full.dll
0x00007ffb66190000 - 0x00007ffb6622e000 	C:\Windows\System32\msvcp_win.dll
0x00007ffb65a60000 - 0x00007ffb65b5a000 	C:\Windows\System32\ucrtbase.dll
0x00007ffb64e30000 - 0x00007ffb650b4000 	C:\Windows\WinSxS\amd64_microsoft.windows.common-controls_6595b64144ccf1df_6.0.18362.1016_none_9e7a36bbe461dae4\COMCTL32.dll
0x00007ffb68490000 - 0x00007ffb687c5000 	C:\Windows\System32\combase.dll
0x00007ffb662d0000 - 0x00007ffb66350000 	C:\Windows\System32\bcryptPrimitives.dll
0x00007ffb68900000 - 0x00007ffb6892e000 	C:\Windows\System32\IMM32.DLL
0x000000006a530000 - 0x000000006a602000 	C:\Program Files\Java\jre1.8.0_231\bin\msvcr100.dll
0x000000006a6f0000 - 0x000000006af96000 	C:\Program Files\Java\jre1.8.0_231\bin\server\jvm.dll
0x00007ffb67f40000 - 0x00007ffb67f48000 	C:\Windows\System32\PSAPI.DLL
0x00007ffb61820000 - 0x00007ffb61844000 	C:\Windows\SYSTEM32\WINMM.dll
0x00007ffb64360000 - 0x00007ffb64369000 	C:\Windows\SYSTEM32\WSOCK32.dll
0x00007ffb63c10000 - 0x00007ffb63c1a000 	C:\Windows\SYSTEM32\VERSION.dll
0x00007ffb67f50000 - 0x00007ffb67fbf000 	C:\Windows\System32\WS2_32.dll
0x00007ffb617f0000 - 0x00007ffb6181d000 	C:\Windows\SYSTEM32\winmmbase.dll
0x00007ffb66230000 - 0x00007ffb6627a000 	C:\Windows\System32\cfgmgr32.dll
0x00007ffb64350000 - 0x00007ffb6435f000 	C:\Program Files\Java\jre1.8.0_231\bin\verify.dll
0x00007ffb641e0000 - 0x00007ffb64209000 	C:\Program Files\Java\jre1.8.0_231\bin\java.dll
0x00007ffb5e170000 - 0x00007ffb5e186000 	C:\Program Files\Java\jre1.8.0_231\bin\zip.dll
0x00007ffb67120000 - 0x00007ffb67807000 	C:\Windows\System32\SHELL32.dll
0x00007ffb67940000 - 0x00007ffb679e9000 	C:\Windows\System32\shcore.dll
0x00007ffb66350000 - 0x00007ffb66ad2000 	C:\Windows\System32\windows.storage.dll
0x00007ffb659f0000 - 0x00007ffb65a13000 	C:\Windows\System32\profapi.dll
0x00007ffb659a0000 - 0x00007ffb659ea000 	C:\Windows\System32\powrprof.dll
0x00007ffb65990000 - 0x00007ffb659a0000 	C:\Windows\System32\UMPDC.dll
0x00007ffb67fc0000 - 0x00007ffb68012000 	C:\Windows\System32\shlwapi.dll
0x00007ffb65a20000 - 0x00007ffb65a31000 	C:\Windows\System32\kernel.appcore.dll
0x00007ffb66280000 - 0x00007ffb66297000 	C:\Windows\System32\cryptsp.dll
0x00007ffb64680000 - 0x00007ffb646b3000 	C:\Windows\system32\rsaenh.dll
0x00007ffb662a0000 - 0x00007ffb662c6000 	C:\Windows\System32\bcrypt.dll
0x00007ffb658b0000 - 0x00007ffb658d5000 	C:\Windows\SYSTEM32\USERENV.dll
0x00007ffb64ce0000 - 0x00007ffb64cec000 	C:\Windows\SYSTEM32\CRYPTBASE.dll
0x00007ffb5e150000 - 0x00007ffb5e16a000 	C:\Program Files\Java\jre1.8.0_231\bin\net.dll
0x00007ffb64b10000 - 0x00007ffb64b77000 	C:\Windows\system32\mswsock.dll
0x00007ffb64820000 - 0x00007ffb6485a000 	C:\Windows\SYSTEM32\IPHLPAPI.DLL
0x00007ffb67930000 - 0x00007ffb67938000 	C:\Windows\System32\NSI.dll
0x00007ffb5c670000 - 0x00007ffb5c686000 	C:\Windows\SYSTEM32\dhcpcsvc6.DLL
0x00007ffb5ccd0000 - 0x00007ffb5ccec000 	C:\Windows\SYSTEM32\dhcpcsvc.DLL
0x00007ffb64860000 - 0x00007ffb6492b000 	C:\Windows\SYSTEM32\DNSAPI.dll
0x00007ffb5b770000 - 0x00007ffb5b782000 	C:\Program Files\Java\jre1.8.0_231\bin\nio.dll
0x00007ffb64190000 - 0x00007ffb6419a000 	C:\Users\Dell\AppData\Local\Temp\jansi-1.17-6729744299688958259.dll
0x00007ffb64180000 - 0x00007ffb6418a000 	C:\Users\Dell\AppData\Local\Temp\jansi-1.17-5553670465067104263.dll
0x00007ffb3fba0000 - 0x00007ffb3fbc4000 	C:\Program Files\Java\jre1.8.0_231\bin\sunec.dll
0x00007ffb64310000 - 0x00007ffb6431b000 	C:\Program Files\Java\jre1.8.0_231\bin\sunmscapi.dll
0x00007ffb65d30000 - 0x00007ffb65e79000 	C:\Windows\System32\CRYPT32.dll
0x00007ffb65a40000 - 0x00007ffb65a52000 	C:\Windows\System32\MSASN1.dll
0x00007ffb56f20000 - 0x00007ffb56f2a000 	C:\Windows\System32\rasadhlp.dll
0x00007ffb5b8f0000 - 0x00007ffb5b967000 	C:\Windows\System32\fwpuclnt.dll
0x00007ffb65450000 - 0x00007ffb65644000 	C:\Windows\SYSTEM32\dbghelp.dll

VM Arguments:
jvm_args: -Dmaven.home=EMBEDDED -Dclassworlds.conf=D:\workspace_new\.metadata\.plugins\org.eclipse.m2e.launching\launches\m2conf1355836650129921821.tmp -Dmaven.multiModuleProjectDirectory=D:\workspace_new\LivingTree_TestAutomation_chinmoy -Dfile.encoding=Cp1252 
java_command: org.codehaus.plexus.classworlds.launcher.Launcher -B test
java_class_path (initial): D:\eclipse 2018-09\eclipse\plugins\org.eclipse.m2e.maven.runtime_1.9.1.20180912-1600\jars\plexus-classworlds-2.5.2.jar
Launcher Type: SUN_STANDARD

Environment Variables:
JAVA_HOME=C:\Program Files\Java\jdk1.8.0_231
PATH=C:/Program Files/Java/jre1.8.0_231/bin/server;C:/Program Files/Java/jre1.8.0_231/bin;C:/Program Files/Java/jre1.8.0_231/lib/amd64;C:\Python27\;C:\Python27\Scripts;C:\Program Files (x86)\Common Files\Oracle\Java\javapath;C:\Windows\system32;C:\Windows;C:\Windows\System32\Wbem;C:\Windows\System32\WindowsPowerShell\v1.0\;C:\Windows\System32\OpenSSH\;C:\Program Files\Java\jdk1.8.0_231\bin;C:\apache-maven-3.6.2\bin;C:\Users\Dell\AppData\Local\Android\Sdk\tools\bin;C:\Users\Dell\AppData\Local\Android\Sdk\tools;C:\Users\Dell\AppData\Local\Android\Sdk\platform-tools;C:\Program Files\nodejs\;C:\ProgramData\chocolatey\bin;C:\Program Files\nodejs\node_modules\npm\bin;C:\Program Files\Git\cmd;C:\Program Files\PuTTY\;C:\Users\Dell\AppData\Local\Microsoft\WindowsApps;C:\Users\Dell\AppData\Roaming\npm;D:\eclipse 2018-09\eclipse;
USERNAME=Dell
OS=Windows_NT
PROCESSOR_IDENTIFIER=Intel64 Family 6 Model 142 Stepping 12, GenuineIntel



---------------  S Y S T E M  ---------------

OS: Windows 10.0 , 64 bit Build 18362 (10.0.18362.959)

CPU:total 8 (initial active 8) (4 cores per cpu, 2 threads per core) family 6 model 142 stepping 12, cmov, cx8, fxsr, mmx, sse, sse2, sse3, ssse3, sse4.1, sse4.2, popcnt, avx, avx2, aes, clmul, erms, 3dnowpref, lzcnt, ht, tsc, tscinvbit, bmi1, bmi2, adx

Memory: 4k page, physical 8259292k(3120576k free), swap 16647900k(10690184k free)

vm_info: Java HotSpot(TM) 64-Bit Server VM (25.231-b11) for windows-amd64 JRE (1.8.0_231-b11), built on Oct  5 2019 03:11:30 by "java_re" with MS VC++ 10.0 (VS2010)

time: Tue Sep 08 12:03:57 2020
timezone: India Standard Time
elapsed time: 3 seconds (0d 0h 0m 3s)

