#
# A fatal error has been detected by the Java Runtime Environment:
#
#  Internal Error (signature.cpp:54), pid=11300, tid=0x0000000000000c24
#  fatal error: expecting (
#
# JRE version: Java(TM) SE Runtime Environment (8.0_231-b11) (build 1.8.0_231-b11)
# Java VM: Java HotSpot(TM) 64-Bit Server VM (25.231-b11 mixed mode windows-amd64 compressed oops)
# Failed to write core dump. Minidumps are not enabled by default on client versions of Windows
#
# If you would like to submit a bug report, please visit:
#   http://bugreport.java.com/bugreport/crash.jsp
#

---------------  T H R E A D  ---------------

Current thread (0x000000000251e800):  JavaThread "main" [_thread_in_vm, id=3108, stack(0x00000000023d0000,0x00000000024d0000)]

Stack: [0x00000000023d0000,0x00000000024d0000]
[error occurred during error reporting (printing stack bounds), id 0xc0000005]

Native frames: (J=compiled Java code, j=interpreted, Vv=VM code, C=native code)

Java frames: (J=compiled Java code, j=interpreted, Vv=VM code)
j  java.lang.AbstractStringBuilder.subSequence(II)Ljava/lang/CharSequence;+3
j  java.lang.StringBuilder.subSequence(II)Ljava/lang/CharSequence;+3
j  java.util.regex.Matcher.getSubSequence(II)Ljava/lang/CharSequence;+6
j  java.util.regex.Matcher.group(I)Ljava/lang/String;+103
j  org.codehaus.plexus.util.xml.XmlReader.getXmlProlog(Ljava/io/BufferedInputStream;Ljava/lang/String;)Ljava/lang/String;+269
j  org.codehaus.plexus.util.xml.XmlReader.doRawStream(Ljava/io/InputStream;Z)V+27
j  org.codehaus.plexus.util.xml.XmlReader.<init>(Ljava/io/InputStream;Z)V+14
j  org.codehaus.plexus.util.xml.XmlReader.<init>(Ljava/io/InputStream;)V+3
j  org.codehaus.plexus.util.xml.XmlStreamReader.<init>(Ljava/io/InputStream;)V+2
j  org.codehaus.plexus.util.ReaderFactory.newXmlReader(Ljava/io/InputStream;)Lorg/codehaus/plexus/util/xml/XmlStreamReader;+5
j  org.apache.maven.project.ExtensionDescriptorBuilder.build(Ljava/io/InputStream;)Lorg/apache/maven/project/ExtensionDescriptor;+9
j  org.apache.maven.extension.internal.CoreExtensionEntry.discoverFrom(Lorg/codehaus/plexus/classworlds/realm/ClassRealm;)Lorg/apache/maven/extension/internal/CoreExtensionEntry;+58
j  org.apache.maven.cli.MavenCli.container(Lorg/apache/maven/cli/CliRequest;)Lorg/codehaus/plexus/PlexusContainer;+68
j  org.apache.maven.cli.MavenCli.doMain(Lorg/apache/maven/cli/CliRequest;)I+29
j  org.apache.maven.cli.MavenCli.main([Ljava/lang/String;Lorg/codehaus/plexus/classworlds/ClassWorld;)I+24
v  ~StubRoutines::call_stub
j  sun.reflect.NativeMethodAccessorImpl.invoke0(Ljava/lang/reflect/Method;Ljava/lang/Object;[Ljava/lang/Object;)Ljava/lang/Object;+0
j  sun.reflect.NativeMethodAccessorImpl.invoke(Ljava/lang/Object;[Ljava/lang/Object;)Ljava/lang/Object;+100
j  sun.reflect.DelegatingMethodAccessorImpl.invoke(Ljava/lang/Object;[Ljava/lang/Object;)Ljava/lang/Object;+6
j  java.lang.reflect.Method.invoke(Ljava/lang/Object;[Ljava/lang/Object;)Ljava/lang/Object;+56
j  org.codehaus.plexus.classworlds.launcher.Launcher.launchEnhanced([Ljava/lang/String;)V+45
j  org.codehaus.plexus.classworlds.launcher.Launcher.launch([Ljava/lang/String;)V+2
j  org.codehaus.plexus.classworlds.launcher.Launcher.mainWithExitCode([Ljava/lang/String;)I+101
j  org.codehaus.plexus.classworlds.launcher.Launcher.main([Ljava/lang/String;)V+1
v  ~StubRoutines::call_stub

---------------  P R O C E S S  ---------------

Java Threads: ( => current thread )
  0x0000000019418800 JavaThread "Service Thread" daemon [_thread_blocked, id=3904, stack(0x000000001a050000,0x000000001a150000)]
  0x0000000019384000 JavaThread "C1 CompilerThread3" daemon [_thread_blocked, id=4900, stack(0x0000000019f50000,0x000000001a050000)]
  0x000000001937f800 JavaThread "C2 CompilerThread2" daemon [_thread_blocked, id=1384, stack(0x0000000019e50000,0x0000000019f50000)]
  0x000000001937c800 JavaThread "C2 CompilerThread1" daemon [_thread_blocked, id=7480, stack(0x0000000019d50000,0x0000000019e50000)]
  0x000000001937a800 JavaThread "C2 CompilerThread0" daemon [_thread_blocked, id=13176, stack(0x0000000019c50000,0x0000000019d50000)]
  0x0000000019378000 JavaThread "Attach Listener" daemon [_thread_blocked, id=13172, stack(0x0000000019b50000,0x0000000019c50000)]
  0x0000000019377000 JavaThread "Signal Dispatcher" daemon [_thread_blocked, id=13168, stack(0x0000000019a50000,0x0000000019b50000)]
  0x0000000019371800 JavaThread "Finalizer" daemon [_thread_blocked, id=1308, stack(0x0000000019850000,0x0000000019950000)]
  0x0000000019370800 JavaThread "Reference Handler" daemon [_thread_blocked, id=13152, stack(0x0000000019750000,0x0000000019850000)]
=>0x000000000251e800 JavaThread "main" [_thread_in_vm, id=3108, stack(0x00000000023d0000,0x00000000024d0000)]

Other Threads:
  0x0000000017589800 VMThread [stack: 0x0000000019250000,0x0000000019350000] [id=13140]
  0x0000000019434000 WatcherThread [stack: 0x000000001a150000,0x000000001a250000] [id=3968]

VM state:not at safepoint (normal execution)

VM Mutex/Monitor currently owned by a thread: None

heap address: 0x0000000081e00000, size: 2018 MB, Compressed Oops mode: 32-bit
Narrow klass base: 0x0000000000000000, Narrow klass shift: 3
Compressed class space size: 1073741824 Address: 0x0000000100000000

Heap:
 PSYoungGen      total 38400K, used 6684K [0x00000000d5f80000, 0x00000000d8a00000, 0x0000000100000000)
  eden space 33280K, 20% used [0x00000000d5f80000,0x00000000d6607348,0x00000000d8000000)
  from space 5120K, 0% used [0x00000000d8500000,0x00000000d8500000,0x00000000d8a00000)
  to   space 5120K, 0% used [0x00000000d8000000,0x00000000d8000000,0x00000000d8500000)
 ParOldGen       total 87552K, used 0K [0x0000000081e00000, 0x0000000087380000, 0x00000000d5f80000)
  object space 87552K, 0% used [0x0000000081e00000,0x0000000081e00000,0x0000000087380000)
 Metaspace       used 5023K, capacity 5484K, committed 5760K, reserved 1056768K
  class space    used 544K, capacity 600K, committed 640K, reserved 1048576K

Card table byte_map: [0x00000000119e0000,0x0000000011de0000] byte_map_base: 0x00000000115d1000

Marking Bits: (ParMarkBitMap*) 0x0000000066006d90
 Begin Bits: [0x0000000012890000, 0x0000000014818000)
 End Bits:   [0x0000000014818000, 0x00000000167a0000)

Polling page: 0x0000000000730000

CodeCache: size=245760Kb used=1783Kb max_used=1795Kb free=243976Kb
 bounds [0x0000000002620000, 0x0000000002890000, 0x0000000011620000]
 total_blobs=547 nmethods=269 adapters=191
 compilation: enabled

Compilation events (10 events):
Event: 3.169 Thread 0x0000000019384000 nmethod 262 0x00000000027cc4d0 code [0x00000000027cc620, 0x00000000027cc770]
Event: 3.169 Thread 0x0000000019384000  260       3       sun.net.www.protocol.file.Handler::parseURL (18 bytes)
Event: 3.169 Thread 0x0000000019384000 nmethod 260 0x00000000027cbfd0 code [0x00000000027cc140, 0x00000000027cc3b8]
Event: 3.169 Thread 0x000000001937a800  266       4       java.util.concurrent.ConcurrentHashMap::tabAt (21 bytes)
Event: 3.169 Thread 0x0000000019384000  267       3       sun.misc.Launcher$AppClassLoader::loadClass (85 bytes)
Event: 3.169 Thread 0x000000001937a800 nmethod 266 0x00000000027dd850 code [0x00000000027dd980, 0x00000000027dd9d8]
Event: 3.169 Thread 0x0000000019384000 nmethod 267 0x00000000027df2d0 code [0x00000000027df500, 0x00000000027e0228]
Event: 3.169 Thread 0x0000000019384000  268  s    3       sun.misc.URLClassPath::knownToNotExist (24 bytes)
Event: 3.170 Thread 0x0000000019384000 nmethod 268 0x00000000027cb9d0 code [0x00000000027cbb40, 0x00000000027cbf08]
Event: 3.170 Thread 0x000000001937f800  269       4       java.util.Arrays::copyOfRange (63 bytes)

GC Heap History (0 events):
No events

Deoptimization events (0 events):
No events

Classes redefined (0 events):
No events

Internal exceptions (6 events):
Event: 0.030 Thread 0x000000000251e800 Exception <a 'java/lang/NoSuchMethodError': Method sun.misc.Unsafe.defineClass(Ljava/lang/String;[BII)Ljava/lang/Class; name or signature does not match> (0x00000000d5f87cb8) thrown at [C:\re\workspace\8-2-build-windows-amd64-cygwin\jdk8u231\13620\hotspot
Event: 0.030 Thread 0x000000000251e800 Exception <a 'java/lang/NoSuchMethodError': Method sun.misc.Unsafe.prefetchRead(Ljava/lang/Object;J)V name or signature does not match> (0x00000000d5f87fa0) thrown at [C:\re\workspace\8-2-build-windows-amd64-cygwin\jdk8u231\13620\hotspot\src\share\vm\prim
Event: 2.981 Thread 0x000000000251e800 Exception <a 'java/security/PrivilegedActionException'> (0x00000000d63951c8) thrown at [C:\re\workspace\8-2-build-windows-amd64-cygwin\jdk8u231\13620\hotspot\src\share\vm\prims\jvm.cpp, line 1502]
Event: 2.981 Thread 0x000000000251e800 Exception <a 'java/security/PrivilegedActionException'> (0x00000000d63953d8) thrown at [C:\re\workspace\8-2-build-windows-amd64-cygwin\jdk8u231\13620\hotspot\src\share\vm\prims\jvm.cpp, line 1502]
Event: 2.981 Thread 0x000000000251e800 Exception <a 'java/security/PrivilegedActionException'> (0x00000000d63994d0) thrown at [C:\re\workspace\8-2-build-windows-amd64-cygwin\jdk8u231\13620\hotspot\src\share\vm\prims\jvm.cpp, line 1502]
Event: 2.981 Thread 0x000000000251e800 Exception <a 'java/security/PrivilegedActionException'> (0x00000000d63996e0) thrown at [C:\re\workspace\8-2-build-windows-amd64-cygwin\jdk8u231\13620\hotspot\src\share\vm\prims\jvm.cpp, line 1502]

Events (10 events):
Event: 3.170 loading class java/util/regex/Pattern$Branch
Event: 3.170 loading class java/util/regex/Pattern$Branch done
Event: 3.170 loading class java/text/MessageFormat
Event: 3.170 loading class java/text/MessageFormat done
Event: 3.171 loading class java/util/regex/Matcher
Event: 3.171 loading class java/util/regex/MatchResult
Event: 3.171 loading class java/util/regex/MatchResult done
Event: 3.171 loading class java/util/regex/Matcher done
Event: 3.171 loading class java/util/regex/ASCII
Event: 3.171 loading class java/util/regex/ASCII done


Dynamic libraries:
0x00007ff660260000 - 0x00007ff660297000 	C:\Program Files\Java\jdk1.8.0_231\bin\java.exe
0x00007ffbe3e00000 - 0x00007ffbe3ff0000 	C:\Windows\SYSTEM32\ntdll.dll
0x00007ffbe2e40000 - 0x00007ffbe2ef2000 	C:\Windows\System32\KERNEL32.DLL
0x00007ffbe0d80000 - 0x00007ffbe1024000 	C:\Windows\System32\KERNELBASE.dll
0x00007ffbe1eb0000 - 0x00007ffbe1f53000 	C:\Windows\System32\ADVAPI32.dll
0x00007ffbe21b0000 - 0x00007ffbe224e000 	C:\Windows\System32\msvcrt.dll
0x00007ffbe30f0000 - 0x00007ffbe3187000 	C:\Windows\System32\sechost.dll
0x00007ffbe2f00000 - 0x00007ffbe3020000 	C:\Windows\System32\RPCRT4.dll
0x00007ffbe2010000 - 0x00007ffbe21a4000 	C:\Windows\System32\USER32.dll
0x00007ffbe11d0000 - 0x00007ffbe11f1000 	C:\Windows\System32\win32u.dll
0x00007ffbe2250000 - 0x00007ffbe2276000 	C:\Windows\System32\GDI32.dll
0x00007ffbe1200000 - 0x00007ffbe1396000 	C:\Windows\System32\gdi32full.dll
0x00007ffbe15d0000 - 0x00007ffbe166e000 	C:\Windows\System32\msvcp_win.dll
0x00007ffbe10d0000 - 0x00007ffbe11ca000 	C:\Windows\System32\ucrtbase.dll
0x00007ffbe01c0000 - 0x00007ffbe0444000 	C:\Windows\WinSxS\amd64_microsoft.windows.common-controls_6595b64144ccf1df_6.0.18362.959_none_e6c7bbbf130c62bb\COMCTL32.dll
0x00007ffbe2280000 - 0x00007ffbe25b5000 	C:\Windows\System32\combase.dll
0x00007ffbe1030000 - 0x00007ffbe10b0000 	C:\Windows\System32\bcryptPrimitives.dll
0x00007ffbe2a60000 - 0x00007ffbe2a8e000 	C:\Windows\System32\IMM32.DLL
0x0000000066090000 - 0x0000000066162000 	C:\Program Files\Java\jdk1.8.0_231\jre\bin\msvcr100.dll
0x00000000657e0000 - 0x0000000066086000 	C:\Program Files\Java\jdk1.8.0_231\jre\bin\server\jvm.dll
0x00007ffbe2ac0000 - 0x00007ffbe2ac8000 	C:\Windows\System32\PSAPI.DLL
0x00007ffbdef40000 - 0x00007ffbdef4a000 	C:\Windows\SYSTEM32\VERSION.dll
0x00007ffbdc6a0000 - 0x00007ffbdc6c4000 	C:\Windows\SYSTEM32\WINMM.dll
0x00007ffbdf260000 - 0x00007ffbdf269000 	C:\Windows\SYSTEM32\WSOCK32.dll
0x00007ffbe3080000 - 0x00007ffbe30ef000 	C:\Windows\System32\WS2_32.dll
0x00007ffbdc670000 - 0x00007ffbdc69d000 	C:\Windows\SYSTEM32\WINMMBASE.dll
0x00007ffbe13a0000 - 0x00007ffbe13ea000 	C:\Windows\System32\cfgmgr32.dll
0x00007ffbd35d0000 - 0x00007ffbd35df000 	C:\Program Files\Java\jdk1.8.0_231\jre\bin\verify.dll
0x00007ffbce630000 - 0x00007ffbce659000 	C:\Program Files\Java\jdk1.8.0_231\jre\bin\java.dll
0x00007ffbd2a50000 - 0x00007ffbd2a66000 	C:\Program Files\Java\jdk1.8.0_231\jre\bin\zip.dll
0x00007ffbe3200000 - 0x00007ffbe38e6000 	C:\Windows\System32\SHELL32.dll
0x00007ffbe1f60000 - 0x00007ffbe2009000 	C:\Windows\System32\shcore.dll
0x00007ffbe1670000 - 0x00007ffbe1df2000 	C:\Windows\System32\windows.storage.dll
0x00007ffbe0d30000 - 0x00007ffbe0d53000 	C:\Windows\System32\profapi.dll
0x00007ffbe0cc0000 - 0x00007ffbe0d0a000 	C:\Windows\System32\powrprof.dll
0x00007ffbe0cb0000 - 0x00007ffbe0cc0000 	C:\Windows\System32\UMPDC.dll
0x00007ffbe3020000 - 0x00007ffbe3072000 	C:\Windows\System32\shlwapi.dll
0x00007ffbe0d10000 - 0x00007ffbe0d21000 	C:\Windows\System32\kernel.appcore.dll
0x00007ffbe10b0000 - 0x00007ffbe10c7000 	C:\Windows\System32\cryptsp.dll
0x00007ffbd2b40000 - 0x00007ffbd2b4a000 	C:\apache-maven-3.6.2\lib\jansi-native\windows64\jansi.dll

VM Arguments:
jvm_args: -Dclassworlds.conf=C:\apache-maven-3.6.2\bin\..\bin\m2.conf -Dmaven.home=C:\apache-maven-3.6.2\bin\.. -Dlibrary.jansi.path=C:\apache-maven-3.6.2\bin\..\lib\jansi-native -Dmaven.multiModuleProjectDirectory=C:\LivingTree Workspace\LivingTreeQAAutomation\LivingTree_TestAutomation 
java_command: org.codehaus.plexus.classworlds.launcher.Launcher test
java_class_path (initial): C:\apache-maven-3.6.2\bin\..\boot\plexus-classworlds-2.6.0.jar
Launcher Type: SUN_STANDARD

Environment Variables:
JAVA_HOME=C:\Program Files\Java\jdk1.8.0_231
PATH=C:\Python27\;C:\Python27\Scripts;C:\Program Files (x86)\Common Files\Oracle\Java\javapath;C:\Windows\system32;C:\Windows;C:\Windows\System32\Wbem;C:\Windows\System32\WindowsPowerShell\v1.0\;C:\Windows\System32\OpenSSH\;C:\Program Files\Java\jdk1.8.0_231\bin;C:\apache-maven-3.6.2\bin;C:\Users\Dell\AppData\Local\Android\Sdk\tools\bin;C:\Users\Dell\AppData\Local\Android\Sdk\tools;C:\Users\Dell\AppData\Local\Android\Sdk\platform-tools;C:\Program Files\nodejs\;C:\ProgramData\chocolatey\bin;C:\Program Files\nodejs\node_modules\npm\bin;C:\Program Files\Git\cmd;C:\Program Files\PuTTY\;C:\Users\Dell\AppData\Local\Microsoft\WindowsApps;C:\Users\Dell\AppData\Roaming\npm
USERNAME=Dell
OS=Windows_NT
PROCESSOR_IDENTIFIER=Intel64 Family 6 Model 142 Stepping 12, GenuineIntel



---------------  S Y S T E M  ---------------

OS: Windows 10.0 , 64 bit Build 18362 (10.0.18362.959)

CPU:total 8 (initial active 8) (4 cores per cpu, 2 threads per core) family 6 model 142 stepping 12, cmov, cx8, fxsr, mmx, sse, sse2, sse3, ssse3, sse4.1, sse4.2, popcnt, avx, avx2, aes, clmul, erms, 3dnowpref, lzcnt, ht, tsc, tscinvbit, bmi1, bmi2, adx

Memory: 4k page, physical 8259292k(2676236k free), swap 10618588k(3861364k free)

vm_info: Java HotSpot(TM) 64-Bit Server VM (25.231-b11) for windows-amd64 JRE (1.8.0_231-b11), built on Oct  5 2019 03:11:30 by "java_re" with MS VC++ 10.0 (VS2010)

time: Mon Aug 03 11:49:18 2020
timezone: India Standard Time
elapsed time: 3 seconds (0d 0h 0m 3s)

