#
# A fatal error has been detected by the Java Runtime Environment:
#
#  EXCEPTION_ACCESS_VIOLATION (0xc0000005) at pc=0x00000000533c9fef, pid=10696, tid=0x0000000000002cd4
#
# JRE version: Java(TM) SE Runtime Environment (8.0_231-b11) (build 1.8.0_231-b11)
# Java VM: Java HotSpot(TM) 64-Bit Server VM (25.231-b11 mixed mode windows-amd64 compressed oops)
# Problematic frame:
# V  [jvm.dll+0x109fef]
#
# Failed to write core dump. Minidumps are not enabled by default on client versions of Windows
#
# If you would like to submit a bug report, please visit:
#   http://bugreport.java.com/bugreport/crash.jsp
#

---------------  T H R E A D  ---------------

Current thread (0x000000000270b000):  JavaThread "main" [_thread_in_vm, id=11476, stack(0x00000000025f0000,0x00000000026f0000)]

siginfo: ExceptionCode=0xc0000005, reading address 0xffffffffffffffff

Registers:
RAX=0x0000000000000020, RBX=0x0000000016ebdf08, RCX=0x0020000016ebfeb0, RDX=0x0000000002758e50
RSP=0x00000000026ec528, RBP=0x0000000002758e01, RSI=0x000000000279e400, RDI=0x0000000016ebdf00
R8 =0x0000000000000020, R9 =0x0000000000000040, R10=0x0000000000000000, R11=0x0000000002758e50
R12=0x000000000279e470, R13=0x0000000002758e50, R14=0x00000000026ec830, R15=0x0000000002758e50
RIP=0x00000000533c9fef, EFLAGS=0x0000000000010202

Top of Stack: (sp=0x00000000026ec528)
0x00000000026ec528:   00000000533ca080 0000000016ebdf08
0x00000000026ec538:   00000000534c4abe 00007baeba97a0fa
0x00000000026ec548:   00000000532f58c5 000000000279e470
0x00000000026ec558:   0000000000000000 0000000016ebdf08
0x00000000026ec568:   00000000533d0daf 0000000100027ca8
0x00000000026ec578:   0000000002758e50 000000000279e470
0x00000000026ec588:   00000000026ec770 0000000000000000
0x00000000026ec598:   0000000000000000 0000000002758e50
0x00000000026ec5a8:   000000005337e92e 0000000000000000
0x00000000026ec5b8:   0000000002758e50 000000000279e470
0x00000000026ec5c8:   00000000026ec830 00000000026ec830
0x00000000026ec5d8:   000000005337f502 0000000000000000
0x00000000026ec5e8:   0000000100027ca8 0000000000000015
0x00000000026ec5f8:   000000000270b000 0000000016e08501
0x00000000026ec608:   000000000270b000 000000000270b000
0x00000000026ec618:   00000000534c4b2b 00000000026ec6a0 

Instructions: (pc=0x00000000533c9fef)
0x00000000533c9fcf:   ff c9 48 8b d9 78 4c 66 66 0f 1f 84 00 00 00 00
0x00000000533c9fdf:   00 47 8d 04 11 41 d1 f8 49 63 c0 48 8b 4c c3 08
0x00000000533c9fef:   48 8b 41 08 0f b7 48 22 48 8b 40 08 48 8b 54 c8
0x00000000533c9fff:   50 49 3b d3 72 14 33 c0 49 3b d3 0f 95 c0 85 c0 


Register to memory mapping:

RAX=0x0000000000000020 is an unknown value
RBX=0x0000000016ebdf08 is pointing into metadata
RCX=0x0020000016ebfeb0 is an unknown value
RDX=0x0000000002758e50 is an unknown value
RSP=0x00000000026ec528 is pointing into the stack for thread: 0x000000000270b000
RBP=0x0000000002758e01 is an unknown value
RSI=0x000000000279e400 is an unknown value
RDI=0x0000000016ebdf00 is pointing into metadata
R8 =0x0000000000000020 is an unknown value
R9 =0x0000000000000040 is an unknown value
R10=0x0000000000000000 is an unknown value
R11=0x0000000002758e50 is an unknown value
R12=0x000000000279e470 is an unknown value
R13=0x0000000002758e50 is an unknown value
R14=0x00000000026ec830 is pointing into the stack for thread: 0x000000000270b000
R15=0x0000000002758e50 is an unknown value


Stack: [0x00000000025f0000,0x00000000026f0000],  sp=0x00000000026ec528,  free space=1009k
Native frames: (J=compiled Java code, j=interpreted, Vv=VM code, C=native code)
V  [jvm.dll+0x109fef]
V  [jvm.dll+0x10a080]
V  [jvm.dll+0x110daf]
V  [jvm.dll+0xbe92e]
V  [jvm.dll+0xbf502]
V  [jvm.dll+0xc1427]
V  [jvm.dll+0xb2007]
V  [jvm.dll+0x22f58c]
V  [jvm.dll+0x230c4a]
V  [jvm.dll+0x2318e6]
V  [jvm.dll+0x232488]
C  0x000000000284621e

Java frames: (J=compiled Java code, j=interpreted, Vv=VM code)
v  ~RuntimeStub::resolve_opt_virtual_call
J 257 C1 sun.net.www.ParseUtil.decode(Ljava/lang/String;)Ljava/lang/String; (316 bytes) @ 0x000000000299cd84 [0x000000000299c6e0+0x6a4]
j  sun.net.www.protocol.file.Handler.openConnection(Ljava/net/URL;Ljava/net/Proxy;)Ljava/net/URLConnection;+14
j  sun.net.www.protocol.file.Handler.openConnection(Ljava/net/URL;)Ljava/net/URLConnection;+3
j  java.net.URL.openConnection()Ljava/net/URLConnection;+5
j  sun.net.www.protocol.jar.JarURLConnection.<init>(Ljava/net/URL;Lsun/net/www/protocol/jar/Handler;)V+18
j  sun.net.www.protocol.jar.Handler.openConnection(Ljava/net/URL;)Ljava/net/URLConnection;+6
j  java.net.URL.openConnection()Ljava/net/URLConnection;+5
j  java.net.URL.openStream()Ljava/io/InputStream;+1
j  java.util.ServiceLoader.parse(Ljava/lang/Class;Ljava/net/URL;)Ljava/util/Iterator;+15
j  java.util.ServiceLoader.access$200(Ljava/util/ServiceLoader;Ljava/lang/Class;Ljava/net/URL;)Ljava/util/Iterator;+3
j  java.util.ServiceLoader$LazyIterator.hasNextService()Z+140
j  java.util.ServiceLoader$LazyIterator.hasNext()Z+11
j  java.util.ServiceLoader$1.hasNext()Z+21
j  org.testng.xml.Parser.<clinit>()V+28
v  ~StubRoutines::call_stub
j  org.testng.TestNG.parseSuite(Ljava/lang/String;)V+44
j  org.testng.TestNG.initializeSuitesAndJarFile()V+61
j  org.testng.TestNG.initializeEverything()V+9
j  org.testng.remote.support.RemoteTestNG6_12.initialize()V+1
j  org.testng.remote.AbstractRemoteTestNG.run()V+27
j  org.testng.remote.RemoteTestNG.initAndRun(Lorg/testng/remote/IRemoteTestNG;[Ljava/lang/String;Lorg/testng/CommandLineArgs;Lorg/testng/remote/RemoteArgs;)V+184
j  org.testng.remote.RemoteTestNG.main([Ljava/lang/String;)V+201
v  ~StubRoutines::call_stub

---------------  P R O C E S S  ---------------

Java Threads: ( => current thread )
  0x000000001b05f800 JavaThread "ReaderThread" [_thread_in_native, id=5708, stack(0x000000001c060000,0x000000001c160000)]
  0x000000001972f800 JavaThread "Service Thread" daemon [_thread_blocked, id=8260, stack(0x000000001a250000,0x000000001a350000)]
  0x0000000019696800 JavaThread "C1 CompilerThread3" daemon [_thread_blocked, id=9280, stack(0x000000001a150000,0x000000001a250000)]
  0x000000001968f800 JavaThread "C2 CompilerThread2" daemon [_thread_in_vm, id=2708, stack(0x000000001a050000,0x000000001a150000)]
  0x000000001968b000 JavaThread "C2 CompilerThread1" daemon [_thread_in_vm, id=10192, stack(0x0000000019f50000,0x000000001a050000)]
  0x0000000019685000 JavaThread "C2 CompilerThread0" daemon [_thread_in_vm, id=2056, stack(0x0000000019e50000,0x0000000019f50000)]
  0x0000000019682800 JavaThread "Attach Listener" daemon [_thread_blocked, id=7852, stack(0x0000000019d50000,0x0000000019e50000)]
  0x0000000019681000 JavaThread "Signal Dispatcher" daemon [_thread_blocked, id=7564, stack(0x0000000019c50000,0x0000000019d50000)]
  0x0000000017777800 JavaThread "Finalizer" daemon [_thread_blocked, id=508, stack(0x0000000019a50000,0x0000000019b50000)]
  0x0000000017770800 JavaThread "Reference Handler" daemon [_thread_blocked, id=12972, stack(0x0000000019550000,0x0000000019650000)]
=>0x000000000270b000 JavaThread "main" [_thread_in_vm, id=11476, stack(0x00000000025f0000,0x00000000026f0000)]

Other Threads:
  0x0000000017767800 VMThread [stack: 0x0000000019450000,0x0000000019550000] [id=6080]
  0x000000001979a800 WatcherThread [stack: 0x000000001a350000,0x000000001a450000] [id=4748]

VM state:not at safepoint (normal execution)

VM Mutex/Monitor currently owned by a thread: None

heap address: 0x0000000081e00000, size: 2018 MB, Compressed Oops mode: 32-bit
Narrow klass base: 0x0000000000000000, Narrow klass shift: 3
Compressed class space size: 1073741824 Address: 0x0000000100000000

Heap:
 PSYoungGen      total 38400K, used 17571K [0x00000000d5f80000, 0x00000000d8a00000, 0x0000000100000000)
  eden space 33280K, 52% used [0x00000000d5f80000,0x00000000d70a8ca0,0x00000000d8000000)
  from space 5120K, 0% used [0x00000000d8500000,0x00000000d8500000,0x00000000d8a00000)
  to   space 5120K, 0% used [0x00000000d8000000,0x00000000d8000000,0x00000000d8500000)
 ParOldGen       total 87552K, used 0K [0x0000000081e00000, 0x0000000087380000, 0x00000000d5f80000)
  object space 87552K, 0% used [0x0000000081e00000,0x0000000081e00000,0x0000000087380000)
 Metaspace       used 6000K, capacity 6080K, committed 6144K, reserved 1056768K
  class space    used 714K, capacity 754K, committed 768K, reserved 1048576K

Card table byte_map: [0x0000000011bc0000,0x0000000011fc0000] byte_map_base: 0x00000000117b1000

Marking Bits: (ParMarkBitMap*) 0x0000000053ae6d90
 Begin Bits: [0x0000000012a70000, 0x00000000149f8000)
 End Bits:   [0x00000000149f8000, 0x0000000016980000)

Polling page: 0x0000000000dc0000

CodeCache: size=245760Kb used=2386Kb max_used=2409Kb free=243373Kb
 bounds [0x0000000002800000, 0x0000000002a70000, 0x0000000011800000]
 total_blobs=737 nmethods=456 adapters=194
 compilation: enabled

Compilation events (10 events):
Event: 0.432 Thread 0x000000001968f800 nmethod 351 0x0000000002a45c10 code [0x0000000002a45fa0, 0x0000000002a4c880]
Event: 0.432 Thread 0x000000001968f800  429   !   4       sun.misc.URLClassPath$JarLoader::getResource (85 bytes)
Event: 0.439 Thread 0x000000001968b000 nmethod 420 0x0000000002a50910 code [0x0000000002a50c60, 0x0000000002a54218]
Event: 0.439 Thread 0x000000001968b000  439       4       java.util.zip.ZipFile::ensureOpen (37 bytes)
Event: 0.439 Thread 0x000000001968b000 nmethod 439 0x0000000002a42d10 code [0x0000000002a42e40, 0x0000000002a42ed8]
Event: 0.439 Thread 0x000000001968b000  440       4       java.util.zip.ZipCoder::getBytes (192 bytes)
Event: 0.442 Thread 0x0000000019685000 nmethod 421 0x0000000002a57550 code [0x0000000002a578a0, 0x0000000002a5ae98]
Event: 0.442 Thread 0x0000000019685000  441   !   4       sun.misc.URLClassPath$JarLoader::ensureOpen (36 bytes)
Event: 0.443 Thread 0x0000000019685000 nmethod 441 0x0000000002a44350 code [0x0000000002a444c0, 0x0000000002a445e8]
Event: 0.443 Thread 0x0000000019685000  444       4       java.util.jar.JarFile::getEntry (22 bytes)

GC Heap History (0 events):
No events

Deoptimization events (3 events):
Event: 0.144 Thread 0x000000000270b000 Uncommon trap: reason=unstable_if action=reinterpret pc=0x0000000002903b60 method=java.lang.String.hashCode()I @ 14
Event: 0.196 Thread 0x000000000270b000 Uncommon trap: reason=unstable_if action=reinterpret pc=0x0000000002944f14 method=java.lang.String.indexOf([CII[CIII)I @ 134
Event: 0.230 Thread 0x000000000270b000 Uncommon trap: reason=unstable_if action=reinterpret pc=0x0000000002936fe8 method=java.lang.String.startsWith(Ljava/lang/String;I)Z @ 25

Classes redefined (0 events):
No events

Internal exceptions (10 events):
Event: 0.247 Thread 0x000000000270b000 Exception <a 'java/security/PrivilegedActionException'> (0x00000000d64e69f0) thrown at [C:\re\workspace\8-2-build-windows-amd64-cygwin\jdk8u231\13620\hotspot\src\share\vm\prims\jvm.cpp, line 1502]
Event: 0.247 Thread 0x000000000270b000 Exception <a 'java/security/PrivilegedActionException'> (0x00000000d64e6c00) thrown at [C:\re\workspace\8-2-build-windows-amd64-cygwin\jdk8u231\13620\hotspot\src\share\vm\prims\jvm.cpp, line 1502]
Event: 0.250 Thread 0x000000000270b000 Exception <a 'java/security/PrivilegedActionException'> (0x00000000d65087c8) thrown at [C:\re\workspace\8-2-build-windows-amd64-cygwin\jdk8u231\13620\hotspot\src\share\vm\prims\jvm.cpp, line 1502]
Event: 0.250 Thread 0x000000000270b000 Exception <a 'java/security/PrivilegedActionException'> (0x00000000d65089d8) thrown at [C:\re\workspace\8-2-build-windows-amd64-cygwin\jdk8u231\13620\hotspot\src\share\vm\prims\jvm.cpp, line 1502]
Event: 0.250 Thread 0x000000000270b000 Exception <a 'java/security/PrivilegedActionException'> (0x00000000d6509ae0) thrown at [C:\re\workspace\8-2-build-windows-amd64-cygwin\jdk8u231\13620\hotspot\src\share\vm\prims\jvm.cpp, line 1502]
Event: 0.250 Thread 0x000000000270b000 Exception <a 'java/security/PrivilegedActionException'> (0x00000000d6509cf0) thrown at [C:\re\workspace\8-2-build-windows-amd64-cygwin\jdk8u231\13620\hotspot\src\share\vm\prims\jvm.cpp, line 1502]
Event: 0.250 Thread 0x000000000270b000 Exception <a 'java/security/PrivilegedActionException'> (0x00000000d650ae70) thrown at [C:\re\workspace\8-2-build-windows-amd64-cygwin\jdk8u231\13620\hotspot\src\share\vm\prims\jvm.cpp, line 1502]
Event: 0.250 Thread 0x000000000270b000 Exception <a 'java/security/PrivilegedActionException'> (0x00000000d650b080) thrown at [C:\re\workspace\8-2-build-windows-amd64-cygwin\jdk8u231\13620\hotspot\src\share\vm\prims\jvm.cpp, line 1502]
Event: 0.250 Thread 0x000000000270b000 Exception <a 'java/security/PrivilegedActionException'> (0x00000000d650c188) thrown at [C:\re\workspace\8-2-build-windows-amd64-cygwin\jdk8u231\13620\hotspot\src\share\vm\prims\jvm.cpp, line 1502]
Event: 0.250 Thread 0x000000000270b000 Exception <a 'java/security/PrivilegedActionException'> (0x00000000d650c398) thrown at [C:\re\workspace\8-2-build-windows-amd64-cygwin\jdk8u231\13620\hotspot\src\share\vm\prims\jvm.cpp, line 1502]

Events (10 events):
Event: 0.414 loading class java/util/MissingResourceException
Event: 0.414 loading class java/util/MissingResourceException done
Event: 0.414 loading class org/apache/xerces/parsers/AbstractSAXParser$AttributesProxy
Event: 0.415 loading class org/apache/xerces/parsers/AbstractSAXParser$AttributesProxy done
Event: 0.415 loading class org/xml/sax/ext/Attributes2
Event: 0.415 loading class org/xml/sax/ext/Attributes2 done
Event: 0.415 loading class org/apache/xerces/jaxp/DefaultValidationErrorHandler
Event: 0.415 loading class org/apache/xerces/jaxp/DefaultValidationErrorHandler done
Event: 0.416 loading class org/apache/xerces/util/ErrorHandlerWrapper
Event: 0.416 loading class org/apache/xerces/util/ErrorHandlerWrapper done


Dynamic libraries:
0x00007ff7bc390000 - 0x00007ff7bc3c7000 	C:\Program Files\Java\jre1.8.0_231\bin\javaw.exe
0x00007ffd0b4a0000 - 0x00007ffd0b690000 	C:\Windows\SYSTEM32\ntdll.dll
0x00007ffd0b3a0000 - 0x00007ffd0b452000 	C:\Windows\System32\KERNEL32.DLL
0x00007ffd09210000 - 0x00007ffd094b4000 	C:\Windows\System32\KERNELBASE.dll
0x00007ffd0af90000 - 0x00007ffd0b033000 	C:\Windows\System32\ADVAPI32.dll
0x00007ffd0b0f0000 - 0x00007ffd0b18e000 	C:\Windows\System32\msvcrt.dll
0x00007ffd09980000 - 0x00007ffd09a17000 	C:\Windows\System32\sechost.dll
0x00007ffd096b0000 - 0x00007ffd097d0000 	C:\Windows\System32\RPCRT4.dll
0x00007ffd0b1f0000 - 0x00007ffd0b385000 	C:\Windows\System32\USER32.dll
0x00007ffd08c50000 - 0x00007ffd08c71000 	C:\Windows\System32\win32u.dll
0x00007ffd0aaf0000 - 0x00007ffd0ab16000 	C:\Windows\System32\GDI32.dll
0x00007ffd08fd0000 - 0x00007ffd09166000 	C:\Windows\System32\gdi32full.dll
0x00007ffd08bb0000 - 0x00007ffd08c4e000 	C:\Windows\System32\msvcp_win.dll
0x00007ffd08dd0000 - 0x00007ffd08eca000 	C:\Windows\System32\ucrtbase.dll
0x00007ffd07720000 - 0x00007ffd079a4000 	C:\Windows\WinSxS\amd64_microsoft.windows.common-controls_6595b64144ccf1df_6.0.18362.1016_none_9e7a36bbe461dae4\COMCTL32.dll
0x00007ffd0a530000 - 0x00007ffd0a865000 	C:\Windows\System32\combase.dll
0x00007ffd09190000 - 0x00007ffd09210000 	C:\Windows\System32\bcryptPrimitives.dll
0x00007ffd09bd0000 - 0x00007ffd09bfe000 	C:\Windows\System32\IMM32.DLL
0x0000000053100000 - 0x00000000531d2000 	C:\Program Files\Java\jre1.8.0_231\bin\msvcr100.dll
0x00000000532c0000 - 0x0000000053b66000 	C:\Program Files\Java\jre1.8.0_231\bin\server\jvm.dll
0x00007ffd09d20000 - 0x00007ffd09d28000 	C:\Windows\System32\PSAPI.DLL
0x00007ffd03d50000 - 0x00007ffd03d59000 	C:\Windows\SYSTEM32\WSOCK32.dll
0x00007ffd04960000 - 0x00007ffd04984000 	C:\Windows\SYSTEM32\WINMM.dll
0x00007ffd065d0000 - 0x00007ffd065da000 	C:\Windows\SYSTEM32\VERSION.dll
0x00007ffd0a940000 - 0x00007ffd0a9af000 	C:\Windows\System32\WS2_32.dll
0x00007ffd04930000 - 0x00007ffd0495d000 	C:\Windows\SYSTEM32\winmmbase.dll
0x00007ffd08ed0000 - 0x00007ffd08f1a000 	C:\Windows\System32\cfgmgr32.dll
0x00007ffd03d40000 - 0x00007ffd03d4f000 	C:\Program Files\Java\jre1.8.0_231\bin\verify.dll
0x00007ffcf8e60000 - 0x00007ffcf8e89000 	C:\Program Files\Java\jre1.8.0_231\bin\java.dll
0x00007ffcf8d10000 - 0x00007ffcf8d26000 	C:\Program Files\Java\jre1.8.0_231\bin\zip.dll
0x00007ffd09db0000 - 0x00007ffd0a497000 	C:\Windows\System32\SHELL32.dll
0x00007ffd0b040000 - 0x00007ffd0b0e9000 	C:\Windows\System32\shcore.dll
0x00007ffd08420000 - 0x00007ffd08ba2000 	C:\Windows\System32\windows.storage.dll
0x00007ffd083d0000 - 0x00007ffd083f3000 	C:\Windows\System32\profapi.dll
0x00007ffd08380000 - 0x00007ffd083ca000 	C:\Windows\System32\powrprof.dll
0x00007ffd08350000 - 0x00007ffd08360000 	C:\Windows\System32\UMPDC.dll
0x00007ffd0a4d0000 - 0x00007ffd0a522000 	C:\Windows\System32\shlwapi.dll
0x00007ffd08360000 - 0x00007ffd08371000 	C:\Windows\System32\kernel.appcore.dll
0x00007ffd09170000 - 0x00007ffd09187000 	C:\Windows\System32\cryptsp.dll
0x00007ffcf8cf0000 - 0x00007ffcf8d0a000 	C:\Program Files\Java\jre1.8.0_231\bin\net.dll
0x00007ffd07550000 - 0x00007ffd075b7000 	C:\Windows\system32\mswsock.dll
0x00007ffd07290000 - 0x00007ffd0735b000 	C:\Windows\SYSTEM32\DNSAPI.dll
0x00007ffd0b390000 - 0x00007ffd0b398000 	C:\Windows\System32\NSI.dll
0x00007ffd07240000 - 0x00007ffd0727a000 	C:\Windows\SYSTEM32\IPHLPAPI.DLL
0x00007ffcfaa10000 - 0x00007ffcfaa1a000 	C:\Windows\System32\rasadhlp.dll
0x00007ffcfafb0000 - 0x00007ffcfb027000 	C:\Windows\System32\fwpuclnt.dll
0x00007ffd094c0000 - 0x00007ffd094e6000 	C:\Windows\System32\bcrypt.dll
0x00007ffd07e70000 - 0x00007ffd08064000 	C:\Windows\SYSTEM32\dbghelp.dll

VM Arguments:
jvm_args: -ea -Dfile.encoding=Cp1252 
java_command: org.testng.remote.RemoteTestNG -serport 52382 -protocol json -d D:\workspace_new\LivingTree_TestAutomation_chinmoy\test-output C:\Users\Dell\AppData\Local\Temp\testng-eclipse-386357254\testng-customsuite.xml
java_class_path (initial): D:\eclipse 2018-09\eclipse\configuration\org.eclipse.osgi\999\0\.cp\lib\testng-remote.jar;D:\workspace_new\LivingTree_TestAutomation_chinmoy\target\test-classes;D:\workspace_new\LivingTree_TestAutomation_chinmoy\target\classes;D:\eclipse 2018-09\eclipse\plugins\org.testng_6.14.3.r201802240500.jar;D:\eclipse 2018-09\eclipse\plugins\com.beust.jcommander_1.72.0.jar;D:\eclipse 2018-09\eclipse\plugins\org.apache-extras.beanshell.bsh_2.0.0.b6.jar;D:\eclipse 2018-09\eclipse\plugins\org.yaml.snakeyaml_1.17.0.jar;C:\Program Files\Java\jdk1.8.0_231\lib\tools.jar;C:\Users\Dell\.m2\repository\org\jenkins-ci\plugins\zephyr-for-jira-test-management\1.4\zephyr-for-jira-test-management-1.4.jar;C:\Users\Dell\.m2\repository\org\jenkins-ci\plugins\junit\1.5\junit-1.5.jar;C:\Users\Dell\.m2\repository\org\apache\commons\commons-lang3\3.0\commons-lang3-3.0.jar;C:\Users\Dell\.m2\repository\com\fasterxml\jackson\core\jackson-databind\2.7.2\jackson-databind-2.7.2.jar;C:\Users\Dell\.m2\repository\org\slf4j\slf4j-api\1.7.19\slf4j-api-1.7.19.jar;C:\Users\Dell\.m2\repository\net\rcarz\jira-client\0.5\jira-client-0.5.jar;C:\Users\Dell\.m2\repository\net\sf\json-lib\json-lib\2.4\json-lib-2.4-jdk15.jar;C:\Users\Dell\.m2\repository\junit\junit\4.8.2\junit-4.8.2.jar;C:\Users\Dell\.m2\repository\org\mockito\mockito-all\1.9.0\mockito-all-1.9.0.jar;C:\Users\Dell\.m2\repository\commons-httpclient\commons-httpclient\3.1\commons-httpclient-3.1.jar;C:\Users\Dell\.m2\repository\com\auth0\java-jwt\3.8.3\java-jwt-3.8.3.jar;C:\Users\Dell\.m2\repository\com\github\bogdanlivadariu\integrations\zapi\0.0.5\zapi-0.0.5.jar;C:\Users\Dell\.m2\repository\com\google\code\gson\gson\2.7\gson-2.7.jar;C:\Users\Dell\.m2\repository\org\apache\logging\log4j\log4j-core\2.3\log4j-core-2.3.jar;C:\Users\Dell\.m2\repository\org\apache\logging\log4j\log4j-api\2.3\log4j-api-2.3.jar;C:\Users\Dell\.m2\repository\org\apache\pdfbox\pdfbox\2.0.17\pdfbox-2.0.17.jar;C:\Users\Dell\.m2\repository\org\apache\pdfbox
Launcher Type: SUN_STANDARD

Environment Variables:
JAVA_HOME=C:\Program Files\Java\jdk1.8.0_231
PATH=C:/Program Files/Java/jre1.8.0_231/bin/server;C:/Program Files/Java/jre1.8.0_231/bin;C:/Program Files/Java/jre1.8.0_231/lib/amd64;C:\Python27\;C:\Python27\Scripts;C:\Program Files (x86)\Common Files\Oracle\Java\javapath;C:\Windows\system32;C:\Windows;C:\Windows\System32\Wbem;C:\Windows\System32\WindowsPowerShell\v1.0\;C:\Windows\System32\OpenSSH\;C:\Program Files\Java\jdk1.8.0_231\bin;C:\apache-maven-3.6.2\bin;C:\Users\Dell\AppData\Local\Android\Sdk\tools\bin;C:\Users\Dell\AppData\Local\Android\Sdk\tools;C:\Users\Dell\AppData\Local\Android\Sdk\platform-tools;C:\Program Files\nodejs\;C:\ProgramData\chocolatey\bin;C:\Program Files\nodejs\node_modules\npm\bin;C:\Program Files\Git\cmd;C:\Program Files\PuTTY\;C:\Users\Dell\AppData\Local\Microsoft\WindowsApps;C:\Users\Dell\AppData\Roaming\npm;D:\eclipse 2018-09\eclipse;
USERNAME=Dell
OS=Windows_NT
PROCESSOR_IDENTIFIER=Intel64 Family 6 Model 142 Stepping 12, GenuineIntel



---------------  S Y S T E M  ---------------

OS: Windows 10.0 , 64 bit Build 18362 (10.0.18362.959)

CPU:total 8 (initial active 8) (4 cores per cpu, 2 threads per core) family 6 model 142 stepping 12, cmov, cx8, fxsr, mmx, sse, sse2, sse3, ssse3, sse4.1, sse4.2, popcnt, avx, avx2, aes, clmul, erms, 3dnowpref, lzcnt, ht, tsc, tscinvbit, bmi1, bmi2, adx

Memory: 4k page, physical 8259292k(2646372k free), swap 16647900k(9580924k free)

vm_info: Java HotSpot(TM) 64-Bit Server VM (25.231-b11) for windows-amd64 JRE (1.8.0_231-b11), built on Oct  5 2019 03:11:30 by "java_re" with MS VC++ 10.0 (VS2010)

time: Wed Aug 26 19:34:54 2020
timezone: India Standard Time
elapsed time: 0 seconds (0d 0h 0m 0s)

