#
# A fatal error has been detected by the Java Runtime Environment:
#
#  EXCEPTION_ACCESS_VIOLATION (0xc0000005) at pc=0x0000000065ab5741, pid=12836, tid=0x0000000000001560
#
# JRE version: Java(TM) SE Runtime Environment (8.0_231-b11) (build 1.8.0_231-b11)
# Java VM: Java HotSpot(TM) 64-Bit Server VM (25.231-b11 mixed mode windows-amd64 compressed oops)
# Problematic frame:
# V  [jvm.dll+0x115741]
#
# Failed to write core dump. Minidumps are not enabled by default on client versions of Windows
#
# If you would like to submit a bug report, please visit:
#   http://bugreport.java.com/bugreport/crash.jsp
#

---------------  T H R E A D  ---------------

Current thread (0x0000000002caa000):  GCTaskThread [stack: 0x0000000012cf0000,0x0000000012df0000] [id=5472]

siginfo: ExceptionCode=0xc0000005, reading address 0x00000000dafea320

Registers:
RAX=0x0000000000000003, RBX=0x0000000082400b04, RCX=0x0000000000000000, RDX=0x0000000002d7d340
RSP=0x0000000012def940, RBP=0x0000000002d7d340, RSI=0x0000000100070130, RDI=0x0000000082400afc
R8 =0x00000000dafea320, R9 =0x0000000000000005, R10=0x0000000000000008, R11=0x0000000000000000
R12=0x0000000100070130, R13=0x0000000082400af0, R14=0x0000000000000001, R15=0x0000000002caa4b0
RIP=0x0000000065ab5741, EFLAGS=0x0000000000010202

Top of Stack: (sp=0x0000000012def940)
0x0000000012def940:   0000000082400ae9 0000000065da4915
0x0000000012def950:   0000000002c9bfd0 0000000000000004
0x0000000012def960:   0000000000000021 0000000065ffdb28
0x0000000012def970:   0000000082400af0 0000000065da5141
0x0000000012def980:   00000000da7ea338 0000000000000003
0x0000000012def990:   0000000002d7d340 0000000002d7d340
0x0000000012def9a0:   00000000da44fe08 0000000065da560b
0x0000000012def9b0:   00000000823ff6a8 0000000000000400
0x0000000012def9c0:   0000000000000000 0000000002ca8201
0x0000000012def9d0:   0000000065ffdb28 0000000065da5230
0x0000000012def9e0:   0000000082400ae8 0000000000000000
0x0000000012def9f0:   0000000002d7d340 000000001b8df7e0
0x0000000012defa00:   0000000082400ae8 0000000065da5c05
0x0000000012defa10:   00000000da7afde8 0000000000000000
0x0000000012defa20:   0000000002d7d340 0000000065da5141
0x0000000012defa30:   00000000da6b1c50 0000000000000006 

Instructions: (pc=0x0000000065ab5741)
0x0000000065ab5721:   8b 43 fc 48 83 eb 04 4c 3b 05 79 17 71 00 72 7f
0x0000000065ab5731:   8b 0d 21 51 69 00 49 d3 e0 4c 03 05 0f 51 69 00
0x0000000065ab5741:   49 8b 00 24 03 3c 03 75 56 4d 8b 00 80 3d bc a9
0x0000000065ab5751:   69 00 00 74 0f 41 0f b6 c0 24 07 3c 05 75 05 45 


Register to memory mapping:

RAX=0x0000000000000003 is an unknown value
RBX=0x0000000082400b04 is pointing into object: 0x0000000082400af0
java.util.LinkedList$Node 
 - klass: 'java/util/LinkedList$Node'
RCX=0x0000000000000000 is an unknown value
RDX=0x0000000002d7d340 is an unknown value
RSP=0x0000000012def940 is an unknown value
RBP=0x0000000002d7d340 is an unknown value
RSI=0x0000000100070130 is pointing into metadata
RDI=0x0000000082400afc is pointing into object: 0x0000000082400af0
java.util.LinkedList$Node 
 - klass: 'java/util/LinkedList$Node'
R8 =0x00000000dafea320 is an unallocated location in the heap
R9 =0x0000000000000005 is an unknown value
R10=0x0000000000000008 is an unknown value
R11=0x0000000000000000 is an unknown value
R12=0x0000000100070130 is pointing into metadata
R13=0x0000000082400af0 is an oop
java.util.LinkedList$Node 
 - klass: 'java/util/LinkedList$Node'
R14=0x0000000000000001 is an unknown value
R15=0x0000000002caa4b0 is an unknown value


Stack: [0x0000000012cf0000,0x0000000012df0000],  sp=0x0000000012def940,  free space=1022k
Native frames: (J=compiled Java code, j=interpreted, Vv=VM code, C=native code)
V  [jvm.dll+0x115741]
V  [jvm.dll+0x405141]
V  [jvm.dll+0x405230]
V  [jvm.dll+0x405c05]
V  [jvm.dll+0x4087cb]
V  [jvm.dll+0x3f706e]
V  [jvm.dll+0x29fd8a]
C  [msvcr100.dll+0x21d9f]
C  [msvcr100.dll+0x21e3b]
C  [KERNEL32.DLL+0x17bd4]
C  [ntdll.dll+0x6ce51]


---------------  P R O C E S S  ---------------

Java Threads: ( => current thread )
  0x000000001d3fc000 JavaThread "Keep-Alive-Timer" daemon [_thread_blocked, id=9684, stack(0x000000001f690000,0x000000001f790000)]
  0x000000001cfb2000 JavaThread "Exec Stream Pumper" daemon [_thread_in_native, id=9664, stack(0x000000001f390000,0x000000001f490000)]
  0x000000001d207000 JavaThread "Exec Stream Pumper" daemon [_thread_in_native, id=1560, stack(0x000000001f290000,0x000000001f390000)]
  0x000000001d3eb000 JavaThread "UrlChecker-2" daemon [_thread_blocked, id=4440, stack(0x000000001f190000,0x000000001f290000)]
  0x000000001d4ab800 JavaThread "Exec Default Executor" daemon [_thread_in_native, id=12996, stack(0x000000001d890000,0x000000001d990000)]
  0x000000001b0f5000 JavaThread "ReaderThread" [_thread_in_native, id=6924, stack(0x000000001c5c0000,0x000000001c6c0000)]
  0x0000000019b89000 JavaThread "Service Thread" daemon [_thread_blocked, id=12344, stack(0x000000001a7b0000,0x000000001a8b0000)]
  0x0000000019af4000 JavaThread "C1 CompilerThread3" daemon [_thread_blocked, id=5808, stack(0x000000001a6b0000,0x000000001a7b0000)]
  0x0000000019af8000 JavaThread "C2 CompilerThread2" daemon [_thread_blocked, id=8896, stack(0x000000001a5b0000,0x000000001a6b0000)]
  0x0000000019aeb000 JavaThread "C2 CompilerThread1" daemon [_thread_blocked, id=3356, stack(0x000000001a4b0000,0x000000001a5b0000)]
  0x0000000019ae6800 JavaThread "C2 CompilerThread0" daemon [_thread_blocked, id=4168, stack(0x000000001a3b0000,0x000000001a4b0000)]
  0x0000000019ae4000 JavaThread "Attach Listener" daemon [_thread_blocked, id=4048, stack(0x000000001a2b0000,0x000000001a3b0000)]
  0x0000000019ae3800 JavaThread "Signal Dispatcher" daemon [_thread_blocked, id=4392, stack(0x000000001a1b0000,0x000000001a2b0000)]
  0x0000000019ad0800 JavaThread "Finalizer" daemon [_thread_blocked, id=8268, stack(0x0000000019fb0000,0x000000001a0b0000)]
  0x0000000017cf0000 JavaThread "Reference Handler" daemon [_thread_blocked, id=6972, stack(0x0000000019eb0000,0x0000000019fb0000)]
  0x0000000002c8b000 JavaThread "Forwarding newSession on session null to remote" [_thread_blocked, id=4856, stack(0x0000000002b80000,0x0000000002c80000)]

Other Threads:
  0x0000000017ce6800 VMThread [stack: 0x00000000199b0000,0x0000000019ab0000] [id=12304]
  0x0000000019ba4800 WatcherThread [stack: 0x000000001a8b0000,0x000000001a9b0000] [id=11656]

=>0x0000000002caa000 (exited) GCTaskThread [stack: 0x0000000012cf0000,0x0000000012df0000] [id=5472]

VM state:at safepoint (normal execution)

VM Mutex/Monitor currently owned by a thread:  ([mutex/lock_event])
[0x0000000002c88960] Threads_lock - owner thread: 0x0000000017ce6800
[0x0000000002c88160] Heap_lock - owner thread: 0x0000000002c8b000

heap address: 0x0000000081e00000, size: 2018 MB, Compressed Oops mode: 32-bit
Narrow klass base: 0x0000000000000000, Narrow klass shift: 3
Compressed class space size: 1073741824 Address: 0x0000000100000000

Heap:
 PSYoungGen      total 71680K, used 61301K [0x00000000d5f80000, 0x00000000daa80000, 0x0000000100000000)
  eden space 66560K, 84% used [0x00000000d5f80000,0x00000000d965ffe0,0x00000000da080000)
  from space 5120K, 99% used [0x00000000da580000,0x00000000daa7d540,0x00000000daa80000)
  to   space 5120K, 99% used [0x00000000da080000,0x00000000da579540,0x00000000da580000)
 ParOldGen       total 87552K, used 9393K [0x0000000081e00000, 0x0000000087380000, 0x00000000d5f80000)
  object space 87552K, 10% used [0x0000000081e00000,0x000000008272c798,0x0000000087380000)
 Metaspace       used 20934K, capacity 21164K, committed 21296K, reserved 1069056K
  class space    used 2534K, capacity 2656K, committed 2688K, reserved 1048576K

Card table byte_map: [0x0000000012140000,0x0000000012540000] byte_map_base: 0x0000000011d31000

Marking Bits: (ParMarkBitMap*) 0x00000000661c6d90
 Begin Bits: [0x0000000012ff0000, 0x0000000014f78000)
 End Bits:   [0x0000000014f78000, 0x0000000016f00000)

Polling page: 0x0000000001250000

CodeCache: size=245760Kb used=9875Kb max_used=9883Kb free=235884Kb
 bounds [0x0000000002d80000, 0x0000000003730000, 0x0000000011d80000]
 total_blobs=3108 nmethods=2676 adapters=344
 compilation: enabled

Compilation events (10 events):
Event: 2.141 Thread 0x0000000019af4000 2674   !   3       java.net.URI$Parser::parseIPv4Address (62 bytes)
Event: 2.141 Thread 0x0000000019af4000 nmethod 2674 0x0000000003724a10 code [0x0000000003724be0, 0x0000000003725368]
Event: 2.141 Thread 0x0000000019af4000 2675       3       java.net.URI$Parser::scanIPv4Address (233 bytes)
Event: 2.141 Thread 0x0000000019af4000 nmethod 2675 0x0000000003725790 code [0x0000000003725a00, 0x0000000003726928]
Event: 2.142 Thread 0x0000000019af4000 2676       3       java.net.URI::access$3100 (4 bytes)
Event: 2.142 Thread 0x0000000019af4000 nmethod 2676 0x0000000003716b10 code [0x0000000003716c60, 0x0000000003716d90]
Event: 2.142 Thread 0x0000000019af4000 2677       3       java.net.URI::access$3200 (4 bytes)
Event: 2.142 Thread 0x0000000019af4000 nmethod 2677 0x0000000003716750 code [0x00000000037168a0, 0x00000000037169d0]
Event: 2.154 Thread 0x0000000019af8000 nmethod 2669 0x00000000037292d0 code [0x0000000003729620, 0x000000000372ad40]
Event: 2.649 Thread 0x0000000019aeb000 2679  s!   4       sun.misc.URLClassPath::getLoader (243 bytes)

GC Heap History (9 events):
Event: 0.761 GC heap before
{Heap before GC invocations=1 (full 0):
 PSYoungGen      total 38400K, used 33280K [0x00000000d5f80000, 0x00000000d8a00000, 0x0000000100000000)
  eden space 33280K, 100% used [0x00000000d5f80000,0x00000000d8000000,0x00000000d8000000)
  from space 5120K, 0% used [0x00000000d8500000,0x00000000d8500000,0x00000000d8a00000)
  to   space 5120K, 0% used [0x00000000d8000000,0x00000000d8000000,0x00000000d8500000)
 ParOldGen       total 87552K, used 0K [0x0000000081e00000, 0x0000000087380000, 0x00000000d5f80000)
  object space 87552K, 0% used [0x0000000081e00000,0x0000000081e00000,0x0000000087380000)
 Metaspace       used 9140K, capacity 9168K, committed 9344K, reserved 1056768K
  class space    used 1054K, capacity 1074K, committed 1152K, reserved 1048576K
Event: 0.764 GC heap after
Heap after GC invocations=1 (full 0):
 PSYoungGen      total 38400K, used 5109K [0x00000000d5f80000, 0x00000000d8a00000, 0x0000000100000000)
  eden space 33280K, 0% used [0x00000000d5f80000,0x00000000d5f80000,0x00000000d8000000)
  from space 5120K, 99% used [0x00000000d8000000,0x00000000d84fd700,0x00000000d8500000)
  to   space 5120K, 0% used [0x00000000d8500000,0x00000000d8500000,0x00000000d8a00000)
 ParOldGen       total 87552K, used 400K [0x0000000081e00000, 0x0000000087380000, 0x00000000d5f80000)
  object space 87552K, 0% used [0x0000000081e00000,0x0000000081e642a8,0x0000000087380000)
 Metaspace       used 9140K, capacity 9168K, committed 9344K, reserved 1056768K
  class space    used 1054K, capacity 1074K, committed 1152K, reserved 1048576K
}
Event: 1.039 GC heap before
{Heap before GC invocations=2 (full 0):
 PSYoungGen      total 38400K, used 38389K [0x00000000d5f80000, 0x00000000d8a00000, 0x0000000100000000)
  eden space 33280K, 100% used [0x00000000d5f80000,0x00000000d8000000,0x00000000d8000000)
  from space 5120K, 99% used [0x00000000d8000000,0x00000000d84fd700,0x00000000d8500000)
  to   space 5120K, 0% used [0x00000000d8500000,0x00000000d8500000,0x00000000d8a00000)
 ParOldGen       total 87552K, used 400K [0x0000000081e00000, 0x0000000087380000, 0x00000000d5f80000)
  object space 87552K, 0% used [0x0000000081e00000,0x0000000081e642a8,0x0000000087380000)
 Metaspace       used 11652K, capacity 11772K, committed 11904K, reserved 1060864K
  class space    used 1326K, capacity 1364K, committed 1408K, reserved 1048576K
Event: 1.042 GC heap after
Heap after GC invocations=2 (full 0):
 PSYoungGen      total 38400K, used 5026K [0x00000000d5f80000, 0x00000000d8a00000, 0x0000000100000000)
  eden space 33280K, 0% used [0x00000000d5f80000,0x00000000d5f80000,0x00000000d8000000)
  from space 5120K, 98% used [0x00000000d8500000,0x00000000d89e8878,0x00000000d8a00000)
  to   space 5120K, 0% used [0x00000000d8000000,0x00000000d8000000,0x00000000d8500000)
 ParOldGen       total 87552K, used 408K [0x0000000081e00000, 0x0000000087380000, 0x00000000d5f80000)
  object space 87552K, 0% used [0x0000000081e00000,0x0000000081e662a8,0x0000000087380000)
 Metaspace       used 11652K, capacity 11772K, committed 11904K, reserved 1060864K
  class space    used 1326K, capacity 1364K, committed 1408K, reserved 1048576K
}
Event: 1.245 GC heap before
{Heap before GC invocations=3 (full 0):
 PSYoungGen      total 38400K, used 38306K [0x00000000d5f80000, 0x00000000d8a00000, 0x0000000100000000)
  eden space 33280K, 100% used [0x00000000d5f80000,0x00000000d8000000,0x00000000d8000000)
  from space 5120K, 98% used [0x00000000d8500000,0x00000000d89e8878,0x00000000d8a00000)
  to   space 5120K, 0% used [0x00000000d8000000,0x00000000d8000000,0x00000000d8500000)
 ParOldGen       total 87552K, used 408K [0x0000000081e00000, 0x0000000087380000, 0x00000000d5f80000)
  object space 87552K, 0% used [0x0000000081e00000,0x0000000081e662a8,0x0000000087380000)
 Metaspace       used 13941K, capacity 14044K, committed 14208K, reserved 1062912K
  class space    used 1625K, capacity 1652K, committed 1664K, reserved 1048576K
Event: 1.251 GC heap after
Heap after GC invocations=3 (full 0):
 PSYoungGen      total 38400K, used 5109K [0x00000000d5f80000, 0x00000000daa80000, 0x0000000100000000)
  eden space 33280K, 0% used [0x00000000d5f80000,0x00000000d5f80000,0x00000000d8000000)
  from space 5120K, 99% used [0x00000000d8000000,0x00000000d84fd510,0x00000000d8500000)
  to   space 5120K, 0% used [0x00000000da580000,0x00000000da580000,0x00000000daa80000)
 ParOldGen       total 87552K, used 2681K [0x0000000081e00000, 0x0000000087380000, 0x00000000d5f80000)
  object space 87552K, 3% used [0x0000000081e00000,0x000000008209e578,0x0000000087380000)
 Metaspace       used 13941K, capacity 14044K, committed 14208K, reserved 1062912K
  class space    used 1625K, capacity 1652K, committed 1664K, reserved 1048576K
}
Event: 1.512 GC heap before
{Heap before GC invocations=4 (full 0):
 PSYoungGen      total 38400K, used 38389K [0x00000000d5f80000, 0x00000000daa80000, 0x0000000100000000)
  eden space 33280K, 100% used [0x00000000d5f80000,0x00000000d8000000,0x00000000d8000000)
  from space 5120K, 99% used [0x00000000d8000000,0x00000000d84fd510,0x00000000d8500000)
  to   space 5120K, 0% used [0x00000000da580000,0x00000000da580000,0x00000000daa80000)
 ParOldGen       total 87552K, used 2681K [0x0000000081e00000, 0x0000000087380000, 0x00000000d5f80000)
  object space 87552K, 3% used [0x0000000081e00000,0x000000008209e578,0x0000000087380000)
 Metaspace       used 15614K, capacity 15740K, committed 16000K, reserved 1062912K
  class space    used 1825K, capacity 1860K, committed 1920K, reserved 1048576K
Event: 1.517 GC heap after
Heap after GC invocations=4 (full 0):
 PSYoungGen      total 71680K, used 5109K [0x00000000d5f80000, 0x00000000daa80000, 0x0000000100000000)
  eden space 66560K, 0% used [0x00000000d5f80000,0x00000000d5f80000,0x00000000da080000)
  from space 5120K, 99% used [0x00000000da580000,0x00000000daa7d540,0x00000000daa80000)
  to   space 5120K, 0% used [0x00000000da080000,0x00000000da080000,0x00000000da580000)
 ParOldGen       total 87552K, used 5373K [0x0000000081e00000, 0x0000000087380000, 0x00000000d5f80000)
  object space 87552K, 6% used [0x0000000081e00000,0x000000008233f698,0x0000000087380000)
 Metaspace       used 15614K, capacity 15740K, committed 16000K, reserved 1062912K
  class space    used 1825K, capacity 1860K, committed 1920K, reserved 1048576K
}
Event: 2.653 GC heap before
{Heap before GC invocations=5 (full 0):
 PSYoungGen      total 71680K, used 61301K [0x00000000d5f80000, 0x00000000daa80000, 0x0000000100000000)
  eden space 66560K, 84% used [0x00000000d5f80000,0x00000000d965ffe0,0x00000000da080000)
  from space 5120K, 99% used [0x00000000da580000,0x00000000daa7d540,0x00000000daa80000)
  to   space 5120K, 0% used [0x00000000da080000,0x00000000da080000,0x00000000da580000)
 ParOldGen       total 87552K, used 5373K [0x0000000081e00000, 0x0000000087380000, 0x00000000d5f80000)
  object space 87552K, 6% used [0x0000000081e00000,0x000000008233f698,0x0000000087380000)
 Metaspace       used 20934K, capacity 21164K, committed 21296K, reserved 1069056K
  class space    used 2534K, capacity 2656K, committed 2688K, reserved 1048576K

Deoptimization events (10 events):
Event: 2.088 Thread 0x0000000002c8b000 Uncommon trap: reason=class_check action=maybe_recompile pc=0x0000000003408328 method=java.util.regex.Pattern$CharProperty.match(Ljava/util/regex/Matcher;ILjava/lang/CharSequence;)Z @ 37
Event: 2.108 Thread 0x0000000002c8b000 Uncommon trap: reason=class_check action=maybe_recompile pc=0x00000000036f1f5c method=java.util.regex.Matcher.search(I)Z @ 86
Event: 2.129 Thread 0x0000000002c8b000 Uncommon trap: reason=range_check action=make_not_entrant pc=0x000000000370ff24 method=java.lang.String.charAt(I)C @ 27
Event: 2.130 Thread 0x0000000002c8b000 Uncommon trap: reason=unstable_if action=reinterpret pc=0x0000000002f24214 method=java.lang.String.replace(CC)Ljava/lang/String; @ 2
Event: 2.132 Thread 0x0000000002c8b000 Uncommon trap: reason=bimorphic action=maybe_recompile pc=0x000000000329c394 method=java.net.URL.<init>(Ljava/net/URL;Ljava/lang/String;Ljava/net/URLStreamHandler;)V @ 504
Event: 2.138 Thread 0x000000001d3eb000 Uncommon trap: reason=bimorphic action=maybe_recompile pc=0x00000000036122f8 method=java.util.regex.Pattern$Curly.match0(Ljava/util/regex/Matcher;IILjava/lang/CharSequence;)Z @ 170
Event: 2.138 Thread 0x000000001d3eb000 Uncommon trap: reason=bimorphic action=maybe_recompile pc=0x00000000036122f8 method=java.util.regex.Pattern$Curly.match0(Ljava/util/regex/Matcher;IILjava/lang/CharSequence;)Z @ 170
Event: 2.138 Thread 0x000000001d3eb000 Uncommon trap: reason=bimorphic action=maybe_recompile pc=0x00000000036122f8 method=java.util.regex.Pattern$Curly.match0(Ljava/util/regex/Matcher;IILjava/lang/CharSequence;)Z @ 170
Event: 2.138 Thread 0x000000001d3eb000 Uncommon trap: reason=bimorphic action=maybe_recompile pc=0x00000000036122f8 method=java.util.regex.Pattern$Curly.match0(Ljava/util/regex/Matcher;IILjava/lang/CharSequence;)Z @ 170
Event: 2.139 Thread 0x000000001d3eb000 Uncommon trap: reason=unstable_if action=reinterpret pc=0x000000000352d14c method=java.lang.ThreadLocal.get()Ljava/lang/Object; @ 11

Classes redefined (0 events):
No events

Internal exceptions (10 events):
Event: 1.164 Thread 0x0000000002c8b000 Exception <a 'java/security/PrivilegedActionException'> (0x00000000d76bd930) thrown at [C:\re\workspace\8-2-build-windows-amd64-cygwin\jdk8u231\13620\hotspot\src\share\vm\prims\jvm.cpp, line 1502]
Event: 1.164 Thread 0x0000000002c8b000 Exception <a 'java/security/PrivilegedActionException'> (0x00000000d76bdf10) thrown at [C:\re\workspace\8-2-build-windows-amd64-cygwin\jdk8u231\13620\hotspot\src\share\vm\prims\jvm.cpp, line 1502]
Event: 1.164 Thread 0x0000000002c8b000 Exception <a 'java/security/PrivilegedActionException'> (0x00000000d76d4f68) thrown at [C:\re\workspace\8-2-build-windows-amd64-cygwin\jdk8u231\13620\hotspot\src\share\vm\prims\jvm.cpp, line 1502]
Event: 1.164 Thread 0x0000000002c8b000 Exception <a 'java/security/PrivilegedActionException'> (0x00000000d76d5548) thrown at [C:\re\workspace\8-2-build-windows-amd64-cygwin\jdk8u231\13620\hotspot\src\share\vm\prims\jvm.cpp, line 1502]
Event: 1.164 Thread 0x0000000002c8b000 Exception <a 'java/security/PrivilegedActionException'> (0x00000000d76ec800) thrown at [C:\re\workspace\8-2-build-windows-amd64-cygwin\jdk8u231\13620\hotspot\src\share\vm\prims\jvm.cpp, line 1502]
Event: 1.164 Thread 0x0000000002c8b000 Exception <a 'java/security/PrivilegedActionException'> (0x00000000d76ecde0) thrown at [C:\re\workspace\8-2-build-windows-amd64-cygwin\jdk8u231\13620\hotspot\src\share\vm\prims\jvm.cpp, line 1502]
Event: 1.948 Thread 0x0000000002c8b000 Exception <a 'java/lang/NoSuchFieldError': method resolution failed> (0x00000000d7de2db8) thrown at [C:\re\workspace\8-2-build-windows-amd64-cygwin\jdk8u231\13620\hotspot\src\share\vm\prims\methodHandles.cpp, line 1167]
Event: 1.948 Thread 0x0000000002c8b000 Exception <a 'java/lang/NoSuchFieldError': method resolution failed> (0x00000000d7df0a40) thrown at [C:\re\workspace\8-2-build-windows-amd64-cygwin\jdk8u231\13620\hotspot\src\share\vm\prims\methodHandles.cpp, line 1167]
Event: 2.139 Thread 0x000000001d3eb000 Implicit null exception at 0x000000000352d0a8 to 0x000000000352d139
Event: 2.628 Thread 0x000000001d3eb000 Exception <a 'java/net/SocketTimeoutException': connect timed out> (0x00000000d9479168) thrown at [C:\re\workspace\8-2-build-windows-amd64-cygwin\jdk8u231\13620\hotspot\src\share\vm\prims\jni.cpp, line 736]

Events (10 events):
Event: 2.649 loading class org/openqa/selenium/remote/ProtocolHandshake done
Event: 2.650 loading class com/google/gson/JsonParseException
Event: 2.650 loading class com/google/gson/JsonParseException done
Event: 2.651 loading class com/google/gson/JsonElement
Event: 2.651 loading class com/google/gson/JsonElement done
Event: 2.652 loading class com/google/gson/JsonObject
Event: 2.652 loading class com/google/gson/JsonObject done
Event: 2.652 loading class com/google/gson/JsonArray
Event: 2.652 loading class com/google/gson/JsonArray done
Event: 2.653 Executing VM operation: CollectForMetadataAllocation


Dynamic libraries:
0x00007ff738390000 - 0x00007ff7383c7000 	C:\Program Files\Java\jdk1.8.0_231\bin\javaw.exe
0x00007ffdb5940000 - 0x00007ffdb5b30000 	C:\Windows\SYSTEM32\ntdll.dll
0x00007ffdb3a30000 - 0x00007ffdb3ae2000 	C:\Windows\System32\KERNEL32.DLL
0x00007ffdb28c0000 - 0x00007ffdb2b64000 	C:\Windows\System32\KERNELBASE.dll
0x00007ffdb55a0000 - 0x00007ffdb5643000 	C:\Windows\System32\ADVAPI32.dll
0x00007ffdb3af0000 - 0x00007ffdb3b8e000 	C:\Windows\System32\msvcrt.dll
0x00007ffdb4810000 - 0x00007ffdb48a7000 	C:\Windows\System32\sechost.dll
0x00007ffdb44f0000 - 0x00007ffdb4610000 	C:\Windows\System32\RPCRT4.dll
0x00007ffdb5760000 - 0x00007ffdb58f4000 	C:\Windows\System32\USER32.dll
0x00007ffdb3570000 - 0x00007ffdb3591000 	C:\Windows\System32\win32u.dll
0x00007ffdb3a00000 - 0x00007ffdb3a26000 	C:\Windows\System32\GDI32.dll
0x00007ffdb3740000 - 0x00007ffdb38d6000 	C:\Windows\System32\gdi32full.dll
0x00007ffdb34d0000 - 0x00007ffdb356e000 	C:\Windows\System32\msvcp_win.dll
0x00007ffdb3300000 - 0x00007ffdb33fa000 	C:\Windows\System32\ucrtbase.dll
0x00007ffdb1610000 - 0x00007ffdb1894000 	C:\Windows\WinSxS\amd64_microsoft.windows.common-controls_6595b64144ccf1df_6.0.18362.959_none_e6c7bbbf130c62bb\COMCTL32.dll
0x00007ffdb5090000 - 0x00007ffdb53c5000 	C:\Windows\System32\combase.dll
0x00007ffdb3400000 - 0x00007ffdb3480000 	C:\Windows\System32\bcryptPrimitives.dll
0x00007ffdb4610000 - 0x00007ffdb463e000 	C:\Windows\System32\IMM32.DLL
0x0000000066250000 - 0x0000000066322000 	C:\Program Files\Java\jdk1.8.0_231\jre\bin\msvcr100.dll
0x00000000659a0000 - 0x0000000066246000 	C:\Program Files\Java\jdk1.8.0_231\jre\bin\server\jvm.dll
0x00007ffdb39f0000 - 0x00007ffdb39f8000 	C:\Windows\System32\PSAPI.DLL
0x00007ffdb0a80000 - 0x00007ffdb0a8a000 	C:\Windows\SYSTEM32\VERSION.dll
0x00007ffdae5f0000 - 0x00007ffdae614000 	C:\Windows\SYSTEM32\WINMM.dll
0x00007ffdb1030000 - 0x00007ffdb1039000 	C:\Windows\SYSTEM32\WSOCK32.dll
0x00007ffdb3c60000 - 0x00007ffdb3ccf000 	C:\Windows\System32\WS2_32.dll
0x00007ffdae5c0000 - 0x00007ffdae5ed000 	C:\Windows\SYSTEM32\winmmbase.dll
0x00007ffdb35a0000 - 0x00007ffdb35ea000 	C:\Windows\System32\cfgmgr32.dll
0x00007ffdad4e0000 - 0x00007ffdad4ef000 	C:\Program Files\Java\jdk1.8.0_231\jre\bin\verify.dll
0x00007ffda2cf0000 - 0x00007ffda2d19000 	C:\Program Files\Java\jdk1.8.0_231\jre\bin\java.dll
0x00007ffda9bb0000 - 0x00007ffda9bc6000 	C:\Program Files\Java\jdk1.8.0_231\jre\bin\zip.dll
0x00007ffdb3cd0000 - 0x00007ffdb43b6000 	C:\Windows\System32\SHELL32.dll
0x00007ffdb56b0000 - 0x00007ffdb5759000 	C:\Windows\System32\shcore.dll
0x00007ffdb2b70000 - 0x00007ffdb32f2000 	C:\Windows\System32\windows.storage.dll
0x00007ffdb2840000 - 0x00007ffdb2863000 	C:\Windows\System32\profapi.dll
0x00007ffdb2870000 - 0x00007ffdb28ba000 	C:\Windows\System32\powrprof.dll
0x00007ffdb27f0000 - 0x00007ffdb2800000 	C:\Windows\System32\UMPDC.dll
0x00007ffdb5650000 - 0x00007ffdb56a2000 	C:\Windows\System32\shlwapi.dll
0x00007ffdb2820000 - 0x00007ffdb2831000 	C:\Windows\System32\kernel.appcore.dll
0x00007ffdb3480000 - 0x00007ffdb3497000 	C:\Windows\System32\cryptsp.dll
0x00007ffda3390000 - 0x00007ffda33aa000 	C:\Program Files\Java\jdk1.8.0_231\jre\bin\net.dll
0x00007ffdb1c90000 - 0x00007ffdb1cf7000 	C:\Windows\system32\mswsock.dll
0x00007ffdb19e0000 - 0x00007ffdb1aab000 	C:\Windows\SYSTEM32\DNSAPI.dll
0x00007ffdb4e50000 - 0x00007ffdb4e58000 	C:\Windows\System32\NSI.dll
0x00007ffdb19a0000 - 0x00007ffdb19da000 	C:\Windows\SYSTEM32\IPHLPAPI.DLL
0x00007ffdab910000 - 0x00007ffdab91a000 	C:\Windows\System32\rasadhlp.dll
0x00007ffda4140000 - 0x00007ffda41b7000 	C:\Windows\System32\fwpuclnt.dll
0x00007ffdb34a0000 - 0x00007ffdb34c6000 	C:\Windows\System32\bcrypt.dll
0x00007ffdb1550000 - 0x00007ffdb1583000 	C:\Windows\system32\rsaenh.dll
0x00007ffdb2710000 - 0x00007ffdb2735000 	C:\Windows\SYSTEM32\USERENV.dll
0x00007ffdb1e60000 - 0x00007ffdb1e6c000 	C:\Windows\SYSTEM32\CRYPTBASE.dll
0x00007ffda4240000 - 0x00007ffda4256000 	C:\Windows\SYSTEM32\dhcpcsvc6.DLL
0x00007ffda6f00000 - 0x00007ffda6f1c000 	C:\Windows\SYSTEM32\dhcpcsvc.DLL
0x00007ffda2dd0000 - 0x00007ffda2de2000 	C:\Program Files\Java\jdk1.8.0_231\jre\bin\nio.dll
0x00007ffda2b20000 - 0x00007ffda2b44000 	C:\Program Files\Java\jdk1.8.0_231\jre\bin\sunec.dll
0x00007ffdb2310000 - 0x00007ffdb2504000 	C:\Windows\SYSTEM32\dbghelp.dll

VM Arguments:
jvm_args: -ea -Dfile.encoding=Cp1252 
java_command: org.testng.remote.RemoteTestNG -serport 51819 -protocol json -d C:\LivingTree Workspace\LivingTreeQAAutomation\LivingTree_TestAutomation\test-output C:\Users\Dell\AppData\Local\Temp\testng-eclipse-2021363303\testng-customsuite.xml
java_class_path (initial): D:\eclipse 2018-09\eclipse\configuration\org.eclipse.osgi\999\0\.cp\lib\testng-remote.jar;C:\LivingTree Workspace\LivingTreeQAAutomation\LivingTree_TestAutomation\target\test-classes;C:\LivingTree Workspace\LivingTreeQAAutomation\LivingTree_TestAutomation\target\classes;D:\eclipse 2018-09\eclipse\plugins\org.testng_6.14.3.r201802240500.jar;D:\eclipse 2018-09\eclipse\plugins\com.beust.jcommander_1.72.0.jar;D:\eclipse 2018-09\eclipse\plugins\org.apache-extras.beanshell.bsh_2.0.0.b6.jar;D:\eclipse 2018-09\eclipse\plugins\org.yaml.snakeyaml_1.17.0.jar;C:\Program Files\Java\jdk1.8.0_231\lib\tools.jar;C:\Users\Dell\.m2\repository\org\jenkins-ci\plugins\zephyr-for-jira-test-management\1.4\zephyr-for-jira-test-management-1.4.jar;C:\Users\Dell\.m2\repository\org\jenkins-ci\plugins\junit\1.5\junit-1.5.jar;C:\Users\Dell\.m2\repository\org\apache\commons\commons-lang3\3.0\commons-lang3-3.0.jar;C:\Users\Dell\.m2\repository\com\fasterxml\jackson\core\jackson-databind\2.7.2\jackson-databind-2.7.2.jar;C:\Users\Dell\.m2\repository\org\slf4j\slf4j-api\1.7.19\slf4j-api-1.7.19.jar;C:\Users\Dell\.m2\repository\net\rcarz\jira-client\0.5\jira-client-0.5.jar;C:\Users\Dell\.m2\repository\net\sf\json-lib\json-lib\2.4\json-lib-2.4-jdk15.jar;C:\Users\Dell\.m2\repository\junit\junit\4.8.2\junit-4.8.2.jar;C:\Users\Dell\.m2\repository\org\mockito\mockito-all\1.9.0\mockito-all-1.9.0.jar;C:\Users\Dell\.m2\repository\commons-httpclient\commons-httpclient\3.1\commons-httpclient-3.1.jar;C:\Users\Dell\.m2\repository\com\auth0\java-jwt\3.8.3\java-jwt-3.8.3.jar;C:\Users\Dell\.m2\repository\com\github\bogdanlivadariu\integrations\zapi\0.0.5\zapi-0.0.5.jar;C:\Users\Dell\.m2\repository\com\google\code\gson\gson\2.7\gson-2.7.jar;C:\Users\Dell\.m2\repository\org\apache\logging\log4j\log4j-core\2.3\log4j-core-2.3.jar;C:\Users\Dell\.m2\repository\org\apache\logging\log4j\log4j-api\2.3\log4j-api-2.3.jar;C:\Users\Dell\.m2\repository\org\apache\pdfbox\pdfbox\2.0.17\pdfbox-2.0.17.jar;C:
Launcher Type: SUN_STANDARD

Environment Variables:
JAVA_HOME=C:\Program Files\Java\jdk1.8.0_231
PATH=C:/Program Files/Java/jre1.8.0_231/bin/server;C:/Program Files/Java/jre1.8.0_231/bin;C:/Program Files/Java/jre1.8.0_231/lib/amd64;C:\Python27\;C:\Python27\Scripts;C:\Program Files (x86)\Common Files\Oracle\Java\javapath;C:\Windows\system32;C:\Windows;C:\Windows\System32\Wbem;C:\Windows\System32\WindowsPowerShell\v1.0\;C:\Windows\System32\OpenSSH\;C:\Program Files\Java\jdk1.8.0_231\bin;C:\apache-maven-3.6.2\bin;C:\Users\Dell\AppData\Local\Android\Sdk\tools\bin;C:\Users\Dell\AppData\Local\Android\Sdk\tools;C:\Users\Dell\AppData\Local\Android\Sdk\platform-tools;C:\Program Files\nodejs\;C:\ProgramData\chocolatey\bin;C:\Program Files\nodejs\node_modules\npm\bin;C:\Program Files\Git\cmd;C:\Program Files\PuTTY\;C:\Users\Dell\AppData\Local\Microsoft\WindowsApps;C:\Users\Dell\AppData\Roaming\npm;D:\eclipse 2018-09\eclipse;
USERNAME=Dell
OS=Windows_NT
PROCESSOR_IDENTIFIER=Intel64 Family 6 Model 142 Stepping 12, GenuineIntel



---------------  S Y S T E M  ---------------

OS: Windows 10.0 , 64 bit Build 18362 (10.0.18362.959)

CPU:total 8 (initial active 8) (4 cores per cpu, 2 threads per core) family 6 model 142 stepping 12, cmov, cx8, fxsr, mmx, sse, sse2, sse3, ssse3, sse4.1, sse4.2, popcnt, avx, avx2, aes, clmul, erms, 3dnowpref, lzcnt, ht, tsc, tscinvbit, bmi1, bmi2, adx

Memory: 4k page, physical 8259292k(2146944k free), swap 10618588k(2457104k free)

vm_info: Java HotSpot(TM) 64-Bit Server VM (25.231-b11) for windows-amd64 JRE (1.8.0_231-b11), built on Oct  5 2019 03:11:30 by "java_re" with MS VC++ 10.0 (VS2010)

time: Mon Aug 10 15:45:46 2020
timezone: India Standard Time
elapsed time: 2 seconds (0d 0h 0m 2s)

