#
# A fatal error has been detected by the Java Runtime Environment:
#
#  EXCEPTION_ACCESS_VIOLATION (0xc0000005) at pc=0x00000000586d09c0, pid=1720, tid=0x0000000000002824
#
# JRE version: Java(TM) SE Runtime Environment (8.0_231-b11) (build 1.8.0_231-b11)
# Java VM: Java HotSpot(TM) 64-Bit Server VM (25.231-b11 mixed mode windows-amd64 compressed oops)
# Problematic frame:
# V  [jvm.dll+0xb09c0]
#
# Failed to write core dump. Minidumps are not enabled by default on client versions of Windows
#
# If you would like to submit a bug report, please visit:
#   http://bugreport.java.com/bugreport/crash.jsp
#

---------------  T H R E A D  ---------------

Current thread (0x0000000002f88800):  GCTaskThread [stack: 0x0000000012be0000,0x0000000012ce0000] [id=10276]

siginfo: ExceptionCode=0xc0000005, reading address 0x0000000000000008

Registers:
RAX=0x0000000000000001, RBX=0x00000000d7b24e98, RCX=0x00000000d7b24e98, RDX=0x0000000000000000
RSP=0x0000000012cdf9a8, RBP=0x0000000000000000, RSI=0x0000000017fd5a00, RDI=0x000000001c062590
R8 =0x0000000017fd5a00, R9 =0x0000000000000031, R10=0x0000000000000008, R11=0x00000000d7699d68
R12=0x0000000058c7db28, R13=0x000000000000025d, R14=0x0000000000000000, R15=0x0000000002f890a0
RIP=0x00000000586d09c0, EFLAGS=0x0000000000010246

Top of Stack: (sp=0x0000000012cdf9a8)
0x0000000012cdf9a8:   0000000058a24ec2 00000000d7b64e80
0x0000000012cdf9b8:   0000000000000003 0000000017fd5a00
0x0000000012cdf9c8:   0000000058a28685 00000000d7691d78
0x0000000012cdf9d8:   0000000058a2560b 0000000017fd5a00
0x0000000012cdf9e8:   0000000058733da3 0000000000000000
0x0000000012cdf9f8:   0000000002f7fc01 0000000058c7db28
0x0000000012cdfa08:   0000000058a25230 00000000d7698dcc
0x0000000012cdfa18:   0000000000000000 0000000017fd5a00
0x0000000012cdfa28:   000000001c062590 00000000d7698dcc
0x0000000012cdfa38:   0000000058a25c05 00000000d7b630b0
0x0000000012cdfa48:   0000000000000000 0000000017fd5a00
0x0000000012cdfa58:   0000000012432980 0000000082330000
0x0000000012cdfa68:   0000000058838113 0000000012432c00
0x0000000012cdfa78:   0000000012432add 0000000000000400
0x0000000012cdfa88:   0000000000000180 0000000002f70b50
0x0000000012cdfa98:   000000005883eb82 0000000002f88800 

Instructions: (pc=0x00000000586d09c0)
0x00000000586d09a0:   4c e0 1d 00 48 8b 9c 24 d0 00 00 00 48 81 c4 c0
0x00000000586d09b0:   00 00 00 5d c3 cc cc cc cc cc cc cc cc cc cc cc
0x00000000586d09c0:   44 8b 42 08 4c 8b ca 45 85 c0 7e 0e 41 f6 c0 01
0x00000000586d09d0:   75 57 41 c1 f8 03 41 8b c0 c3 79 4d 80 3d ee 6f 


Register to memory mapping:

RAX=0x0000000000000001 is an unknown value
RBX=0x00000000d7b24e98 is an oop

[error occurred during error reporting (printing register info), id 0xc0000005]

Stack: [0x0000000012be0000,0x0000000012ce0000],  sp=0x0000000012cdf9a8,  free space=1022k
Native frames: (J=compiled Java code, j=interpreted, Vv=VM code, C=native code)


---------------  P R O C E S S  ---------------

Java Threads: ( => current thread )
  0x0000000019e90000 JavaThread "Service Thread" daemon [_thread_blocked, id=9084, stack(0x000000001aad0000,0x000000001abd0000)]
  0x0000000019e05000 JavaThread "C1 CompilerThread3" daemon [_thread_blocked, id=10568, stack(0x000000001a9d0000,0x000000001aad0000)]
  0x0000000019e00800 JavaThread "C2 CompilerThread2" daemon [_thread_blocked, id=8948, stack(0x000000001a8d0000,0x000000001a9d0000)]
  0x0000000019dfd800 JavaThread "C2 CompilerThread1" daemon [_thread_blocked, id=9088, stack(0x000000001a7d0000,0x000000001a8d0000)]
  0x0000000019dfa800 JavaThread "C2 CompilerThread0" daemon [_thread_blocked, id=4960, stack(0x000000001a6d0000,0x000000001a7d0000)]
  0x0000000019df7800 JavaThread "Attach Listener" daemon [_thread_blocked, id=11188, stack(0x000000001a5d0000,0x000000001a6d0000)]
  0x0000000017fee800 JavaThread "Signal Dispatcher" daemon [_thread_blocked, id=11016, stack(0x000000001a4d0000,0x000000001a5d0000)]
  0x0000000019df0800 JavaThread "Finalizer" daemon [_thread_blocked, id=7256, stack(0x000000001a2d0000,0x000000001a3d0000)]
  0x0000000003067800 JavaThread "Reference Handler" daemon [_thread_blocked, id=100, stack(0x000000001a1d0000,0x000000001a2d0000)]
  0x000000000157e800 JavaThread "main" [_thread_blocked, id=432, stack(0x0000000002e20000,0x0000000002f20000)]

Other Threads:
  0x0000000017fd9000 VMThread [stack: 0x0000000019cd0000,0x0000000019dd0000] [id=2784]
  0x0000000019ec3000 WatcherThread [stack: 0x000000001abd0000,0x000000001acd0000] [id=9672]

=>0x0000000002f88800 (exited) GCTaskThread [stack: 0x0000000012be0000,0x0000000012ce0000] [id=10276]

VM state:at safepoint (normal execution)

VM Mutex/Monitor currently owned by a thread:  ([mutex/lock_event])
[0x000000000157cf80] Threads_lock - owner thread: 0x0000000017fd9000
[0x000000000157d300] Heap_lock - owner thread: 0x000000000157e800

heap address: 0x0000000081e00000, size: 2018 MB, Compressed Oops mode: 32-bit
Narrow klass base: 0x0000000000000000, Narrow klass shift: 3
Compressed class space size: 1073741824 Address: 0x0000000100000000

Heap:
 PSYoungGen      total 19456K, used 18959K [0x00000000d5f80000, 0x00000000d7d80000, 0x0000000100000000)
  eden space 15360K, 100% used [0x00000000d5f80000,0x00000000d6e80000,0x00000000d6e80000)
  from space 4096K, 87% used [0x00000000d7980000,0x00000000d7d03ed8,0x00000000d7d80000)
  to   space 4608K, 99% used [0x00000000d7480000,0x00000000d78f9d88,0x00000000d7900000)
 ParOldGen       total 13824K, used 12170K [0x0000000081e00000, 0x0000000082b80000, 0x00000000d5f80000)
  object space 13824K, 88% used [0x0000000081e00000,0x00000000829e2ad0,0x0000000082b80000)
 Metaspace       used 7775K, capacity 8436K, committed 8704K, reserved 1056768K
  class space    used 910K, capacity 944K, committed 1024K, reserved 1048576K

Card table byte_map: [0x0000000012430000,0x0000000012830000] byte_map_base: 0x0000000012021000

Marking Bits: (ParMarkBitMap*) 0x0000000058e46d90
 Begin Bits: [0x00000000132e0000, 0x0000000015268000)
 End Bits:   [0x0000000015268000, 0x00000000171f0000)

Polling page: 0x0000000001130000

CodeCache: size=245760Kb used=4218Kb max_used=4218Kb free=241541Kb
 bounds [0x0000000003070000, 0x00000000034a0000, 0x0000000012070000]
 total_blobs=1200 nmethods=909 adapters=202
 compilation: enabled

Compilation events (10 events):
Event: 0.746 Thread 0x0000000019e00800  904       4       java.util.HashMap::resize (359 bytes)
Event: 0.752 Thread 0x0000000019e00800 nmethod 904 0x0000000003488d50 code [0x0000000003488ee0, 0x0000000003489458]
Event: 0.752 Thread 0x0000000019e00800  907       4       com.sun.tools.javac.file.ZipFileIndex::access$700 (6 bytes)
Event: 0.753 Thread 0x0000000019e00800 nmethod 907 0x0000000003427010 code [0x0000000003427160, 0x00000000034271e8]
Event: 0.753 Thread 0x0000000019e00800  902       4       com.sun.tools.javac.file.RelativePath$RelativeDirectory::<init> (44 bytes)
Event: 0.753 Thread 0x0000000019e05000  911       3       java.io.RandomAccessFile::seek (22 bytes)
Event: 0.753 Thread 0x0000000019e05000 nmethod 911 0x0000000003489f10 code [0x000000000348a080, 0x000000000348a2f8]
Event: 0.755 Thread 0x0000000019e05000  913       3       java.io.FileDescriptor::<init> (17 bytes)
Event: 0.755 Thread 0x0000000019e05000 nmethod 913 0x0000000003489b50 code [0x0000000003489ca0, 0x0000000003489e70]
Event: 0.755 Thread 0x0000000019e05000  914  s    3       java.io.FileDescriptor::attach (73 bytes)

GC Heap History (10 events):
Event: 0.317 GC heap after
Heap after GC invocations=5 (full 0):
 PSYoungGen      total 6656K, used 480K [0x00000000d5f80000, 0x00000000d6e80000, 0x0000000100000000)
  eden space 6144K, 0% used [0x00000000d5f80000,0x00000000d5f80000,0x00000000d6580000)
  from space 512K, 93% used [0x00000000d6580000,0x00000000d65f8020,0x00000000d6600000)
  to   space 1536K, 0% used [0x00000000d6d00000,0x00000000d6d00000,0x00000000d6e80000)
 ParOldGen       total 5632K, used 2065K [0x0000000081e00000, 0x0000000082380000, 0x00000000d5f80000)
  object space 5632K, 36% used [0x0000000081e00000,0x0000000082004600,0x0000000082380000)
 Metaspace       used 6820K, capacity 7796K, committed 8064K, reserved 1056768K
  class space    used 844K, capacity 880K, committed 896K, reserved 1048576K
}
Event: 0.400 GC heap before
{Heap before GC invocations=6 (full 0):
 PSYoungGen      total 6656K, used 6620K [0x00000000d5f80000, 0x00000000d6e80000, 0x0000000100000000)
  eden space 6144K, 99% used [0x00000000d5f80000,0x00000000d657f0a0,0x00000000d6580000)
  from space 512K, 93% used [0x00000000d6580000,0x00000000d65f8020,0x00000000d6600000)
  to   space 1536K, 0% used [0x00000000d6d00000,0x00000000d6d00000,0x00000000d6e80000)
 ParOldGen       total 5632K, used 2065K [0x0000000081e00000, 0x0000000082380000, 0x00000000d5f80000)
  object space 5632K, 36% used [0x0000000081e00000,0x0000000082004600,0x0000000082380000)
 Metaspace       used 6844K, capacity 7796K, committed 8064K, reserved 1056768K
  class space    used 844K, capacity 880K, committed 896K, reserved 1048576K
Event: 0.402 GC heap after
Heap after GC invocations=6 (full 0):
 PSYoungGen      total 12800K, used 1526K [0x00000000d5f80000, 0x00000000d7080000, 0x0000000100000000)
  eden space 11264K, 0% used [0x00000000d5f80000,0x00000000d5f80000,0x00000000d6a80000)
  from space 1536K, 99% used [0x00000000d6d00000,0x00000000d6e7d8e0,0x00000000d6e80000)
  to   space 2560K, 0% used [0x00000000d6a80000,0x00000000d6a80000,0x00000000d6d00000)
 ParOldGen       total 5632K, used 2759K [0x0000000081e00000, 0x0000000082380000, 0x00000000d5f80000)
  object space 5632K, 48% used [0x0000000081e00000,0x00000000820b1d68,0x0000000082380000)
 Metaspace       used 6844K, capacity 7796K, committed 8064K, reserved 1056768K
  class space    used 844K, capacity 880K, committed 896K, reserved 1048576K
}
Event: 0.533 GC heap before
{Heap before GC invocations=7 (full 0):
 PSYoungGen      total 12800K, used 12790K [0x00000000d5f80000, 0x00000000d7080000, 0x0000000100000000)
  eden space 11264K, 100% used [0x00000000d5f80000,0x00000000d6a80000,0x00000000d6a80000)
  from space 1536K, 99% used [0x00000000d6d00000,0x00000000d6e7d8e0,0x00000000d6e80000)
  to   space 2560K, 0% used [0x00000000d6a80000,0x00000000d6a80000,0x00000000d6d00000)
 ParOldGen       total 5632K, used 2759K [0x0000000081e00000, 0x0000000082380000, 0x00000000d5f80000)
  object space 5632K, 48% used [0x0000000081e00000,0x00000000820b1d68,0x0000000082380000)
 Metaspace       used 7590K, capacity 8308K, committed 8448K, reserved 1056768K
  class space    used 899K, capacity 944K, committed 1024K, reserved 1048576K
Event: 0.537 GC heap after
Heap after GC invocations=7 (full 0):
 PSYoungGen      total 13824K, used 2537K [0x00000000d5f80000, 0x00000000d7d80000, 0x0000000100000000)
  eden space 11264K, 0% used [0x00000000d5f80000,0x00000000d5f80000,0x00000000d6a80000)
  from space 2560K, 99% used [0x00000000d6a80000,0x00000000d6cfa670,0x00000000d6d00000)
  to   space 4096K, 0% used [0x00000000d7980000,0x00000000d7980000,0x00000000d7d80000)
 ParOldGen       total 5632K, used 4706K [0x0000000081e00000, 0x0000000082380000, 0x00000000d5f80000)
  object space 5632K, 83% used [0x0000000081e00000,0x00000000822988a8,0x0000000082380000)
 Metaspace       used 7590K, capacity 8308K, committed 8448K, reserved 1056768K
  class space    used 899K, capacity 944K, committed 1024K, reserved 1048576K
}
Event: 0.537 GC heap before
{Heap before GC invocations=8 (full 1):
 PSYoungGen      total 13824K, used 2537K [0x00000000d5f80000, 0x00000000d7d80000, 0x0000000100000000)
  eden space 11264K, 0% used [0x00000000d5f80000,0x00000000d5f80000,0x00000000d6a80000)
  from space 2560K, 99% used [0x00000000d6a80000,0x00000000d6cfa670,0x00000000d6d00000)
  to   space 4096K, 0% used [0x00000000d7980000,0x00000000d7980000,0x00000000d7d80000)
 ParOldGen       total 5632K, used 4706K [0x0000000081e00000, 0x0000000082380000, 0x00000000d5f80000)
  object space 5632K, 83% used [0x0000000081e00000,0x00000000822988a8,0x0000000082380000)
 Metaspace       used 7590K, capacity 8308K, committed 8448K, reserved 1056768K
  class space    used 899K, capacity 944K, committed 1024K, reserved 1048576K
Event: 0.557 GC heap after
Heap after GC invocations=8 (full 1):
 PSYoungGen      total 13824K, used 0K [0x00000000d5f80000, 0x00000000d7d80000, 0x0000000100000000)
  eden space 11264K, 0% used [0x00000000d5f80000,0x00000000d5f80000,0x00000000d6a80000)
  from space 2560K, 0% used [0x00000000d6a80000,0x00000000d6a80000,0x00000000d6d00000)
  to   space 4096K, 0% used [0x00000000d7980000,0x00000000d7980000,0x00000000d7d80000)
 ParOldGen       total 10240K, used 5478K [0x0000000081e00000, 0x0000000082800000, 0x00000000d5f80000)
  object space 10240K, 53% used [0x0000000081e00000,0x0000000082359938,0x0000000082800000)
 Metaspace       used 7590K, capacity 8308K, committed 8448K, reserved 1056768K
  class space    used 899K, capacity 944K, committed 1024K, reserved 1048576K
}
Event: 0.682 GC heap before
{Heap before GC invocations=9 (full 1):
 PSYoungGen      total 13824K, used 10501K [0x00000000d5f80000, 0x00000000d7d80000, 0x0000000100000000)
  eden space 11264K, 93% used [0x00000000d5f80000,0x00000000d69c1400,0x00000000d6a80000)
  from space 2560K, 0% used [0x00000000d6a80000,0x00000000d6a80000,0x00000000d6d00000)
  to   space 4096K, 0% used [0x00000000d7980000,0x00000000d7980000,0x00000000d7d80000)
 ParOldGen       total 10240K, used 5478K [0x0000000081e00000, 0x0000000082800000, 0x00000000d5f80000)
  object space 10240K, 53% used [0x0000000081e00000,0x0000000082359938,0x0000000082800000)
 Metaspace       used 7753K, capacity 8436K, committed 8704K, reserved 1056768K
  class space    used 909K, capacity 944K, committed 1024K, reserved 1048576K
Event: 0.684 GC heap after
Heap after GC invocations=9 (full 1):
 PSYoungGen      total 19456K, used 3599K [0x00000000d5f80000, 0x00000000d7d80000, 0x0000000100000000)
  eden space 15360K, 0% used [0x00000000d5f80000,0x00000000d5f80000,0x00000000d6e80000)
  from space 4096K, 87% used [0x00000000d7980000,0x00000000d7d03ed8,0x00000000d7d80000)
  to   space 4608K, 0% used [0x00000000d7480000,0x00000000d7480000,0x00000000d7900000)
 ParOldGen       total 10240K, used 5486K [0x0000000081e00000, 0x0000000082800000, 0x00000000d5f80000)
  object space 10240K, 53% used [0x0000000081e00000,0x000000008235b938,0x0000000082800000)
 Metaspace       used 7753K, capacity 8436K, committed 8704K, reserved 1056768K
  class space    used 909K, capacity 944K, committed 1024K, reserved 1048576K
}
Event: 0.755 GC heap before
{Heap before GC invocations=10 (full 1):
 PSYoungGen      total 19456K, used 18959K [0x00000000d5f80000, 0x00000000d7d80000, 0x0000000100000000)
  eden space 15360K, 100% used [0x00000000d5f80000,0x00000000d6e80000,0x00000000d6e80000)
  from space 4096K, 87% used [0x00000000d7980000,0x00000000d7d03ed8,0x00000000d7d80000)
  to   space 4608K, 0% used [0x00000000d7480000,0x00000000d7480000,0x00000000d7900000)
 ParOldGen       total 10240K, used 5486K [0x0000000081e00000, 0x0000000082800000, 0x00000000d5f80000)
  object space 10240K, 53% used [0x0000000081e00000,0x000000008235b938,0x0000000082800000)
 Metaspace       used 7775K, capacity 8436K, committed 8704K, reserved 1056768K
  class space    used 910K, capacity 944K, committed 1024K, reserved 1048576K

Deoptimization events (10 events):
Event: 0.418 Thread 0x000000000157e800 Uncommon trap: reason=class_check action=maybe_recompile pc=0x000000000322ae60 method=sun.misc.URLClassPath.getLoader(I)Lsun/misc/URLClassPath$Loader; @ 94
Event: 0.423 Thread 0x000000000157e800 Uncommon trap: reason=unstable_if action=reinterpret pc=0x000000000322396c method=java.lang.String.indexOf([CII[CIII)I @ 134
Event: 0.424 Thread 0x000000000157e800 Uncommon trap: reason=unstable_if action=reinterpret pc=0x0000000003223178 method=java.lang.String.<init>([CII)V @ 18
Event: 0.453 Thread 0x000000000157e800 Uncommon trap: reason=unstable_if action=reinterpret pc=0x00000000032e3008 method=com.sun.tools.javac.parser.UnicodeReader.scanChar()V @ 37
Event: 0.461 Thread 0x000000000157e800 Uncommon trap: reason=unstable_if action=reinterpret pc=0x00000000032e0f4c method=com.sun.tools.javac.util.ArrayUtils.ensureCapacity([CI)[C @ 3
Event: 0.497 Thread 0x000000000157e800 Uncommon trap: reason=unstable_if action=reinterpret pc=0x00000000033243e0 method=com.sun.tools.javac.parser.JavaTokenizer.scanLitChar(I)V @ 9
Event: 0.504 Thread 0x000000000157e800 Uncommon trap: reason=unstable_if action=reinterpret pc=0x00000000032f0894 method=sun.nio.cs.SingleByte$Decoder.decodeArrayLoop(Ljava/nio/ByteBuffer;Ljava/nio/CharBuffer;)Ljava/nio/charset/CoderResult; @ 92
Event: 0.523 Thread 0x000000000157e800 Uncommon trap: reason=unstable_if action=reinterpret pc=0x00000000033b1554 method=com.sun.tools.javac.parser.JavaTokenizer.readToken()Lcom/sun/tools/javac/parser/Tokens$Token; @ 1279
Event: 0.577 Thread 0x000000000157e800 Uncommon trap: reason=unstable_if action=reinterpret pc=0x000000000338898c method=com.sun.tools.javac.parser.UnicodeReader.scanCommentChar()V @ 19
Event: 0.674 Thread 0x000000000157e800 Uncommon trap: reason=unstable_if action=reinterpret pc=0x000000000331f00c method=java.lang.StringCoding$StringDecoder.decode([BII)[C @ 20

Classes redefined (0 events):
No events

Internal exceptions (10 events):
Event: 0.083 Thread 0x000000000157e800 Exception <a 'java/security/PrivilegedActionException'> (0x00000000d60e92b0) thrown at [C:\re\workspace\8-2-build-windows-amd64-cygwin\jdk8u231\13620\hotspot\src\share\vm\prims\jvm.cpp, line 1502]
Event: 0.083 Thread 0x000000000157e800 Exception <a 'java/security/PrivilegedActionException'> (0x00000000d60e96a8) thrown at [C:\re\workspace\8-2-build-windows-amd64-cygwin\jdk8u231\13620\hotspot\src\share\vm\prims\jvm.cpp, line 1502]
Event: 0.088 Thread 0x000000000157e800 Exception <a 'java/security/PrivilegedActionException'> (0x00000000d5f931f0) thrown at [C:\re\workspace\8-2-build-windows-amd64-cygwin\jdk8u231\13620\hotspot\src\share\vm\prims\jvm.cpp, line 1502]
Event: 0.088 Thread 0x000000000157e800 Exception <a 'java/security/PrivilegedActionException'> (0x00000000d5f935e8) thrown at [C:\re\workspace\8-2-build-windows-amd64-cygwin\jdk8u231\13620\hotspot\src\share\vm\prims\jvm.cpp, line 1502]
Event: 0.701 Thread 0x000000000157e800 Exception <a 'java/io/FileNotFoundException'> (0x00000000d63adc88) thrown at [C:\re\workspace\8-2-build-windows-amd64-cygwin\jdk8u231\13620\hotspot\src\share\vm\prims\jni.cpp, line 710]
Event: 0.703 Thread 0x000000000157e800 Exception <a 'java/io/FileNotFoundException'> (0x00000000d63e30d8) thrown at [C:\re\workspace\8-2-build-windows-amd64-cygwin\jdk8u231\13620\hotspot\src\share\vm\prims\jni.cpp, line 710]
Event: 0.750 Thread 0x000000000157e800 Exception <a 'java/io/FileNotFoundException'> (0x00000000d6d1bed0) thrown at [C:\re\workspace\8-2-build-windows-amd64-cygwin\jdk8u231\13620\hotspot\src\share\vm\prims\jni.cpp, line 710]
Event: 0.751 Thread 0x000000000157e800 Exception <a 'java/io/FileNotFoundException'> (0x00000000d6d86088) thrown at [C:\re\workspace\8-2-build-windows-amd64-cygwin\jdk8u231\13620\hotspot\src\share\vm\prims\jni.cpp, line 710]
Event: 0.752 Thread 0x000000000157e800 Exception <a 'java/io/FileNotFoundException'> (0x00000000d6d86de8) thrown at [C:\re\workspace\8-2-build-windows-amd64-cygwin\jdk8u231\13620\hotspot\src\share\vm\prims\jni.cpp, line 710]
Event: 0.752 Thread 0x000000000157e800 Exception <a 'java/io/FileNotFoundException'> (0x00000000d6d87b50) thrown at [C:\re\workspace\8-2-build-windows-amd64-cygwin\jdk8u231\13620\hotspot\src\share\vm\prims\jni.cpp, line 710]

Events (10 events):
Event: 0.680 loading class sun/security/action/GetBooleanAction done
Event: 0.680 loading class java/util/ComparableTimSort
Event: 0.681 loading class java/util/ComparableTimSort done
Event: 0.681 loading class java/io/RandomAccessFile$1
Event: 0.682 loading class java/io/RandomAccessFile$1 done
Event: 0.682 Executing VM operation: ParallelGCFailedAllocation
Event: 0.684 Executing VM operation: ParallelGCFailedAllocation done
Event: 0.701 loading class com/sun/tools/javac/file/JavacFileManager$MissingArchive
Event: 0.701 loading class com/sun/tools/javac/file/JavacFileManager$MissingArchive done
Event: 0.755 Executing VM operation: ParallelGCFailedAllocation


Dynamic libraries:
0x00007ff61bda0000 - 0x00007ff61bda7000 	C:\Program Files\Java\jdk1.8.0_231\bin\javac.exe
0x00007fffc4300000 - 0x00007fffc44f0000 	C:\Windows\SYSTEM32\ntdll.dll
0x00007fffc41a0000 - 0x00007fffc4252000 	C:\Windows\System32\KERNEL32.DLL
0x00007fffc15d0000 - 0x00007fffc1874000 	C:\Windows\System32\KERNELBASE.dll
0x00007fffbd6f0000 - 0x00007fffbd71f000 	C:\Program Files\Java\jdk1.8.0_231\bin\jli.dll
0x00007fffc2710000 - 0x00007fffc27b3000 	C:\Windows\System32\ADVAPI32.dll
0x0000000058fb0000 - 0x0000000059082000 	C:\Program Files\Java\jdk1.8.0_231\bin\MSVCR100.dll
0x00007fffc27c0000 - 0x00007fffc285e000 	C:\Windows\System32\msvcrt.dll
0x00007fffc3050000 - 0x00007fffc30e7000 	C:\Windows\System32\sechost.dll
0x00007fffc2a30000 - 0x00007fffc2b50000 	C:\Windows\System32\RPCRT4.dll
0x00007fffc3360000 - 0x00007fffc34f5000 	C:\Windows\System32\USER32.dll
0x00007fffc15a0000 - 0x00007fffc15c1000 	C:\Windows\System32\win32u.dll
0x00007fffa5030000 - 0x00007fffa52b4000 	C:\Windows\WinSxS\amd64_microsoft.windows.common-controls_6595b64144ccf1df_6.0.18362.1016_none_9e7a36bbe461dae4\COMCTL32.dll
0x00007fffc30f0000 - 0x00007fffc3116000 	C:\Windows\System32\GDI32.dll
0x00007fffc1320000 - 0x00007fffc14b6000 	C:\Windows\System32\gdi32full.dll
0x00007fffc23d0000 - 0x00007fffc2705000 	C:\Windows\System32\combase.dll
0x00007fffc1ad0000 - 0x00007fffc1b6e000 	C:\Windows\System32\msvcp_win.dll
0x00007fffc1880000 - 0x00007fffc197a000 	C:\Windows\System32\ucrtbase.dll
0x00007fffc14c0000 - 0x00007fffc1540000 	C:\Windows\System32\bcryptPrimitives.dll
0x00007fffc2a00000 - 0x00007fffc2a2e000 	C:\Windows\System32\IMM32.DLL
0x0000000058ed0000 - 0x0000000058fa2000 	C:\Program Files\Java\jdk1.8.0_231\jre\bin\msvcr100.dll
0x0000000058620000 - 0x0000000058ec6000 	C:\Program Files\Java\jdk1.8.0_231\jre\bin\server\jvm.dll
0x00007fffc32d0000 - 0x00007fffc32d8000 	C:\Windows\System32\PSAPI.DLL
0x00007fffbbd30000 - 0x00007fffbbd3a000 	C:\Windows\SYSTEM32\VERSION.dll
0x00007fffbd0e0000 - 0x00007fffbd0e9000 	C:\Windows\SYSTEM32\WSOCK32.dll
0x00007fffbe080000 - 0x00007fffbe0a4000 	C:\Windows\SYSTEM32\WINMM.dll
0x00007fffc3ca0000 - 0x00007fffc3d0f000 	C:\Windows\System32\WS2_32.dll
0x00007fffbe050000 - 0x00007fffbe07d000 	C:\Windows\SYSTEM32\winmmbase.dll
0x00007fffc1280000 - 0x00007fffc12ca000 	C:\Windows\System32\cfgmgr32.dll
0x00007fffbd6e0000 - 0x00007fffbd6ef000 	C:\Program Files\Java\jdk1.8.0_231\jre\bin\verify.dll
0x00007fffbd6b0000 - 0x00007fffbd6d9000 	C:\Program Files\Java\jdk1.8.0_231\jre\bin\java.dll
0x00007fffbd690000 - 0x00007fffbd6a6000 	C:\Program Files\Java\jdk1.8.0_231\jre\bin\zip.dll
0x00007fffc35b0000 - 0x00007fffc3c97000 	C:\Windows\System32\SHELL32.dll
0x00007fffc3d10000 - 0x00007fffc3db9000 	C:\Windows\System32\shcore.dll
0x00007fffc1b70000 - 0x00007fffc22f2000 	C:\Windows\System32\windows.storage.dll
0x00007fffc1250000 - 0x00007fffc1273000 	C:\Windows\System32\profapi.dll
0x00007fffc11e0000 - 0x00007fffc122a000 	C:\Windows\System32\powrprof.dll
0x00007fffc11b0000 - 0x00007fffc11c0000 	C:\Windows\System32\UMPDC.dll
0x00007fffc3ea0000 - 0x00007fffc3ef2000 	C:\Windows\System32\shlwapi.dll
0x00007fffc1230000 - 0x00007fffc1241000 	C:\Windows\System32\kernel.appcore.dll
0x00007fffc1300000 - 0x00007fffc1317000 	C:\Windows\System32\cryptsp.dll
0x00007fffbfad0000 - 0x00007fffbfcc4000 	C:\Windows\SYSTEM32\dbghelp.dll

VM Arguments:
jvm_args: -Dapplication.home=C:\Program Files\Java\jdk1.8.0_231 -Xms8m 
java_command: com.sun.tools.javac.Main @C:/Users/Dell/AppData/Local/Temp/org.codehaus.plexus.compiler.javac.JavacCompiler3946627277869386903arguments
java_class_path (initial): C:\Program Files\Java\jdk1.8.0_231/lib/tools.jar;C:\Program Files\Java\jdk1.8.0_231/classes
Launcher Type: SUN_STANDARD

Environment Variables:
JAVA_HOME=C:\Program Files\Java\jdk1.8.0_231
PATH=C:/Program Files/Java/jre1.8.0_231/bin/server;C:/Program Files/Java/jre1.8.0_231/bin;C:/Program Files/Java/jre1.8.0_231/lib/amd64;C:\Python27\;C:\Python27\Scripts;C:\Program Files (x86)\Common Files\Oracle\Java\javapath;C:\Windows\system32;C:\Windows;C:\Windows\System32\Wbem;C:\Windows\System32\WindowsPowerShell\v1.0\;C:\Windows\System32\OpenSSH\;C:\Program Files\Java\jdk1.8.0_231\bin;C:\apache-maven-3.6.2\bin;C:\Users\Dell\AppData\Local\Android\Sdk\tools\bin;C:\Users\Dell\AppData\Local\Android\Sdk\tools;C:\Users\Dell\AppData\Local\Android\Sdk\platform-tools;C:\Program Files\nodejs\;C:\ProgramData\chocolatey\bin;C:\Program Files\nodejs\node_modules\npm\bin;C:\Program Files\Git\cmd;C:\Program Files\PuTTY\;C:\Users\Dell\AppData\Local\Microsoft\WindowsApps;C:\Users\Dell\AppData\Roaming\npm;D:\eclipse 2018-09\eclipse;
USERNAME=Dell
OS=Windows_NT
PROCESSOR_IDENTIFIER=Intel64 Family 6 Model 142 Stepping 12, GenuineIntel



---------------  S Y S T E M  ---------------

OS: Windows 10.0 , 64 bit Build 18362 (10.0.18362.959)

CPU:total 8 (initial active 8) (4 cores per cpu, 2 threads per core) family 6 model 142 stepping 12, cmov, cx8, fxsr, mmx, sse, sse2, sse3, ssse3, sse4.1, sse4.2, popcnt, avx, avx2, aes, clmul, erms, 3dnowpref, lzcnt, ht, tsc, tscinvbit, bmi1, bmi2, adx

Memory: 4k page, physical 8259292k(4215556k free), swap 16647900k(11962296k free)

vm_info: Java HotSpot(TM) 64-Bit Server VM (25.231-b11) for windows-amd64 JRE (1.8.0_231-b11), built on Oct  5 2019 03:11:30 by "java_re" with MS VC++ 10.0 (VS2010)

time: Tue Sep 01 01:49:00 2020
timezone: India Standard Time
elapsed time: 0 seconds (0d 0h 0m 0s)

