#
# A fatal error has been detected by the Java Runtime Environment:
#
#  EXCEPTION_ACCESS_VIOLATION (0xc0000005) at pc=0x000000006aaf4ed6, pid=6512, tid=0x00000000000018b8
#
# JRE version: Java(TM) SE Runtime Environment (8.0_231-b11) (build 1.8.0_231-b11)
# Java VM: Java HotSpot(TM) 64-Bit Server VM (25.231-b11 mixed mode windows-amd64 compressed oops)
# Problematic frame:
# V  [jvm.dll+0x404ed6]
#
# Failed to write core dump. Minidumps are not enabled by default on client versions of Windows
#
# If you would like to submit a bug report, please visit:
#   http://bugreport.java.com/bugreport/crash.jsp
#

---------------  T H R E A D  ---------------

Current thread (0x0000000002ba4800):  GCTaskThread [stack: 0x0000000012df0000,0x0000000012ef0000] [id=6328]

siginfo: ExceptionCode=0xc0000005, reading address 0xffffffffffffffff

Registers:
RAX=0x007200750063006c, RBX=0x00000000da6d9550, RCX=0x00000000da6d9550, RDX=0x0000000003280390
RSP=0x0000000012eef870, RBP=0x00000000011d2000, RSI=0x0000000017be5d40, RDI=0x0000000082470000
R8 =0x00000000011d2000, R9 =0x0000000003280390, R10=0x0000000000000008, R11=0x00000000da314000
R12=0x0000000012043376, R13=0x007200750063006e, R14=0x0000000000000000, R15=0x0000000002b92940
RIP=0x000000006aaf4ed6, EFLAGS=0x0000000000010206

Top of Stack: (sp=0x0000000012eef870)
0x0000000012eef870:   00000000daa0a2c8 0000000000000003
0x0000000012eef880:   0000000017be5d40 0000000000000005
0x0000000012eef890:   00000000da30c010 0000000000001000
0x0000000012eef8a0:   0000000017be5d40 000000006a803da3
0x0000000012eef8b0:   0000000000000000 0000000017be5d00
0x0000000012eef8c0:   0000000012043376 000000006aaf5230
0x0000000012eef8d0:   00000000da30f664 0000000012043381
0x0000000012eef8e0:   0000000017be5d40 0000000082470000
0x0000000012eef8f0:   00000000da30f664 000000006aaf5dd5
0x0000000012eef900:   00000000da8de238 0000000012043381
0x0000000012eef910:   0000000017be5d40 0000000000000003
0x0000000012eef920:   0000000017be5d40 00007ffb65f18a83
0x0000000012eef930:   0000000000000000 000000006aaf560b
0x0000000012eef940:   0000000017be5d40 000000006a803da3
0x0000000012eef950:   000000008246fdd1 000000008246fdd1
0x0000000012eef960:   000000008246fc44 000000006a8056c7 

Instructions: (pc=0x000000006aaf4ed6)
0x000000006aaf4eb6:   48 8b 52 08 48 8b cb e8 fe ba ca ff 48 63 e8 41
0x000000006aaf4ec6:   0f b6 c5 f6 d0 a8 01 49 8b c5 74 06 48 83 e0 fd
0x000000006aaf4ed6:   8b 00 48 c1 e8 03 83 e0 0f 3b 05 b3 1f 42 00 0f
0x000000006aaf4ee6:   83 11 01 00 00 48 8b d5 48 8b ce e8 fa f9 ff ff 


Register to memory mapping:

RAX=0x007200750063006c is an unknown value
RBX=0x00000000da6d9550 is an oop

[error occurred during error reporting (printing register info), id 0xc0000005]

Stack: [0x0000000012df0000,0x0000000012ef0000],  sp=0x0000000012eef870,  free space=1022k
Native frames: (J=compiled Java code, j=interpreted, Vv=VM code, C=native code)
V  [jvm.dll+0x404ed6]
V  [jvm.dll+0x405230]
V  [jvm.dll+0x405dd5]
V  [jvm.dll+0x3f589f]
V  [jvm.dll+0x407dc2]
V  [jvm.dll+0x3f706e]
V  [jvm.dll+0x29fd8a]
C  [msvcr100.dll+0x21d9f]
C  [msvcr100.dll+0x21e3b]
C  [KERNEL32.DLL+0x17bd4]
C  [ntdll.dll+0x6ce51]


---------------  P R O C E S S  ---------------

Java Threads: ( => current thread )
  0x0000000019b80000 JavaThread "Service Thread" daemon [_thread_blocked, id=8324, stack(0x000000001a6c0000,0x000000001a7c0000)]
  0x0000000019afa000 JavaThread "C1 CompilerThread3" daemon [_thread_blocked, id=12176, stack(0x000000001a5c0000,0x000000001a6c0000)]
  0x0000000019af1000 JavaThread "C2 CompilerThread2" daemon [_thread_blocked, id=7888, stack(0x000000001a4c0000,0x000000001a5c0000)]
  0x0000000019aec800 JavaThread "C2 CompilerThread1" daemon [_thread_blocked, id=11060, stack(0x000000001a3c0000,0x000000001a4c0000)]
  0x0000000019ae9800 JavaThread "C2 CompilerThread0" daemon [_thread_blocked, id=8572, stack(0x000000001a2c0000,0x000000001a3c0000)]
  0x0000000019ae7000 JavaThread "Attach Listener" daemon [_thread_blocked, id=10012, stack(0x000000001a1c0000,0x000000001a2c0000)]
  0x0000000019ae6000 JavaThread "Signal Dispatcher" daemon [_thread_blocked, id=4292, stack(0x000000001a0c0000,0x000000001a1c0000)]
  0x0000000019ae0800 JavaThread "Finalizer" daemon [_thread_blocked, id=2164, stack(0x0000000019ec0000,0x0000000019fc0000)]
  0x0000000017bed000 JavaThread "Reference Handler" daemon [_thread_blocked, id=12304, stack(0x00000000199c0000,0x0000000019ac0000)]
  0x000000000295e800 JavaThread "main" [_thread_blocked, id=11068, stack(0x0000000002a80000,0x0000000002b80000)]

Other Threads:
  0x0000000017be9000 VMThread [stack: 0x00000000198c0000,0x00000000199c0000] [id=7284]
  0x0000000019b9c000 WatcherThread [stack: 0x000000001a7c0000,0x000000001a8c0000] [id=9640]

=>0x0000000002ba4800 (exited) GCTaskThread [stack: 0x0000000012df0000,0x0000000012ef0000] [id=6328]

VM state:at safepoint (normal execution)

VM Mutex/Monitor currently owned by a thread:  ([mutex/lock_event])
[0x000000000295cfe0] Threads_lock - owner thread: 0x0000000017be9000
[0x0000000002b81cd0] Heap_lock - owner thread: 0x000000000295e800

heap address: 0x0000000081e00000, size: 2018 MB, Compressed Oops mode: 32-bit
Narrow klass base: 0x0000000000000000, Narrow klass shift: 3
Compressed class space size: 1073741824 Address: 0x0000000100000000

Heap:
 PSYoungGen      total 71680K, used 71664K [0x00000000d5f80000, 0x00000000daa80000, 0x0000000100000000)
  eden space 66560K, 100% used [0x00000000d5f80000,0x00000000da080000,0x00000000da080000)
  from space 5120K, 99% used [0x00000000da580000,0x00000000daa7c030,0x00000000daa80000)
  to   space 5120K, 99% used [0x00000000da080000,0x00000000da57c010,0x00000000da580000)
 ParOldGen       total 87552K, used 10515K [0x0000000081e00000, 0x0000000087380000, 0x00000000d5f80000)
  object space 87552K, 12% used [0x0000000081e00000,0x0000000082844ce0,0x0000000087380000)
 Metaspace       used 16022K, capacity 16234K, committed 16384K, reserved 1062912K
  class space    used 1890K, capacity 1979K, committed 2048K, reserved 1048576K

Card table byte_map: [0x0000000012040000,0x0000000012440000] byte_map_base: 0x0000000011c31000

Marking Bits: (ParMarkBitMap*) 0x000000006af16d90
 Begin Bits: [0x0000000012ef0000, 0x0000000014e78000)
 End Bits:   [0x0000000014e78000, 0x0000000016e00000)

Polling page: 0x00000000009f0000

CodeCache: size=245760Kb used=10953Kb max_used=10965Kb free=234806Kb
 bounds [0x0000000002c80000, 0x0000000003740000, 0x0000000011c80000]
 total_blobs=3299 nmethods=2930 adapters=281
 compilation: enabled

Compilation events (10 events):
Event: 2.187 Thread 0x0000000019afa000 2922       3       org.apache.maven.model.merge.ModelMerger::mergeDistributionManagement_DownloadUrl (41 bytes)
Event: 2.187 Thread 0x0000000019afa000 nmethod 2922 0x0000000003739b90 code [0x0000000003739d80, 0x000000000373a6d8]
Event: 2.189 Thread 0x0000000019afa000 2931       1       org.apache.maven.building.FileSource::getFile (5 bytes)
Event: 2.189 Thread 0x0000000019afa000 nmethod 2931 0x000000000372ff90 code [0x00000000037300e0, 0x00000000037301f0]
Event: 2.190 Thread 0x0000000019afa000 2932       3       org.eclipse.aether.util.graph.manager.ClassicDependencyManager::equals (114 bytes)
Event: 2.190 Thread 0x0000000019aec800 2934       4       java.util.ArrayList::<init> (67 bytes)
Event: 2.191 Thread 0x0000000019afa000 nmethod 2932 0x000000000373abd0 code [0x000000000373ada0, 0x000000000373b748]
Event: 2.191 Thread 0x0000000019afa000 2933       3       org.eclipse.aether.util.graph.traverser.FatArtifactTraverser::equals (30 bytes)
Event: 2.191 Thread 0x0000000019afa000 nmethod 2933 0x0000000003736bd0 code [0x0000000003736d40, 0x0000000003737168]
Event: 2.191 Thread 0x0000000019aec800 nmethod 2934 0x0000000003736790 code [0x00000000037368e0, 0x0000000003736a98]

GC Heap History (9 events):
Event: 0.831 GC heap before
{Heap before GC invocations=1 (full 0):
 PSYoungGen      total 38400K, used 33280K [0x00000000d5f80000, 0x00000000d8a00000, 0x0000000100000000)
  eden space 33280K, 100% used [0x00000000d5f80000,0x00000000d8000000,0x00000000d8000000)
  from space 5120K, 0% used [0x00000000d8500000,0x00000000d8500000,0x00000000d8a00000)
  to   space 5120K, 0% used [0x00000000d8000000,0x00000000d8000000,0x00000000d8500000)
 ParOldGen       total 87552K, used 0K [0x0000000081e00000, 0x0000000087380000, 0x00000000d5f80000)
  object space 87552K, 0% used [0x0000000081e00000,0x0000000081e00000,0x0000000087380000)
 Metaspace       used 8440K, capacity 8628K, committed 8832K, reserved 1056768K
  class space    used 1053K, capacity 1112K, committed 1152K, reserved 1048576K
Event: 0.835 GC heap after
Heap after GC invocations=1 (full 0):
 PSYoungGen      total 38400K, used 5096K [0x00000000d5f80000, 0x00000000d8a00000, 0x0000000100000000)
  eden space 33280K, 0% used [0x00000000d5f80000,0x00000000d5f80000,0x00000000d8000000)
  from space 5120K, 99% used [0x00000000d8000000,0x00000000d84fa328,0x00000000d8500000)
  to   space 5120K, 0% used [0x00000000d8500000,0x00000000d8500000,0x00000000d8a00000)
 ParOldGen       total 87552K, used 99K [0x0000000081e00000, 0x0000000087380000, 0x00000000d5f80000)
  object space 87552K, 0% used [0x0000000081e00000,0x0000000081e18d48,0x0000000087380000)
 Metaspace       used 8440K, capacity 8628K, committed 8832K, reserved 1056768K
  class space    used 1053K, capacity 1112K, committed 1152K, reserved 1048576K
}
Event: 1.093 GC heap before
{Heap before GC invocations=2 (full 0):
 PSYoungGen      total 38400K, used 38376K [0x00000000d5f80000, 0x00000000d8a00000, 0x0000000100000000)
  eden space 33280K, 100% used [0x00000000d5f80000,0x00000000d8000000,0x00000000d8000000)
  from space 5120K, 99% used [0x00000000d8000000,0x00000000d84fa328,0x00000000d8500000)
  to   space 5120K, 0% used [0x00000000d8500000,0x00000000d8500000,0x00000000d8a00000)
 ParOldGen       total 87552K, used 99K [0x0000000081e00000, 0x0000000087380000, 0x00000000d5f80000)
  object space 87552K, 0% used [0x0000000081e00000,0x0000000081e18d48,0x0000000087380000)
 Metaspace       used 12226K, capacity 12416K, committed 12672K, reserved 1060864K
  class space    used 1539K, capacity 1604K, committed 1664K, reserved 1048576K
Event: 1.098 GC heap after
Heap after GC invocations=2 (full 0):
 PSYoungGen      total 38400K, used 5089K [0x00000000d5f80000, 0x00000000daa80000, 0x0000000100000000)
  eden space 33280K, 0% used [0x00000000d5f80000,0x00000000d5f80000,0x00000000d8000000)
  from space 5120K, 99% used [0x00000000d8500000,0x00000000d89f8590,0x00000000d8a00000)
  to   space 5120K, 0% used [0x00000000d8000000,0x00000000d8000000,0x00000000d8500000)
 ParOldGen       total 87552K, used 2265K [0x0000000081e00000, 0x0000000087380000, 0x00000000d5f80000)
  object space 87552K, 2% used [0x0000000081e00000,0x0000000082036798,0x0000000087380000)
 Metaspace       used 12226K, capacity 12416K, committed 12672K, reserved 1060864K
  class space    used 1539K, capacity 1604K, committed 1664K, reserved 1048576K
}
Event: 1.494 GC heap before
{Heap before GC invocations=3 (full 0):
 PSYoungGen      total 38400K, used 38369K [0x00000000d5f80000, 0x00000000daa80000, 0x0000000100000000)
  eden space 33280K, 100% used [0x00000000d5f80000,0x00000000d8000000,0x00000000d8000000)
  from space 5120K, 99% used [0x00000000d8500000,0x00000000d89f8590,0x00000000d8a00000)
  to   space 5120K, 0% used [0x00000000d8000000,0x00000000d8000000,0x00000000d8500000)
 ParOldGen       total 87552K, used 2265K [0x0000000081e00000, 0x0000000087380000, 0x00000000d5f80000)
  object space 87552K, 2% used [0x0000000081e00000,0x0000000082036798,0x0000000087380000)
 Metaspace       used 15153K, capacity 15354K, committed 15616K, reserved 1062912K
  class space    used 1868K, capacity 1971K, committed 2048K, reserved 1048576K
Event: 1.499 GC heap after
Heap after GC invocations=3 (full 0):
 PSYoungGen      total 38400K, used 5088K [0x00000000d5f80000, 0x00000000daa80000, 0x0000000100000000)
  eden space 33280K, 0% used [0x00000000d5f80000,0x00000000d5f80000,0x00000000d8000000)
  from space 5120K, 99% used [0x00000000d8000000,0x00000000d84f8040,0x00000000d8500000)
  to   space 5120K, 0% used [0x00000000da580000,0x00000000da580000,0x00000000daa80000)
 ParOldGen       total 87552K, used 5139K [0x0000000081e00000, 0x0000000087380000, 0x00000000d5f80000)
  object space 87552K, 5% used [0x0000000081e00000,0x0000000082304ce0,0x0000000087380000)
 Metaspace       used 15153K, capacity 15354K, committed 15616K, reserved 1062912K
  class space    used 1868K, capacity 1971K, committed 2048K, reserved 1048576K
}
Event: 1.737 GC heap before
{Heap before GC invocations=4 (full 0):
 PSYoungGen      total 38400K, used 38368K [0x00000000d5f80000, 0x00000000daa80000, 0x0000000100000000)
  eden space 33280K, 100% used [0x00000000d5f80000,0x00000000d8000000,0x00000000d8000000)
  from space 5120K, 99% used [0x00000000d8000000,0x00000000d84f8040,0x00000000d8500000)
  to   space 5120K, 0% used [0x00000000da580000,0x00000000da580000,0x00000000daa80000)
 ParOldGen       total 87552K, used 5139K [0x0000000081e00000, 0x0000000087380000, 0x00000000d5f80000)
  object space 87552K, 5% used [0x0000000081e00000,0x0000000082304ce0,0x0000000087380000)
 Metaspace       used 15430K, capacity 15704K, committed 15872K, reserved 1062912K
  class space    used 1871K, capacity 1976K, committed 2048K, reserved 1048576K
Event: 1.742 GC heap after
Heap after GC invocations=4 (full 0):
 PSYoungGen      total 71680K, used 5104K [0x00000000d5f80000, 0x00000000daa80000, 0x0000000100000000)
  eden space 66560K, 0% used [0x00000000d5f80000,0x00000000d5f80000,0x00000000da080000)
  from space 5120K, 99% used [0x00000000da580000,0x00000000daa7c030,0x00000000daa80000)
  to   space 5120K, 0% used [0x00000000da080000,0x00000000da080000,0x00000000da580000)
 ParOldGen       total 87552K, used 7179K [0x0000000081e00000, 0x0000000087380000, 0x00000000d5f80000)
  object space 87552K, 8% used [0x0000000081e00000,0x0000000082502ce0,0x0000000087380000)
 Metaspace       used 15430K, capacity 15704K, committed 15872K, reserved 1062912K
  class space    used 1871K, capacity 1976K, committed 2048K, reserved 1048576K
}
Event: 2.193 GC heap before
{Heap before GC invocations=5 (full 0):
 PSYoungGen      total 71680K, used 71664K [0x00000000d5f80000, 0x00000000daa80000, 0x0000000100000000)
  eden space 66560K, 100% used [0x00000000d5f80000,0x00000000da080000,0x00000000da080000)
  from space 5120K, 99% used [0x00000000da580000,0x00000000daa7c030,0x00000000daa80000)
  to   space 5120K, 0% used [0x00000000da080000,0x00000000da080000,0x00000000da580000)
 ParOldGen       total 87552K, used 7179K [0x0000000081e00000, 0x0000000087380000, 0x00000000d5f80000)
  object space 87552K, 8% used [0x0000000081e00000,0x0000000082502ce0,0x0000000087380000)
 Metaspace       used 16022K, capacity 16234K, committed 16384K, reserved 1062912K
  class space    used 1890K, capacity 1979K, committed 2048K, reserved 1048576K

Deoptimization events (10 events):
Event: 1.746 Thread 0x000000000295e800 Uncommon trap: reason=class_check action=maybe_recompile pc=0x00000000033f2c70 method=java.util.regex.Pattern$CharProperty$1.isSatisfiedBy(I)Z @ 5
Event: 1.746 Thread 0x000000000295e800 Uncommon trap: reason=bimorphic action=maybe_recompile pc=0x000000000344c46c method=java.util.regex.Pattern$BmpCharProperty.match(Ljava/util/regex/Matcher;ILjava/lang/CharSequence;)Z @ 16
Event: 1.746 Thread 0x000000000295e800 Uncommon trap: reason=bimorphic action=maybe_recompile pc=0x000000000344c46c method=java.util.regex.Pattern$BmpCharProperty.match(Ljava/util/regex/Matcher;ILjava/lang/CharSequence;)Z @ 16
Event: 1.746 Thread 0x000000000295e800 Uncommon trap: reason=bimorphic action=maybe_recompile pc=0x000000000344c46c method=java.util.regex.Pattern$BmpCharProperty.match(Ljava/util/regex/Matcher;ILjava/lang/CharSequence;)Z @ 16
Event: 1.746 Thread 0x000000000295e800 Uncommon trap: reason=bimorphic action=maybe_recompile pc=0x000000000344c46c method=java.util.regex.Pattern$BmpCharProperty.match(Ljava/util/regex/Matcher;ILjava/lang/CharSequence;)Z @ 16
Event: 2.006 Thread 0x000000000295e800 Uncommon trap: reason=bimorphic action=maybe_recompile pc=0x0000000003206a64 method=java.util.regex.Pattern$CharProperty.match(Ljava/util/regex/Matcher;ILjava/lang/CharSequence;)Z @ 37
Event: 2.009 Thread 0x000000000295e800 Uncommon trap: reason=bimorphic action=maybe_recompile pc=0x0000000003206a64 method=java.util.regex.Pattern$CharProperty.match(Ljava/util/regex/Matcher;ILjava/lang/CharSequence;)Z @ 37
Event: 2.009 Thread 0x000000000295e800 Uncommon trap: reason=bimorphic action=maybe_recompile pc=0x0000000003206a64 method=java.util.regex.Pattern$CharProperty.match(Ljava/util/regex/Matcher;ILjava/lang/CharSequence;)Z @ 37
Event: 2.010 Thread 0x000000000295e800 Uncommon trap: reason=bimorphic action=maybe_recompile pc=0x0000000003206a64 method=java.util.regex.Pattern$CharProperty.match(Ljava/util/regex/Matcher;ILjava/lang/CharSequence;)Z @ 37
Event: 2.133 Thread 0x000000000295e800 Uncommon trap: reason=unstable_if action=reinterpret pc=0x0000000003693578 method=org.codehaus.plexus.interpolation.StringSearchInterpolator.interpolate(Ljava/lang/String;Lorg/codehaus/plexus/interpolation/RecursionInterceptor;Ljava/util/Set;)Ljava/lang/S

Classes redefined (0 events):
No events

Internal exceptions (10 events):
Event: 1.163 Thread 0x000000000295e800 Exception <a 'java/lang/NoClassDefFoundError': javax/annotation/Priority> (0x00000000d652fa48) thrown at [C:\re\workspace\8-2-build-windows-amd64-cygwin\jdk8u231\13620\hotspot\src\share\vm\classfile\systemDictionary.cpp, line 199]
Event: 1.252 Thread 0x000000000295e800 Exception <a 'java/lang/NullPointerException'> (0x00000000d6abc3c8) thrown at [C:\re\workspace\8-2-build-windows-amd64-cygwin\jdk8u231\13620\hotspot\src\share\vm\interpreter\linkResolver.cpp, line 1185]
Event: 1.252 Thread 0x000000000295e800 Exception <a 'java/lang/NullPointerException'> (0x00000000d6abc5e0) thrown at [C:\re\workspace\8-2-build-windows-amd64-cygwin\jdk8u231\13620\hotspot\src\share\vm\interpreter\linkResolver.cpp, line 1185]
Event: 1.252 Thread 0x000000000295e800 Exception <a 'java/lang/NullPointerException'> (0x00000000d6abc7f8) thrown at [C:\re\workspace\8-2-build-windows-amd64-cygwin\jdk8u231\13620\hotspot\src\share\vm\interpreter\linkResolver.cpp, line 1185]
Event: 1.253 Thread 0x000000000295e800 Exception <a 'java/lang/NullPointerException'> (0x00000000d6ad2eb8) thrown at [C:\re\workspace\8-2-build-windows-amd64-cygwin\jdk8u231\13620\hotspot\src\share\vm\interpreter\linkResolver.cpp, line 1185]
Event: 1.253 Thread 0x000000000295e800 Exception <a 'java/lang/NullPointerException'> (0x00000000d6ad30d0) thrown at [C:\re\workspace\8-2-build-windows-amd64-cygwin\jdk8u231\13620\hotspot\src\share\vm\interpreter\linkResolver.cpp, line 1185]
Event: 1.253 Thread 0x000000000295e800 Exception <a 'java/lang/NullPointerException'> (0x00000000d6ad32e8) thrown at [C:\re\workspace\8-2-build-windows-amd64-cygwin\jdk8u231\13620\hotspot\src\share\vm\interpreter\linkResolver.cpp, line 1185]
Event: 1.372 Thread 0x000000000295e800 Implicit null exception at 0x000000000308f415 to 0x000000000308f5e5
Event: 1.372 Thread 0x000000000295e800 Implicit null exception at 0x000000000305afaf to 0x000000000305b019
Event: 1.423 Thread 0x000000000295e800 Implicit null exception at 0x00000000032d6f25 to 0x00000000032d80f9

Events (10 events):
Event: 2.054 Thread 0x000000000295e800 DEOPT PACKING pc=0x00000000032d5e22 sp=0x0000000002b7ca30
Event: 2.054 Thread 0x000000000295e800 DEOPT UNPACKING pc=0x0000000002cc7890 sp=0x0000000002b7c798 mode 0
Event: 2.120 loading class com/google/inject/internal/InternalContext$1
Event: 2.120 loading class com/google/inject/internal/InternalContext$1 done
Event: 2.133 Thread 0x000000000295e800 Uncommon trap: trap_request=0xffffff65 fr.pc=0x0000000003693578
Event: 2.133 Thread 0x000000000295e800 DEOPT PACKING pc=0x0000000003693578 sp=0x0000000002b7b3a0
Event: 2.133 Thread 0x000000000295e800 DEOPT UNPACKING pc=0x0000000002cc583b sp=0x0000000002b7b3d8 mode 2
Event: 2.148 Executing VM operation: ForceSafepoint
Event: 2.148 Executing VM operation: ForceSafepoint done
Event: 2.192 Executing VM operation: ParallelGCFailedAllocation


Dynamic libraries:
0x00007ff676f20000 - 0x00007ff676f57000 	C:\Program Files\Java\jre1.8.0_231\bin\javaw.exe
0x00007ffb68ae0000 - 0x00007ffb68cd0000 	C:\Windows\SYSTEM32\ntdll.dll
0x00007ffb679f0000 - 0x00007ffb67aa2000 	C:\Windows\System32\KERNEL32.DLL
0x00007ffb65ee0000 - 0x00007ffb66184000 	C:\Windows\System32\KERNELBASE.dll
0x00007ffb67070000 - 0x00007ffb67113000 	C:\Windows\System32\ADVAPI32.dll
0x00007ffb68a00000 - 0x00007ffb68a9e000 	C:\Windows\System32\msvcrt.dll
0x00007ffb67e70000 - 0x00007ffb67f07000 	C:\Windows\System32\sechost.dll
0x00007ffb67810000 - 0x00007ffb67930000 	C:\Windows\System32\RPCRT4.dll
0x00007ffb67cd0000 - 0x00007ffb67e65000 	C:\Windows\System32\USER32.dll
0x00007ffb65d00000 - 0x00007ffb65d21000 	C:\Windows\System32\win32u.dll
0x00007ffb67f10000 - 0x00007ffb67f36000 	C:\Windows\System32\GDI32.dll
0x00007ffb65b60000 - 0x00007ffb65cf6000 	C:\Windows\System32\gdi32full.dll
0x00007ffb66190000 - 0x00007ffb6622e000 	C:\Windows\System32\msvcp_win.dll
0x00007ffb65a60000 - 0x00007ffb65b5a000 	C:\Windows\System32\ucrtbase.dll
0x00007ffb64e30000 - 0x00007ffb650b4000 	C:\Windows\WinSxS\amd64_microsoft.windows.common-controls_6595b64144ccf1df_6.0.18362.1016_none_9e7a36bbe461dae4\COMCTL32.dll
0x00007ffb68490000 - 0x00007ffb687c5000 	C:\Windows\System32\combase.dll
0x00007ffb662d0000 - 0x00007ffb66350000 	C:\Windows\System32\bcryptPrimitives.dll
0x00007ffb68900000 - 0x00007ffb6892e000 	C:\Windows\System32\IMM32.DLL
0x000000006a530000 - 0x000000006a602000 	C:\Program Files\Java\jre1.8.0_231\bin\msvcr100.dll
0x000000006a6f0000 - 0x000000006af96000 	C:\Program Files\Java\jre1.8.0_231\bin\server\jvm.dll
0x00007ffb67f40000 - 0x00007ffb67f48000 	C:\Windows\System32\PSAPI.DLL
0x00007ffb61820000 - 0x00007ffb61844000 	C:\Windows\SYSTEM32\WINMM.dll
0x00007ffb64360000 - 0x00007ffb64369000 	C:\Windows\SYSTEM32\WSOCK32.dll
0x00007ffb63c10000 - 0x00007ffb63c1a000 	C:\Windows\SYSTEM32\VERSION.dll
0x00007ffb67f50000 - 0x00007ffb67fbf000 	C:\Windows\System32\WS2_32.dll
0x00007ffb617f0000 - 0x00007ffb6181d000 	C:\Windows\SYSTEM32\WINMMBASE.dll
0x00007ffb66230000 - 0x00007ffb6627a000 	C:\Windows\System32\cfgmgr32.dll
0x00007ffb64350000 - 0x00007ffb6435f000 	C:\Program Files\Java\jre1.8.0_231\bin\verify.dll
0x00007ffb641e0000 - 0x00007ffb64209000 	C:\Program Files\Java\jre1.8.0_231\bin\java.dll
0x00007ffb5e170000 - 0x00007ffb5e186000 	C:\Program Files\Java\jre1.8.0_231\bin\zip.dll
0x00007ffb67120000 - 0x00007ffb67807000 	C:\Windows\System32\SHELL32.dll
0x00007ffb67940000 - 0x00007ffb679e9000 	C:\Windows\System32\shcore.dll
0x00007ffb66350000 - 0x00007ffb66ad2000 	C:\Windows\System32\windows.storage.dll
0x00007ffb659f0000 - 0x00007ffb65a13000 	C:\Windows\System32\profapi.dll
0x00007ffb659a0000 - 0x00007ffb659ea000 	C:\Windows\System32\powrprof.dll
0x00007ffb65990000 - 0x00007ffb659a0000 	C:\Windows\System32\UMPDC.dll
0x00007ffb67fc0000 - 0x00007ffb68012000 	C:\Windows\System32\shlwapi.dll
0x00007ffb65a20000 - 0x00007ffb65a31000 	C:\Windows\System32\kernel.appcore.dll
0x00007ffb66280000 - 0x00007ffb66297000 	C:\Windows\System32\cryptsp.dll
0x00007ffb64680000 - 0x00007ffb646b3000 	C:\Windows\system32\rsaenh.dll
0x00007ffb662a0000 - 0x00007ffb662c6000 	C:\Windows\System32\bcrypt.dll
0x00007ffb658b0000 - 0x00007ffb658d5000 	C:\Windows\SYSTEM32\USERENV.dll
0x00007ffb64ce0000 - 0x00007ffb64cec000 	C:\Windows\SYSTEM32\CRYPTBASE.dll
0x00007ffb5e150000 - 0x00007ffb5e16a000 	C:\Program Files\Java\jre1.8.0_231\bin\net.dll
0x00007ffb64b10000 - 0x00007ffb64b77000 	C:\Windows\system32\mswsock.dll
0x00007ffb64820000 - 0x00007ffb6485a000 	C:\Windows\SYSTEM32\IPHLPAPI.DLL
0x00007ffb67930000 - 0x00007ffb67938000 	C:\Windows\System32\NSI.dll
0x00007ffb5c670000 - 0x00007ffb5c686000 	C:\Windows\SYSTEM32\dhcpcsvc6.DLL
0x00007ffb5ccd0000 - 0x00007ffb5ccec000 	C:\Windows\SYSTEM32\dhcpcsvc.DLL
0x00007ffb64860000 - 0x00007ffb6492b000 	C:\Windows\SYSTEM32\DNSAPI.dll
0x00007ffb5b770000 - 0x00007ffb5b782000 	C:\Program Files\Java\jre1.8.0_231\bin\nio.dll
0x00007ffb64190000 - 0x00007ffb6419a000 	C:\Users\Dell\AppData\Local\Temp\jansi-1.17-1783991865280942422.dll
0x00007ffb64180000 - 0x00007ffb6418a000 	C:\Users\Dell\AppData\Local\Temp\jansi-1.17-1646185200569425250.dll
0x00007ffb65450000 - 0x00007ffb65644000 	C:\Windows\SYSTEM32\dbghelp.dll

VM Arguments:
jvm_args: -Dmaven.home=EMBEDDED -Dclassworlds.conf=D:\workspace_new\.metadata\.plugins\org.eclipse.m2e.launching\launches\m2conf2394678320247974759.tmp -Dmaven.multiModuleProjectDirectory=D:\workspace_new\LivingTree_TestAutomation_chinmoy -Dfile.encoding=Cp1252 
java_command: org.codehaus.plexus.classworlds.launcher.Launcher -B test
java_class_path (initial): D:\eclipse 2018-09\eclipse\plugins\org.eclipse.m2e.maven.runtime_1.9.1.20180912-1600\jars\plexus-classworlds-2.5.2.jar
Launcher Type: SUN_STANDARD

Environment Variables:
JAVA_HOME=C:\Program Files\Java\jdk1.8.0_231
PATH=C:/Program Files/Java/jre1.8.0_231/bin/server;C:/Program Files/Java/jre1.8.0_231/bin;C:/Program Files/Java/jre1.8.0_231/lib/amd64;C:\Python27\;C:\Python27\Scripts;C:\Program Files (x86)\Common Files\Oracle\Java\javapath;C:\Windows\system32;C:\Windows;C:\Windows\System32\Wbem;C:\Windows\System32\WindowsPowerShell\v1.0\;C:\Windows\System32\OpenSSH\;C:\Program Files\Java\jdk1.8.0_231\bin;C:\apache-maven-3.6.2\bin;C:\Users\Dell\AppData\Local\Android\Sdk\tools\bin;C:\Users\Dell\AppData\Local\Android\Sdk\tools;C:\Users\Dell\AppData\Local\Android\Sdk\platform-tools;C:\Program Files\nodejs\;C:\ProgramData\chocolatey\bin;C:\Program Files\nodejs\node_modules\npm\bin;C:\Program Files\Git\cmd;C:\Program Files\PuTTY\;C:\Users\Dell\AppData\Local\Microsoft\WindowsApps;C:\Users\Dell\AppData\Roaming\npm;D:\eclipse 2018-09\eclipse;
USERNAME=Dell
OS=Windows_NT
PROCESSOR_IDENTIFIER=Intel64 Family 6 Model 142 Stepping 12, GenuineIntel



---------------  S Y S T E M  ---------------

OS: Windows 10.0 , 64 bit Build 18362 (10.0.18362.959)

CPU:total 8 (initial active 8) (4 cores per cpu, 2 threads per core) family 6 model 142 stepping 12, cmov, cx8, fxsr, mmx, sse, sse2, sse3, ssse3, sse4.1, sse4.2, popcnt, avx, avx2, aes, clmul, erms, 3dnowpref, lzcnt, ht, tsc, tscinvbit, bmi1, bmi2, adx

Memory: 4k page, physical 8259292k(3143960k free), swap 16647900k(10883304k free)

vm_info: Java HotSpot(TM) 64-Bit Server VM (25.231-b11) for windows-amd64 JRE (1.8.0_231-b11), built on Oct  5 2019 03:11:30 by "java_re" with MS VC++ 10.0 (VS2010)

time: Tue Sep 08 12:03:13 2020
timezone: India Standard Time
elapsed time: 2 seconds (0d 0h 0m 2s)

