#
# A fatal error has been detected by the Java Runtime Environment:
#
#  EXCEPTION_ACCESS_VIOLATION (0xc0000005) at pc=0x000000000288c6f4, pid=10856, tid=0x0000000000003254
#
# JRE version: Java(TM) SE Runtime Environment (8.0_231-b11) (build 1.8.0_231-b11)
# Java VM: Java HotSpot(TM) 64-Bit Server VM (25.231-b11 mixed mode windows-amd64 compressed oops)
# Problematic frame:
# J 823 C1 java.lang.Class.privateGetDeclaredMethods(Z)[Ljava/lang/reflect/Method; (67 bytes) @ 0x000000000288c6f4 [0x000000000288c4c0+0x234]
#
# Failed to write core dump. Minidumps are not enabled by default on client versions of Windows
#
# If you would like to submit a bug report, please visit:
#   http://bugreport.java.com/bugreport/crash.jsp
#

---------------  T H R E A D  ---------------

Current thread (0x000000000244b000):  JavaThread "Forwarding findElement on session 7392a7e99eee7270c5ff76232c2b5ebe to remote" [_thread_in_Java, id=12884, stack(0x0000000002340000,0x0000000002440000)]

siginfo: ExceptionCode=0xc0000005, reading address 0x000000801ceffa40

Registers:
RAX=0x000000008248bad8, RBX=0x00000000000001d8, RCX=0x0000000000002907, RDX=0x0000000000000138
RSP=0x000000000243d900, RBP=0x000000000243d9e8, RSI=0x000000008248bad8, RDI=0x00000000171a6a00
R8 =0x000000801ceff908, R9 =0x0000000000000000, R10=0x00000000519b8730, R11=0x000000000288c4e0
R12=0x0000000000000000, R13=0x000000000243d998, R14=0x000000000243da48, R15=0x000000000244b000
RIP=0x000000000288c6f4, EFLAGS=0x0000000000010206

Top of Stack: (sp=0x000000000243d900)
0x000000000243d900:   000000000243dac0 0000000003060914
0x000000000243d910:   000000001ecfe748 0000000000000000
0x000000000243d920:   000000001ecfe410 0000000000000000
0x000000000243d930:   000000000243d950 000000000243dac0
0x000000000243d940:   000000000243dac0 00000000030240dc
0x000000000243d950:   000000008248ba00 0000000000000001
0x000000000243d960:   0000000000000000 0000000000000000
0x000000000243d970:   0000000000000000 00000000d88e21b0
0x000000000243d980:   000000000243d9e8 00000000025480e0
0x000000000243d990:   00000000025480e0 0000000000000001
0x000000000243d9a0:   000000008248ba00 000000000243d9a8
0x000000000243d9b0:   0000000016ad0142 000000000243da48
0x000000000243d9c0:   0000000016b7ac88 000000001f07b960
0x000000000243d9d0:   0000000016ad01d8 000000000243d998
0x000000000243d9e0:   000000000243da50 000000000243dbd8
0x000000000243d9f0:   0000000002fad834 0000000000000000 

Instructions: (pc=0x000000000288c6f4)
0x000000000288c6d4:   ef 1c 80 00 00 00 48 ba 28 01 00 00 00 00 00 00
0x000000000288c6e4:   0f 84 0a 00 00 00 48 ba 38 01 00 00 00 00 00 00
0x000000000288c6f4:   49 8b 34 10 48 8d 76 01 49 89 34 10 0f 85 0f 00
0x000000000288c704:   00 00 48 89 44 24 60 44 8b 44 24 58 e9 99 00 00 


Register to memory mapping:

RAX=0x000000008248bad8 is an oop
java.lang.Class$ReflectionData 
 - klass: 'java/lang/Class$ReflectionData'
RBX=0x00000000000001d8 is an unknown value
RCX=0x0000000000002907 is an unknown value
RDX=0x0000000000000138 is an unknown value
RSP=0x000000000243d900 is pointing into the stack for thread: 0x000000000244b000
RBP=0x000000000243d9e8 is pointing into the stack for thread: 0x000000000244b000
RSI=0x000000008248bad8 is an oop
java.lang.Class$ReflectionData 
 - klass: 'java/lang/Class$ReflectionData'
RDI=0x00000000171a6a00 is pointing into metadata
R8 =0x000000801ceff908 is an unknown value
R9 =0x0000000000000000 is an unknown value
R10=0x00000000519b8730 is an unknown value
R11=0x000000000288c4e0 is at entry_point+32 in (nmethod*)0x000000000288c2d0
R12=0x0000000000000000 is an unknown value
R13=0x000000000243d998 is pointing into the stack for thread: 0x000000000244b000
R14=0x000000000243da48 is pointing into the stack for thread: 0x000000000244b000
R15=0x000000000244b000 is a thread


Stack: [0x0000000002340000,0x0000000002440000],  sp=0x000000000243d900,  free space=1014k
Native frames: (J=compiled Java code, j=interpreted, Vv=VM code, C=native code)
C  0x000000000288c6f4


---------------  P R O C E S S  ---------------

Java Threads: ( => current thread )
  0x000000001bf86800 JavaThread "AWT-Windows" daemon [_thread_in_native, id=12296, stack(0x000000001f660000,0x000000001f760000)]
  0x000000001bf85000 JavaThread "Java2D Disposer" daemon [_thread_blocked, id=11208, stack(0x000000001e960000,0x000000001ea60000)]
  0x000000001af5f000 JavaThread "Exec Stream Pumper" daemon [_thread_in_native, id=15052, stack(0x000000001eb60000,0x000000001ec60000)]
  0x000000001ce5e000 JavaThread "Exec Stream Pumper" daemon [_thread_in_native, id=6364, stack(0x000000001ea60000,0x000000001eb60000)]
  0x000000001c806800 JavaThread "Exec Default Executor" daemon [_thread_in_native, id=14672, stack(0x000000001d060000,0x000000001d160000)]
  0x000000001a9a4000 JavaThread "ReaderThread" [_thread_in_native, id=2504, stack(0x000000001bd90000,0x000000001be90000)]
  0x000000001934e000 JavaThread "Service Thread" daemon [_thread_blocked, id=4916, stack(0x0000000019f80000,0x000000001a080000)]
  0x00000000192b9000 JavaThread "C1 CompilerThread3" daemon [_thread_blocked, id=12876, stack(0x0000000019e80000,0x0000000019f80000)]
  0x00000000192b3000 JavaThread "C2 CompilerThread2" daemon [_thread_blocked, id=13496, stack(0x0000000019d80000,0x0000000019e80000)]
  0x00000000192af000 JavaThread "C2 CompilerThread1" daemon [_thread_blocked, id=3148, stack(0x0000000019c80000,0x0000000019d80000)]
  0x00000000192ac800 JavaThread "C2 CompilerThread0" daemon [_thread_blocked, id=8972, stack(0x0000000019b80000,0x0000000019c80000)]
  0x00000000192a6800 JavaThread "Attach Listener" daemon [_thread_blocked, id=13856, stack(0x0000000019a80000,0x0000000019b80000)]
  0x00000000192a5800 JavaThread "Signal Dispatcher" daemon [_thread_blocked, id=13872, stack(0x0000000019980000,0x0000000019a80000)]
  0x00000000174b7800 JavaThread "Finalizer" daemon [_thread_blocked, id=14852, stack(0x0000000019770000,0x0000000019870000)]
  0x00000000174b0800 JavaThread "Reference Handler" daemon [_thread_blocked, id=13816, stack(0x0000000019670000,0x0000000019770000)]
=>0x000000000244b000 JavaThread "Forwarding findElement on session 7392a7e99eee7270c5ff76232c2b5ebe to remote" [_thread_in_Java, id=12884, stack(0x0000000002340000,0x0000000002440000)]

Other Threads:
  0x00000000174a7000 VMThread [stack: 0x0000000019170000,0x0000000019270000] [id=13828]
  0x0000000019369000 WatcherThread [stack: 0x000000001a080000,0x000000001a180000] [id=7212]

VM state:not at safepoint (normal execution)

VM Mutex/Monitor currently owned by a thread: None

heap address: 0x0000000081e00000, size: 2018 MB, Compressed Oops mode: 32-bit
Narrow klass base: 0x0000000000000000, Narrow klass shift: 3
Compressed class space size: 1073741824 Address: 0x0000000100000000

Heap:
 PSYoungGen      total 71680K, used 42767K [0x00000000d5f80000, 0x00000000df780000, 0x0000000100000000)
  eden space 66560K, 64% used [0x00000000d5f80000,0x00000000d8943d48,0x00000000da080000)
  from space 5120K, 0% used [0x00000000da080000,0x00000000da080000,0x00000000da580000)
  to   space 11264K, 0% used [0x00000000dec80000,0x00000000dec80000,0x00000000df780000)
 ParOldGen       total 67584K, used 9655K [0x0000000081e00000, 0x0000000086000000, 0x00000000d5f80000)
  object space 67584K, 14% used [0x0000000081e00000,0x000000008276dd90,0x0000000086000000)
 Metaspace       used 26296K, capacity 26702K, committed 27008K, reserved 1073152K
  class space    used 3240K, capacity 3403K, committed 3456K, reserved 1048576K

Card table byte_map: [0x0000000011900000,0x0000000011d00000] byte_map_base: 0x00000000114f1000

Marking Bits: (ParMarkBitMap*) 0x00000000519d6d90
 Begin Bits: [0x00000000127b0000, 0x0000000014738000)
 End Bits:   [0x0000000014738000, 0x00000000166c0000)

Polling page: 0x00000000021c0000

CodeCache: size=245760Kb used=11730Kb max_used=11730Kb free=234029Kb
 bounds [0x0000000002540000, 0x00000000030c0000, 0x0000000011540000]
 total_blobs=3863 nmethods=3362 adapters=413
 compilation: enabled

Compilation events (10 events):
Event: 87.196 Thread 0x00000000192b9000 3397       3       java.nio.Buffer::clear (20 bytes)
Event: 87.197 Thread 0x00000000192b9000 nmethod 3397 0x00000000030b5c90 code [0x00000000030b5de0, 0x00000000030b5f50]
Event: 89.200 Thread 0x00000000192b9000 3398   !   3       java.util.Formatter::format (271 bytes)
Event: 89.203 Thread 0x00000000192b9000 nmethod 3398 0x00000000030b5fd0 code [0x00000000030b6280, 0x00000000030b7368]
Event: 89.251 Thread 0x00000000192b9000 3399       3       com.google.common.base.CharMatcher::matchesAllOf (37 bytes)
Event: 89.251 Thread 0x00000000192b9000 nmethod 3399 0x00000000030b8010 code [0x00000000030b81a0, 0x00000000030b8648]
Event: 89.251 Thread 0x00000000192b9000 3400       3       com.google.gson.JsonPrimitive::isPrimitiveOrString (55 bytes)
Event: 89.252 Thread 0x00000000192b9000 nmethod 3400 0x00000000030b8790 code [0x00000000030b8920, 0x00000000030b8e28]
Event: 89.252 Thread 0x00000000192b9000 3401       3       com.google.gson.JsonElement::getAsJsonObject (39 bytes)
Event: 89.252 Thread 0x00000000192b9000 nmethod 3401 0x00000000030b8fd0 code [0x00000000030b91e0, 0x00000000030b9f08]

GC Heap History (10 events):
Event: 0.875 GC heap before
{Heap before GC invocations=2 (full 0):
 PSYoungGen      total 38400K, used 38373K [0x00000000d5f80000, 0x00000000d8a00000, 0x0000000100000000)
  eden space 33280K, 100% used [0x00000000d5f80000,0x00000000d8000000,0x00000000d8000000)
  from space 5120K, 99% used [0x00000000d8000000,0x00000000d84f94d0,0x00000000d8500000)
  to   space 5120K, 0% used [0x00000000d8500000,0x00000000d8500000,0x00000000d8a00000)
 ParOldGen       total 87552K, used 615K [0x0000000081e00000, 0x0000000087380000, 0x00000000d5f80000)
  object space 87552K, 0% used [0x0000000081e00000,0x0000000081e99c10,0x0000000087380000)
 Metaspace       used 11639K, capacity 11772K, committed 11904K, reserved 1060864K
  class space    used 1326K, capacity 1364K, committed 1408K, reserved 1048576K
Event: 0.877 GC heap after
Heap after GC invocations=2 (full 0):
 PSYoungGen      total 38400K, used 4995K [0x00000000d5f80000, 0x00000000d8a00000, 0x0000000100000000)
  eden space 33280K, 0% used [0x00000000d5f80000,0x00000000d5f80000,0x00000000d8000000)
  from space 5120K, 97% used [0x00000000d8500000,0x00000000d89e0da8,0x00000000d8a00000)
  to   space 5120K, 0% used [0x00000000d8000000,0x00000000d8000000,0x00000000d8500000)
 ParOldGen       total 87552K, used 631K [0x0000000081e00000, 0x0000000087380000, 0x00000000d5f80000)
  object space 87552K, 0% used [0x0000000081e00000,0x0000000081e9dc28,0x0000000087380000)
 Metaspace       used 11639K, capacity 11772K, committed 11904K, reserved 1060864K
  class space    used 1326K, capacity 1364K, committed 1408K, reserved 1048576K
}
Event: 1.087 GC heap before
{Heap before GC invocations=3 (full 0):
 PSYoungGen      total 38400K, used 38275K [0x00000000d5f80000, 0x00000000d8a00000, 0x0000000100000000)
  eden space 33280K, 100% used [0x00000000d5f80000,0x00000000d8000000,0x00000000d8000000)
  from space 5120K, 97% used [0x00000000d8500000,0x00000000d89e0da8,0x00000000d8a00000)
  to   space 5120K, 0% used [0x00000000d8000000,0x00000000d8000000,0x00000000d8500000)
 ParOldGen       total 87552K, used 631K [0x0000000081e00000, 0x0000000087380000, 0x00000000d5f80000)
  object space 87552K, 0% used [0x0000000081e00000,0x0000000081e9dc28,0x0000000087380000)
 Metaspace       used 13941K, capacity 14050K, committed 14208K, reserved 1062912K
  class space    used 1625K, capacity 1653K, committed 1664K, reserved 1048576K
Event: 1.092 GC heap after
Heap after GC invocations=3 (full 0):
 PSYoungGen      total 38400K, used 5109K [0x00000000d5f80000, 0x00000000daa80000, 0x0000000100000000)
  eden space 33280K, 0% used [0x00000000d5f80000,0x00000000d5f80000,0x00000000d8000000)
  from space 5120K, 99% used [0x00000000d8000000,0x00000000d84fd510,0x00000000d8500000)
  to   space 5120K, 0% used [0x00000000da580000,0x00000000da580000,0x00000000daa80000)
 ParOldGen       total 87552K, used 2873K [0x0000000081e00000, 0x0000000087380000, 0x00000000d5f80000)
  object space 87552K, 3% used [0x0000000081e00000,0x00000000820ce7c0,0x0000000087380000)
 Metaspace       used 13941K, capacity 14050K, committed 14208K, reserved 1062912K
  class space    used 1625K, capacity 1653K, committed 1664K, reserved 1048576K
}
Event: 1.362 GC heap before
{Heap before GC invocations=4 (full 0):
 PSYoungGen      total 38400K, used 38389K [0x00000000d5f80000, 0x00000000daa80000, 0x0000000100000000)
  eden space 33280K, 100% used [0x00000000d5f80000,0x00000000d8000000,0x00000000d8000000)
  from space 5120K, 99% used [0x00000000d8000000,0x00000000d84fd510,0x00000000d8500000)
  to   space 5120K, 0% used [0x00000000da580000,0x00000000da580000,0x00000000daa80000)
 ParOldGen       total 87552K, used 2873K [0x0000000081e00000, 0x0000000087380000, 0x00000000d5f80000)
  object space 87552K, 3% used [0x0000000081e00000,0x00000000820ce7c0,0x0000000087380000)
 Metaspace       used 15620K, capacity 15740K, committed 16000K, reserved 1062912K
  class space    used 1826K, capacity 1860K, committed 1920K, reserved 1048576K
Event: 1.366 GC heap after
Heap after GC invocations=4 (full 0):
 PSYoungGen      total 71680K, used 5093K [0x00000000d5f80000, 0x00000000daa80000, 0x0000000100000000)
  eden space 66560K, 0% used [0x00000000d5f80000,0x00000000d5f80000,0x00000000da080000)
  from space 5120K, 99% used [0x00000000da580000,0x00000000daa79520,0x00000000daa80000)
  to   space 5120K, 0% used [0x00000000da080000,0x00000000da080000,0x00000000da580000)
 ParOldGen       total 87552K, used 5897K [0x0000000081e00000, 0x0000000087380000, 0x00000000d5f80000)
  object space 87552K, 6% used [0x0000000081e00000,0x00000000823c2740,0x0000000087380000)
 Metaspace       used 15620K, capacity 15740K, committed 16000K, reserved 1062912K
  class space    used 1826K, capacity 1860K, committed 1920K, reserved 1048576K
}
Event: 2.349 GC heap before
{Heap before GC invocations=5 (full 0):
 PSYoungGen      total 71680K, used 53931K [0x00000000d5f80000, 0x00000000daa80000, 0x0000000100000000)
  eden space 66560K, 73% used [0x00000000d5f80000,0x00000000d8f319f0,0x00000000da080000)
  from space 5120K, 99% used [0x00000000da580000,0x00000000daa79520,0x00000000daa80000)
  to   space 5120K, 0% used [0x00000000da080000,0x00000000da080000,0x00000000da580000)
 ParOldGen       total 87552K, used 5897K [0x0000000081e00000, 0x0000000087380000, 0x00000000d5f80000)
  object space 87552K, 6% used [0x0000000081e00000,0x00000000823c2740,0x0000000087380000)
 Metaspace       used 20918K, capacity 21164K, committed 21296K, reserved 1069056K
  class space    used 2534K, capacity 2656K, committed 2688K, reserved 1048576K
Event: 2.355 GC heap after
Heap after GC invocations=5 (full 0):
 PSYoungGen      total 71680K, used 5109K [0x00000000d5f80000, 0x00000000df780000, 0x0000000100000000)
  eden space 66560K, 0% used [0x00000000d5f80000,0x00000000d5f80000,0x00000000da080000)
  from space 5120K, 99% used [0x00000000da080000,0x00000000da57d570,0x00000000da580000)
  to   space 11264K, 0% used [0x00000000dec80000,0x00000000dec80000,0x00000000df780000)
 ParOldGen       total 87552K, used 11290K [0x0000000081e00000, 0x0000000087380000, 0x00000000d5f80000)
  object space 87552K, 12% used [0x0000000081e00000,0x0000000082906b58,0x0000000087380000)
 Metaspace       used 20918K, capacity 21164K, committed 21296K, reserved 1069056K
  class space    used 2534K, capacity 2656K, committed 2688K, reserved 1048576K
}
Event: 2.355 GC heap before
{Heap before GC invocations=6 (full 1):
 PSYoungGen      total 71680K, used 5109K [0x00000000d5f80000, 0x00000000df780000, 0x0000000100000000)
  eden space 66560K, 0% used [0x00000000d5f80000,0x00000000d5f80000,0x00000000da080000)
  from space 5120K, 99% used [0x00000000da080000,0x00000000da57d570,0x00000000da580000)
  to   space 11264K, 0% used [0x00000000dec80000,0x00000000dec80000,0x00000000df780000)
 ParOldGen       total 87552K, used 11290K [0x0000000081e00000, 0x0000000087380000, 0x00000000d5f80000)
  object space 87552K, 12% used [0x0000000081e00000,0x0000000082906b58,0x0000000087380000)
 Metaspace       used 20918K, capacity 21164K, committed 21296K, reserved 1069056K
  class space    used 2534K, capacity 2656K, committed 2688K, reserved 1048576K
Event: 2.384 GC heap after
Heap after GC invocations=6 (full 1):
 PSYoungGen      total 71680K, used 0K [0x00000000d5f80000, 0x00000000df780000, 0x0000000100000000)
  eden space 66560K, 0% used [0x00000000d5f80000,0x00000000d5f80000,0x00000000da080000)
  from space 5120K, 0% used [0x00000000da080000,0x00000000da080000,0x00000000da580000)
  to   space 11264K, 0% used [0x00000000dec80000,0x00000000dec80000,0x00000000df780000)
 ParOldGen       total 67584K, used 9655K [0x0000000081e00000, 0x0000000086000000, 0x00000000d5f80000)
  object space 67584K, 14% used [0x0000000081e00000,0x000000008276dd90,0x0000000086000000)
 Metaspace       used 20918K, capacity 21164K, committed 21296K, reserved 1069056K
  class space    used 2534K, capacity 2656K, committed 2688K, reserved 1048576K
}

Deoptimization events (10 events):
Event: 65.590 Thread 0x000000000244b000 Uncommon trap: reason=unstable_if action=reinterpret pc=0x00000000027ccc00 method=java.util.HashMap.hash(Ljava/lang/Object;)I @ 1
Event: 65.590 Thread 0x000000000244b000 Uncommon trap: reason=class_check action=maybe_recompile pc=0x0000000002e8c674 method=java.util.TreeMap.compare(Ljava/lang/Object;Ljava/lang/Object;)I @ 26
Event: 65.590 Thread 0x000000000244b000 Uncommon trap: reason=bimorphic action=maybe_recompile pc=0x0000000002e8c6cc method=java.util.TreeMap.put(Ljava/lang/Object;Ljava/lang/Object;)Ljava/lang/Object; @ 68
Event: 65.590 Thread 0x000000000244b000 Uncommon trap: reason=bimorphic action=maybe_recompile pc=0x0000000002e8c6cc method=java.util.TreeMap.put(Ljava/lang/Object;Ljava/lang/Object;)Ljava/lang/Object; @ 68
Event: 65.591 Thread 0x000000000244b000 Uncommon trap: reason=predicate action=maybe_recompile pc=0x0000000002eaf5f8 method=java.util.AbstractCollection.addAll(Ljava/util/Collection;)Z @ 18
Event: 65.591 Thread 0x000000000244b000 Uncommon trap: reason=class_check action=maybe_recompile pc=0x0000000002e9c904 method=java.util.HashSet.contains(Ljava/lang/Object;)Z @ 5
Event: 65.591 Thread 0x000000000244b000 Uncommon trap: reason=class_check action=maybe_recompile pc=0x0000000002e9c904 method=java.util.HashSet.contains(Ljava/lang/Object;)Z @ 5
Event: 65.591 Thread 0x000000000244b000 Uncommon trap: reason=class_check action=maybe_recompile pc=0x0000000002e9c904 method=java.util.HashSet.contains(Ljava/lang/Object;)Z @ 5
Event: 65.591 Thread 0x000000000244b000 Uncommon trap: reason=class_check action=maybe_recompile pc=0x0000000002e9c904 method=java.util.HashSet.contains(Ljava/lang/Object;)Z @ 5
Event: 66.599 Thread 0x000000000244b000 Uncommon trap: reason=unstable_if action=reinterpret pc=0x0000000002ee40a4 method=java.io.WinNTFileSystem.prefixLength(Ljava/lang/String;)I @ 42

Classes redefined (0 events):
No events

Internal exceptions (10 events):
Event: 83.985 Thread 0x000000000244b000 Exception <a 'java/net/SocketTimeoutException': Read timed out> (0x00000000d8844ea0) thrown at [C:\re\workspace\8-2-build-windows-amd64-cygwin\jdk8u231\13620\hotspot\src\share\vm\prims\jni.cpp, line 736]
Event: 84.496 Thread 0x000000000244b000 Exception <a 'java/net/SocketTimeoutException': Read timed out> (0x00000000d8858038) thrown at [C:\re\workspace\8-2-build-windows-amd64-cygwin\jdk8u231\13620\hotspot\src\share\vm\prims\jni.cpp, line 736]
Event: 84.507 Thread 0x000000000244b000 Exception <a 'java/net/SocketTimeoutException': Read timed out> (0x00000000d8868e20) thrown at [C:\re\workspace\8-2-build-windows-amd64-cygwin\jdk8u231\13620\hotspot\src\share\vm\prims\jni.cpp, line 736]
Event: 85.576 Thread 0x000000000244b000 Exception <a 'java/net/SocketTimeoutException': Read timed out> (0x00000000d887b978) thrown at [C:\re\workspace\8-2-build-windows-amd64-cygwin\jdk8u231\13620\hotspot\src\share\vm\prims\jni.cpp, line 736]
Event: 85.592 Thread 0x000000000244b000 Exception <a 'java/net/SocketTimeoutException': Read timed out> (0x00000000d888ff20) thrown at [C:\re\workspace\8-2-build-windows-amd64-cygwin\jdk8u231\13620\hotspot\src\share\vm\prims\jni.cpp, line 736]
Event: 85.600 Thread 0x000000000244b000 Exception <a 'java/net/SocketTimeoutException': Read timed out> (0x00000000d88a58d0) thrown at [C:\re\workspace\8-2-build-windows-amd64-cygwin\jdk8u231\13620\hotspot\src\share\vm\prims\jni.cpp, line 736]
Event: 86.130 Thread 0x000000000244b000 Exception <a 'java/net/SocketTimeoutException': Read timed out> (0x00000000d88b8a68) thrown at [C:\re\workspace\8-2-build-windows-amd64-cygwin\jdk8u231\13620\hotspot\src\share\vm\prims\jni.cpp, line 736]
Event: 86.140 Thread 0x000000000244b000 Exception <a 'java/net/SocketTimeoutException': Read timed out> (0x00000000d88c9850) thrown at [C:\re\workspace\8-2-build-windows-amd64-cygwin\jdk8u231\13620\hotspot\src\share\vm\prims\jni.cpp, line 736]
Event: 89.215 Thread 0x000000000244b000 Exception <a 'java/net/SocketTimeoutException': Read timed out> (0x00000000d88dac40) thrown at [C:\re\workspace\8-2-build-windows-amd64-cygwin\jdk8u231\13620\hotspot\src\share\vm\prims\jni.cpp, line 736]
Event: 89.231 Thread 0x000000000244b000 Exception <a 'java/net/SocketTimeoutException': Read timed out> (0x00000000d88db0e0) thrown at [C:\re\workspace\8-2-build-windows-amd64-cygwin\jdk8u231\13620\hotspot\src\share\vm\prims\jni.cpp, line 736]

Events (10 events):
Event: 76.647 Thread 0x00000000192b9000 flushing nmethod 0x00000000026754d0
Event: 76.647 Thread 0x00000000192b9000 flushing nmethod 0x000000000267a4d0
Event: 76.647 Thread 0x00000000192b9000 flushing nmethod 0x0000000002680650
Event: 76.647 Thread 0x00000000192b9000 flushing nmethod 0x0000000002681890
Event: 76.647 Thread 0x00000000192b9000 flushing nmethod 0x00000000026b5b90
Event: 76.647 Thread 0x00000000192b9000 flushing nmethod 0x00000000026f1890
Event: 79.831 loading class org/openqa/selenium/remote/RemoteWebDriver$RemoteTargetLocator
Event: 79.831 loading class org/openqa/selenium/remote/RemoteWebDriver$RemoteTargetLocator done
Event: 79.832 loading class org/openqa/selenium/Alert
Event: 79.832 loading class org/openqa/selenium/Alert done


Dynamic libraries:
0x00007ff6eda10000 - 0x00007ff6eda47000 	C:\Program Files\Java\jdk1.8.0_231\bin\javaw.exe
0x00007ff8fea20000 - 0x00007ff8fec10000 	C:\Windows\SYSTEM32\ntdll.dll
0x00007ff8fe2b0000 - 0x00007ff8fe362000 	C:\Windows\System32\KERNEL32.DLL
0x00007ff8fbbc0000 - 0x00007ff8fbe64000 	C:\Windows\System32\KERNELBASE.dll
0x00007ff8fd280000 - 0x00007ff8fd323000 	C:\Windows\System32\ADVAPI32.dll
0x00007ff8fcad0000 - 0x00007ff8fcb6e000 	C:\Windows\System32\msvcrt.dll
0x00007ff8fd0a0000 - 0x00007ff8fd137000 	C:\Windows\System32\sechost.dll
0x00007ff8fd620000 - 0x00007ff8fd740000 	C:\Windows\System32\RPCRT4.dll
0x00007ff8fdec0000 - 0x00007ff8fe054000 	C:\Windows\System32\USER32.dll
0x00007ff8fc010000 - 0x00007ff8fc031000 	C:\Windows\System32\win32u.dll
0x00007ff8fd740000 - 0x00007ff8fd766000 	C:\Windows\System32\GDI32.dll
0x00007ff8fbe70000 - 0x00007ff8fc006000 	C:\Windows\System32\gdi32full.dll
0x00007ff8fb9c0000 - 0x00007ff8fba5e000 	C:\Windows\System32\msvcp_win.dll
0x00007ff8fbac0000 - 0x00007ff8fbbba000 	C:\Windows\System32\ucrtbase.dll
0x00007ff8fade0000 - 0x00007ff8fb064000 	C:\Windows\WinSxS\amd64_microsoft.windows.common-controls_6595b64144ccf1df_6.0.18362.959_none_e6c7bbbf130c62bb\COMCTL32.dll
0x00007ff8fcba0000 - 0x00007ff8fced5000 	C:\Windows\System32\combase.dll
0x00007ff8fc240000 - 0x00007ff8fc2c0000 	C:\Windows\System32\bcryptPrimitives.dll
0x00007ff8fcb70000 - 0x00007ff8fcb9e000 	C:\Windows\System32\IMM32.DLL
0x0000000051a60000 - 0x0000000051b32000 	C:\Program Files\Java\jdk1.8.0_231\jre\bin\msvcr100.dll
0x00000000511b0000 - 0x0000000051a56000 	C:\Program Files\Java\jdk1.8.0_231\jre\bin\server\jvm.dll
0x00007ff8fd270000 - 0x00007ff8fd278000 	C:\Windows\System32\PSAPI.DLL
0x00007ff8f7c90000 - 0x00007ff8f7cb4000 	C:\Windows\SYSTEM32\WINMM.dll
0x00007ff8f96f0000 - 0x00007ff8f96fa000 	C:\Windows\SYSTEM32\VERSION.dll
0x00007ff8f7300000 - 0x00007ff8f7309000 	C:\Windows\SYSTEM32\WSOCK32.dll
0x00007ff8fd330000 - 0x00007ff8fd39f000 	C:\Windows\System32\WS2_32.dll
0x00007ff8f7c60000 - 0x00007ff8f7c8d000 	C:\Windows\SYSTEM32\WINMMBASE.dll
0x00007ff8fc2c0000 - 0x00007ff8fc30a000 	C:\Windows\System32\cfgmgr32.dll
0x00007ff8fb370000 - 0x00007ff8fb37f000 	C:\Program Files\Java\jdk1.8.0_231\jre\bin\verify.dll
0x00007ff8f6230000 - 0x00007ff8f6259000 	C:\Program Files\Java\jdk1.8.0_231\jre\bin\java.dll
0x00007ff8f95f0000 - 0x00007ff8f9606000 	C:\Program Files\Java\jdk1.8.0_231\jre\bin\zip.dll
0x00007ff8fd7d0000 - 0x00007ff8fdeb6000 	C:\Windows\System32\SHELL32.dll
0x00007ff8fd1c0000 - 0x00007ff8fd269000 	C:\Windows\System32\shcore.dll
0x00007ff8fc340000 - 0x00007ff8fcac2000 	C:\Windows\System32\windows.storage.dll
0x00007ff8fb970000 - 0x00007ff8fb993000 	C:\Windows\System32\profapi.dll
0x00007ff8fb920000 - 0x00007ff8fb96a000 	C:\Windows\System32\powrprof.dll
0x00007ff8fb8d0000 - 0x00007ff8fb8e0000 	C:\Windows\System32\UMPDC.dll
0x00007ff8fe250000 - 0x00007ff8fe2a2000 	C:\Windows\System32\shlwapi.dll
0x00007ff8fb900000 - 0x00007ff8fb911000 	C:\Windows\System32\kernel.appcore.dll
0x00007ff8fb9a0000 - 0x00007ff8fb9b7000 	C:\Windows\System32\cryptsp.dll
0x00007ff8f6210000 - 0x00007ff8f622a000 	C:\Program Files\Java\jdk1.8.0_231\jre\bin\net.dll
0x00007ff8faac0000 - 0x00007ff8fab27000 	C:\Windows\system32\mswsock.dll
0x00007ff8fa820000 - 0x00007ff8fa8eb000 	C:\Windows\SYSTEM32\DNSAPI.dll
0x00007ff8fd090000 - 0x00007ff8fd098000 	C:\Windows\System32\NSI.dll
0x00007ff8fa7d0000 - 0x00007ff8fa80a000 	C:\Windows\SYSTEM32\IPHLPAPI.DLL
0x00007ff8ee680000 - 0x00007ff8ee68a000 	C:\Windows\System32\rasadhlp.dll
0x00007ff8ee780000 - 0x00007ff8ee7f7000 	C:\Windows\System32\fwpuclnt.dll
0x00007ff8fc310000 - 0x00007ff8fc336000 	C:\Windows\System32\bcrypt.dll
0x00007ff8fa630000 - 0x00007ff8fa663000 	C:\Windows\system32\rsaenh.dll
0x00007ff8fb7f0000 - 0x00007ff8fb815000 	C:\Windows\SYSTEM32\USERENV.dll
0x00007ff8fac90000 - 0x00007ff8fac9c000 	C:\Windows\SYSTEM32\CRYPTBASE.dll
0x00007ff8ee710000 - 0x00007ff8ee726000 	C:\Windows\SYSTEM32\dhcpcsvc6.DLL
0x00007ff8ee6f0000 - 0x00007ff8ee70c000 	C:\Windows\SYSTEM32\dhcpcsvc.DLL
0x00007ff8f40a0000 - 0x00007ff8f40b2000 	C:\Program Files\Java\jdk1.8.0_231\jre\bin\nio.dll
0x00007ff8edee0000 - 0x00007ff8edf04000 	C:\Program Files\Java\jdk1.8.0_231\jre\bin\sunec.dll
0x00007ff8fb3a0000 - 0x00007ff8fb3b6000 	C:\Windows\system32\napinsp.dll
0x00007ff8fb380000 - 0x00007ff8fb39a000 	C:\Windows\system32\pnrpnsp.dll
0x00007ff8fb3c0000 - 0x00007ff8fb3ce000 	C:\Windows\System32\winrnr.dll
0x00007ff8f7270000 - 0x00007ff8f728c000 	C:\Windows\system32\NLAapi.dll
0x00007ff8d5900000 - 0x00007ff8d5915000 	C:\Windows\system32\wshbth.dll
0x00007ff8ec7e0000 - 0x00007ff8ec97a000 	C:\Program Files\Java\jdk1.8.0_231\jre\bin\awt.dll
0x00007ff8fe910000 - 0x00007ff8fe9d5000 	C:\Windows\System32\OLEAUT32.dll
0x00007ff8f8bb0000 - 0x00007ff8f8c3f000 	C:\Windows\SYSTEM32\apphelp.dll
0x00007ff8f8d70000 - 0x00007ff8f8e09000 	C:\Windows\system32\uxtheme.dll
0x00007ff8fd4e0000 - 0x00007ff8fd615000 	C:\Windows\System32\MSCTF.dll
0x00007ff8fe0f0000 - 0x00007ff8fe247000 	C:\Windows\System32\ole32.dll
0x00007ff8f90f0000 - 0x00007ff8f911d000 	C:\Windows\system32\DWMAPI.DLL
0x00007ff8cdce0000 - 0x00007ff8cde36000 	C:\Windows\system32\opengl32.dll
0x00007ff8cd800000 - 0x00007ff8cd82c000 	C:\Windows\SYSTEM32\GLU32.dll
0x00007ff8f9ed0000 - 0x00007ff8f9ef0000 	C:\Windows\SYSTEM32\dxcore.dll
0x00007ff8fb3f0000 - 0x00007ff8fb5e4000 	C:\Windows\SYSTEM32\dbghelp.dll

VM Arguments:
jvm_args: -ea -Dfile.encoding=Cp1252 
java_command: org.testng.remote.RemoteTestNG -serport 55455 -protocol json -d C:\LivingTree Workspace\LivingTreeQAAutomation\LivingTree_TestAutomation\test-output C:\Users\Dell\AppData\Local\Temp\testng-eclipse-1151655263\testng-customsuite.xml
java_class_path (initial): D:\eclipse 2018-09\eclipse\configuration\org.eclipse.osgi\999\0\.cp\lib\testng-remote.jar;C:\LivingTree Workspace\LivingTreeQAAutomation\LivingTree_TestAutomation\target\test-classes;C:\LivingTree Workspace\LivingTreeQAAutomation\LivingTree_TestAutomation\target\classes;D:\eclipse 2018-09\eclipse\plugins\org.testng_6.14.3.r201802240500.jar;D:\eclipse 2018-09\eclipse\plugins\com.beust.jcommander_1.72.0.jar;D:\eclipse 2018-09\eclipse\plugins\org.apache-extras.beanshell.bsh_2.0.0.b6.jar;D:\eclipse 2018-09\eclipse\plugins\org.yaml.snakeyaml_1.17.0.jar;C:\Program Files\Java\jdk1.8.0_231\lib\tools.jar;C:\Users\Dell\.m2\repository\org\jenkins-ci\plugins\zephyr-for-jira-test-management\1.4\zephyr-for-jira-test-management-1.4.jar;C:\Users\Dell\.m2\repository\org\jenkins-ci\plugins\junit\1.5\junit-1.5.jar;C:\Users\Dell\.m2\repository\org\apache\commons\commons-lang3\3.0\commons-lang3-3.0.jar;C:\Users\Dell\.m2\repository\com\fasterxml\jackson\core\jackson-databind\2.7.2\jackson-databind-2.7.2.jar;C:\Users\Dell\.m2\repository\org\slf4j\slf4j-api\1.7.19\slf4j-api-1.7.19.jar;C:\Users\Dell\.m2\repository\net\rcarz\jira-client\0.5\jira-client-0.5.jar;C:\Users\Dell\.m2\repository\net\sf\json-lib\json-lib\2.4\json-lib-2.4-jdk15.jar;C:\Users\Dell\.m2\repository\junit\junit\4.8.2\junit-4.8.2.jar;C:\Users\Dell\.m2\repository\org\mockito\mockito-all\1.9.0\mockito-all-1.9.0.jar;C:\Users\Dell\.m2\repository\commons-httpclient\commons-httpclient\3.1\commons-httpclient-3.1.jar;C:\Users\Dell\.m2\repository\com\auth0\java-jwt\3.8.3\java-jwt-3.8.3.jar;C:\Users\Dell\.m2\repository\com\github\bogdanlivadariu\integrations\zapi\0.0.5\zapi-0.0.5.jar;C:\Users\Dell\.m2\repository\com\google\code\gson\gson\2.7\gson-2.7.jar;C:\Users\Dell\.m2\repository\org\apache\logging\log4j\log4j-core\2.3\log4j-core-2.3.jar;C:\Users\Dell\.m2\repository\org\apache\logging\log4j\log4j-api\2.3\log4j-api-2.3.jar;C:\Users\Dell\.m2\repository\org\apache\pdfbox\pdfbox\2.0.17\pdfbox-2.0.17.jar;C:
Launcher Type: SUN_STANDARD

Environment Variables:
JAVA_HOME=C:\Program Files\Java\jdk1.8.0_231
PATH=C:/Program Files/Java/jre1.8.0_231/bin/server;C:/Program Files/Java/jre1.8.0_231/bin;C:/Program Files/Java/jre1.8.0_231/lib/amd64;C:\Python27\;C:\Python27\Scripts;C:\Program Files (x86)\Common Files\Oracle\Java\javapath;C:\Windows\system32;C:\Windows;C:\Windows\System32\Wbem;C:\Windows\System32\WindowsPowerShell\v1.0\;C:\Windows\System32\OpenSSH\;C:\Program Files\Java\jdk1.8.0_231\bin;C:\apache-maven-3.6.2\bin;C:\Users\Dell\AppData\Local\Android\Sdk\tools\bin;C:\Users\Dell\AppData\Local\Android\Sdk\tools;C:\Users\Dell\AppData\Local\Android\Sdk\platform-tools;C:\Program Files\nodejs\;C:\ProgramData\chocolatey\bin;C:\Program Files\nodejs\node_modules\npm\bin;C:\Program Files\Git\cmd;C:\Program Files\PuTTY\;C:\Users\Dell\AppData\Local\Microsoft\WindowsApps;C:\Users\Dell\AppData\Roaming\npm;D:\eclipse 2018-09\eclipse;
USERNAME=Dell
OS=Windows_NT
PROCESSOR_IDENTIFIER=Intel64 Family 6 Model 142 Stepping 12, GenuineIntel



---------------  S Y S T E M  ---------------

OS: Windows 10.0 , 64 bit Build 18362 (10.0.18362.959)

CPU:total 8 (initial active 8) (4 cores per cpu, 2 threads per core) family 6 model 142 stepping 12, cmov, cx8, fxsr, mmx, sse, sse2, sse3, ssse3, sse4.1, sse4.2, popcnt, avx, avx2, aes, clmul, erms, 3dnowpref, lzcnt, ht, tsc, tscinvbit, bmi1, bmi2, adx

Memory: 4k page, physical 8259292k(2072764k free), swap 10880732k(2205472k free)

vm_info: Java HotSpot(TM) 64-Bit Server VM (25.231-b11) for windows-amd64 JRE (1.8.0_231-b11), built on Oct  5 2019 03:11:30 by "java_re" with MS VC++ 10.0 (VS2010)

time: Thu Jul 23 02:11:17 2020
timezone: India Standard Time
elapsed time: 89 seconds (0d 0h 1m 29s)

