#
# A fatal error has been detected by the Java Runtime Environment:
#
#  EXCEPTION_ACCESS_VIOLATION (0xc0000005) at pc=0x00000000702d09c0, pid=12480, tid=0x0000000000003108
#
# JRE version: Java(TM) SE Runtime Environment (8.0_231-b11) (build 1.8.0_231-b11)
# Java VM: Java HotSpot(TM) 64-Bit Server VM (25.231-b11 mixed mode windows-amd64 compressed oops)
# Problematic frame:
# V  [jvm.dll+0xb09c0]
#
# Failed to write core dump. Minidumps are not enabled by default on client versions of Windows
#
# If you would like to submit a bug report, please visit:
#   http://bugreport.java.com/bugreport/crash.jsp
#

---------------  T H R E A D  ---------------

Current thread (0x0000000002454800):  GCTaskThread [stack: 0x00000000126a0000,0x00000000127a0000] [id=12552]

siginfo: ExceptionCode=0xc0000005, reading address 0x0000000000000008

Registers:
RAX=0x00000000127a0000, RBX=0x00000000d6113998, RCX=0x00000000d6113998, RDX=0x0000000000000000
RSP=0x000000001279f1c8, RBP=0x0000000002523890, RSI=0x00000000da6ca154, RDI=0x00000000d6113998
R8 =0x00000000002a189c, R9 =0x0000000002523890, R10=0x000000000000010b, R11=0x00000000da9e2ca8
R12=0x00000000da6ca530, R13=0x0000000000000200, R14=0x00000000da6c9d20, R15=0x0000000000000200
RIP=0x00000000702d09c0, EFLAGS=0x0000000000010246

Top of Stack: (sp=0x000000001279f1c8)
0x000000001279f1c8:   000000007032d2e7 00000000da9e2ca8
0x000000001279f1d8:   0000000002523890 00000000da6ca124
0x000000001279f1e8:   0000000000000004 00000000d6113998
0x000000001279f1f8:   000000007035b47a 00000000000000f7
0x000000001279f208:   00000000703353d6 00000000da6c9d20
0x000000001279f218:   00000000da6c9d08 0000000002523890
0x000000001279f228:   000000007035b583 0000000000000000
0x000000001279f238:   00000000000003d8 00000000024554a8
0x000000001279f248:   0000000017325710 00000000000000f7
0x000000001279f258:   000000007061c220 0000000002523890
0x000000001279f268:   000000000244de90 00000000024550d0
0x000000001279f278:   00000000024550d0 0000000000000000
0x000000001279f288:   0000000000000c00 0000000000000000
0x000000001279f298:   0000000000000000 0000000000000000
0x000000001279f2a8:   0000000000b4e800 0000000000000001
0x000000001279f2b8:   0000000070303c01 0000887cbb706021 

Instructions: (pc=0x00000000702d09c0)
0x00000000702d09a0:   4c e0 1d 00 48 8b 9c 24 d0 00 00 00 48 81 c4 c0
0x00000000702d09b0:   00 00 00 5d c3 cc cc cc cc cc cc cc cc cc cc cc
0x00000000702d09c0:   44 8b 42 08 4c 8b ca 45 85 c0 7e 0e 41 f6 c0 01
0x00000000702d09d0:   75 57 41 c1 f8 03 41 8b c0 c3 79 4d 80 3d ee 6f 


Register to memory mapping:

RAX=0x00000000127a0000 is an unknown value
RBX=0x00000000d6113998 is an unknown value
RCX=0x00000000d6113998 is an unknown value
RDX=0x0000000000000000 is an unknown value
RSP=0x000000001279f1c8 is an unknown value
RBP=0x0000000002523890 is an unknown value
RSI=0x00000000da6ca154 is an unknown value
RDI=0x00000000d6113998 is an unknown value
R8 =0x00000000002a189c is an unknown value
R9 =0x0000000002523890 is an unknown value
R10=0x000000000000010b is an unknown value
R11=0x00000000da9e2ca8 is an oop
java.util.concurrent.ConcurrentHashMap$Node 
 - klass: 'java/util/concurrent/ConcurrentHashMap$Node'
R12=0x00000000da6ca530 is an oop
java.util.concurrent.ConcurrentHashMap$Node 
 - klass: 'java/util/concurrent/ConcurrentHashMap$Node'
R13=0x0000000000000200 is an unknown value
R14=0x00000000da6c9d20 is an oop
[Ljava.util.concurrent.ConcurrentHashMap$Node; 
 - klass: 'java/util/concurrent/ConcurrentHashMap$Node'[]
 - length: 512
R15=0x0000000000000200 is an unknown value


Stack: [0x00000000126a0000,0x00000000127a0000],  sp=0x000000001279f1c8,  free space=1020k
Native frames: (J=compiled Java code, j=interpreted, Vv=VM code, C=native code)
V  [jvm.dll+0xb09c0]


---------------  P R O C E S S  ---------------

Java Threads: ( => current thread )
  0x000000001e122000 JavaThread "DefaultMetadataResolver-0-3" daemon [_thread_in_native, id=12624, stack(0x000000001fa50000,0x000000001fb50000)]
  0x000000001b70a800 JavaThread "DefaultMetadataResolver-0-2" daemon [_thread_blocked, id=12620, stack(0x000000001f950000,0x000000001fa50000)]
  0x000000001b70a000 JavaThread "DefaultMetadataResolver-0-1" daemon [_thread_blocked, id=12616, stack(0x000000001e880000,0x000000001e980000)]
  0x000000001df8f800 JavaThread "DefaultMetadataResolver-0-0" daemon [_thread_blocked, id=12612, stack(0x000000001e780000,0x000000001e880000)]
  0x000000001945d000 JavaThread "Service Thread" daemon [_thread_blocked, id=12592, stack(0x0000000019f90000,0x000000001a090000)]
  0x00000000193cf800 JavaThread "C1 CompilerThread3" daemon [_thread_blocked, id=12588, stack(0x0000000019e90000,0x0000000019f90000)]
  0x00000000193bf800 JavaThread "C2 CompilerThread2" daemon [_thread_blocked, id=12584, stack(0x0000000019d90000,0x0000000019e90000)]
  0x00000000193bc800 JavaThread "C2 CompilerThread1" daemon [_thread_blocked, id=12580, stack(0x0000000019c90000,0x0000000019d90000)]
  0x00000000193b9000 JavaThread "C2 CompilerThread0" daemon [_thread_blocked, id=12576, stack(0x0000000019b90000,0x0000000019c90000)]
  0x00000000193b7000 JavaThread "Attach Listener" daemon [_thread_blocked, id=12572, stack(0x0000000019a90000,0x0000000019b90000)]
  0x00000000193b6000 JavaThread "Signal Dispatcher" daemon [_thread_blocked, id=12568, stack(0x0000000019990000,0x0000000019a90000)]
  0x0000000002528800 JavaThread "Finalizer" daemon [_thread_blocked, id=12564, stack(0x0000000019790000,0x0000000019890000)]
  0x000000001749d000 JavaThread "Reference Handler" daemon [_thread_blocked, id=12560, stack(0x0000000019290000,0x0000000019390000)]
  0x0000000000b4e800 JavaThread "main" [_thread_blocked, id=12520, stack(0x0000000002300000,0x0000000002400000)]

Other Threads:
  0x0000000017499000 VMThread [stack: 0x0000000019190000,0x0000000019290000] [id=12556]
  0x0000000019481000 WatcherThread [stack: 0x000000001a090000,0x000000001a190000] [id=12596]

=>0x0000000002454800 (exited) GCTaskThread [stack: 0x00000000126a0000,0x00000000127a0000] [id=12552]

VM state:at safepoint (normal execution)

VM Mutex/Monitor currently owned by a thread:  ([mutex/lock_event])
[0x0000000000b4d2e0] Threads_lock - owner thread: 0x0000000017499000
[0x0000000002431550] Heap_lock - owner thread: 0x000000001df8f800

heap address: 0x0000000081e00000, size: 2018 MB, Compressed Oops mode: 32-bit
Narrow klass base: 0x0000000000000000, Narrow klass shift: 3
Compressed class space size: 1073741824 Address: 0x0000000100000000

Heap:
 PSYoungGen      total 144896K, used 6040K [0x00000000d5f80000, 0x00000000df880000, 0x0000000100000000)
  eden space 133120K, 0% used [0x00000000d5f80000,0x00000000d5f80000,0x00000000de180000)
  from space 11776K, 51% used [0x00000000ded00000,0x00000000df2e62a0,0x00000000df880000)
  to   space 11776K, 0% used [0x00000000de180000,0x00000000de180000,0x00000000ded00000)
 ParOldGen       total 87552K, used 13443K [0x0000000081e00000, 0x0000000087380000, 0x00000000d5f80000)
  object space 87552K, 15% used [0x0000000081e00000,0x0000000082b20e00,0x0000000087380000)
 Metaspace       used 20695K, capacity 21060K, committed 21296K, reserved 1069056K
  class space    used 2423K, capacity 2580K, committed 2688K, reserved 1048576K

Card table byte_map: [0x00000000118f0000,0x0000000011cf0000] byte_map_base: 0x00000000114e1000

Marking Bits: (ParMarkBitMap*) 0x0000000070a46d90
 Begin Bits: [0x00000000127a0000, 0x0000000014728000)
 End Bits:   [0x0000000014728000, 0x00000000166b0000)

Polling page: 0x0000000000550000

CodeCache: size=245760Kb used=11730Kb max_used=11730Kb free=234030Kb
 bounds [0x0000000002530000, 0x00000000030b0000, 0x0000000011530000]
 total_blobs=3746 nmethods=3323 adapters=335
 compilation: enabled

Compilation events (10 events):
Event: 2.786 Thread 0x00000000193cf800 3326       3       java.security.MessageDigest::<init> (15 bytes)
Event: 2.786 Thread 0x00000000193cf800 nmethod 3326 0x00000000030a8110 code [0x00000000030a8280, 0x00000000030a84b0]
Event: 2.786 Thread 0x00000000193cf800 3327       3       java.util.TreeMap::getEntry (84 bytes)
Event: 2.787 Thread 0x00000000193cf800 nmethod 3327 0x00000000030a76d0 code [0x00000000030a7880, 0x00000000030a7f08]
Event: 2.789 Thread 0x00000000193cf800 3328       3       java.math.BigInteger::<init> (77 bytes)
Event: 2.789 Thread 0x00000000193cf800 nmethod 3328 0x00000000030a6dd0 code [0x00000000030a6f40, 0x00000000030a7370]
Event: 2.789 Thread 0x00000000193cf800 3329       3       java.util.regex.Pattern$BmpCharProperty::<init> (5 bytes)
Event: 2.789 Thread 0x00000000193cf800 nmethod 3329 0x00000000030a9590 code [0x00000000030a9720, 0x00000000030a9a70]
Event: 2.789 Thread 0x00000000193cf800 3330       3       java.util.regex.Pattern$BmpCharProperty::<init> (6 bytes)
Event: 2.789 Thread 0x00000000193cf800 nmethod 3330 0x00000000030a9c50 code [0x00000000030a9dc0, 0x00000000030aa0b0]

GC Heap History (10 events):
Event: 0.951 GC heap after
Heap after GC invocations=2 (full 0):
 PSYoungGen      total 38400K, used 5117K [0x00000000d5f80000, 0x00000000daa80000, 0x0000000100000000)
  eden space 33280K, 0% used [0x00000000d5f80000,0x00000000d5f80000,0x00000000d8000000)
  from space 5120K, 99% used [0x00000000d8500000,0x00000000d89ff5c8,0x00000000d8a00000)
  to   space 5120K, 0% used [0x00000000d8000000,0x00000000d8000000,0x00000000d8500000)
 ParOldGen       total 87552K, used 2258K [0x0000000081e00000, 0x0000000087380000, 0x00000000d5f80000)
  object space 87552K, 2% used [0x0000000081e00000,0x00000000820349c8,0x0000000087380000)
 Metaspace       used 12203K, capacity 12408K, committed 12672K, reserved 1060864K
  class space    used 1537K, capacity 1604K, committed 1664K, reserved 1048576K
}
Event: 1.333 GC heap before
{Heap before GC invocations=3 (full 0):
 PSYoungGen      total 38400K, used 38397K [0x00000000d5f80000, 0x00000000daa80000, 0x0000000100000000)
  eden space 33280K, 100% used [0x00000000d5f80000,0x00000000d8000000,0x00000000d8000000)
  from space 5120K, 99% used [0x00000000d8500000,0x00000000d89ff5c8,0x00000000d8a00000)
  to   space 5120K, 0% used [0x00000000d8000000,0x00000000d8000000,0x00000000d8500000)
 ParOldGen       total 87552K, used 2258K [0x0000000081e00000, 0x0000000087380000, 0x00000000d5f80000)
  object space 87552K, 2% used [0x0000000081e00000,0x00000000820349c8,0x0000000087380000)
 Metaspace       used 15161K, capacity 15346K, committed 15616K, reserved 1062912K
  class space    used 1868K, capacity 1971K, committed 2048K, reserved 1048576K
Event: 1.339 GC heap after
Heap after GC invocations=3 (full 0):
 PSYoungGen      total 38400K, used 5104K [0x00000000d5f80000, 0x00000000daa80000, 0x0000000100000000)
  eden space 33280K, 0% used [0x00000000d5f80000,0x00000000d5f80000,0x00000000d8000000)
  from space 5120K, 99% used [0x00000000d8000000,0x00000000d84fc030,0x00000000d8500000)
  to   space 5120K, 0% used [0x00000000da580000,0x00000000da580000,0x00000000daa80000)
 ParOldGen       total 87552K, used 5093K [0x0000000081e00000, 0x0000000087380000, 0x00000000d5f80000)
  object space 87552K, 5% used [0x0000000081e00000,0x00000000822f9610,0x0000000087380000)
 Metaspace       used 15161K, capacity 15346K, committed 15616K, reserved 1062912K
  class space    used 1868K, capacity 1971K, committed 2048K, reserved 1048576K
}
Event: 1.610 GC heap before
{Heap before GC invocations=4 (full 0):
 PSYoungGen      total 38400K, used 38384K [0x00000000d5f80000, 0x00000000daa80000, 0x0000000100000000)
  eden space 33280K, 100% used [0x00000000d5f80000,0x00000000d8000000,0x00000000d8000000)
  from space 5120K, 99% used [0x00000000d8000000,0x00000000d84fc030,0x00000000d8500000)
  to   space 5120K, 0% used [0x00000000da580000,0x00000000da580000,0x00000000daa80000)
 ParOldGen       total 87552K, used 5093K [0x0000000081e00000, 0x0000000087380000, 0x00000000d5f80000)
  object space 87552K, 5% used [0x0000000081e00000,0x00000000822f9610,0x0000000087380000)
 Metaspace       used 15448K, capacity 15696K, committed 15872K, reserved 1062912K
  class space    used 1870K, capacity 1976K, committed 2048K, reserved 1048576K
Event: 1.617 GC heap after
Heap after GC invocations=4 (full 0):
 PSYoungGen      total 71680K, used 5088K [0x00000000d5f80000, 0x00000000daa80000, 0x0000000100000000)
  eden space 66560K, 0% used [0x00000000d5f80000,0x00000000d5f80000,0x00000000da080000)
  from space 5120K, 99% used [0x00000000da580000,0x00000000daa78040,0x00000000daa80000)
  to   space 5120K, 0% used [0x00000000da080000,0x00000000da080000,0x00000000da580000)
 ParOldGen       total 87552K, used 7085K [0x0000000081e00000, 0x0000000087380000, 0x00000000d5f80000)
  object space 87552K, 8% used [0x0000000081e00000,0x00000000824eb610,0x0000000087380000)
 Metaspace       used 15448K, capacity 15696K, committed 15872K, reserved 1062912K
  class space    used 1870K, capacity 1976K, committed 2048K, reserved 1048576K
}
Event: 2.697 GC heap before
{Heap before GC invocations=5 (full 0):
 PSYoungGen      total 71680K, used 71648K [0x00000000d5f80000, 0x00000000daa80000, 0x0000000100000000)
  eden space 66560K, 100% used [0x00000000d5f80000,0x00000000da080000,0x00000000da080000)
  from space 5120K, 99% used [0x00000000da580000,0x00000000daa78040,0x00000000daa80000)
  to   space 5120K, 0% used [0x00000000da080000,0x00000000da080000,0x00000000da580000)
 ParOldGen       total 87552K, used 7085K [0x0000000081e00000, 0x0000000087380000, 0x00000000d5f80000)
  object space 87552K, 8% used [0x0000000081e00000,0x00000000824eb610,0x0000000087380000)
 Metaspace       used 20183K, capacity 20574K, committed 20736K, reserved 1067008K
  class space    used 2376K, capacity 2547K, committed 2560K, reserved 1048576K
Event: 2.705 GC heap after
Heap after GC invocations=5 (full 0):
 PSYoungGen      total 71680K, used 5106K [0x00000000d5f80000, 0x00000000df880000, 0x0000000100000000)
  eden space 66560K, 0% used [0x00000000d5f80000,0x00000000d5f80000,0x00000000da080000)
  from space 5120K, 99% used [0x00000000da080000,0x00000000da57c8d0,0x00000000da580000)
  to   space 11776K, 0% used [0x00000000ded00000,0x00000000ded00000,0x00000000df880000)
 ParOldGen       total 87552K, used 13435K [0x0000000081e00000, 0x0000000087380000, 0x00000000d5f80000)
  object space 87552K, 15% used [0x0000000081e00000,0x0000000082b1ee00,0x0000000087380000)
 Metaspace       used 20183K, capacity 20574K, committed 20736K, reserved 1067008K
  class space    used 2376K, capacity 2547K, committed 2560K, reserved 1048576K
}
Event: 2.792 GC heap before
{Heap before GC invocations=6 (full 0):
 PSYoungGen      total 71680K, used 9456K [0x00000000d5f80000, 0x00000000df880000, 0x0000000100000000)
  eden space 66560K, 6% used [0x00000000d5f80000,0x00000000d63bfaf8,0x00000000da080000)
  from space 5120K, 99% used [0x00000000da080000,0x00000000da57c8d0,0x00000000da580000)
  to   space 11776K, 0% used [0x00000000ded00000,0x00000000ded00000,0x00000000df880000)
 ParOldGen       total 87552K, used 13435K [0x0000000081e00000, 0x0000000087380000, 0x00000000d5f80000)
  object space 87552K, 15% used [0x0000000081e00000,0x0000000082b1ee00,0x0000000087380000)
 Metaspace       used 20695K, capacity 21060K, committed 21296K, reserved 1069056K
  class space    used 2423K, capacity 2580K, committed 2688K, reserved 1048576K
Event: 2.800 GC heap after
Heap after GC invocations=6 (full 0):
 PSYoungGen      total 144896K, used 6040K [0x00000000d5f80000, 0x00000000df880000, 0x0000000100000000)
  eden space 133120K, 0% used [0x00000000d5f80000,0x00000000d5f80000,0x00000000de180000)
  from space 11776K, 51% used [0x00000000ded00000,0x00000000df2e62a0,0x00000000df880000)
  to   space 11776K, 0% used [0x00000000de180000,0x00000000de180000,0x00000000ded00000)
 ParOldGen       total 87552K, used 13443K [0x0000000081e00000, 0x0000000087380000, 0x00000000d5f80000)
  object space 87552K, 15% used [0x0000000081e00000,0x0000000082b20e00,0x0000000087380000)
 Metaspace       used 20695K, capacity 21060K, committed 21296K, reserved 1069056K
  class space    used 2423K, capacity 2580K, committed 2688K, reserved 1048576K
}
Event: 2.800 GC heap before
{Heap before GC invocations=7 (full 1):
 PSYoungGen      total 144896K, used 6040K [0x00000000d5f80000, 0x00000000df880000, 0x0000000100000000)
  eden space 133120K, 0% used [0x00000000d5f80000,0x00000000d5f80000,0x00000000de180000)
  from space 11776K, 51% used [0x00000000ded00000,0x00000000df2e62a0,0x00000000df880000)
  to   space 11776K, 0% used [0x00000000de180000,0x00000000de180000,0x00000000ded00000)
 ParOldGen       total 87552K, used 13443K [0x0000000081e00000, 0x0000000087380000, 0x00000000d5f80000)
  object space 87552K, 15% used [0x0000000081e00000,0x0000000082b20e00,0x0000000087380000)
 Metaspace       used 20695K, capacity 21060K, committed 21296K, reserved 1069056K
  class space    used 2423K, capacity 2580K, committed 2688K, reserved 1048576K

Deoptimization events (10 events):
Event: 2.163 Thread 0x000000001df8f800 Uncommon trap: reason=unstable_if action=reinterpret pc=0x0000000002dc3224 method=com.google.inject.internal.SingletonScope$1.get()Ljava/lang/Object; @ 32
Event: 2.163 Thread 0x000000001b70a000 Uncommon trap: reason=unstable_if action=reinterpret pc=0x0000000002dc3224 method=com.google.inject.internal.SingletonScope$1.get()Ljava/lang/Object; @ 32
Event: 2.389 Thread 0x000000001e122000 Uncommon trap: reason=class_check action=maybe_recompile pc=0x0000000002ed3f7c method=java.util.Properties$LineReader.readLine()I @ 410
Event: 2.403 Thread 0x000000001e122000 Uncommon trap: reason=unstable_if action=reinterpret pc=0x0000000002f5b024 method=java.util.jar.Manifest$FastInputStream.readLine([BII)I @ 87
Event: 2.489 Thread 0x000000001e122000 Uncommon trap: reason=predicate action=maybe_recompile pc=0x000000000279e430 method=sun.net.www.ParseUtil.encodePath(Ljava/lang/String;Z)Ljava/lang/String; @ 36
Event: 2.782 Thread 0x000000001b70a800 Uncommon trap: reason=unstable_if action=reinterpret pc=0x0000000002ffa244 method=java.util.Arrays.equals([B[B)Z @ 41
Event: 2.782 Thread 0x000000001df8f800 Uncommon trap: reason=unstable_if action=reinterpret pc=0x0000000002ffa244 method=java.util.Arrays.equals([B[B)Z @ 41
Event: 2.784 Thread 0x000000001df8f800 Uncommon trap: reason=predicate action=maybe_recompile pc=0x000000000307d864 method=java.util.regex.Pattern$SliceI.match(Ljava/util/regex/Matcher;ILjava/lang/CharSequence;)Z @ 21
Event: 2.784 Thread 0x000000001b70a800 Uncommon trap: reason=predicate action=maybe_recompile pc=0x000000000307d864 method=java.util.regex.Pattern$SliceI.match(Ljava/util/regex/Matcher;ILjava/lang/CharSequence;)Z @ 21
Event: 2.784 Thread 0x000000001b70a000 Uncommon trap: reason=predicate action=maybe_recompile pc=0x000000000307d864 method=java.util.regex.Pattern$SliceI.match(Ljava/util/regex/Matcher;ILjava/lang/CharSequence;)Z @ 21

Classes redefined (0 events):
No events

Internal exceptions (10 events):
Event: 2.163 Thread 0x000000001b70a800 Exception <a 'java/lang/NullPointerException'> (0x00000000d96dc550) thrown at [C:\re\workspace\8-2-build-windows-amd64-cygwin\jdk8u231\13620\hotspot\src\share\vm\interpreter\linkResolver.cpp, line 1185]
Event: 2.163 Thread 0x000000001e122000 Exception <a 'java/lang/NullPointerException'> (0x00000000d8c05400) thrown at [C:\re\workspace\8-2-build-windows-amd64-cygwin\jdk8u231\13620\hotspot\src\share\vm\interpreter\linkResolver.cpp, line 1185]
Event: 2.163 Thread 0x000000001e122000 Exception <a 'java/lang/NullPointerException'> (0x00000000d8c05618) thrown at [C:\re\workspace\8-2-build-windows-amd64-cygwin\jdk8u231\13620\hotspot\src\share\vm\interpreter\linkResolver.cpp, line 1185]
Event: 2.163 Thread 0x000000001e122000 Exception <a 'java/lang/NullPointerException'> (0x00000000d8c05830) thrown at [C:\re\workspace\8-2-build-windows-amd64-cygwin\jdk8u231\13620\hotspot\src\share\vm\interpreter\linkResolver.cpp, line 1185]
Event: 2.163 Thread 0x000000001df8f800 Exception <a 'java/lang/NullPointerException'> (0x00000000d8a75be0) thrown at [C:\re\workspace\8-2-build-windows-amd64-cygwin\jdk8u231\13620\hotspot\src\share\vm\interpreter\linkResolver.cpp, line 1185]
Event: 2.163 Thread 0x000000001df8f800 Exception <a 'java/lang/NullPointerException'> (0x00000000d8a75df8) thrown at [C:\re\workspace\8-2-build-windows-amd64-cygwin\jdk8u231\13620\hotspot\src\share\vm\interpreter\linkResolver.cpp, line 1185]
Event: 2.163 Thread 0x000000001df8f800 Exception <a 'java/lang/NullPointerException'> (0x00000000d8a76010) thrown at [C:\re\workspace\8-2-build-windows-amd64-cygwin\jdk8u231\13620\hotspot\src\share\vm\interpreter\linkResolver.cpp, line 1185]
Event: 2.163 Thread 0x000000001b70a000 Exception <a 'java/lang/NullPointerException'> (0x00000000d8c6ef80) thrown at [C:\re\workspace\8-2-build-windows-amd64-cygwin\jdk8u231\13620\hotspot\src\share\vm\interpreter\linkResolver.cpp, line 1185]
Event: 2.163 Thread 0x000000001b70a000 Exception <a 'java/lang/NullPointerException'> (0x00000000d8c6f198) thrown at [C:\re\workspace\8-2-build-windows-amd64-cygwin\jdk8u231\13620\hotspot\src\share\vm\interpreter\linkResolver.cpp, line 1185]
Event: 2.163 Thread 0x000000001b70a000 Exception <a 'java/lang/NullPointerException'> (0x00000000d8c6f3b0) thrown at [C:\re\workspace\8-2-build-windows-amd64-cygwin\jdk8u231\13620\hotspot\src\share\vm\interpreter\linkResolver.cpp, line 1185]

Events (10 events):
Event: 2.790 Thread 0x000000001b70a000 DEOPT PACKING pc=0x0000000002fd6cae sp=0x000000001e97dda0
Event: 2.790 Thread 0x000000001df8f800 DEOPT PACKING pc=0x0000000002fd6cae sp=0x000000001e87da30
Event: 2.790 Thread 0x000000001df8f800 DEOPT UNPACKING pc=0x0000000002577890 sp=0x000000001e87d770 mode 0
Event: 2.790 Thread 0x000000001b70a800 DEOPT PACKING pc=0x0000000002fd6cae sp=0x000000001fa4da70
Event: 2.790 Thread 0x000000001b70a800 DEOPT UNPACKING pc=0x0000000002577890 sp=0x000000001fa4d7b0 mode 0
Event: 2.790 Thread 0x000000001b70a000 DEOPT UNPACKING pc=0x0000000002577890 sp=0x000000001e97dae0 mode 0
Event: 2.791 loading class sun/security/ssl/ClientHandshaker$2
Event: 2.791 loading class sun/security/ssl/ClientHandshaker$2 done
Event: 2.791 loading class sun/security/ssl/HandshakeMessage$ECDH_ServerKeyExchange
Event: 2.792 Executing VM operation: CollectForMetadataAllocation


Dynamic libraries:
0x00007ff6efc80000 - 0x00007ff6efcb7000 	C:\Program Files\Java\jre1.8.0_231\bin\javaw.exe
0x00007ff866360000 - 0x00007ff866550000 	C:\Windows\SYSTEM32\ntdll.dll
0x00007ff865e80000 - 0x00007ff865f32000 	C:\Windows\System32\KERNEL32.DLL
0x00007ff864160000 - 0x00007ff864404000 	C:\Windows\System32\KERNELBASE.dll
0x00007ff865490000 - 0x00007ff865533000 	C:\Windows\System32\ADVAPI32.dll
0x00007ff8648f0000 - 0x00007ff86498e000 	C:\Windows\System32\msvcrt.dll
0x00007ff8651e0000 - 0x00007ff865277000 	C:\Windows\System32\sechost.dll
0x00007ff8660b0000 - 0x00007ff8661d0000 	C:\Windows\System32\RPCRT4.dll
0x00007ff8652f0000 - 0x00007ff865485000 	C:\Windows\System32\USER32.dll
0x00007ff863820000 - 0x00007ff863841000 	C:\Windows\System32\win32u.dll
0x00007ff865f40000 - 0x00007ff865f66000 	C:\Windows\System32\GDI32.dll
0x00007ff863430000 - 0x00007ff8635c6000 	C:\Windows\System32\gdi32full.dll
0x00007ff863650000 - 0x00007ff8636ee000 	C:\Windows\System32\msvcp_win.dll
0x00007ff8636f0000 - 0x00007ff8637ea000 	C:\Windows\System32\ucrtbase.dll
0x00007ff843e70000 - 0x00007ff8440f4000 	C:\Windows\WinSxS\amd64_microsoft.windows.common-controls_6595b64144ccf1df_6.0.18362.1016_none_9e7a36bbe461dae4\COMCTL32.dll
0x00007ff8656b0000 - 0x00007ff8659e5000 	C:\Windows\System32\combase.dll
0x00007ff8635d0000 - 0x00007ff863650000 	C:\Windows\System32\bcryptPrimitives.dll
0x00007ff865d00000 - 0x00007ff865d2e000 	C:\Windows\System32\IMM32.DLL
0x0000000070060000 - 0x0000000070132000 	C:\Program Files\Java\jre1.8.0_231\bin\msvcr100.dll
0x0000000070220000 - 0x0000000070ac6000 	C:\Program Files\Java\jre1.8.0_231\bin\server\jvm.dll
0x00007ff865690000 - 0x00007ff865698000 	C:\Windows\System32\PSAPI.DLL
0x00007ff85cc40000 - 0x00007ff85cc4a000 	C:\Windows\SYSTEM32\VERSION.dll
0x00007ff85f6f0000 - 0x00007ff85f714000 	C:\Windows\SYSTEM32\WINMM.dll
0x00007ff85d460000 - 0x00007ff85d469000 	C:\Windows\SYSTEM32\WSOCK32.dll
0x00007ff865280000 - 0x00007ff8652ef000 	C:\Windows\System32\WS2_32.dll
0x00007ff85f6c0000 - 0x00007ff85f6ed000 	C:\Windows\SYSTEM32\winmmbase.dll
0x00007ff864110000 - 0x00007ff86415a000 	C:\Windows\System32\cfgmgr32.dll
0x00007ff855600000 - 0x00007ff85560f000 	C:\Program Files\Java\jre1.8.0_231\bin\verify.dll
0x00007ff855560000 - 0x00007ff855589000 	C:\Program Files\Java\jre1.8.0_231\bin\java.dll
0x00007ff855540000 - 0x00007ff855556000 	C:\Program Files\Java\jre1.8.0_231\bin\zip.dll
0x00007ff864a40000 - 0x00007ff865127000 	C:\Windows\System32\SHELL32.dll
0x00007ff864990000 - 0x00007ff864a39000 	C:\Windows\System32\shcore.dll
0x00007ff863850000 - 0x00007ff863fd2000 	C:\Windows\System32\windows.storage.dll
0x00007ff863240000 - 0x00007ff863263000 	C:\Windows\System32\profapi.dll
0x00007ff863290000 - 0x00007ff8632da000 	C:\Windows\System32\powrprof.dll
0x00007ff863210000 - 0x00007ff863220000 	C:\Windows\System32\UMPDC.dll
0x00007ff865f70000 - 0x00007ff865fc2000 	C:\Windows\System32\shlwapi.dll
0x00007ff863220000 - 0x00007ff863231000 	C:\Windows\System32\kernel.appcore.dll
0x00007ff864090000 - 0x00007ff8640a7000 	C:\Windows\System32\cryptsp.dll
0x00007ff8625e0000 - 0x00007ff862613000 	C:\Windows\system32\rsaenh.dll
0x00007ff8637f0000 - 0x00007ff863816000 	C:\Windows\System32\bcrypt.dll
0x00007ff863130000 - 0x00007ff863155000 	C:\Windows\SYSTEM32\USERENV.dll
0x00007ff862c40000 - 0x00007ff862c4c000 	C:\Windows\SYSTEM32\CRYPTBASE.dll
0x00007ff855100000 - 0x00007ff85511a000 	C:\Program Files\Java\jre1.8.0_231\bin\net.dll
0x00007ff862a70000 - 0x00007ff862ad7000 	C:\Windows\system32\mswsock.dll
0x00007ff862780000 - 0x00007ff8627ba000 	C:\Windows\SYSTEM32\IPHLPAPI.DLL
0x00007ff865680000 - 0x00007ff865688000 	C:\Windows\System32\NSI.dll
0x00007ff85a1f0000 - 0x00007ff85a206000 	C:\Windows\SYSTEM32\dhcpcsvc6.DLL
0x00007ff85cab0000 - 0x00007ff85cacc000 	C:\Windows\SYSTEM32\dhcpcsvc.DLL
0x00007ff8627c0000 - 0x00007ff86288b000 	C:\Windows\SYSTEM32\DNSAPI.dll
0x00007ff8550e0000 - 0x00007ff8550f2000 	C:\Program Files\Java\jre1.8.0_231\bin\nio.dll
0x00007ff854d90000 - 0x00007ff854d9a000 	C:\Users\Dell\AppData\Local\Temp\jansi-1.17-7561018674733149150.dll
0x00007ff854d80000 - 0x00007ff854d8a000 	C:\Users\Dell\AppData\Local\Temp\jansi-1.17-3427701592347009868.dll
0x00007ff855670000 - 0x00007ff855694000 	C:\Program Files\Java\jre1.8.0_231\bin\sunec.dll
0x00007ff855060000 - 0x00007ff85506b000 	C:\Program Files\Java\jre1.8.0_231\bin\sunmscapi.dll
0x00007ff8632e0000 - 0x00007ff863429000 	C:\Windows\System32\CRYPT32.dll
0x00007ff863270000 - 0x00007ff863282000 	C:\Windows\System32\MSASN1.dll
0x00007ff8537a0000 - 0x00007ff8537aa000 	C:\Windows\System32\rasadhlp.dll
0x00007ff8563d0000 - 0x00007ff856447000 	C:\Windows\System32\fwpuclnt.dll
0x00007ff861b30000 - 0x00007ff861d24000 	C:\Windows\SYSTEM32\dbghelp.dll

VM Arguments:
jvm_args: -Dmaven.home=EMBEDDED -Dclassworlds.conf=D:\workspace_new\.metadata\.plugins\org.eclipse.m2e.launching\launches\m2conf7369499360575748532.tmp -Dmaven.multiModuleProjectDirectory=D:\workspace_new\LivingTree_TestAutomation_chinmoy -Dfile.encoding=Cp1252 
java_command: org.codehaus.plexus.classworlds.launcher.Launcher -B test
java_class_path (initial): D:\eclipse 2018-09\eclipse\plugins\org.eclipse.m2e.maven.runtime_1.9.1.20180912-1600\jars\plexus-classworlds-2.5.2.jar
Launcher Type: SUN_STANDARD

Environment Variables:
JAVA_HOME=C:\Program Files\Java\jdk1.8.0_231
PATH=C:/Program Files/Java/jre1.8.0_231/bin/server;C:/Program Files/Java/jre1.8.0_231/bin;C:/Program Files/Java/jre1.8.0_231/lib/amd64;C:\Python27\;C:\Python27\Scripts;C:\Program Files (x86)\Common Files\Oracle\Java\javapath;C:\Windows\system32;C:\Windows;C:\Windows\System32\Wbem;C:\Windows\System32\WindowsPowerShell\v1.0\;C:\Windows\System32\OpenSSH\;C:\Program Files\Java\jdk1.8.0_231\bin;C:\apache-maven-3.6.2\bin;C:\Users\Dell\AppData\Local\Android\Sdk\tools\bin;C:\Users\Dell\AppData\Local\Android\Sdk\tools;C:\Users\Dell\AppData\Local\Android\Sdk\platform-tools;C:\Program Files\nodejs\;C:\ProgramData\chocolatey\bin;C:\Program Files\nodejs\node_modules\npm\bin;C:\Program Files\Git\cmd;C:\Program Files\PuTTY\;C:\Users\Dell\AppData\Local\Microsoft\WindowsApps;C:\Users\Dell\AppData\Roaming\npm;D:\eclipse 2018-09\eclipse;
USERNAME=Dell
OS=Windows_NT
PROCESSOR_IDENTIFIER=Intel64 Family 6 Model 142 Stepping 12, GenuineIntel



---------------  S Y S T E M  ---------------

OS: Windows 10.0 , 64 bit Build 18362 (10.0.18362.959)

CPU:total 8 (initial active 8) (4 cores per cpu, 2 threads per core) family 6 model 142 stepping 12, cmov, cx8, fxsr, mmx, sse, sse2, sse3, ssse3, sse4.1, sse4.2, popcnt, avx, avx2, aes, clmul, erms, 3dnowpref, lzcnt, ht, tsc, tscinvbit, bmi1, bmi2, adx

Memory: 4k page, physical 8259292k(3382464k free), swap 16647900k(10847748k free)

vm_info: Java HotSpot(TM) 64-Bit Server VM (25.231-b11) for windows-amd64 JRE (1.8.0_231-b11), built on Oct  5 2019 03:11:30 by "java_re" with MS VC++ 10.0 (VS2010)

time: Fri Sep 11 11:32:42 2020
timezone: India Standard Time
elapsed time: 2 seconds (0d 0h 0m 2s)

