#
# A fatal error has been detected by the Java Runtime Environment:
#
#  EXCEPTION_ACCESS_VIOLATION (0xc0000005) at pc=0x00000000035b960e, pid=3092, tid=0x0000000000002b34
#
# JRE version: Java(TM) SE Runtime Environment (8.0_231-b11) (build 1.8.0_231-b11)
# Java VM: Java HotSpot(TM) 64-Bit Server VM (25.231-b11 mixed mode windows-amd64 compressed oops)
# Problematic frame:
# J 1362 C2 java.util.HashMap.put(Ljava/lang/Object;Ljava/lang/Object;)Ljava/lang/Object; (13 bytes) @ 0x00000000035b960e [0x00000000035b93a0+0x26e]
#
# Failed to write core dump. Minidumps are not enabled by default on client versions of Windows
#
# If you would like to submit a bug report, please visit:
#   http://bugreport.java.com/bugreport/crash.jsp
#

---------------  T H R E A D  ---------------

Current thread (0x0000000002f8b000):  JavaThread "main" [_thread_in_Java, id=11060, stack(0x0000000002e80000,0x0000000002f80000)]

siginfo: ExceptionCode=0xc0000005, writing address 0xffffffff9ccbf8d4

Registers:
RAX=0x0000000000000000, RBX=0x00000000176eb810, RCX=0x00000000006b8b9c, RDX=0x00000000d71738f0
RSP=0x0000000002f7d2f0, RBP=0x00000000d71738f0, RSI=0x0000000000000000, RDI=0x00000000d6e7bd08
R8 =0x0000000000000001, R9 =0x00000000d6e7bb18, R10=0x000000000000000c, R11=0x0000000000000001
R12=0x0000000000000000, R13=0x0000000002f7d350, R14=0x0000000012031000, R15=0x0000000002f8b000
RIP=0x00000000035b960e, EFLAGS=0x0000000000010246

Top of Stack: (sp=0x0000000002f7d2f0)
0x0000000002f7d2f0:   00000000d71738f0 0000000e221a1dbe
0x0000000002f7d300:   00000000d6e7bb18 00000000d6e7bd08
0x0000000002f7d310:   00000000d7173a00 00000000030a591e
0x0000000002f7d320:   0000000000000300 00000000000000b9
0x0000000002f7d330:   0000000002f7d3a8 00000000030881b4
0x0000000002f7d340:   0000000000000000 00000000030881b4
0x0000000002f7d350:   00000000d6e7bd08 00000000d6e7bb18
0x0000000002f7d360:   00000000d71738f0 0000000002f7d368
0x0000000002f7d370:   000000001ddf3039 0000000002f7d3d8
0x0000000002f7d380:   000000001ddf8858 0000000000000000
0x0000000002f7d390:   000000001ddf3098 0000000002f7d350
0x0000000002f7d3a0:   0000000002f7d3d0 0000000002f7d428
0x0000000002f7d3b0:   00000000030880e0 0000000000000000
0x0000000002f7d3c0:   0000000000000000 00000000d6e7bd08
0x0000000002f7d3d0:   00000000d71738f0 00000000d6e7bb18
0x0000000002f7d3e0:   00000000d7173920 0000000002f7d3e8 

Instructions: (pc=0x00000000035b960e)
0x00000000035b95ee:   00 00 00 48 8b 14 24 41 b8 01 00 00 00 66 90 48
0x00000000035b95fe:   b8 ff ff ff ff ff ff ff ff e8 cc 66 bd ff 33 c0
0x00000000035b960e:   08 83 c4 40 5d 85 05 e7 69 80 ff c3 48 8b 14 24
0x00000000035b961e:   90 e8 dc 18 de ff 44 8b 40 0c 4c 8b c8 e9 38 fe 


Register to memory mapping:

RAX=0x0000000000000000 is an unknown value
RBX={method} {0x00000000176eb818} 'afterNodeInsertion' '(Z)V' in 'java/util/HashMap'
RCX=0x00000000006b8b9c is an unknown value
RDX=0x00000000d71738f0 is an oop
java.util.HashMap 
 - klass: 'java/util/HashMap'
RSP=0x0000000002f7d2f0 is pointing into the stack for thread: 0x0000000002f8b000
RBP=0x00000000d71738f0 is an oop
java.util.HashMap 
 - klass: 'java/util/HashMap'
RSI=0x0000000000000000 is an unknown value
RDI=0x00000000d6e7bd08 is an oop
org.apache.xmlbeans.QNameSet 
 - klass: 'org/apache/xmlbeans/QNameSet'
R8 =0x0000000000000001 is an unknown value
R9 =0x00000000d6e7bb18 is an oop
org.apache.xmlbeans.impl.schema.SchemaLocalElementImpl 
 - klass: 'org/apache/xmlbeans/impl/schema/SchemaLocalElementImpl'
R10=0x000000000000000c is an unknown value
R11=0x0000000000000001 is an unknown value
R12=0x0000000000000000 is an unknown value
R13=0x0000000002f7d350 is pointing into the stack for thread: 0x0000000002f8b000
R14=0x0000000012031000 is an unknown value
R15=0x0000000002f8b000 is a thread


Stack: [0x0000000002e80000,0x0000000002f80000],  sp=0x0000000002f7d2f0,  free space=1012k
Native frames: (J=compiled Java code, j=interpreted, Vv=VM code, C=native code)
C  0x00000000035b960e


---------------  P R O C E S S  ---------------

Java Threads: ( => current thread )
  0x000000001b422800 JavaThread "ReaderThread" [_thread_in_native, id=3800, stack(0x000000001c8e0000,0x000000001c9e0000)]
  0x0000000019eb1000 JavaThread "Service Thread" daemon [_thread_blocked, id=2096, stack(0x000000001aad0000,0x000000001abd0000)]
  0x0000000019e1e000 JavaThread "C1 CompilerThread3" daemon [_thread_blocked, id=6772, stack(0x000000001a9d0000,0x000000001aad0000)]
  0x0000000019e16000 JavaThread "C2 CompilerThread2" daemon [_thread_blocked, id=12900, stack(0x000000001a8d0000,0x000000001a9d0000)]
  0x0000000019e0b800 JavaThread "C2 CompilerThread1" daemon [_thread_blocked, id=13180, stack(0x000000001a7d0000,0x000000001a8d0000)]
  0x0000000019e09000 JavaThread "C2 CompilerThread0" daemon [_thread_blocked, id=3304, stack(0x000000001a6d0000,0x000000001a7d0000)]
  0x0000000019e07000 JavaThread "Attach Listener" daemon [_thread_blocked, id=10268, stack(0x000000001a5d0000,0x000000001a6d0000)]
  0x0000000019e06000 JavaThread "Signal Dispatcher" daemon [_thread_blocked, id=10964, stack(0x000000001a4d0000,0x000000001a5d0000)]
  0x0000000019df1800 JavaThread "Finalizer" daemon [_thread_blocked, id=12336, stack(0x000000001a2d0000,0x000000001a3d0000)]
  0x0000000019df0800 JavaThread "Reference Handler" daemon [_thread_blocked, id=9656, stack(0x000000001a1d0000,0x000000001a2d0000)]
=>0x0000000002f8b000 JavaThread "main" [_thread_in_Java, id=11060, stack(0x0000000002e80000,0x0000000002f80000)]

Other Threads:
  0x0000000017fe8000 VMThread [stack: 0x0000000019cd0000,0x0000000019dd0000] [id=11676]
  0x0000000019ec5000 WatcherThread [stack: 0x000000001abd0000,0x000000001acd0000] [id=8476]

VM state:not at safepoint (normal execution)

VM Mutex/Monitor currently owned by a thread: None

heap address: 0x0000000081e00000, size: 2018 MB, Compressed Oops mode: 32-bit
Narrow klass base: 0x0000000000000000, Narrow klass shift: 3
Compressed class space size: 1073741824 Address: 0x0000000100000000

Heap:
 PSYoungGen      total 38400K, used 23575K [0x00000000d5f80000, 0x00000000daa80000, 0x0000000100000000)
  eden space 33280K, 55% used [0x00000000d5f80000,0x00000000d718c7f8,0x00000000d8000000)
  from space 5120K, 99% used [0x00000000d8000000,0x00000000d84f94f0,0x00000000d8500000)
  to   space 5120K, 0% used [0x00000000da580000,0x00000000da580000,0x00000000daa80000)
 ParOldGen       total 87552K, used 2423K [0x0000000081e00000, 0x0000000087380000, 0x00000000d5f80000)
  object space 87552K, 2% used [0x0000000081e00000,0x000000008205df80,0x0000000087380000)
 Metaspace       used 15299K, capacity 15430K, committed 15744K, reserved 1062912K
  class space    used 1808K, capacity 1851K, committed 1920K, reserved 1048576K

Card table byte_map: [0x0000000012440000,0x0000000012840000] byte_map_base: 0x0000000012031000

Marking Bits: (ParMarkBitMap*) 0x000000006d616d90
 Begin Bits: [0x00000000132f0000, 0x0000000015278000)
 End Bits:   [0x0000000015278000, 0x0000000017200000)

Polling page: 0x0000000002dc0000

CodeCache: size=245760Kb used=6737Kb max_used=6751Kb free=239022Kb
 bounds [0x0000000003080000, 0x0000000003720000, 0x0000000012080000]
 total_blobs=2125 nmethods=1745 adapters=292
 compilation: enabled

Compilation events (10 events):
Event: 1.279 Thread 0x0000000019e1e000 1738       3       org.apache.xmlbeans.impl.store.Cur::isRoot (45 bytes)
Event: 1.279 Thread 0x0000000019e1e000 nmethod 1738 0x00000000037126d0 code [0x0000000003712880, 0x0000000003712f48]
Event: 1.279 Thread 0x0000000019e1e000 1734       3       java.lang.ThreadLocal::set (30 bytes)
Event: 1.279 Thread 0x0000000019e1e000 nmethod 1734 0x0000000003714950 code [0x0000000003714ae0, 0x0000000003714ee8]
Event: 1.279 Thread 0x0000000019e1e000 1742       3       org.apache.xmlbeans.impl.store.Xobj::tempCur (15 bytes)
Event: 1.279 Thread 0x0000000019e09000 1743       4       java.util.TreeMap$PrivateEntryIterator::nextEntry (54 bytes)
Event: 1.279 Thread 0x0000000019e1e000 nmethod 1742 0x0000000003714190 code [0x0000000003714320, 0x00000000037147d8]
Event: 1.279 Thread 0x0000000019e1e000 1740  s    1       java.lang.StringBuffer::length (5 bytes)
Event: 1.279 Thread 0x0000000019e1e000 nmethod 1740 0x0000000003713d50 code [0x0000000003713ea0, 0x0000000003714110]
Event: 1.279 Thread 0x0000000019e1e000 1744       3       org.apache.xmlbeans.impl.store.Cursor::preCheck (15 bytes)

GC Heap History (6 events):
Event: 0.697 GC heap before
{Heap before GC invocations=1 (full 0):
 PSYoungGen      total 38400K, used 33280K [0x00000000d5f80000, 0x00000000d8a00000, 0x0000000100000000)
  eden space 33280K, 100% used [0x00000000d5f80000,0x00000000d8000000,0x00000000d8000000)
  from space 5120K, 0% used [0x00000000d8500000,0x00000000d8500000,0x00000000d8a00000)
  to   space 5120K, 0% used [0x00000000d8000000,0x00000000d8000000,0x00000000d8500000)
 ParOldGen       total 87552K, used 0K [0x0000000081e00000, 0x0000000087380000, 0x00000000d5f80000)
  object space 87552K, 0% used [0x0000000081e00000,0x0000000081e00000,0x0000000087380000)
 Metaspace       used 9110K, capacity 9168K, committed 9344K, reserved 1056768K
  class space    used 1047K, capacity 1074K, committed 1152K, reserved 1048576K
Event: 0.701 GC heap after
Heap after GC invocations=1 (full 0):
 PSYoungGen      total 38400K, used 5110K [0x00000000d5f80000, 0x00000000d8a00000, 0x0000000100000000)
  eden space 33280K, 0% used [0x00000000d5f80000,0x00000000d5f80000,0x00000000d8000000)
  from space 5120K, 99% used [0x00000000d8000000,0x00000000d84fd818,0x00000000d8500000)
  to   space 5120K, 0% used [0x00000000d8500000,0x00000000d8500000,0x00000000d8a00000)
 ParOldGen       total 87552K, used 397K [0x0000000081e00000, 0x0000000087380000, 0x00000000d5f80000)
  object space 87552K, 0% used [0x0000000081e00000,0x0000000081e63688,0x0000000087380000)
 Metaspace       used 9110K, capacity 9168K, committed 9344K, reserved 1056768K
  class space    used 1047K, capacity 1074K, committed 1152K, reserved 1048576K
}
Event: 0.928 GC heap before
{Heap before GC invocations=2 (full 0):
 PSYoungGen      total 38400K, used 38390K [0x00000000d5f80000, 0x00000000d8a00000, 0x0000000100000000)
  eden space 33280K, 100% used [0x00000000d5f80000,0x00000000d8000000,0x00000000d8000000)
  from space 5120K, 99% used [0x00000000d8000000,0x00000000d84fd818,0x00000000d8500000)
  to   space 5120K, 0% used [0x00000000d8500000,0x00000000d8500000,0x00000000d8a00000)
 ParOldGen       total 87552K, used 397K [0x0000000081e00000, 0x0000000087380000, 0x00000000d5f80000)
  object space 87552K, 0% used [0x0000000081e00000,0x0000000081e63688,0x0000000087380000)
 Metaspace       used 11649K, capacity 11772K, committed 11904K, reserved 1060864K
  class space    used 1326K, capacity 1364K, committed 1408K, reserved 1048576K
Event: 0.931 GC heap after
Heap after GC invocations=2 (full 0):
 PSYoungGen      total 38400K, used 4893K [0x00000000d5f80000, 0x00000000d8a00000, 0x0000000100000000)
  eden space 33280K, 0% used [0x00000000d5f80000,0x00000000d5f80000,0x00000000d8000000)
  from space 5120K, 95% used [0x00000000d8500000,0x00000000d89c76f8,0x00000000d8a00000)
  to   space 5120K, 0% used [0x00000000d8000000,0x00000000d8000000,0x00000000d8500000)
 ParOldGen       total 87552K, used 413K [0x0000000081e00000, 0x0000000087380000, 0x00000000d5f80000)
  object space 87552K, 0% used [0x0000000081e00000,0x0000000081e676a0,0x0000000087380000)
 Metaspace       used 11649K, capacity 11772K, committed 11904K, reserved 1060864K
  class space    used 1326K, capacity 1364K, committed 1408K, reserved 1048576K
}
Event: 1.129 GC heap before
{Heap before GC invocations=3 (full 0):
 PSYoungGen      total 38400K, used 38173K [0x00000000d5f80000, 0x00000000d8a00000, 0x0000000100000000)
  eden space 33280K, 100% used [0x00000000d5f80000,0x00000000d8000000,0x00000000d8000000)
  from space 5120K, 95% used [0x00000000d8500000,0x00000000d89c76f8,0x00000000d8a00000)
  to   space 5120K, 0% used [0x00000000d8000000,0x00000000d8000000,0x00000000d8500000)
 ParOldGen       total 87552K, used 413K [0x0000000081e00000, 0x0000000087380000, 0x00000000d5f80000)
  object space 87552K, 0% used [0x0000000081e00000,0x0000000081e676a0,0x0000000087380000)
 Metaspace       used 13711K, capacity 13826K, committed 13952K, reserved 1060864K
  class space    used 1589K, capacity 1621K, committed 1664K, reserved 1048576K
Event: 1.133 GC heap after
Heap after GC invocations=3 (full 0):
 PSYoungGen      total 38400K, used 5093K [0x00000000d5f80000, 0x00000000daa80000, 0x0000000100000000)
  eden space 33280K, 0% used [0x00000000d5f80000,0x00000000d5f80000,0x00000000d8000000)
  from space 5120K, 99% used [0x00000000d8000000,0x00000000d84f94f0,0x00000000d8500000)
  to   space 5120K, 0% used [0x00000000da580000,0x00000000da580000,0x00000000daa80000)
 ParOldGen       total 87552K, used 2423K [0x0000000081e00000, 0x0000000087380000, 0x00000000d5f80000)
  object space 87552K, 2% used [0x0000000081e00000,0x000000008205df80,0x0000000087380000)
 Metaspace       used 13711K, capacity 13826K, committed 13952K, reserved 1060864K
  class space    used 1589K, capacity 1621K, committed 1664K, reserved 1048576K
}

Deoptimization events (10 events):
Event: 1.263 Thread 0x0000000002f8b000 Uncommon trap: reason=bimorphic action=maybe_recompile pc=0x00000000035a2734 method=java.util.TreeMap.put(Ljava/lang/Object;Ljava/lang/Object;)Ljava/lang/Object; @ 141
Event: 1.263 Thread 0x0000000002f8b000 Uncommon trap: reason=bimorphic action=maybe_recompile pc=0x00000000035a2734 method=java.util.TreeMap.put(Ljava/lang/Object;Ljava/lang/Object;)Ljava/lang/Object; @ 141
Event: 1.271 Thread 0x0000000002f8b000 Uncommon trap: reason=unstable_if action=reinterpret pc=0x0000000003691244 method=org.apache.xmlbeans.impl.store.Cur.getParent(Z)Lorg/apache/xmlbeans/impl/store/Xobj; @ 26
Event: 1.271 Thread 0x0000000002f8b000 Uncommon trap: reason=unstable_if action=reinterpret pc=0x0000000003666594 method=org.apache.xmlbeans.impl.store.Cur.isNormal()Z @ 60
Event: 1.271 Thread 0x0000000002f8b000 Uncommon trap: reason=unstable_if action=reinterpret pc=0x00000000036ad910 method=org.apache.xmlbeans.impl.store.Cur.moveTo(Lorg/apache/xmlbeans/impl/store/Xobj;I)V @ 111
Event: 1.271 Thread 0x0000000002f8b000 Uncommon trap: reason=unstable_if action=reinterpret pc=0x00000000036634bc method=org.apache.xmlbeans.impl.store.Cur.moveToNoCheck(Lorg/apache/xmlbeans/impl/store/Xobj;I)V @ 5
Event: 1.271 Thread 0x0000000002f8b000 Uncommon trap: reason=unstable_if action=reinterpret pc=0x00000000036b2970 method=org.apache.xmlbeans.impl.store.Cur.isNormal()Z @ 60
Event: 1.271 Thread 0x0000000002f8b000 Uncommon trap: reason=unstable_if action=reinterpret pc=0x000000000366d9ec method=org.apache.xmlbeans.impl.store.Cur.moveTo(Lorg/apache/xmlbeans/impl/store/Xobj;I)V @ 111
Event: 1.272 Thread 0x0000000002f8b000 Uncommon trap: reason=unstable_if action=reinterpret pc=0x000000000366fa78 method=org.apache.xmlbeans.impl.store.Cur.isNormal()Z @ 60
Event: 1.272 Thread 0x0000000002f8b000 Uncommon trap: reason=unstable_if action=reinterpret pc=0x000000000365e9e0 method=org.apache.xmlbeans.impl.store.Xobj.bitIsSet(I)Z @ 6

Classes redefined (0 events):
No events

Internal exceptions (10 events):
Event: 1.053 Thread 0x0000000002f8b000 Exception <a 'java/security/PrivilegedActionException'> (0x00000000d7868c90) thrown at [C:\re\workspace\8-2-build-windows-amd64-cygwin\jdk8u231\13620\hotspot\src\share\vm\prims\jvm.cpp, line 1502]
Event: 1.053 Thread 0x0000000002f8b000 Exception <a 'java/security/PrivilegedActionException'> (0x00000000d7869270) thrown at [C:\re\workspace\8-2-build-windows-amd64-cygwin\jdk8u231\13620\hotspot\src\share\vm\prims\jvm.cpp, line 1502]
Event: 1.054 Thread 0x0000000002f8b000 Exception <a 'java/security/PrivilegedActionException'> (0x00000000d7891460) thrown at [C:\re\workspace\8-2-build-windows-amd64-cygwin\jdk8u231\13620\hotspot\src\share\vm\prims\jvm.cpp, line 1502]
Event: 1.054 Thread 0x0000000002f8b000 Exception <a 'java/security/PrivilegedActionException'> (0x00000000d7891a40) thrown at [C:\re\workspace\8-2-build-windows-amd64-cygwin\jdk8u231\13620\hotspot\src\share\vm\prims\jvm.cpp, line 1502]
Event: 1.055 Thread 0x0000000002f8b000 Exception <a 'java/security/PrivilegedActionException'> (0x00000000d78a7bb8) thrown at [C:\re\workspace\8-2-build-windows-amd64-cygwin\jdk8u231\13620\hotspot\src\share\vm\prims\jvm.cpp, line 1502]
Event: 1.055 Thread 0x0000000002f8b000 Exception <a 'java/security/PrivilegedActionException'> (0x00000000d78a8198) thrown at [C:\re\workspace\8-2-build-windows-amd64-cygwin\jdk8u231\13620\hotspot\src\share\vm\prims\jvm.cpp, line 1502]
Event: 1.055 Thread 0x0000000002f8b000 Exception <a 'java/security/PrivilegedActionException'> (0x00000000d78bf1f0) thrown at [C:\re\workspace\8-2-build-windows-amd64-cygwin\jdk8u231\13620\hotspot\src\share\vm\prims\jvm.cpp, line 1502]
Event: 1.055 Thread 0x0000000002f8b000 Exception <a 'java/security/PrivilegedActionException'> (0x00000000d78bf7d0) thrown at [C:\re\workspace\8-2-build-windows-amd64-cygwin\jdk8u231\13620\hotspot\src\share\vm\prims\jvm.cpp, line 1502]
Event: 1.055 Thread 0x0000000002f8b000 Exception <a 'java/security/PrivilegedActionException'> (0x00000000d78d6b80) thrown at [C:\re\workspace\8-2-build-windows-amd64-cygwin\jdk8u231\13620\hotspot\src\share\vm\prims\jvm.cpp, line 1502]
Event: 1.055 Thread 0x0000000002f8b000 Exception <a 'java/security/PrivilegedActionException'> (0x00000000d78d7160) thrown at [C:\re\workspace\8-2-build-windows-amd64-cygwin\jdk8u231\13620\hotspot\src\share\vm\prims\jvm.cpp, line 1502]

Events (10 events):
Event: 1.274 loading class java/util/TreeMap$AscendingSubMap
Event: 1.274 loading class java/util/TreeMap$NavigableSubMap
Event: 1.274 loading class java/util/TreeMap$NavigableSubMap done
Event: 1.274 loading class java/util/TreeMap$AscendingSubMap done
Event: 1.275 loading class java/util/TreeMap$NavigableSubMap$SubMapKeyIterator
Event: 1.275 loading class java/util/Spliterator
Event: 1.275 loading class java/util/Spliterator done
Event: 1.275 loading class java/util/TreeMap$NavigableSubMap$SubMapIterator
Event: 1.275 loading class java/util/TreeMap$NavigableSubMap$SubMapIterator done
Event: 1.275 loading class java/util/TreeMap$NavigableSubMap$SubMapKeyIterator done


Dynamic libraries:
0x00007ff77ef20000 - 0x00007ff77ef57000 	C:\Program Files\Java\jdk1.8.0_231\bin\javaw.exe
0x00007fff55360000 - 0x00007fff55550000 	C:\Windows\SYSTEM32\ntdll.dll
0x00007fff53470000 - 0x00007fff53522000 	C:\Windows\System32\KERNEL32.DLL
0x00007fff52680000 - 0x00007fff52924000 	C:\Windows\System32\KERNELBASE.dll
0x00007fff55170000 - 0x00007fff55213000 	C:\Windows\System32\ADVAPI32.dll
0x00007fff540f0000 - 0x00007fff5418e000 	C:\Windows\System32\msvcrt.dll
0x00007fff54890000 - 0x00007fff54927000 	C:\Windows\System32\sechost.dll
0x00007fff54c10000 - 0x00007fff54d30000 	C:\Windows\System32\RPCRT4.dll
0x00007fff53d90000 - 0x00007fff53f24000 	C:\Windows\System32\USER32.dll
0x00007fff52bd0000 - 0x00007fff52bf1000 	C:\Windows\System32\win32u.dll
0x00007fff55220000 - 0x00007fff55246000 	C:\Windows\System32\GDI32.dll
0x00007fff522e0000 - 0x00007fff52476000 	C:\Windows\System32\gdi32full.dll
0x00007fff529e0000 - 0x00007fff52a7e000 	C:\Windows\System32\msvcp_win.dll
0x00007fff524a0000 - 0x00007fff5259a000 	C:\Windows\System32\ucrtbase.dll
0x00007fff50fe0000 - 0x00007fff51264000 	C:\Windows\WinSxS\amd64_microsoft.windows.common-controls_6595b64144ccf1df_6.0.18362.959_none_e6c7bbbf130c62bb\COMCTL32.dll
0x00007fff535b0000 - 0x00007fff538e5000 	C:\Windows\System32\combase.dll
0x00007fff52600000 - 0x00007fff52680000 	C:\Windows\System32\bcryptPrimitives.dll
0x00007fff53d60000 - 0x00007fff53d8e000 	C:\Windows\System32\IMM32.DLL
0x000000006d6a0000 - 0x000000006d772000 	C:\Program Files\Java\jdk1.8.0_231\jre\bin\msvcr100.dll
0x000000006cdf0000 - 0x000000006d696000 	C:\Program Files\Java\jdk1.8.0_231\jre\bin\server\jvm.dll
0x00007fff55000000 - 0x00007fff55008000 	C:\Windows\System32\PSAPI.DLL
0x00007fff4f120000 - 0x00007fff4f144000 	C:\Windows\SYSTEM32\WINMM.dll
0x00007fff4fd30000 - 0x00007fff4fd3a000 	C:\Windows\SYSTEM32\VERSION.dll
0x00007fff51cb0000 - 0x00007fff51cb9000 	C:\Windows\SYSTEM32\WSOCK32.dll
0x00007fff54b90000 - 0x00007fff54bff000 	C:\Windows\System32\WS2_32.dll
0x00007fff4f0f0000 - 0x00007fff4f11d000 	C:\Windows\SYSTEM32\winmmbase.dll
0x00007fff52c00000 - 0x00007fff52c4a000 	C:\Windows\System32\cfgmgr32.dll
0x00007fff504d0000 - 0x00007fff504df000 	C:\Program Files\Java\jdk1.8.0_231\jre\bin\verify.dll
0x00007fff504a0000 - 0x00007fff504c9000 	C:\Program Files\Java\jdk1.8.0_231\jre\bin\java.dll
0x00007fff50480000 - 0x00007fff50496000 	C:\Program Files\Java\jdk1.8.0_231\jre\bin\zip.dll
0x00007fff541a0000 - 0x00007fff54886000 	C:\Windows\System32\SHELL32.dll
0x00007fff54930000 - 0x00007fff549d9000 	C:\Windows\System32\shcore.dll
0x00007fff52c50000 - 0x00007fff533d2000 	C:\Windows\System32\windows.storage.dll
0x00007fff52260000 - 0x00007fff52283000 	C:\Windows\System32\profapi.dll
0x00007fff52290000 - 0x00007fff522da000 	C:\Windows\System32\powrprof.dll
0x00007fff52210000 - 0x00007fff52220000 	C:\Windows\System32\UMPDC.dll
0x00007fff53410000 - 0x00007fff53462000 	C:\Windows\System32\shlwapi.dll
0x00007fff52240000 - 0x00007fff52251000 	C:\Windows\System32\kernel.appcore.dll
0x00007fff52480000 - 0x00007fff52497000 	C:\Windows\System32\cryptsp.dll
0x00007fff50460000 - 0x00007fff5047a000 	C:\Program Files\Java\jdk1.8.0_231\jre\bin\net.dll
0x00007fff516b0000 - 0x00007fff51717000 	C:\Windows\system32\mswsock.dll
0x00007fff51410000 - 0x00007fff514db000 	C:\Windows\SYSTEM32\DNSAPI.dll
0x00007fff54c00000 - 0x00007fff54c08000 	C:\Windows\System32\NSI.dll
0x00007fff513c0000 - 0x00007fff513fa000 	C:\Windows\SYSTEM32\IPHLPAPI.DLL
0x00007fff416d0000 - 0x00007fff416da000 	C:\Windows\System32\rasadhlp.dll
0x00007fff46610000 - 0x00007fff46687000 	C:\Windows\System32\fwpuclnt.dll
0x00007fff533e0000 - 0x00007fff53406000 	C:\Windows\System32\bcrypt.dll
0x00007fff50f90000 - 0x00007fff50fc3000 	C:\Windows\system32\rsaenh.dll
0x00007fff52100000 - 0x00007fff52125000 	C:\Windows\SYSTEM32\USERENV.dll
0x00007fff51880000 - 0x00007fff5188c000 	C:\Windows\SYSTEM32\CRYPTBASE.dll
0x00007fff4a050000 - 0x00007fff4a066000 	C:\Windows\SYSTEM32\dhcpcsvc6.DLL
0x00007fff46460000 - 0x00007fff4647c000 	C:\Windows\SYSTEM32\dhcpcsvc.DLL
0x00007fff50410000 - 0x00007fff50422000 	C:\Program Files\Java\jdk1.8.0_231\jre\bin\nio.dll
0x00007fff51d30000 - 0x00007fff51f24000 	C:\Windows\SYSTEM32\dbghelp.dll

VM Arguments:
jvm_args: -ea -Dfile.encoding=Cp1252 
java_command: org.testng.remote.RemoteTestNG -serport 53578 -protocol json -d C:\LivingTree Workspace\LivingTreeQAAutomation\LivingTree_TestAutomation\test-output C:\Users\Dell\AppData\Local\Temp\testng-eclipse-570814988\testng-customsuite.xml
java_class_path (initial): D:\eclipse 2018-09\eclipse\configuration\org.eclipse.osgi\999\0\.cp\lib\testng-remote.jar;C:\LivingTree Workspace\LivingTreeQAAutomation\LivingTree_TestAutomation\target\test-classes;C:\LivingTree Workspace\LivingTreeQAAutomation\LivingTree_TestAutomation\target\classes;D:\eclipse 2018-09\eclipse\plugins\org.testng_6.14.3.r201802240500.jar;D:\eclipse 2018-09\eclipse\plugins\com.beust.jcommander_1.72.0.jar;D:\eclipse 2018-09\eclipse\plugins\org.apache-extras.beanshell.bsh_2.0.0.b6.jar;D:\eclipse 2018-09\eclipse\plugins\org.yaml.snakeyaml_1.17.0.jar;C:\Program Files\Java\jdk1.8.0_231\lib\tools.jar;C:\Users\Dell\.m2\repository\org\jenkins-ci\plugins\zephyr-for-jira-test-management\1.4\zephyr-for-jira-test-management-1.4.jar;C:\Users\Dell\.m2\repository\org\jenkins-ci\plugins\junit\1.5\junit-1.5.jar;C:\Users\Dell\.m2\repository\org\apache\commons\commons-lang3\3.0\commons-lang3-3.0.jar;C:\Users\Dell\.m2\repository\com\fasterxml\jackson\core\jackson-databind\2.7.2\jackson-databind-2.7.2.jar;C:\Users\Dell\.m2\repository\org\slf4j\slf4j-api\1.7.19\slf4j-api-1.7.19.jar;C:\Users\Dell\.m2\repository\net\rcarz\jira-client\0.5\jira-client-0.5.jar;C:\Users\Dell\.m2\repository\net\sf\json-lib\json-lib\2.4\json-lib-2.4-jdk15.jar;C:\Users\Dell\.m2\repository\junit\junit\4.8.2\junit-4.8.2.jar;C:\Users\Dell\.m2\repository\org\mockito\mockito-all\1.9.0\mockito-all-1.9.0.jar;C:\Users\Dell\.m2\repository\commons-httpclient\commons-httpclient\3.1\commons-httpclient-3.1.jar;C:\Users\Dell\.m2\repository\com\auth0\java-jwt\3.8.3\java-jwt-3.8.3.jar;C:\Users\Dell\.m2\repository\com\github\bogdanlivadariu\integrations\zapi\0.0.5\zapi-0.0.5.jar;C:\Users\Dell\.m2\repository\com\google\code\gson\gson\2.7\gson-2.7.jar;C:\Users\Dell\.m2\repository\org\apache\logging\log4j\log4j-core\2.3\log4j-core-2.3.jar;C:\Users\Dell\.m2\repository\org\apache\logging\log4j\log4j-api\2.3\log4j-api-2.3.jar;C:\Users\Dell\.m2\repository\org\apache\pdfbox\pdfbox\2.0.17\pdfbox-2.0.17.jar;C:
Launcher Type: SUN_STANDARD

Environment Variables:
JAVA_HOME=C:\Program Files\Java\jdk1.8.0_231
PATH=C:/Program Files/Java/jre1.8.0_231/bin/server;C:/Program Files/Java/jre1.8.0_231/bin;C:/Program Files/Java/jre1.8.0_231/lib/amd64;C:\Python27\;C:\Python27\Scripts;C:\Program Files (x86)\Common Files\Oracle\Java\javapath;C:\Windows\system32;C:\Windows;C:\Windows\System32\Wbem;C:\Windows\System32\WindowsPowerShell\v1.0\;C:\Windows\System32\OpenSSH\;C:\Program Files\Java\jdk1.8.0_231\bin;C:\apache-maven-3.6.2\bin;C:\Users\Dell\AppData\Local\Android\Sdk\tools\bin;C:\Users\Dell\AppData\Local\Android\Sdk\tools;C:\Users\Dell\AppData\Local\Android\Sdk\platform-tools;C:\Program Files\nodejs\;C:\ProgramData\chocolatey\bin;C:\Program Files\nodejs\node_modules\npm\bin;C:\Program Files\Git\cmd;C:\Program Files\PuTTY\;C:\Users\Dell\AppData\Local\Microsoft\WindowsApps;C:\Users\Dell\AppData\Roaming\npm;D:\eclipse 2018-09\eclipse;
USERNAME=Dell
OS=Windows_NT
PROCESSOR_IDENTIFIER=Intel64 Family 6 Model 142 Stepping 12, GenuineIntel



---------------  S Y S T E M  ---------------

OS: Windows 10.0 , 64 bit Build 18362 (10.0.18362.959)

CPU:total 8 (initial active 8) (4 cores per cpu, 2 threads per core) family 6 model 142 stepping 12, cmov, cx8, fxsr, mmx, sse, sse2, sse3, ssse3, sse4.1, sse4.2, popcnt, avx, avx2, aes, clmul, erms, 3dnowpref, lzcnt, ht, tsc, tscinvbit, bmi1, bmi2, adx

Memory: 4k page, physical 8259292k(2718884k free), swap 10618588k(3268292k free)

vm_info: Java HotSpot(TM) 64-Bit Server VM (25.231-b11) for windows-amd64 JRE (1.8.0_231-b11), built on Oct  5 2019 03:11:30 by "java_re" with MS VC++ 10.0 (VS2010)

time: Sat Aug 01 20:49:55 2020
timezone: India Standard Time
elapsed time: 1 seconds (0d 0h 0m 1s)

