#
# A fatal error has been detected by the Java Runtime Environment:
#
#  EXCEPTION_ACCESS_VIOLATION (0xc0000005) at pc=0x0000000051ee09c0, pid=684, tid=0x000000000000080c
#
# JRE version: Java(TM) SE Runtime Environment (8.0_231-b11) (build 1.8.0_231-b11)
# Java VM: Java HotSpot(TM) 64-Bit Server VM (25.231-b11 mixed mode windows-amd64 compressed oops)
# Problematic frame:
# V  [jvm.dll+0xb09c0]
#
# Failed to write core dump. Minidumps are not enabled by default on client versions of Windows
#
# If you would like to submit a bug report, please visit:
#   http://bugreport.java.com/bugreport/crash.jsp
#

---------------  T H R E A D  ---------------

Current thread (0x000000000282a000):  GCTaskThread [stack: 0x0000000012870000,0x0000000012970000] [id=2060]

siginfo: ExceptionCode=0xc0000005, reading address 0x0000000000000008

Registers:
RAX=0x0000000000000000, RBX=0x00000000d8b89de8, RCX=0x00000000d8b89de8, RDX=0x0000000000000000
RSP=0x000000001296f418, RBP=0x0000000000000000, RSI=0x00000000028fd340, RDI=0x000000001cb7b3e0
R8 =0x00000000028fd340, R9 =0x000000000000000f, R10=0x0000000000000008, R11=0x0000000000000000
R12=0x000000005248db28, R13=0x0000000000000000, R14=0x0000000000000000, R15=0x000000000282a4b0
RIP=0x0000000051ee09c0, EFLAGS=0x0000000000010246

Top of Stack: (sp=0x000000001296f418)
0x000000001296f418:   0000000052234ec2 00000000d838a378
0x000000001296f428:   0000000000000002 00000000028fd340
0x000000001296f438:   0000000002a027a8 00000000daa4d520
0x000000001296f448:   000000005223560b 00000000821a3740
0x000000001296f458:   0000000000000400 0000000000000000
0x000000001296f468:   0000000002827601 000000005248db28
0x000000001296f478:   0000000052235230 00000000821a4d2c
0x000000001296f488:   0000000000000000 00000000028fd340
0x000000001296f498:   000000001cb7b3e0 00000000821a4d2c
0x000000001296f4a8:   0000000052235c05 0000000000000009
0x000000001296f4b8:   000000005248db28 00000000820b0a20
0x000000001296f4c8:   0000000052235141 00000000d8350a88
0x000000001296f4d8:   0000000000000007 00000000028fd340
0x000000001296f4e8:   00000a8c00000332 000000001cb7b320
0x000000001296f4f8:   00000a8c00000333 000004080000032f
0x000000001296f508:   00000a8c00000332 000000000282a4a0 

Instructions: (pc=0x0000000051ee09c0)
0x0000000051ee09a0:   4c e0 1d 00 48 8b 9c 24 d0 00 00 00 48 81 c4 c0
0x0000000051ee09b0:   00 00 00 5d c3 cc cc cc cc cc cc cc cc cc cc cc
0x0000000051ee09c0:   44 8b 42 08 4c 8b ca 45 85 c0 7e 0e 41 f6 c0 01
0x0000000051ee09d0:   75 57 41 c1 f8 03 41 8b c0 c3 79 4d 80 3d ee 6f 


Register to memory mapping:

RAX=0x0000000000000000 is an unknown value
RBX=0x00000000d8b89de8 is an unknown value
RCX=0x00000000d8b89de8 is an unknown value
RDX=0x0000000000000000 is an unknown value
RSP=0x000000001296f418 is an unknown value
RBP=0x0000000000000000 is an unknown value
RSI=0x00000000028fd340 is an unknown value
RDI=0x000000001cb7b3e0 is an unknown value
R8 =0x00000000028fd340 is an unknown value
R9 =0x000000000000000f is an unknown value
R10=0x0000000000000008 is an unknown value
R11=0x0000000000000000 is an unknown value
R12=0x000000005248db28 is an unknown value
R13=0x0000000000000000 is an unknown value
R14=0x0000000000000000 is an unknown value
R15=0x000000000282a4b0 is an unknown value


Stack: [0x0000000012870000,0x0000000012970000],  sp=0x000000001296f418,  free space=1021k
Native frames: (J=compiled Java code, j=interpreted, Vv=VM code, C=native code)


---------------  P R O C E S S  ---------------

Java Threads: ( => current thread )
  0x000000001b8c2800 JavaThread "ReaderThread" [_thread_in_native, id=8524, stack(0x000000001c150000,0x000000001c250000)]
  0x0000000019723800 JavaThread "Service Thread" daemon [_thread_blocked, id=12012, stack(0x000000001a340000,0x000000001a440000)]
  0x000000001968a800 JavaThread "C1 CompilerThread3" daemon [_thread_blocked, id=10632, stack(0x000000001a240000,0x000000001a340000)]
  0x000000001967e000 JavaThread "C2 CompilerThread2" daemon [_thread_blocked, id=3120, stack(0x000000001a140000,0x000000001a240000)]
  0x000000001967a000 JavaThread "C2 CompilerThread1" daemon [_thread_blocked, id=10956, stack(0x000000001a040000,0x000000001a140000)]
  0x0000000019677800 JavaThread "C2 CompilerThread0" daemon [_thread_blocked, id=12856, stack(0x0000000019f40000,0x000000001a040000)]
  0x0000000019675800 JavaThread "Attach Listener" daemon [_thread_blocked, id=6184, stack(0x0000000019e40000,0x0000000019f40000)]
  0x0000000019674800 JavaThread "Signal Dispatcher" daemon [_thread_blocked, id=6512, stack(0x0000000019d40000,0x0000000019e40000)]
  0x0000000017877000 JavaThread "Finalizer" daemon [_thread_blocked, id=3148, stack(0x0000000019b40000,0x0000000019c40000)]
  0x0000000019660800 JavaThread "Reference Handler" daemon [_thread_blocked, id=5740, stack(0x0000000019a40000,0x0000000019b40000)]
  0x000000000280b000 JavaThread "main" [_thread_blocked, id=9572, stack(0x0000000002700000,0x0000000002800000)]

Other Threads:
  0x0000000017866800 VMThread [stack: 0x0000000019540000,0x0000000019640000] [id=2252]
  0x0000000019748000 WatcherThread [stack: 0x000000001a440000,0x000000001a540000] [id=5220]

=>0x000000000282a000 (exited) GCTaskThread [stack: 0x0000000012870000,0x0000000012970000] [id=2060]

VM state:at safepoint (normal execution)

VM Mutex/Monitor currently owned by a thread:  ([mutex/lock_event])
[0x0000000002808b60] Threads_lock - owner thread: 0x0000000017866800
[0x0000000002808d60] Heap_lock - owner thread: 0x000000000280b000

heap address: 0x0000000081e00000, size: 2018 MB, Compressed Oops mode: 32-bit
Narrow klass base: 0x0000000000000000, Narrow klass shift: 3
Compressed class space size: 1073741824 Address: 0x0000000100000000

Heap:
 PSYoungGen      total 38400K, used 38389K [0x00000000d5f80000, 0x00000000daa80000, 0x0000000100000000)
  eden space 33280K, 100% used [0x00000000d5f80000,0x00000000d8000000,0x00000000d8000000)
  from space 5120K, 99% used [0x00000000d8000000,0x00000000d84fd520,0x00000000d8500000)
  to   space 5120K, 99% used [0x00000000da580000,0x00000000daa7d520,0x00000000daa80000)
 ParOldGen       total 87552K, used 4461K [0x0000000081e00000, 0x0000000087380000, 0x00000000d5f80000)
  object space 87552K, 5% used [0x0000000081e00000,0x000000008225b740,0x0000000087380000)
 Metaspace       used 15603K, capacity 15740K, committed 16000K, reserved 1062912K
  class space    used 1825K, capacity 1860K, committed 1920K, reserved 1048576K

Card table byte_map: [0x0000000011cc0000,0x00000000120c0000] byte_map_base: 0x00000000118b1000

Marking Bits: (ParMarkBitMap*) 0x0000000052656d90
 Begin Bits: [0x0000000012b70000, 0x0000000014af8000)
 End Bits:   [0x0000000014af8000, 0x0000000016a80000)

Polling page: 0x00000000008b0000

CodeCache: size=245760Kb used=7731Kb max_used=7731Kb free=238029Kb
 bounds [0x0000000002900000, 0x00000000030a0000, 0x0000000011900000]
 total_blobs=2458 nmethods=2078 adapters=292
 compilation: enabled

Compilation events (10 events):
Event: 1.419 Thread 0x000000001968a800 nmethod 2084 0x0000000003088f90 code [0x00000000030890e0, 0x00000000030891f0]
Event: 1.419 Thread 0x000000001968a800 2086   !   3       sun.misc.FloatingDecimal::readJavaFormatString (794 bytes)
Event: 1.421 Thread 0x000000001968a800 nmethod 2086 0x0000000003089250 code [0x0000000003089800, 0x000000000308d9b8]
Event: 1.421 Thread 0x000000001968a800 2089       3       org.apache.xmlbeans.impl.values.XmlObjectBase::invalidate_value (36 bytes)
Event: 1.422 Thread 0x000000001968a800 nmethod 2089 0x0000000003091390 code [0x0000000003091500, 0x0000000003091768]
Event: 1.422 Thread 0x000000001968a800 2087   !   3       org.openxmlformats.schemas.spreadsheetml.x2006.main.impl.CTColImpl::getBestFit (66 bytes)
Event: 1.422 Thread 0x000000001968a800 nmethod 2087 0x0000000003091850 code [0x0000000003091ac0, 0x0000000003092f08]
Event: 1.422 Thread 0x000000001968a800 2090       3       org.apache.xmlbeans.impl.store.Xobj::inhibitDisconnect (8 bytes)
Event: 1.422 Thread 0x000000001968a800 nmethod 2090 0x0000000003093850 code [0x00000000030939c0, 0x0000000003093c50]
Event: 1.422 Thread 0x000000001968a800 2088   !   3       org.openxmlformats.schemas.spreadsheetml.x2006.main.impl.CTColImpl::setBestFit (69 bytes)

GC Heap History (7 events):
Event: 0.740 GC heap before
{Heap before GC invocations=1 (full 0):
 PSYoungGen      total 38400K, used 33280K [0x00000000d5f80000, 0x00000000d8a00000, 0x0000000100000000)
  eden space 33280K, 100% used [0x00000000d5f80000,0x00000000d8000000,0x00000000d8000000)
  from space 5120K, 0% used [0x00000000d8500000,0x00000000d8500000,0x00000000d8a00000)
  to   space 5120K, 0% used [0x00000000d8000000,0x00000000d8000000,0x00000000d8500000)
 ParOldGen       total 87552K, used 0K [0x0000000081e00000, 0x0000000087380000, 0x00000000d5f80000)
  object space 87552K, 0% used [0x0000000081e00000,0x0000000081e00000,0x0000000087380000)
 Metaspace       used 9112K, capacity 9168K, committed 9344K, reserved 1056768K
  class space    used 1045K, capacity 1074K, committed 1152K, reserved 1048576K
Event: 0.744 GC heap after
Heap after GC invocations=1 (full 0):
 PSYoungGen      total 38400K, used 5106K [0x00000000d5f80000, 0x00000000d8a00000, 0x0000000100000000)
  eden space 33280K, 0% used [0x00000000d5f80000,0x00000000d5f80000,0x00000000d8000000)
  from space 5120K, 99% used [0x00000000d8000000,0x00000000d84fc998,0x00000000d8500000)
  to   space 5120K, 0% used [0x00000000d8500000,0x00000000d8500000,0x00000000d8a00000)
 ParOldGen       total 87552K, used 318K [0x0000000081e00000, 0x0000000087380000, 0x00000000d5f80000)
  object space 87552K, 0% used [0x0000000081e00000,0x0000000081e4f818,0x0000000087380000)
 Metaspace       used 9112K, capacity 9168K, committed 9344K, reserved 1056768K
  class space    used 1045K, capacity 1074K, committed 1152K, reserved 1048576K
}
Event: 0.967 GC heap before
{Heap before GC invocations=2 (full 0):
 PSYoungGen      total 38400K, used 38386K [0x00000000d5f80000, 0x00000000d8a00000, 0x0000000100000000)
  eden space 33280K, 100% used [0x00000000d5f80000,0x00000000d8000000,0x00000000d8000000)
  from space 5120K, 99% used [0x00000000d8000000,0x00000000d84fc998,0x00000000d8500000)
  to   space 5120K, 0% used [0x00000000d8500000,0x00000000d8500000,0x00000000d8a00000)
 ParOldGen       total 87552K, used 318K [0x0000000081e00000, 0x0000000087380000, 0x00000000d5f80000)
  object space 87552K, 0% used [0x0000000081e00000,0x0000000081e4f818,0x0000000087380000)
 Metaspace       used 11643K, capacity 11772K, committed 11904K, reserved 1060864K
  class space    used 1325K, capacity 1364K, committed 1408K, reserved 1048576K
Event: 0.971 GC heap after
Heap after GC invocations=2 (full 0):
 PSYoungGen      total 38400K, used 4951K [0x00000000d5f80000, 0x00000000d8a00000, 0x0000000100000000)
  eden space 33280K, 0% used [0x00000000d5f80000,0x00000000d5f80000,0x00000000d8000000)
  from space 5120K, 96% used [0x00000000d8500000,0x00000000d89d5dd0,0x00000000d8a00000)
  to   space 5120K, 0% used [0x00000000d8000000,0x00000000d8000000,0x00000000d8500000)
 ParOldGen       total 87552K, used 334K [0x0000000081e00000, 0x0000000087380000, 0x00000000d5f80000)
  object space 87552K, 0% used [0x0000000081e00000,0x0000000081e53830,0x0000000087380000)
 Metaspace       used 11643K, capacity 11772K, committed 11904K, reserved 1060864K
  class space    used 1325K, capacity 1364K, committed 1408K, reserved 1048576K
}
Event: 1.148 GC heap before
{Heap before GC invocations=3 (full 0):
 PSYoungGen      total 38400K, used 38231K [0x00000000d5f80000, 0x00000000d8a00000, 0x0000000100000000)
  eden space 33280K, 100% used [0x00000000d5f80000,0x00000000d8000000,0x00000000d8000000)
  from space 5120K, 96% used [0x00000000d8500000,0x00000000d89d5dd0,0x00000000d8a00000)
  to   space 5120K, 0% used [0x00000000d8000000,0x00000000d8000000,0x00000000d8500000)
 ParOldGen       total 87552K, used 334K [0x0000000081e00000, 0x0000000087380000, 0x00000000d5f80000)
  object space 87552K, 0% used [0x0000000081e00000,0x0000000081e53830,0x0000000087380000)
 Metaspace       used 13608K, capacity 13730K, committed 13952K, reserved 1060864K
  class space    used 1567K, capacity 1589K, committed 1664K, reserved 1048576K
Event: 1.152 GC heap after
Heap after GC invocations=3 (full 0):
 PSYoungGen      total 38400K, used 5109K [0x00000000d5f80000, 0x00000000daa80000, 0x0000000100000000)
  eden space 33280K, 0% used [0x00000000d5f80000,0x00000000d5f80000,0x00000000d8000000)
  from space 5120K, 99% used [0x00000000d8000000,0x00000000d84fd520,0x00000000d8500000)
  to   space 5120K, 0% used [0x00000000da580000,0x00000000da580000,0x00000000daa80000)
 ParOldGen       total 87552K, used 2332K [0x0000000081e00000, 0x0000000087380000, 0x00000000d5f80000)
  object space 87552K, 2% used [0x0000000081e00000,0x0000000082047100,0x0000000087380000)
 Metaspace       used 13608K, capacity 13730K, committed 13952K, reserved 1060864K
  class space    used 1567K, capacity 1589K, committed 1664K, reserved 1048576K
}
Event: 1.423 GC heap before
{Heap before GC invocations=4 (full 0):
 PSYoungGen      total 38400K, used 38389K [0x00000000d5f80000, 0x00000000daa80000, 0x0000000100000000)
  eden space 33280K, 100% used [0x00000000d5f80000,0x00000000d8000000,0x00000000d8000000)
  from space 5120K, 99% used [0x00000000d8000000,0x00000000d84fd520,0x00000000d8500000)
  to   space 5120K, 0% used [0x00000000da580000,0x00000000da580000,0x00000000daa80000)
 ParOldGen       total 87552K, used 2332K [0x0000000081e00000, 0x0000000087380000, 0x00000000d5f80000)
  object space 87552K, 2% used [0x0000000081e00000,0x0000000082047100,0x0000000087380000)
 Metaspace       used 15603K, capacity 15740K, committed 16000K, reserved 1062912K
  class space    used 1825K, capacity 1860K, committed 1920K, reserved 1048576K

Deoptimization events (10 events):
Event: 1.298 Thread 0x000000000280b000 Uncommon trap: reason=unstable_if action=reinterpret pc=0x0000000002f21f0c method=org.apache.xmlbeans.impl.store.Cur.getParent(Z)Lorg/apache/xmlbeans/impl/store/Xobj; @ 26
Event: 1.298 Thread 0x000000000280b000 Uncommon trap: reason=unstable_if action=reinterpret pc=0x0000000002ed71b8 method=org.apache.xmlbeans.impl.store.Cur.isNormal()Z @ 60
Event: 1.298 Thread 0x000000000280b000 Uncommon trap: reason=unstable_if action=reinterpret pc=0x0000000002ee8eac method=org.apache.xmlbeans.impl.store.Cur.moveTo(Lorg/apache/xmlbeans/impl/store/Xobj;I)V @ 111
Event: 1.298 Thread 0x000000000280b000 Uncommon trap: reason=unstable_if action=reinterpret pc=0x0000000002ecbc7c method=org.apache.xmlbeans.impl.store.Cur.moveToNoCheck(Lorg/apache/xmlbeans/impl/store/Xobj;I)V @ 5
Event: 1.298 Thread 0x000000000280b000 Uncommon trap: reason=unstable_if action=reinterpret pc=0x0000000002efce70 method=org.apache.xmlbeans.impl.store.Cur.isNormal()Z @ 60
Event: 1.298 Thread 0x000000000280b000 Uncommon trap: reason=unstable_if action=reinterpret pc=0x0000000002ebea20 method=org.apache.xmlbeans.impl.store.Xobj.bitIsSet(I)Z @ 6
Event: 1.308 Thread 0x000000000280b000 Uncommon trap: reason=unstable_if action=reinterpret pc=0x0000000002f889f4 method=org.apache.xmlbeans.impl.store.Xobj.getNormal(I)Lorg/apache/xmlbeans/impl/store/Xobj; @ 45
Event: 1.326 Thread 0x000000000280b000 Uncommon trap: reason=unstable_if action=reinterpret pc=0x0000000002f7cfb4 method=org.apache.xmlbeans.impl.store.Xobj.getNormal(I)Lorg/apache/xmlbeans/impl/store/Xobj; @ 45
Event: 1.366 Thread 0x000000000280b000 Uncommon trap: reason=class_check action=maybe_recompile pc=0x0000000002f29f70 method=org.apache.xmlbeans.impl.store.CharUtil.isValid(Ljava/lang/Object;II)Z @ 64
Event: 1.372 Thread 0x000000000280b000 Uncommon trap: reason=unstable_if action=reinterpret pc=0x0000000002d552a8 method=org.apache.xerces.impl.XMLEntityScanner.scanLiteral(ILorg/apache/xerces/xni/XMLString;)I @ 43

Classes redefined (0 events):
No events

Internal exceptions (10 events):
Event: 1.090 Thread 0x000000000280b000 Exception <a 'java/security/PrivilegedActionException'> (0x00000000d7913df8) thrown at [C:\re\workspace\8-2-build-windows-amd64-cygwin\jdk8u231\13620\hotspot\src\share\vm\prims\jvm.cpp, line 1502]
Event: 1.090 Thread 0x000000000280b000 Exception <a 'java/security/PrivilegedActionException'> (0x00000000d79143d8) thrown at [C:\re\workspace\8-2-build-windows-amd64-cygwin\jdk8u231\13620\hotspot\src\share\vm\prims\jvm.cpp, line 1502]
Event: 1.091 Thread 0x000000000280b000 Exception <a 'java/security/PrivilegedActionException'> (0x00000000d793c5c8) thrown at [C:\re\workspace\8-2-build-windows-amd64-cygwin\jdk8u231\13620\hotspot\src\share\vm\prims\jvm.cpp, line 1502]
Event: 1.091 Thread 0x000000000280b000 Exception <a 'java/security/PrivilegedActionException'> (0x00000000d793cba8) thrown at [C:\re\workspace\8-2-build-windows-amd64-cygwin\jdk8u231\13620\hotspot\src\share\vm\prims\jvm.cpp, line 1502]
Event: 1.091 Thread 0x000000000280b000 Exception <a 'java/security/PrivilegedActionException'> (0x00000000d7952e18) thrown at [C:\re\workspace\8-2-build-windows-amd64-cygwin\jdk8u231\13620\hotspot\src\share\vm\prims\jvm.cpp, line 1502]
Event: 1.091 Thread 0x000000000280b000 Exception <a 'java/security/PrivilegedActionException'> (0x00000000d79533f8) thrown at [C:\re\workspace\8-2-build-windows-amd64-cygwin\jdk8u231\13620\hotspot\src\share\vm\prims\jvm.cpp, line 1502]
Event: 1.091 Thread 0x000000000280b000 Exception <a 'java/security/PrivilegedActionException'> (0x00000000d796a450) thrown at [C:\re\workspace\8-2-build-windows-amd64-cygwin\jdk8u231\13620\hotspot\src\share\vm\prims\jvm.cpp, line 1502]
Event: 1.091 Thread 0x000000000280b000 Exception <a 'java/security/PrivilegedActionException'> (0x00000000d796aa30) thrown at [C:\re\workspace\8-2-build-windows-amd64-cygwin\jdk8u231\13620\hotspot\src\share\vm\prims\jvm.cpp, line 1502]
Event: 1.091 Thread 0x000000000280b000 Exception <a 'java/security/PrivilegedActionException'> (0x00000000d7981ce8) thrown at [C:\re\workspace\8-2-build-windows-amd64-cygwin\jdk8u231\13620\hotspot\src\share\vm\prims\jvm.cpp, line 1502]
Event: 1.091 Thread 0x000000000280b000 Exception <a 'java/security/PrivilegedActionException'> (0x00000000d79822c8) thrown at [C:\re\workspace\8-2-build-windows-amd64-cygwin\jdk8u231\13620\hotspot\src\share\vm\prims\jvm.cpp, line 1502]

Events (10 events):
Event: 1.348 Thread 0x000000000280b000 DEOPT UNPACKING pc=0x0000000002947890 sp=0x00000000027fd3d8 mode 0
Event: 1.366 loading class org/apache/xmlbeans/impl/store/CharUtil$CharJoin
Event: 1.366 loading class org/apache/xmlbeans/impl/store/CharUtil$CharJoin done
Event: 1.366 Thread 0x000000000280b000 Uncommon trap: trap_request=0xffffffde fr.pc=0x0000000002f29f70
Event: 1.366 Thread 0x000000000280b000 DEOPT PACKING pc=0x0000000002f29f70 sp=0x00000000027fd5e0
Event: 1.366 Thread 0x000000000280b000 DEOPT UNPACKING pc=0x000000000294583b sp=0x00000000027fd578 mode 2
Event: 1.372 Thread 0x000000000280b000 Uncommon trap: trap_request=0xffffff65 fr.pc=0x0000000002d552a8
Event: 1.372 Thread 0x000000000280b000 DEOPT PACKING pc=0x0000000002d552a8 sp=0x00000000027fd420
Event: 1.372 Thread 0x000000000280b000 DEOPT UNPACKING pc=0x000000000294583b sp=0x00000000027fd388 mode 2
Event: 1.423 Executing VM operation: ParallelGCFailedAllocation


Dynamic libraries:
0x00007ff6c6e90000 - 0x00007ff6c6ec7000 	C:\Program Files\Java\jdk1.8.0_231\bin\javaw.exe
0x00007ff82a860000 - 0x00007ff82aa50000 	C:\Windows\SYSTEM32\ntdll.dll
0x00007ff829790000 - 0x00007ff829842000 	C:\Windows\System32\KERNEL32.DLL
0x00007ff8280a0000 - 0x00007ff828344000 	C:\Windows\System32\KERNELBASE.dll
0x00007ff829ea0000 - 0x00007ff829f43000 	C:\Windows\System32\ADVAPI32.dll
0x00007ff8296f0000 - 0x00007ff82978e000 	C:\Windows\System32\msvcrt.dll
0x00007ff82a690000 - 0x00007ff82a727000 	C:\Windows\System32\sechost.dll
0x00007ff8299e0000 - 0x00007ff829b00000 	C:\Windows\System32\RPCRT4.dll
0x00007ff828990000 - 0x00007ff828b24000 	C:\Windows\System32\USER32.dll
0x00007ff8277e0000 - 0x00007ff827801000 	C:\Windows\System32\win32u.dll
0x00007ff8299b0000 - 0x00007ff8299d6000 	C:\Windows\System32\GDI32.dll
0x00007ff828460000 - 0x00007ff8285f6000 	C:\Windows\System32\gdi32full.dll
0x00007ff828820000 - 0x00007ff8288be000 	C:\Windows\System32\msvcp_win.dll
0x00007ff827fa0000 - 0x00007ff82809a000 	C:\Windows\System32\ucrtbase.dll
0x00007ff826b80000 - 0x00007ff826e04000 	C:\Windows\WinSxS\amd64_microsoft.windows.common-controls_6595b64144ccf1df_6.0.18362.959_none_e6c7bbbf130c62bb\COMCTL32.dll
0x00007ff82a350000 - 0x00007ff82a685000 	C:\Windows\System32\combase.dll
0x00007ff8283b0000 - 0x00007ff828430000 	C:\Windows\System32\bcryptPrimitives.dll
0x00007ff82a310000 - 0x00007ff82a33e000 	C:\Windows\System32\IMM32.DLL
0x00000000526e0000 - 0x00000000527b2000 	C:\Program Files\Java\jdk1.8.0_231\jre\bin\msvcr100.dll
0x0000000051e30000 - 0x00000000526d6000 	C:\Program Files\Java\jdk1.8.0_231\jre\bin\server\jvm.dll
0x00007ff82a280000 - 0x00007ff82a288000 	C:\Windows\System32\PSAPI.DLL
0x00007ff823570000 - 0x00007ff823594000 	C:\Windows\SYSTEM32\WINMM.dll
0x00007ff8252b0000 - 0x00007ff8252ba000 	C:\Windows\SYSTEM32\VERSION.dll
0x00007ff819dc0000 - 0x00007ff819dc9000 	C:\Windows\SYSTEM32\WSOCK32.dll
0x00007ff82a160000 - 0x00007ff82a1cf000 	C:\Windows\System32\WS2_32.dll
0x00007ff823540000 - 0x00007ff82356d000 	C:\Windows\SYSTEM32\WINMMBASE.dll
0x00007ff8288c0000 - 0x00007ff82890a000 	C:\Windows\System32\cfgmgr32.dll
0x00007ff81de40000 - 0x00007ff81de4f000 	C:\Program Files\Java\jdk1.8.0_231\jre\bin\verify.dll
0x00007ff81de10000 - 0x00007ff81de39000 	C:\Program Files\Java\jdk1.8.0_231\jre\bin\java.dll
0x00007ff81ddf0000 - 0x00007ff81de06000 	C:\Program Files\Java\jdk1.8.0_231\jre\bin\zip.dll
0x00007ff829000000 - 0x00007ff8296e6000 	C:\Windows\System32\SHELL32.dll
0x00007ff829d70000 - 0x00007ff829e19000 	C:\Windows\System32\shcore.dll
0x00007ff827810000 - 0x00007ff827f92000 	C:\Windows\System32\windows.storage.dll
0x00007ff8277b0000 - 0x00007ff8277d3000 	C:\Windows\System32\profapi.dll
0x00007ff827720000 - 0x00007ff82776a000 	C:\Windows\System32\powrprof.dll
0x00007ff827710000 - 0x00007ff827720000 	C:\Windows\System32\UMPDC.dll
0x00007ff828b30000 - 0x00007ff828b82000 	C:\Windows\System32\shlwapi.dll
0x00007ff827770000 - 0x00007ff827781000 	C:\Windows\System32\kernel.appcore.dll
0x00007ff828750000 - 0x00007ff828767000 	C:\Windows\System32\cryptsp.dll
0x00007ff81ddd0000 - 0x00007ff81ddea000 	C:\Program Files\Java\jdk1.8.0_231\jre\bin\net.dll
0x00007ff826920000 - 0x00007ff826987000 	C:\Windows\system32\mswsock.dll
0x00007ff826670000 - 0x00007ff82673b000 	C:\Windows\SYSTEM32\DNSAPI.dll
0x00007ff829e20000 - 0x00007ff829e28000 	C:\Windows\System32\NSI.dll
0x00007ff826630000 - 0x00007ff82666a000 	C:\Windows\SYSTEM32\IPHLPAPI.DLL
0x00007ff81ae60000 - 0x00007ff81ae6a000 	C:\Windows\System32\rasadhlp.dll
0x00007ff81df10000 - 0x00007ff81df87000 	C:\Windows\System32\fwpuclnt.dll
0x00007ff828430000 - 0x00007ff828456000 	C:\Windows\System32\bcrypt.dll
0x00007ff826470000 - 0x00007ff8264a3000 	C:\Windows\system32\rsaenh.dll
0x00007ff827630000 - 0x00007ff827655000 	C:\Windows\SYSTEM32\USERENV.dll
0x00007ff826af0000 - 0x00007ff826afc000 	C:\Windows\SYSTEM32\CRYPTBASE.dll
0x00007ff81db00000 - 0x00007ff81db16000 	C:\Windows\SYSTEM32\dhcpcsvc6.DLL
0x00007ff81dab0000 - 0x00007ff81dacc000 	C:\Windows\SYSTEM32\dhcpcsvc.DLL
0x00007ff81ddb0000 - 0x00007ff81ddc2000 	C:\Program Files\Java\jdk1.8.0_231\jre\bin\nio.dll
0x00007ff827230000 - 0x00007ff827424000 	C:\Windows\SYSTEM32\dbghelp.dll

VM Arguments:
jvm_args: -ea -Dfile.encoding=Cp1252 
java_command: org.testng.remote.RemoteTestNG -serport 50702 -protocol json -d C:\LivingTree Workspace\LivingTreeQAAutomation\LivingTree_TestAutomation\test-output C:\Users\Dell\AppData\Local\Temp\testng-eclipse-7510292\testng-customsuite.xml
java_class_path (initial): D:\eclipse 2018-09\eclipse\configuration\org.eclipse.osgi\999\0\.cp\lib\testng-remote.jar;C:\LivingTree Workspace\LivingTreeQAAutomation\LivingTree_TestAutomation\target\test-classes;C:\LivingTree Workspace\LivingTreeQAAutomation\LivingTree_TestAutomation\target\classes;D:\eclipse 2018-09\eclipse\plugins\org.testng_6.14.3.r201802240500.jar;D:\eclipse 2018-09\eclipse\plugins\com.beust.jcommander_1.72.0.jar;D:\eclipse 2018-09\eclipse\plugins\org.apache-extras.beanshell.bsh_2.0.0.b6.jar;D:\eclipse 2018-09\eclipse\plugins\org.yaml.snakeyaml_1.17.0.jar;C:\Program Files\Java\jdk1.8.0_231\lib\tools.jar;C:\Users\Dell\.m2\repository\org\jenkins-ci\plugins\zephyr-for-jira-test-management\1.4\zephyr-for-jira-test-management-1.4.jar;C:\Users\Dell\.m2\repository\org\jenkins-ci\plugins\junit\1.5\junit-1.5.jar;C:\Users\Dell\.m2\repository\org\apache\commons\commons-lang3\3.0\commons-lang3-3.0.jar;C:\Users\Dell\.m2\repository\com\fasterxml\jackson\core\jackson-databind\2.7.2\jackson-databind-2.7.2.jar;C:\Users\Dell\.m2\repository\org\slf4j\slf4j-api\1.7.19\slf4j-api-1.7.19.jar;C:\Users\Dell\.m2\repository\net\rcarz\jira-client\0.5\jira-client-0.5.jar;C:\Users\Dell\.m2\repository\net\sf\json-lib\json-lib\2.4\json-lib-2.4-jdk15.jar;C:\Users\Dell\.m2\repository\junit\junit\4.8.2\junit-4.8.2.jar;C:\Users\Dell\.m2\repository\org\mockito\mockito-all\1.9.0\mockito-all-1.9.0.jar;C:\Users\Dell\.m2\repository\commons-httpclient\commons-httpclient\3.1\commons-httpclient-3.1.jar;C:\Users\Dell\.m2\repository\com\auth0\java-jwt\3.8.3\java-jwt-3.8.3.jar;C:\Users\Dell\.m2\repository\com\github\bogdanlivadariu\integrations\zapi\0.0.5\zapi-0.0.5.jar;C:\Users\Dell\.m2\repository\com\google\code\gson\gson\2.7\gson-2.7.jar;C:\Users\Dell\.m2\repository\org\apache\logging\log4j\log4j-core\2.3\log4j-core-2.3.jar;C:\Users\Dell\.m2\repository\org\apache\logging\log4j\log4j-api\2.3\log4j-api-2.3.jar;C:\Users\Dell\.m2\repository\org\apache\pdfbox\pdfbox\2.0.17\pdfbox-2.0.17.jar;C:
Launcher Type: SUN_STANDARD

Environment Variables:
JAVA_HOME=C:\Program Files\Java\jdk1.8.0_231
PATH=C:/Program Files/Java/jre1.8.0_231/bin/server;C:/Program Files/Java/jre1.8.0_231/bin;C:/Program Files/Java/jre1.8.0_231/lib/amd64;C:\Python27\;C:\Python27\Scripts;C:\Program Files (x86)\Common Files\Oracle\Java\javapath;C:\Windows\system32;C:\Windows;C:\Windows\System32\Wbem;C:\Windows\System32\WindowsPowerShell\v1.0\;C:\Windows\System32\OpenSSH\;C:\Program Files\Java\jdk1.8.0_231\bin;C:\apache-maven-3.6.2\bin;C:\Users\Dell\AppData\Local\Android\Sdk\tools\bin;C:\Users\Dell\AppData\Local\Android\Sdk\tools;C:\Users\Dell\AppData\Local\Android\Sdk\platform-tools;C:\Program Files\nodejs\;C:\ProgramData\chocolatey\bin;C:\Program Files\nodejs\node_modules\npm\bin;C:\Program Files\Git\cmd;C:\Program Files\PuTTY\;C:\Users\Dell\AppData\Local\Microsoft\WindowsApps;C:\Users\Dell\AppData\Roaming\npm;D:\eclipse 2018-09\eclipse;
USERNAME=Dell
OS=Windows_NT
PROCESSOR_IDENTIFIER=Intel64 Family 6 Model 142 Stepping 12, GenuineIntel



---------------  S Y S T E M  ---------------

OS: Windows 10.0 , 64 bit Build 18362 (10.0.18362.959)

CPU:total 8 (initial active 8) (4 cores per cpu, 2 threads per core) family 6 model 142 stepping 12, cmov, cx8, fxsr, mmx, sse, sse2, sse3, ssse3, sse4.1, sse4.2, popcnt, avx, avx2, aes, clmul, erms, 3dnowpref, lzcnt, ht, tsc, tscinvbit, bmi1, bmi2, adx

Memory: 4k page, physical 8259292k(3074712k free), swap 10618588k(4878848k free)

vm_info: Java HotSpot(TM) 64-Bit Server VM (25.231-b11) for windows-amd64 JRE (1.8.0_231-b11), built on Oct  5 2019 03:11:30 by "java_re" with MS VC++ 10.0 (VS2010)

time: Thu Aug 06 16:53:09 2020
timezone: India Standard Time
elapsed time: 1 seconds (0d 0h 0m 1s)

